[1.261s] Invoking command in '/home/t-lemmel/Integ/build/visual_servoing': PS1_ori=\[\e]0;\u@\h: \w\a\]${debian_chroot:+($debian_chroot)}\[\033[01;32m\]\u@\h\[\033[00m\]:\[\033[01;34m\]\w\[\033[00m\]\$ PYTHONPATH=/home/t-lemmel/Integ/build/visual_servoing/prefix_override:/home/t-lemmel/Integ/install/visual_servoing/lib/python3.10/site-packages:${PYTHONPATH} /usr/bin/python3 setup.py develop --editable --build-directory /home/t-lemmel/Integ/build/visual_servoing/build --no-deps install_data
[1.599s] running develop
[1.599s] /usr/lib/python3/dist-packages/setuptools/command/easy_install.py:158: EasyInstallDeprecationWarning: easy_install command is deprecated. Use build and pip and other standards-based tools.
[1.599s]   warnings.warn(
[1.601s] /usr/lib/python3/dist-packages/setuptools/command/install.py:34: SetuptoolsDeprecationWarning: setup.py install is deprecated. Use build and pip and other standards-based tools.
[1.601s]   warnings.warn(
[1.819s] running egg_info
[1.820s] writing visual_servoing.egg-info/PKG-INFO
[1.820s] writing dependency_links to visual_servoing.egg-info/dependency_links.txt
[1.820s] writing entry points to visual_servoing.egg-info/entry_points.txt
[1.820s] writing requirements to visual_servoing.egg-info/requires.txt
[1.821s] writing top-level names to visual_servoing.egg-info/top_level.txt
[1.823s] reading manifest file 'visual_servoing.egg-info/SOURCES.txt'
[1.825s] writing manifest file 'visual_servoing.egg-info/SOURCES.txt'
[1.826s] running build_ext
[1.826s] Creating /home/t-lemmel/Integ/install/visual_servoing/lib/python3.10/site-packages/visual-servoing.egg-link (link to .)
[1.827s] Installing tracker script to /home/t-lemmel/Integ/install/visual_servoing/lib/visual_servoing
[1.828s] 
[1.828s] Installed /home/t-lemmel/Integ/build/visual_servoing
[1.828s] running install_data
[1.857s] Invoked command in '/home/t-lemmel/Integ/build/visual_servoing' returned '0': PS1_ori=\[\e]0;\u@\h: \w\a\]${debian_chroot:+($debian_chroot)}\[\033[01;32m\]\u@\h\[\033[00m\]:\[\033[01;34m\]\w\[\033[00m\]\$ PYTHONPATH=/home/t-lemmel/Integ/build/visual_servoing/prefix_override:/home/t-lemmel/Integ/install/visual_servoing/lib/python3.10/site-packages:${PYTHONPATH} /usr/bin/python3 setup.py develop --editable --build-directory /home/t-lemmel/Integ/build/visual_servoing/build --no-deps install_data
