[0.301s] Invoking command in '/home/t-lemmel/Integ/build/integ_description': CMAKE_PREFIX_PATH=${CMAKE_PREFIX_PATH}:/opt/ros/humble PS1_ori=\[\e]0;\u@\h: \w\a\]${debian_chroot:+($debian_chroot)}\[\033[01;32m\]\u@\h\[\033[00m\]:\[\033[01;34m\]\w\[\033[00m\]\$ /usr/bin/cmake /home/t-lemmel/Integ/command/src/integ_description -DAMENT_CMAKE_SYMLINK_INSTALL=1 -DCMAKE_INSTALL_PREFIX=/home/t-lemmel/Integ/install/integ_description
[1.095s] -- The C compiler identification is GNU 11.4.0
[1.668s] -- The CXX compiler identification is GNU 11.4.0
[1.788s] -- Detecting C compiler ABI info
[2.063s] -- Detecting C compiler ABI info - done
[2.070s] -- Check for working C compiler: /usr/bin/cc - skipped
[2.071s] -- Detecting C compile features
[2.091s] -- Detecting C compile features - done
[2.137s] -- Detecting CXX compiler ABI info
[2.370s] -- Detecting CXX compiler ABI info - done
[2.384s] -- Check for working CXX compiler: /usr/bin/c++ - skipped
[2.385s] -- Detecting CXX compile features
[2.386s] -- Detecting CXX compile features - done
[2.481s] -- Found ament_cmake: 1.3.6 (/opt/ros/humble/share/ament_cmake/cmake)
[2.796s] -- Found Python3: /usr/bin/python3.10 (found version "3.10.12") found components: Interpreter 
[2.961s] -- Override CMake install command with custom implementation using symlinks instead of copying resources
[3.263s] -- Configuring done
[3.273s] -- Generating done
[3.275s] -- Build files have been written to: /home/t-lemmel/Integ/build/integ_description
[3.287s] Invoked command in '/home/t-lemmel/Integ/build/integ_description' returned '0': CMAKE_PREFIX_PATH=${CMAKE_PREFIX_PATH}:/opt/ros/humble PS1_ori=\[\e]0;\u@\h: \w\a\]${debian_chroot:+($debian_chroot)}\[\033[01;32m\]\u@\h\[\033[00m\]:\[\033[01;34m\]\w\[\033[00m\]\$ /usr/bin/cmake /home/t-lemmel/Integ/command/src/integ_description -DAMENT_CMAKE_SYMLINK_INSTALL=1 -DCMAKE_INSTALL_PREFIX=/home/t-lemmel/Integ/install/integ_description
[3.288s] Invoking command in '/home/t-lemmel/Integ/build/integ_description': CMAKE_PREFIX_PATH=${CMAKE_PREFIX_PATH}:/opt/ros/humble PS1_ori=\[\e]0;\u@\h: \w\a\]${debian_chroot:+($debian_chroot)}\[\033[01;32m\]\u@\h\[\033[00m\]:\[\033[01;34m\]\w\[\033[00m\]\$ /usr/bin/cmake --build /home/t-lemmel/Integ/build/integ_description -- -j8 -l8
[3.332s] Invoked command in '/home/t-lemmel/Integ/build/integ_description' returned '0': CMAKE_PREFIX_PATH=${CMAKE_PREFIX_PATH}:/opt/ros/humble PS1_ori=\[\e]0;\u@\h: \w\a\]${debian_chroot:+($debian_chroot)}\[\033[01;32m\]\u@\h\[\033[00m\]:\[\033[01;34m\]\w\[\033[00m\]\$ /usr/bin/cmake --build /home/t-lemmel/Integ/build/integ_description -- -j8 -l8
[3.368s] Invoking command in '/home/t-lemmel/Integ/build/integ_description': CMAKE_PREFIX_PATH=${CMAKE_PREFIX_PATH}:/opt/ros/humble PS1_ori=\[\e]0;\u@\h: \w\a\]${debian_chroot:+($debian_chroot)}\[\033[01;32m\]\u@\h\[\033[00m\]:\[\033[01;34m\]\w\[\033[00m\]\$ /usr/bin/cmake --install /home/t-lemmel/Integ/build/integ_description
[3.378s] -- Install configuration: ""
[3.378s] -- Execute custom install script
[3.379s] -- Symlinking: /home/t-lemmel/Integ/install/integ_description/share/integ_description/config/joint_names_scara_sw.yaml
[3.390s] -- Symlinking: /home/t-lemmel/Integ/install/integ_description/share/integ_description/launch/config.rviz
[3.400s] -- Symlinking: /home/t-lemmel/Integ/install/integ_description/share/integ_description/launch/effort_manual.yaml
[3.409s] -- Symlinking: /home/t-lemmel/Integ/install/integ_description/share/integ_description/launch/position_manual.yaml
[3.419s] -- Symlinking: /home/t-lemmel/Integ/install/integ_description/share/integ_description/launch/state_publisher_launch.py
[3.429s] -- Symlinking: /home/t-lemmel/Integ/install/integ_description/share/integ_description/launch/target_launch.py
[3.439s] -- Symlinking: /home/t-lemmel/Integ/install/integ_description/share/integ_description/launch/upload_launch.py
[3.450s] -- Symlinking: /home/t-lemmel/Integ/install/integ_description/share/integ_description/launch/velocity_manual.yaml
[3.460s] -- Symlinking: /home/t-lemmel/Integ/install/integ_description/share/integ_description/launch/world_launch.py
[3.470s] -- Symlinking: /home/t-lemmel/Integ/install/integ_description/share/integ_description/meshes/base_link.STL
[3.480s] -- Symlinking: /home/t-lemmel/Integ/install/integ_description/share/integ_description/meshes/link_1.STL
[3.490s] -- Symlinking: /home/t-lemmel/Integ/install/integ_description/share/integ_description/meshes/link_2.STL
[3.500s] -- Symlinking: /home/t-lemmel/Integ/install/integ_description/share/integ_description/urdf/camera.xacro
[3.510s] -- Symlinking: /home/t-lemmel/Integ/install/integ_description/share/integ_description/urdf/scara_sw.xacro
[3.519s] -- Symlinking: /home/t-lemmel/Integ/install/integ_description/share/integ_description/urdf/scara_sw_identification.urdf
[3.529s] -- Symlinking: /home/t-lemmel/Integ/install/integ_description/share/integ_description/urdf/target.xacro
[3.539s] -- Symlinking: /home/t-lemmel/Integ/install/integ_description/share/integ_description/urdf/world.sdf
[3.551s] -- Symlinking: /home/t-lemmel/Integ/install/integ_description/share/ament_index/resource_index/package_run_dependencies/integ_description
[3.561s] -- Symlinking: /home/t-lemmel/Integ/install/integ_description/share/ament_index/resource_index/parent_prefix_path/integ_description
[3.571s] -- Symlinking: /home/t-lemmel/Integ/install/integ_description/share/integ_description/environment/ament_prefix_path.sh
[3.581s] -- Symlinking: /home/t-lemmel/Integ/install/integ_description/share/integ_description/environment/ament_prefix_path.dsv
[3.590s] -- Symlinking: /home/t-lemmel/Integ/install/integ_description/share/integ_description/environment/path.sh
[3.600s] -- Symlinking: /home/t-lemmel/Integ/install/integ_description/share/integ_description/environment/path.dsv
[3.610s] -- Symlinking: /home/t-lemmel/Integ/install/integ_description/share/integ_description/local_setup.bash
[3.620s] -- Symlinking: /home/t-lemmel/Integ/install/integ_description/share/integ_description/local_setup.sh
[3.630s] -- Symlinking: /home/t-lemmel/Integ/install/integ_description/share/integ_description/local_setup.zsh
[3.640s] -- Symlinking: /home/t-lemmel/Integ/install/integ_description/share/integ_description/local_setup.dsv
[3.651s] -- Symlinking: /home/t-lemmel/Integ/install/integ_description/share/integ_description/package.dsv
[3.661s] -- Symlinking: /home/t-lemmel/Integ/install/integ_description/share/ament_index/resource_index/packages/integ_description
[3.672s] -- Symlinking: /home/t-lemmel/Integ/install/integ_description/share/integ_description/cmake/integ_descriptionConfig.cmake
[3.682s] -- Symlinking: /home/t-lemmel/Integ/install/integ_description/share/integ_description/cmake/integ_descriptionConfig-version.cmake
[3.692s] -- Symlinking: /home/t-lemmel/Integ/install/integ_description/share/integ_description/package.xml
[3.704s] Invoked command in '/home/t-lemmel/Integ/build/integ_description' returned '0': CMAKE_PREFIX_PATH=${CMAKE_PREFIX_PATH}:/opt/ros/humble PS1_ori=\[\e]0;\u@\h: \w\a\]${debian_chroot:+($debian_chroot)}\[\033[01;32m\]\u@\h\[\033[00m\]:\[\033[01;34m\]\w\[\033[00m\]\$ /usr/bin/cmake --install /home/t-lemmel/Integ/build/integ_description
