[4.668s] DEBUG:colcon:Command line arguments: ['/usr/bin/colcon', 'build', '--symlink-install', '--continue-on-error']
[4.669s] DEBUG:colcon:Parsed command line arguments: Namespace(log_base=None, log_level=None, verb_name='build', build_base='build', install_base='install', merge_install=False, symlink_install=True, test_result_base=None, continue_on_error=True, executor='parallel', parallel_workers=8, event_handlers=None, ignore_user_meta=False, metas=['./colcon.meta'], base_paths=['.'], packages_ignore=None, packages_ignore_regex=None, paths=None, packages_up_to=None, packages_up_to_regex=None, packages_above=None, packages_above_and_dependencies=None, packages_above_depth=None, packages_select_by_dep=None, packages_skip_by_dep=None, packages_skip_up_to=None, packages_select_build_failed=False, packages_skip_build_finished=False, packages_select_test_failures=False, packages_skip_test_passed=False, packages_select=None, packages_skip=None, packages_select_regex=None, packages_skip_regex=None, packages_start=None, packages_end=None, allow_overriding=[], cmake_args=None, cmake_target=None, cmake_target_skip_unavailable=False, cmake_clean_cache=False, cmake_clean_first=False, cmake_force_configure=False, ament_cmake_args=None, catkin_cmake_args=None, catkin_skip_building_tests=False, verb_parser=<colcon_defaults.argument_parser.defaults.DefaultArgumentsDecorator object at 0x7f57b2bc3160>, verb_extension=<colcon_core.verb.build.BuildVerb object at 0x7f57b2bc3700>, main=<bound method BuildVerb.main of <colcon_core.verb.build.BuildVerb object at 0x7f57b2bc3700>>)
[4.956s] Level 1:colcon.colcon_core.package_discovery:discover_packages(colcon_meta) check parameters
[4.956s] Level 1:colcon.colcon_core.package_discovery:discover_packages(recursive) check parameters
[4.956s] Level 1:colcon.colcon_core.package_discovery:discover_packages(ignore) check parameters
[4.956s] Level 1:colcon.colcon_core.package_discovery:discover_packages(path) check parameters
[4.956s] Level 1:colcon.colcon_core.package_discovery:discover_packages(colcon_meta) discover
[4.956s] Level 1:colcon.colcon_core.package_discovery:discover_packages(recursive) discover
[4.956s] INFO:colcon.colcon_core.package_discovery:Crawling recursively for packages in '/home/t-lemmel/Integ'
[4.957s] Level 1:colcon.colcon_core.package_identification:_identify(.) by extensions ['ignore', 'ignore_ament_install']
[4.957s] Level 1:colcon.colcon_core.package_identification:_identify(.) by extension 'ignore'
[4.957s] Level 1:colcon.colcon_core.package_identification:_identify(.) by extension 'ignore_ament_install'
[4.957s] Level 1:colcon.colcon_core.package_identification:_identify(.) by extensions ['colcon_pkg']
[4.957s] Level 1:colcon.colcon_core.package_identification:_identify(.) by extension 'colcon_pkg'
[4.957s] Level 1:colcon.colcon_core.package_identification:_identify(.) by extensions ['colcon_meta']
[4.957s] Level 1:colcon.colcon_core.package_identification:_identify(.) by extension 'colcon_meta'
[4.957s] Level 1:colcon.colcon_core.package_identification:_identify(.) by extensions ['ros']
[4.957s] Level 1:colcon.colcon_core.package_identification:_identify(.) by extension 'ros'
[5.015s] Level 1:colcon.colcon_core.package_identification:_identify(.) by extensions ['cmake', 'python']
[5.016s] Level 1:colcon.colcon_core.package_identification:_identify(.) by extension 'cmake'
[5.017s] Level 1:colcon.colcon_core.package_identification:_identify(.) by extension 'python'
[5.017s] Level 1:colcon.colcon_core.package_identification:_identify(.) by extensions ['python_setup_py']
[5.017s] Level 1:colcon.colcon_core.package_identification:_identify(.) by extension 'python_setup_py'
[5.018s] Level 1:colcon.colcon_core.package_identification:_identify(build) by extensions ['ignore', 'ignore_ament_install']
[5.018s] Level 1:colcon.colcon_core.package_identification:_identify(build) by extension 'ignore'
[5.019s] Level 1:colcon.colcon_core.package_identification:_identify(build) ignored
[5.019s] Level 1:colcon.colcon_core.package_identification:_identify(command) by extensions ['ignore', 'ignore_ament_install']
[5.020s] Level 1:colcon.colcon_core.package_identification:_identify(command) by extension 'ignore'
[5.020s] Level 1:colcon.colcon_core.package_identification:_identify(command) by extension 'ignore_ament_install'
[5.020s] Level 1:colcon.colcon_core.package_identification:_identify(command) by extensions ['colcon_pkg']
[5.020s] Level 1:colcon.colcon_core.package_identification:_identify(command) by extension 'colcon_pkg'
[5.020s] Level 1:colcon.colcon_core.package_identification:_identify(command) by extensions ['colcon_meta']
[5.020s] Level 1:colcon.colcon_core.package_identification:_identify(command) by extension 'colcon_meta'
[5.020s] Level 1:colcon.colcon_core.package_identification:_identify(command) by extensions ['ros']
[5.021s] Level 1:colcon.colcon_core.package_identification:_identify(command) by extension 'ros'
[5.021s] Level 1:colcon.colcon_core.package_identification:_identify(command) by extensions ['cmake', 'python']
[5.021s] Level 1:colcon.colcon_core.package_identification:_identify(command) by extension 'cmake'
[5.021s] Level 1:colcon.colcon_core.package_identification:_identify(command) by extension 'python'
[5.021s] Level 1:colcon.colcon_core.package_identification:_identify(command) by extensions ['python_setup_py']
[5.021s] Level 1:colcon.colcon_core.package_identification:_identify(command) by extension 'python_setup_py'
[5.021s] Level 1:colcon.colcon_core.package_identification:_identify(command/log) by extensions ['ignore', 'ignore_ament_install']
[5.022s] Level 1:colcon.colcon_core.package_identification:_identify(command/log) by extension 'ignore'
[5.022s] Level 1:colcon.colcon_core.package_identification:_identify(command/log) ignored
[5.022s] Level 1:colcon.colcon_core.package_identification:_identify(command/src) by extensions ['ignore', 'ignore_ament_install']
[5.022s] Level 1:colcon.colcon_core.package_identification:_identify(command/src) by extension 'ignore'
[5.022s] Level 1:colcon.colcon_core.package_identification:_identify(command/src) by extension 'ignore_ament_install'
[5.022s] Level 1:colcon.colcon_core.package_identification:_identify(command/src) by extensions ['colcon_pkg']
[5.022s] Level 1:colcon.colcon_core.package_identification:_identify(command/src) by extension 'colcon_pkg'
[5.022s] Level 1:colcon.colcon_core.package_identification:_identify(command/src) by extensions ['colcon_meta']
[5.022s] Level 1:colcon.colcon_core.package_identification:_identify(command/src) by extension 'colcon_meta'
[5.023s] Level 1:colcon.colcon_core.package_identification:_identify(command/src) by extensions ['ros']
[5.023s] Level 1:colcon.colcon_core.package_identification:_identify(command/src) by extension 'ros'
[5.023s] Level 1:colcon.colcon_core.package_identification:_identify(command/src) by extensions ['cmake', 'python']
[5.024s] Level 1:colcon.colcon_core.package_identification:_identify(command/src) by extension 'cmake'
[5.024s] Level 1:colcon.colcon_core.package_identification:_identify(command/src) by extension 'python'
[5.025s] Level 1:colcon.colcon_core.package_identification:_identify(command/src) by extensions ['python_setup_py']
[5.026s] Level 1:colcon.colcon_core.package_identification:_identify(command/src) by extension 'python_setup_py'
[5.026s] Level 1:colcon.colcon_core.package_identification:_identify(command/src/Integ_my_robot_interfaces) by extensions ['ignore', 'ignore_ament_install']
[5.027s] Level 1:colcon.colcon_core.package_identification:_identify(command/src/Integ_my_robot_interfaces) by extension 'ignore'
[5.027s] Level 1:colcon.colcon_core.package_identification:_identify(command/src/Integ_my_robot_interfaces) by extension 'ignore_ament_install'
[5.027s] Level 1:colcon.colcon_core.package_identification:_identify(command/src/Integ_my_robot_interfaces) by extensions ['colcon_pkg']
[5.027s] Level 1:colcon.colcon_core.package_identification:_identify(command/src/Integ_my_robot_interfaces) by extension 'colcon_pkg'
[5.027s] Level 1:colcon.colcon_core.package_identification:_identify(command/src/Integ_my_robot_interfaces) by extensions ['colcon_meta']
[5.027s] Level 1:colcon.colcon_core.package_identification:_identify(command/src/Integ_my_robot_interfaces) by extension 'colcon_meta'
[5.027s] Level 1:colcon.colcon_core.package_identification:_identify(command/src/Integ_my_robot_interfaces) by extensions ['ros']
[5.027s] Level 1:colcon.colcon_core.package_identification:_identify(command/src/Integ_my_robot_interfaces) by extension 'ros'
[5.038s] DEBUG:colcon.colcon_core.package_identification:Package 'command/src/Integ_my_robot_interfaces' with type 'ros.ament_cmake' and name 'integ_my_robot_interfaces'
[5.039s] Level 1:colcon.colcon_core.package_identification:_identify(command/src/integ_description) by extensions ['ignore', 'ignore_ament_install']
[5.039s] Level 1:colcon.colcon_core.package_identification:_identify(command/src/integ_description) by extension 'ignore'
[5.039s] Level 1:colcon.colcon_core.package_identification:_identify(command/src/integ_description) by extension 'ignore_ament_install'
[5.039s] Level 1:colcon.colcon_core.package_identification:_identify(command/src/integ_description) by extensions ['colcon_pkg']
[5.039s] Level 1:colcon.colcon_core.package_identification:_identify(command/src/integ_description) by extension 'colcon_pkg'
[5.039s] Level 1:colcon.colcon_core.package_identification:_identify(command/src/integ_description) by extensions ['colcon_meta']
[5.040s] Level 1:colcon.colcon_core.package_identification:_identify(command/src/integ_description) by extension 'colcon_meta'
[5.040s] Level 1:colcon.colcon_core.package_identification:_identify(command/src/integ_description) by extensions ['ros']
[5.040s] Level 1:colcon.colcon_core.package_identification:_identify(command/src/integ_description) by extension 'ros'
[5.042s] DEBUG:colcon.colcon_core.package_identification:Package 'command/src/integ_description' with type 'ros.ament_cmake' and name 'integ_description'
[5.043s] Level 1:colcon.colcon_core.package_identification:_identify(command/src/visual_servoing) by extensions ['ignore', 'ignore_ament_install']
[5.043s] Level 1:colcon.colcon_core.package_identification:_identify(command/src/visual_servoing) by extension 'ignore'
[5.044s] Level 1:colcon.colcon_core.package_identification:_identify(command/src/visual_servoing) by extension 'ignore_ament_install'
[5.044s] Level 1:colcon.colcon_core.package_identification:_identify(command/src/visual_servoing) by extensions ['colcon_pkg']
[5.044s] Level 1:colcon.colcon_core.package_identification:_identify(command/src/visual_servoing) by extension 'colcon_pkg'
[5.044s] Level 1:colcon.colcon_core.package_identification:_identify(command/src/visual_servoing) by extensions ['colcon_meta']
[5.044s] Level 1:colcon.colcon_core.package_identification:_identify(command/src/visual_servoing) by extension 'colcon_meta'
[5.044s] Level 1:colcon.colcon_core.package_identification:_identify(command/src/visual_servoing) by extensions ['ros']
[5.044s] Level 1:colcon.colcon_core.package_identification:_identify(command/src/visual_servoing) by extension 'ros'
[5.046s] DEBUG:colcon.colcon_core.package_identification:Package 'command/src/visual_servoing' with type 'ros.ament_python' and name 'visual_servoing'
[5.061s] Level 1:colcon.colcon_core.package_identification:_identify(indentif) by extensions ['ignore', 'ignore_ament_install']
[5.062s] Level 1:colcon.colcon_core.package_identification:_identify(indentif) by extension 'ignore'
[5.062s] Level 1:colcon.colcon_core.package_identification:_identify(indentif) by extension 'ignore_ament_install'
[5.063s] Level 1:colcon.colcon_core.package_identification:_identify(indentif) by extensions ['colcon_pkg']
[5.063s] Level 1:colcon.colcon_core.package_identification:_identify(indentif) by extension 'colcon_pkg'
[5.063s] Level 1:colcon.colcon_core.package_identification:_identify(indentif) by extensions ['colcon_meta']
[5.063s] Level 1:colcon.colcon_core.package_identification:_identify(indentif) by extension 'colcon_meta'
[5.064s] Level 1:colcon.colcon_core.package_identification:_identify(indentif) by extensions ['ros']
[5.064s] Level 1:colcon.colcon_core.package_identification:_identify(indentif) by extension 'ros'
[5.064s] Level 1:colcon.colcon_core.package_identification:_identify(indentif) by extensions ['cmake', 'python']
[5.064s] Level 1:colcon.colcon_core.package_identification:_identify(indentif) by extension 'cmake'
[5.065s] Level 1:colcon.colcon_core.package_identification:_identify(indentif) by extension 'python'
[5.065s] Level 1:colcon.colcon_core.package_identification:_identify(indentif) by extensions ['python_setup_py']
[5.065s] Level 1:colcon.colcon_core.package_identification:_identify(indentif) by extension 'python_setup_py'
[5.067s] Level 1:colcon.colcon_core.package_identification:_identify(indentif/identif_students) by extensions ['ignore', 'ignore_ament_install']
[5.068s] Level 1:colcon.colcon_core.package_identification:_identify(indentif/identif_students) by extension 'ignore'
[5.068s] Level 1:colcon.colcon_core.package_identification:_identify(indentif/identif_students) by extension 'ignore_ament_install'
[5.068s] Level 1:colcon.colcon_core.package_identification:_identify(indentif/identif_students) by extensions ['colcon_pkg']
[5.068s] Level 1:colcon.colcon_core.package_identification:_identify(indentif/identif_students) by extension 'colcon_pkg'
[5.069s] Level 1:colcon.colcon_core.package_identification:_identify(indentif/identif_students) by extensions ['colcon_meta']
[5.069s] Level 1:colcon.colcon_core.package_identification:_identify(indentif/identif_students) by extension 'colcon_meta'
[5.069s] Level 1:colcon.colcon_core.package_identification:_identify(indentif/identif_students) by extensions ['ros']
[5.069s] Level 1:colcon.colcon_core.package_identification:_identify(indentif/identif_students) by extension 'ros'
[5.070s] Level 1:colcon.colcon_core.package_identification:_identify(indentif/identif_students) by extensions ['cmake', 'python']
[5.070s] Level 1:colcon.colcon_core.package_identification:_identify(indentif/identif_students) by extension 'cmake'
[5.070s] Level 1:colcon.colcon_core.package_identification:_identify(indentif/identif_students) by extension 'python'
[5.070s] Level 1:colcon.colcon_core.package_identification:_identify(indentif/identif_students) by extensions ['python_setup_py']
[5.070s] Level 1:colcon.colcon_core.package_identification:_identify(indentif/identif_students) by extension 'python_setup_py'
[5.071s] Level 1:colcon.colcon_core.package_identification:_identify(indentif/randomDriving) by extensions ['ignore', 'ignore_ament_install']
[5.071s] Level 1:colcon.colcon_core.package_identification:_identify(indentif/randomDriving) by extension 'ignore'
[5.071s] Level 1:colcon.colcon_core.package_identification:_identify(indentif/randomDriving) by extension 'ignore_ament_install'
[5.072s] Level 1:colcon.colcon_core.package_identification:_identify(indentif/randomDriving) by extensions ['colcon_pkg']
[5.072s] Level 1:colcon.colcon_core.package_identification:_identify(indentif/randomDriving) by extension 'colcon_pkg'
[5.072s] Level 1:colcon.colcon_core.package_identification:_identify(indentif/randomDriving) by extensions ['colcon_meta']
[5.072s] Level 1:colcon.colcon_core.package_identification:_identify(indentif/randomDriving) by extension 'colcon_meta'
[5.073s] Level 1:colcon.colcon_core.package_identification:_identify(indentif/randomDriving) by extensions ['ros']
[5.073s] Level 1:colcon.colcon_core.package_identification:_identify(indentif/randomDriving) by extension 'ros'
[5.074s] Level 1:colcon.colcon_core.package_identification:_identify(indentif/randomDriving) by extensions ['cmake', 'python']
[5.074s] Level 1:colcon.colcon_core.package_identification:_identify(indentif/randomDriving) by extension 'cmake'
[5.074s] Level 1:colcon.colcon_core.package_identification:_identify(indentif/randomDriving) by extension 'python'
[5.075s] Level 1:colcon.colcon_core.package_identification:_identify(indentif/randomDriving) by extensions ['python_setup_py']
[5.075s] Level 1:colcon.colcon_core.package_identification:_identify(indentif/randomDriving) by extension 'python_setup_py'
[5.076s] Level 1:colcon.colcon_core.package_identification:_identify(install) by extensions ['ignore', 'ignore_ament_install']
[5.076s] Level 1:colcon.colcon_core.package_identification:_identify(install) by extension 'ignore'
[5.076s] Level 1:colcon.colcon_core.package_identification:_identify(install) ignored
[5.076s] Level 1:colcon.colcon_core.package_identification:_identify(log) by extensions ['ignore', 'ignore_ament_install']
[5.077s] Level 1:colcon.colcon_core.package_identification:_identify(log) by extension 'ignore'
[5.077s] Level 1:colcon.colcon_core.package_identification:_identify(log) ignored
[5.077s] Level 1:colcon.colcon_core.package_discovery:discover_packages(recursive) using defaults
[5.077s] Level 1:colcon.colcon_core.package_discovery:discover_packages(ignore) discover
[5.077s] Level 1:colcon.colcon_core.package_discovery:discover_packages(ignore) using defaults
[5.077s] Level 1:colcon.colcon_core.package_discovery:discover_packages(path) discover
[5.078s] Level 1:colcon.colcon_core.package_discovery:discover_packages(path) using defaults
[5.442s] Level 1:colcon.colcon_core.package_discovery:discover_packages(prefix_path) check parameters
[5.442s] Level 1:colcon.colcon_core.package_discovery:discover_packages(prefix_path) discover
[5.666s] DEBUG:colcon.colcon_installed_package_information.package_discovery:Found 1 installed packages in /home/t-lemmel/Ros_Labs/install
[5.762s] DEBUG:colcon.colcon_installed_package_information.package_discovery:Found 8 installed packages in /home/t-lemmel/Aquabot_Tom/install
[5.884s] DEBUG:colcon.colcon_installed_package_information.package_discovery:Found 8 installed packages in /home/t-lemmel/vrx_ws/install
[5.980s] DEBUG:colcon.colcon_installed_package_information.package_discovery:Found 236 installed packages in /opt/ros/humble
[5.986s] Level 1:colcon.colcon_core.package_discovery:discover_packages(prefix_path) using defaults
[6.763s] Level 5:colcon.colcon_core.verb:set package 'integ_description' build argument 'cmake_args' from command line to 'None'
[6.764s] Level 5:colcon.colcon_core.verb:set package 'integ_description' build argument 'cmake_target' from command line to 'None'
[6.764s] Level 5:colcon.colcon_core.verb:set package 'integ_description' build argument 'cmake_target_skip_unavailable' from command line to 'False'
[6.765s] Level 5:colcon.colcon_core.verb:set package 'integ_description' build argument 'cmake_clean_cache' from command line to 'False'
[6.765s] Level 5:colcon.colcon_core.verb:set package 'integ_description' build argument 'cmake_clean_first' from command line to 'False'
[6.765s] Level 5:colcon.colcon_core.verb:set package 'integ_description' build argument 'cmake_force_configure' from command line to 'False'
[6.765s] Level 5:colcon.colcon_core.verb:set package 'integ_description' build argument 'ament_cmake_args' from command line to 'None'
[6.765s] Level 5:colcon.colcon_core.verb:set package 'integ_description' build argument 'catkin_cmake_args' from command line to 'None'
[6.766s] Level 5:colcon.colcon_core.verb:set package 'integ_description' build argument 'catkin_skip_building_tests' from command line to 'False'
[6.766s] DEBUG:colcon.colcon_core.verb:Building package 'integ_description' with the following arguments: {'ament_cmake_args': None, 'build_base': '/home/t-lemmel/Integ/build/integ_description', 'catkin_cmake_args': None, 'catkin_skip_building_tests': False, 'cmake_args': None, 'cmake_clean_cache': False, 'cmake_clean_first': False, 'cmake_force_configure': False, 'cmake_target': None, 'cmake_target_skip_unavailable': False, 'install_base': '/home/t-lemmel/Integ/install/integ_description', 'merge_install': False, 'path': '/home/t-lemmel/Integ/command/src/integ_description', 'symlink_install': True, 'test_result_base': None}
[6.858s] Level 5:colcon.colcon_core.verb:set package 'integ_my_robot_interfaces' build argument 'cmake_args' from command line to 'None'
[6.858s] Level 5:colcon.colcon_core.verb:set package 'integ_my_robot_interfaces' build argument 'cmake_target' from command line to 'None'
[6.858s] Level 5:colcon.colcon_core.verb:set package 'integ_my_robot_interfaces' build argument 'cmake_target_skip_unavailable' from command line to 'False'
[6.858s] Level 5:colcon.colcon_core.verb:set package 'integ_my_robot_interfaces' build argument 'cmake_clean_cache' from command line to 'False'
[6.858s] Level 5:colcon.colcon_core.verb:set package 'integ_my_robot_interfaces' build argument 'cmake_clean_first' from command line to 'False'
[6.858s] Level 5:colcon.colcon_core.verb:set package 'integ_my_robot_interfaces' build argument 'cmake_force_configure' from command line to 'False'
[6.858s] Level 5:colcon.colcon_core.verb:set package 'integ_my_robot_interfaces' build argument 'ament_cmake_args' from command line to 'None'
[6.858s] Level 5:colcon.colcon_core.verb:set package 'integ_my_robot_interfaces' build argument 'catkin_cmake_args' from command line to 'None'
[6.858s] Level 5:colcon.colcon_core.verb:set package 'integ_my_robot_interfaces' build argument 'catkin_skip_building_tests' from command line to 'False'
[6.858s] DEBUG:colcon.colcon_core.verb:Building package 'integ_my_robot_interfaces' with the following arguments: {'ament_cmake_args': None, 'build_base': '/home/t-lemmel/Integ/build/integ_my_robot_interfaces', 'catkin_cmake_args': None, 'catkin_skip_building_tests': False, 'cmake_args': None, 'cmake_clean_cache': False, 'cmake_clean_first': False, 'cmake_force_configure': False, 'cmake_target': None, 'cmake_target_skip_unavailable': False, 'install_base': '/home/t-lemmel/Integ/install/integ_my_robot_interfaces', 'merge_install': False, 'path': '/home/t-lemmel/Integ/command/src/Integ_my_robot_interfaces', 'symlink_install': True, 'test_result_base': None}
[6.945s] Level 5:colcon.colcon_core.verb:set package 'visual_servoing' build argument 'cmake_args' from command line to 'None'
[6.945s] Level 5:colcon.colcon_core.verb:set package 'visual_servoing' build argument 'cmake_target' from command line to 'None'
[6.945s] Level 5:colcon.colcon_core.verb:set package 'visual_servoing' build argument 'cmake_target_skip_unavailable' from command line to 'False'
[6.945s] Level 5:colcon.colcon_core.verb:set package 'visual_servoing' build argument 'cmake_clean_cache' from command line to 'False'
[6.945s] Level 5:colcon.colcon_core.verb:set package 'visual_servoing' build argument 'cmake_clean_first' from command line to 'False'
[6.945s] Level 5:colcon.colcon_core.verb:set package 'visual_servoing' build argument 'cmake_force_configure' from command line to 'False'
[6.945s] Level 5:colcon.colcon_core.verb:set package 'visual_servoing' build argument 'ament_cmake_args' from command line to 'None'
[6.945s] Level 5:colcon.colcon_core.verb:set package 'visual_servoing' build argument 'catkin_cmake_args' from command line to 'None'
[6.945s] Level 5:colcon.colcon_core.verb:set package 'visual_servoing' build argument 'catkin_skip_building_tests' from command line to 'False'
[6.945s] DEBUG:colcon.colcon_core.verb:Building package 'visual_servoing' with the following arguments: {'ament_cmake_args': None, 'build_base': '/home/t-lemmel/Integ/build/visual_servoing', 'catkin_cmake_args': None, 'catkin_skip_building_tests': False, 'cmake_args': None, 'cmake_clean_cache': False, 'cmake_clean_first': False, 'cmake_force_configure': False, 'cmake_target': None, 'cmake_target_skip_unavailable': False, 'install_base': '/home/t-lemmel/Integ/install/visual_servoing', 'merge_install': False, 'path': '/home/t-lemmel/Integ/command/src/visual_servoing', 'symlink_install': True, 'test_result_base': None}
[7.028s] INFO:colcon.colcon_core.executor:Executing jobs using 'parallel' executor
[7.114s] DEBUG:colcon.colcon_parallel_executor.executor.parallel:run_until_complete
[7.115s] INFO:colcon.colcon_ros.task.ament_cmake.build:Building ROS package in '/home/t-lemmel/Integ/command/src/integ_description' with build type 'ament_cmake'
[7.116s] INFO:colcon.colcon_cmake.task.cmake.build:Building CMake package in '/home/t-lemmel/Integ/command/src/integ_description'
[7.226s] INFO:colcon.colcon_core.plugin_system:Skipping extension 'colcon_core.shell.bat': Not used on non-Windows systems
[7.227s] INFO:colcon.colcon_core.shell:Skip shell extension 'powershell' for command environment: Not usable outside of PowerShell
[7.227s] DEBUG:colcon.colcon_core.shell:Skip shell extension 'dsv' for command environment
[7.715s] INFO:colcon.colcon_ros.task.ament_cmake.build:Building ROS package in '/home/t-lemmel/Integ/command/src/Integ_my_robot_interfaces' with build type 'ament_cmake'
[7.717s] INFO:colcon.colcon_cmake.task.cmake.build:Building CMake package in '/home/t-lemmel/Integ/command/src/Integ_my_robot_interfaces'
[7.823s] INFO:colcon.colcon_core.shell:Skip shell extension 'powershell' for command environment: Not usable outside of PowerShell
[7.823s] DEBUG:colcon.colcon_core.shell:Skip shell extension 'dsv' for command environment
[8.322s] INFO:colcon.colcon_ros.task.ament_python.build:Building ROS package in '/home/t-lemmel/Integ/command/src/visual_servoing' with build type 'ament_python'
[8.323s] Level 1:colcon.colcon_core.shell:create_environment_hook('visual_servoing', 'ament_prefix_path')
[8.409s] INFO:colcon.colcon_core.shell:Creating environment hook '/home/t-lemmel/Integ/install/visual_servoing/share/visual_servoing/hook/ament_prefix_path.ps1'
[8.424s] INFO:colcon.colcon_core.shell:Creating environment descriptor '/home/t-lemmel/Integ/install/visual_servoing/share/visual_servoing/hook/ament_prefix_path.dsv'
[8.426s] INFO:colcon.colcon_core.shell:Creating environment hook '/home/t-lemmel/Integ/install/visual_servoing/share/visual_servoing/hook/ament_prefix_path.sh'
[8.527s] INFO:colcon.colcon_core.shell:Skip shell extension 'powershell' for command environment: Not usable outside of PowerShell
[8.528s] DEBUG:colcon.colcon_core.shell:Skip shell extension 'dsv' for command environment
[9.139s] DEBUG:colcon.colcon_core.event_handler.log_command:Invoking command in '/home/t-lemmel/Integ/build/integ_description': CMAKE_PREFIX_PATH=${CMAKE_PREFIX_PATH}:/opt/ros/humble PS1_ori=\[\e]0;\u@\h: \w\a\]${debian_chroot:+($debian_chroot)}\[\033[01;32m\]\u@\h\[\033[00m\]:\[\033[01;34m\]\w\[\033[00m\]\$ /usr/bin/cmake --build /home/t-lemmel/Integ/build/integ_description -- -j8 -l8
[9.173s] DEBUG:colcon.colcon_core.event_handler.log_command:Invoking command in '/home/t-lemmel/Integ/build/integ_my_robot_interfaces': CMAKE_PREFIX_PATH=${CMAKE_PREFIX_PATH}:/opt/ros/humble PS1_ori=\[\e]0;\u@\h: \w\a\]${debian_chroot:+($debian_chroot)}\[\033[01;32m\]\u@\h\[\033[00m\]:\[\033[01;34m\]\w\[\033[00m\]\$ /usr/bin/cmake --build /home/t-lemmel/Integ/build/integ_my_robot_interfaces -- -j8 -l8
[10.875s] INFO:colcon.colcon_core.task.python.build:Building Python package in '/home/t-lemmel/Integ/command/src/visual_servoing'
[11.024s] INFO:colcon.colcon_core.shell:Skip shell extension 'powershell' for command environment: Not usable outside of PowerShell
[11.024s] DEBUG:colcon.colcon_core.shell:Skip shell extension 'dsv' for command environment
[11.563s] DEBUG:colcon.colcon_core.event_handler.log_command:Invoked command in '/home/t-lemmel/Integ/build/integ_description' returned '0': CMAKE_PREFIX_PATH=${CMAKE_PREFIX_PATH}:/opt/ros/humble PS1_ori=\[\e]0;\u@\h: \w\a\]${debian_chroot:+($debian_chroot)}\[\033[01;32m\]\u@\h\[\033[00m\]:\[\033[01;34m\]\w\[\033[00m\]\$ /usr/bin/cmake --build /home/t-lemmel/Integ/build/integ_description -- -j8 -l8
[11.708s] DEBUG:colcon.colcon_core.event_handler.log_command:Invoking command in '/home/t-lemmel/Integ/build/integ_description': CMAKE_PREFIX_PATH=${CMAKE_PREFIX_PATH}:/opt/ros/humble PS1_ori=\[\e]0;\u@\h: \w\a\]${debian_chroot:+($debian_chroot)}\[\033[01;32m\]\u@\h\[\033[00m\]:\[\033[01;34m\]\w\[\033[00m\]\$ /usr/bin/cmake --install /home/t-lemmel/Integ/build/integ_description
[11.945s] Level 1:colcon.colcon_core.environment:create_environment_scripts_only(integ_description)
[11.956s] DEBUG:colcon.colcon_core.event_handler.log_command:Invoked command in '/home/t-lemmel/Integ/build/integ_description' returned '0': CMAKE_PREFIX_PATH=${CMAKE_PREFIX_PATH}:/opt/ros/humble PS1_ori=\[\e]0;\u@\h: \w\a\]${debian_chroot:+($debian_chroot)}\[\033[01;32m\]\u@\h\[\033[00m\]:\[\033[01;34m\]\w\[\033[00m\]\$ /usr/bin/cmake --install /home/t-lemmel/Integ/build/integ_description
[12.141s] Level 1:colcon.colcon_core.environment:checking '/home/t-lemmel/Integ/install/integ_description' for CMake module files
[12.142s] Level 1:colcon.colcon_core.environment:checking '/home/t-lemmel/Integ/install/integ_description' for CMake config files
[12.143s] Level 1:colcon.colcon_core.shell:create_environment_hook('integ_description', 'cmake_prefix_path')
[12.260s] INFO:colcon.colcon_core.shell:Creating environment hook '/home/t-lemmel/Integ/install/integ_description/share/integ_description/hook/cmake_prefix_path.ps1'
[12.263s] INFO:colcon.colcon_core.shell:Creating environment descriptor '/home/t-lemmel/Integ/install/integ_description/share/integ_description/hook/cmake_prefix_path.dsv'
[12.264s] INFO:colcon.colcon_core.shell:Creating environment hook '/home/t-lemmel/Integ/install/integ_description/share/integ_description/hook/cmake_prefix_path.sh'
[12.266s] Level 1:colcon.colcon_core.environment:checking '/home/t-lemmel/Integ/install/integ_description/bin'
[12.266s] Level 1:colcon.colcon_core.environment:checking '/home/t-lemmel/Integ/install/integ_description/lib/pkgconfig/integ_description.pc'
[12.267s] Level 1:colcon.colcon_core.environment:checking '/home/t-lemmel/Integ/install/integ_description/lib/python3.10/site-packages'
[12.268s] Level 1:colcon.colcon_core.environment:checking '/home/t-lemmel/Integ/install/integ_description/bin'
[12.365s] INFO:colcon.colcon_core.shell:Creating package script '/home/t-lemmel/Integ/install/integ_description/share/integ_description/package.ps1'
[12.383s] INFO:colcon.colcon_core.shell:Creating package descriptor '/home/t-lemmel/Integ/install/integ_description/share/integ_description/package.dsv'
[12.401s] INFO:colcon.colcon_core.shell:Creating package script '/home/t-lemmel/Integ/install/integ_description/share/integ_description/package.sh'
[12.404s] INFO:colcon.colcon_core.shell:Creating package script '/home/t-lemmel/Integ/install/integ_description/share/integ_description/package.bash'
[12.424s] INFO:colcon.colcon_core.shell:Creating package script '/home/t-lemmel/Integ/install/integ_description/share/integ_description/package.zsh'
[12.439s] Level 1:colcon.colcon_core.environment:create_file_with_runtime_dependencies(/home/t-lemmel/Integ/install/integ_description/share/colcon-core/packages/integ_description)
[12.651s] Level 1:colcon.colcon_core.environment:create_environment_scripts_only(integ_description)
[12.750s] Level 1:colcon.colcon_core.environment:checking '/home/t-lemmel/Integ/install/integ_description' for CMake module files
[12.752s] Level 1:colcon.colcon_core.environment:checking '/home/t-lemmel/Integ/install/integ_description' for CMake config files
[12.755s] Level 1:colcon.colcon_core.shell:create_environment_hook('integ_description', 'cmake_prefix_path')
[12.836s] INFO:colcon.colcon_core.shell:Creating environment hook '/home/t-lemmel/Integ/install/integ_description/share/integ_description/hook/cmake_prefix_path.ps1'
[12.838s] INFO:colcon.colcon_core.shell:Creating environment descriptor '/home/t-lemmel/Integ/install/integ_description/share/integ_description/hook/cmake_prefix_path.dsv'
[12.840s] INFO:colcon.colcon_core.shell:Creating environment hook '/home/t-lemmel/Integ/install/integ_description/share/integ_description/hook/cmake_prefix_path.sh'
[12.845s] Level 1:colcon.colcon_core.environment:checking '/home/t-lemmel/Integ/install/integ_description/bin'
[12.846s] Level 1:colcon.colcon_core.environment:checking '/home/t-lemmel/Integ/install/integ_description/lib/pkgconfig/integ_description.pc'
[12.847s] Level 1:colcon.colcon_core.environment:checking '/home/t-lemmel/Integ/install/integ_description/lib/python3.10/site-packages'
[12.847s] Level 1:colcon.colcon_core.environment:checking '/home/t-lemmel/Integ/install/integ_description/bin'
[12.939s] INFO:colcon.colcon_core.shell:Creating package script '/home/t-lemmel/Integ/install/integ_description/share/integ_description/package.ps1'
[12.940s] INFO:colcon.colcon_core.shell:Creating package descriptor '/home/t-lemmel/Integ/install/integ_description/share/integ_description/package.dsv'
[12.943s] INFO:colcon.colcon_core.shell:Creating package script '/home/t-lemmel/Integ/install/integ_description/share/integ_description/package.sh'
[12.947s] INFO:colcon.colcon_core.shell:Creating package script '/home/t-lemmel/Integ/install/integ_description/share/integ_description/package.bash'
[12.949s] INFO:colcon.colcon_core.shell:Creating package script '/home/t-lemmel/Integ/install/integ_description/share/integ_description/package.zsh'
[12.953s] Level 1:colcon.colcon_core.environment:create_file_with_runtime_dependencies(/home/t-lemmel/Integ/install/integ_description/share/colcon-core/packages/integ_description)
[14.188s] DEBUG:colcon.colcon_core.event_handler.log_command:Invoked command in '/home/t-lemmel/Integ/build/integ_my_robot_interfaces' returned '0': CMAKE_PREFIX_PATH=${CMAKE_PREFIX_PATH}:/opt/ros/humble PS1_ori=\[\e]0;\u@\h: \w\a\]${debian_chroot:+($debian_chroot)}\[\033[01;32m\]\u@\h\[\033[00m\]:\[\033[01;34m\]\w\[\033[00m\]\$ /usr/bin/cmake --build /home/t-lemmel/Integ/build/integ_my_robot_interfaces -- -j8 -l8
[14.241s] DEBUG:colcon.colcon_core.event_handler.log_command:Invoking command in '/home/t-lemmel/Integ/build/visual_servoing': PS1_ori=\[\e]0;\u@\h: \w\a\]${debian_chroot:+($debian_chroot)}\[\033[01;32m\]\u@\h\[\033[00m\]:\[\033[01;34m\]\w\[\033[00m\]\$ PYTHONPATH=/home/t-lemmel/Integ/build/visual_servoing/prefix_override:/home/t-lemmel/Integ/install/visual_servoing/lib/python3.10/site-packages:${PYTHONPATH} /usr/bin/python3 setup.py develop --editable --build-directory /home/t-lemmel/Integ/build/visual_servoing/build --no-deps install_data
[14.501s] DEBUG:colcon.colcon_core.event_handler.log_command:Invoking command in '/home/t-lemmel/Integ/build/integ_my_robot_interfaces': CMAKE_PREFIX_PATH=${CMAKE_PREFIX_PATH}:/opt/ros/humble PS1_ori=\[\e]0;\u@\h: \w\a\]${debian_chroot:+($debian_chroot)}\[\033[01;32m\]\u@\h\[\033[00m\]:\[\033[01;34m\]\w\[\033[00m\]\$ /usr/bin/cmake --install /home/t-lemmel/Integ/build/integ_my_robot_interfaces
[15.148s] Level 1:colcon.colcon_core.environment:create_environment_scripts_only(integ_my_robot_interfaces)
[15.152s] DEBUG:colcon.colcon_core.event_handler.log_command:Invoked command in '/home/t-lemmel/Integ/build/integ_my_robot_interfaces' returned '0': CMAKE_PREFIX_PATH=${CMAKE_PREFIX_PATH}:/opt/ros/humble PS1_ori=\[\e]0;\u@\h: \w\a\]${debian_chroot:+($debian_chroot)}\[\033[01;32m\]\u@\h\[\033[00m\]:\[\033[01;34m\]\w\[\033[00m\]\$ /usr/bin/cmake --install /home/t-lemmel/Integ/build/integ_my_robot_interfaces
[15.267s] Level 1:colcon.colcon_core.environment:checking '/home/t-lemmel/Integ/install/integ_my_robot_interfaces' for CMake module files
[15.272s] Level 1:colcon.colcon_core.environment:checking '/home/t-lemmel/Integ/install/integ_my_robot_interfaces' for CMake config files
[15.276s] Level 1:colcon.colcon_core.shell:create_environment_hook('integ_my_robot_interfaces', 'cmake_prefix_path')
[15.385s] INFO:colcon.colcon_core.shell:Creating environment hook '/home/t-lemmel/Integ/install/integ_my_robot_interfaces/share/integ_my_robot_interfaces/hook/cmake_prefix_path.ps1'
[15.387s] INFO:colcon.colcon_core.shell:Creating environment descriptor '/home/t-lemmel/Integ/install/integ_my_robot_interfaces/share/integ_my_robot_interfaces/hook/cmake_prefix_path.dsv'
[15.390s] INFO:colcon.colcon_core.shell:Creating environment hook '/home/t-lemmel/Integ/install/integ_my_robot_interfaces/share/integ_my_robot_interfaces/hook/cmake_prefix_path.sh'
[15.395s] Level 1:colcon.colcon_core.environment:checking '/home/t-lemmel/Integ/install/integ_my_robot_interfaces/lib'
[15.396s] Level 1:colcon.colcon_core.shell:create_environment_hook('integ_my_robot_interfaces', 'ld_library_path_lib')
[15.496s] INFO:colcon.colcon_core.shell:Creating environment hook '/home/t-lemmel/Integ/install/integ_my_robot_interfaces/share/integ_my_robot_interfaces/hook/ld_library_path_lib.ps1'
[15.497s] INFO:colcon.colcon_core.shell:Creating environment descriptor '/home/t-lemmel/Integ/install/integ_my_robot_interfaces/share/integ_my_robot_interfaces/hook/ld_library_path_lib.dsv'
[15.498s] INFO:colcon.colcon_core.shell:Creating environment hook '/home/t-lemmel/Integ/install/integ_my_robot_interfaces/share/integ_my_robot_interfaces/hook/ld_library_path_lib.sh'
[15.498s] Level 1:colcon.colcon_core.environment:checking '/home/t-lemmel/Integ/install/integ_my_robot_interfaces/bin'
[15.498s] Level 1:colcon.colcon_core.environment:checking '/home/t-lemmel/Integ/install/integ_my_robot_interfaces/lib/pkgconfig/integ_my_robot_interfaces.pc'
[15.499s] Level 1:colcon.colcon_core.environment:checking '/home/t-lemmel/Integ/install/integ_my_robot_interfaces/lib/python3.10/site-packages'
[15.499s] Level 1:colcon.colcon_core.environment:checking '/home/t-lemmel/Integ/install/integ_my_robot_interfaces/bin'
[15.592s] INFO:colcon.colcon_core.shell:Creating package script '/home/t-lemmel/Integ/install/integ_my_robot_interfaces/share/integ_my_robot_interfaces/package.ps1'
[15.595s] INFO:colcon.colcon_core.shell:Creating package descriptor '/home/t-lemmel/Integ/install/integ_my_robot_interfaces/share/integ_my_robot_interfaces/package.dsv'
[15.599s] INFO:colcon.colcon_core.shell:Creating package script '/home/t-lemmel/Integ/install/integ_my_robot_interfaces/share/integ_my_robot_interfaces/package.sh'
[15.602s] INFO:colcon.colcon_core.shell:Creating package script '/home/t-lemmel/Integ/install/integ_my_robot_interfaces/share/integ_my_robot_interfaces/package.bash'
[15.604s] INFO:colcon.colcon_core.shell:Creating package script '/home/t-lemmel/Integ/install/integ_my_robot_interfaces/share/integ_my_robot_interfaces/package.zsh'
[15.606s] Level 1:colcon.colcon_core.environment:create_file_with_runtime_dependencies(/home/t-lemmel/Integ/install/integ_my_robot_interfaces/share/colcon-core/packages/integ_my_robot_interfaces)
[16.011s] Level 1:colcon.colcon_core.environment:create_environment_scripts_only(integ_my_robot_interfaces)
[16.106s] Level 1:colcon.colcon_core.environment:checking '/home/t-lemmel/Integ/install/integ_my_robot_interfaces' for CMake module files
[16.111s] Level 1:colcon.colcon_core.environment:checking '/home/t-lemmel/Integ/install/integ_my_robot_interfaces' for CMake config files
[16.113s] Level 1:colcon.colcon_core.shell:create_environment_hook('integ_my_robot_interfaces', 'cmake_prefix_path')
[16.211s] INFO:colcon.colcon_core.shell:Creating environment hook '/home/t-lemmel/Integ/install/integ_my_robot_interfaces/share/integ_my_robot_interfaces/hook/cmake_prefix_path.ps1'
[16.214s] INFO:colcon.colcon_core.shell:Creating environment descriptor '/home/t-lemmel/Integ/install/integ_my_robot_interfaces/share/integ_my_robot_interfaces/hook/cmake_prefix_path.dsv'
[16.217s] INFO:colcon.colcon_core.shell:Creating environment hook '/home/t-lemmel/Integ/install/integ_my_robot_interfaces/share/integ_my_robot_interfaces/hook/cmake_prefix_path.sh'
[16.221s] Level 1:colcon.colcon_core.environment:checking '/home/t-lemmel/Integ/install/integ_my_robot_interfaces/lib'
[16.221s] Level 1:colcon.colcon_core.shell:create_environment_hook('integ_my_robot_interfaces', 'ld_library_path_lib')
[16.311s] INFO:colcon.colcon_core.shell:Creating environment hook '/home/t-lemmel/Integ/install/integ_my_robot_interfaces/share/integ_my_robot_interfaces/hook/ld_library_path_lib.ps1'
[16.313s] INFO:colcon.colcon_core.shell:Creating environment descriptor '/home/t-lemmel/Integ/install/integ_my_robot_interfaces/share/integ_my_robot_interfaces/hook/ld_library_path_lib.dsv'
[16.315s] INFO:colcon.colcon_core.shell:Creating environment hook '/home/t-lemmel/Integ/install/integ_my_robot_interfaces/share/integ_my_robot_interfaces/hook/ld_library_path_lib.sh'
[16.318s] Level 1:colcon.colcon_core.environment:checking '/home/t-lemmel/Integ/install/integ_my_robot_interfaces/bin'
[16.318s] Level 1:colcon.colcon_core.environment:checking '/home/t-lemmel/Integ/install/integ_my_robot_interfaces/lib/pkgconfig/integ_my_robot_interfaces.pc'
[16.319s] Level 1:colcon.colcon_core.environment:checking '/home/t-lemmel/Integ/install/integ_my_robot_interfaces/lib/python3.10/site-packages'
[16.320s] Level 1:colcon.colcon_core.environment:checking '/home/t-lemmel/Integ/install/integ_my_robot_interfaces/bin'
[16.421s] INFO:colcon.colcon_core.shell:Creating package script '/home/t-lemmel/Integ/install/integ_my_robot_interfaces/share/integ_my_robot_interfaces/package.ps1'
[16.423s] INFO:colcon.colcon_core.shell:Creating package descriptor '/home/t-lemmel/Integ/install/integ_my_robot_interfaces/share/integ_my_robot_interfaces/package.dsv'
[16.425s] INFO:colcon.colcon_core.shell:Creating package script '/home/t-lemmel/Integ/install/integ_my_robot_interfaces/share/integ_my_robot_interfaces/package.sh'
[16.426s] INFO:colcon.colcon_core.shell:Creating package script '/home/t-lemmel/Integ/install/integ_my_robot_interfaces/share/integ_my_robot_interfaces/package.bash'
[16.428s] INFO:colcon.colcon_core.shell:Creating package script '/home/t-lemmel/Integ/install/integ_my_robot_interfaces/share/integ_my_robot_interfaces/package.zsh'
[16.430s] Level 1:colcon.colcon_core.environment:create_file_with_runtime_dependencies(/home/t-lemmel/Integ/install/integ_my_robot_interfaces/share/colcon-core/packages/integ_my_robot_interfaces)
[17.200s] Level 1:colcon.colcon_core.shell:create_environment_hook('visual_servoing', 'pythonpath_develop')
[17.201s] DEBUG:colcon.colcon_core.event_handler.log_command:Invoked command in '/home/t-lemmel/Integ/build/visual_servoing' returned '0': PS1_ori=\[\e]0;\u@\h: \w\a\]${debian_chroot:+($debian_chroot)}\[\033[01;32m\]\u@\h\[\033[00m\]:\[\033[01;34m\]\w\[\033[00m\]\$ PYTHONPATH=/home/t-lemmel/Integ/build/visual_servoing/prefix_override:/home/t-lemmel/Integ/install/visual_servoing/lib/python3.10/site-packages:${PYTHONPATH} /usr/bin/python3 setup.py develop --editable --build-directory /home/t-lemmel/Integ/build/visual_servoing/build --no-deps install_data
[17.278s] INFO:colcon.colcon_core.shell:Creating environment hook '/home/t-lemmel/Integ/build/visual_servoing/share/visual_servoing/hook/pythonpath_develop.ps1'
[17.281s] INFO:colcon.colcon_core.shell:Creating environment descriptor '/home/t-lemmel/Integ/build/visual_servoing/share/visual_servoing/hook/pythonpath_develop.dsv'
[17.284s] INFO:colcon.colcon_core.shell:Creating environment hook '/home/t-lemmel/Integ/build/visual_servoing/share/visual_servoing/hook/pythonpath_develop.sh'
[17.376s] Level 1:colcon.colcon_core.environment:checking '/home/t-lemmel/Integ/install/visual_servoing' for CMake module files
[17.377s] Level 1:colcon.colcon_core.environment:checking '/home/t-lemmel/Integ/install/visual_servoing' for CMake config files
[17.378s] Level 1:colcon.colcon_core.environment:checking '/home/t-lemmel/Integ/install/visual_servoing/lib'
[17.379s] Level 1:colcon.colcon_core.environment:checking '/home/t-lemmel/Integ/install/visual_servoing/bin'
[17.379s] Level 1:colcon.colcon_core.environment:checking '/home/t-lemmel/Integ/install/visual_servoing/lib/pkgconfig/visual_servoing.pc'
[17.379s] Level 1:colcon.colcon_core.environment:checking '/home/t-lemmel/Integ/install/visual_servoing/lib/python3.10/site-packages'
[17.379s] Level 1:colcon.colcon_core.shell:create_environment_hook('visual_servoing', 'pythonpath')
[17.468s] INFO:colcon.colcon_core.shell:Creating environment hook '/home/t-lemmel/Integ/install/visual_servoing/share/visual_servoing/hook/pythonpath.ps1'
[17.469s] INFO:colcon.colcon_core.shell:Creating environment descriptor '/home/t-lemmel/Integ/install/visual_servoing/share/visual_servoing/hook/pythonpath.dsv'
[17.470s] INFO:colcon.colcon_core.shell:Creating environment hook '/home/t-lemmel/Integ/install/visual_servoing/share/visual_servoing/hook/pythonpath.sh'
[17.471s] Level 1:colcon.colcon_core.environment:checking '/home/t-lemmel/Integ/install/visual_servoing/bin'
[17.471s] Level 1:colcon.colcon_core.environment:create_environment_scripts_only(visual_servoing)
[17.557s] INFO:colcon.colcon_core.shell:Creating package script '/home/t-lemmel/Integ/install/visual_servoing/share/visual_servoing/package.ps1'
[17.561s] INFO:colcon.colcon_core.shell:Creating package descriptor '/home/t-lemmel/Integ/install/visual_servoing/share/visual_servoing/package.dsv'
[17.565s] INFO:colcon.colcon_core.shell:Creating package script '/home/t-lemmel/Integ/install/visual_servoing/share/visual_servoing/package.sh'
[17.567s] INFO:colcon.colcon_core.shell:Creating package script '/home/t-lemmel/Integ/install/visual_servoing/share/visual_servoing/package.bash'
[17.570s] INFO:colcon.colcon_core.shell:Creating package script '/home/t-lemmel/Integ/install/visual_servoing/share/visual_servoing/package.zsh'
[17.572s] Level 1:colcon.colcon_core.environment:create_file_with_runtime_dependencies(/home/t-lemmel/Integ/install/visual_servoing/share/colcon-core/packages/visual_servoing)
[17.573s] DEBUG:colcon.colcon_parallel_executor.executor.parallel:closing loop
[17.573s] DEBUG:colcon.colcon_parallel_executor.executor.parallel:loop closed
[17.573s] DEBUG:colcon.colcon_parallel_executor.executor.parallel:run_until_complete finished with '0'
[17.574s] DEBUG:colcon.colcon_core.event_reactor:joining thread
[17.728s] INFO:colcon.colcon_core.plugin_system:Skipping extension 'colcon_notification.desktop_notification.terminal_notifier': Not used on non-Darwin systems
[17.730s] INFO:colcon.colcon_core.plugin_system:Skipping extension 'colcon_notification.desktop_notification.win32': Not used on non-Windows systems
[17.731s] INFO:colcon.colcon_notification.desktop_notification:Sending desktop notification using 'notify2'
[17.804s] DEBUG:colcon.colcon_core.event_reactor:joined thread
[17.893s] INFO:colcon.colcon_core.shell:Creating prefix script '/home/t-lemmel/Integ/install/local_setup.ps1'
[17.913s] INFO:colcon.colcon_core.shell:Creating prefix util module '/home/t-lemmel/Integ/install/_local_setup_util_ps1.py'
[17.937s] INFO:colcon.colcon_core.shell:Creating prefix chain script '/home/t-lemmel/Integ/install/setup.ps1'
[18.047s] INFO:colcon.colcon_core.shell:Creating prefix script '/home/t-lemmel/Integ/install/local_setup.sh'
[18.050s] INFO:colcon.colcon_core.shell:Creating prefix util module '/home/t-lemmel/Integ/install/_local_setup_util_sh.py'
[18.051s] INFO:colcon.colcon_core.shell:Creating prefix chain script '/home/t-lemmel/Integ/install/setup.sh'
[18.140s] INFO:colcon.colcon_core.shell:Creating prefix script '/home/t-lemmel/Integ/install/local_setup.bash'
[18.157s] INFO:colcon.colcon_core.shell:Creating prefix chain script '/home/t-lemmel/Integ/install/setup.bash'
[18.238s] INFO:colcon.colcon_core.shell:Creating prefix script '/home/t-lemmel/Integ/install/local_setup.zsh'
[18.261s] INFO:colcon.colcon_core.shell:Creating prefix chain script '/home/t-lemmel/Integ/install/setup.zsh'
