[2.115s] Invoking command in '/home/t-lemmel/Integ/build/visual_servoing': PS1_ori=\[\e]0;\u@\h: \w\a\]${debian_chroot:+($debian_chroot)}\[\033[01;32m\]\u@\h\[\033[00m\]:\[\033[01;34m\]\w\[\033[00m\]\$ PYTHONPATH=/home/t-lemmel/Integ/build/visual_servoing/prefix_override:/home/t-lemmel/Integ/install/visual_servoing/lib/python3.10/site-packages:${PYTHONPATH} /usr/bin/python3 setup.py develop --editable --build-directory /home/t-lemmel/Integ/build/visual_servoing/build --no-deps install_data
[2.455s] running develop
[2.491s] /usr/lib/python3/dist-packages/setuptools/command/easy_install.py:158: EasyInstallDeprecationWarning: easy_install command is deprecated. Use build and pip and other standards-based tools.
[2.491s]   warnings.warn(
[2.508s] /usr/lib/python3/dist-packages/setuptools/command/install.py:34: SetuptoolsDeprecationWarning: setup.py install is deprecated. Use build and pip and other standards-based tools.
[2.508s]   warnings.warn(
[2.733s] running egg_info
[2.734s] creating visual_servoing.egg-info
[2.734s] writing visual_servoing.egg-info/PKG-INFO
[2.734s] writing dependency_links to visual_servoing.egg-info/dependency_links.txt
[2.734s] writing entry points to visual_servoing.egg-info/entry_points.txt
[2.734s] writing requirements to visual_servoing.egg-info/requires.txt
[2.734s] writing top-level names to visual_servoing.egg-info/top_level.txt
[2.735s] writing manifest file 'visual_servoing.egg-info/SOURCES.txt'
[2.736s] reading manifest file 'visual_servoing.egg-info/SOURCES.txt'
[2.737s] writing manifest file 'visual_servoing.egg-info/SOURCES.txt'
[2.739s] running build_ext
[2.740s] Creating /home/t-lemmel/Integ/install/visual_servoing/lib/python3.10/site-packages/visual-servoing.egg-link (link to .)
[2.741s] Installing tracker script to /home/t-lemmel/Integ/install/visual_servoing/lib/visual_servoing
[2.741s] 
[2.741s] Installed /home/t-lemmel/Integ/build/visual_servoing
[2.741s] running install_data
[2.741s] creating /home/t-lemmel/Integ/install/visual_servoing/share/ament_index
[2.742s] creating /home/t-lemmel/Integ/install/visual_servoing/share/ament_index/resource_index
[2.742s] creating /home/t-lemmel/Integ/install/visual_servoing/share/ament_index/resource_index/packages
[2.742s] copying resource/visual_servoing -> /home/t-lemmel/Integ/install/visual_servoing/share/ament_index/resource_index/packages
[2.742s] copying package.xml -> /home/t-lemmel/Integ/install/visual_servoing/share/visual_servoing
[2.772s] Invoked command in '/home/t-lemmel/Integ/build/visual_servoing' returned '0': PS1_ori=\[\e]0;\u@\h: \w\a\]${debian_chroot:+($debian_chroot)}\[\033[01;32m\]\u@\h\[\033[00m\]:\[\033[01;34m\]\w\[\033[00m\]\$ PYTHONPATH=/home/t-lemmel/Integ/build/visual_servoing/prefix_override:/home/t-lemmel/Integ/install/visual_servoing/lib/python3.10/site-packages:${PYTHONPATH} /usr/bin/python3 setup.py develop --editable --build-directory /home/t-lemmel/Integ/build/visual_servoing/build --no-deps install_data
