[0.400s] Invoking command in '/home/t-lemmel/Integ/build/integ_description': CMAKE_PREFIX_PATH=${CMAKE_PREFIX_PATH}:/opt/ros/humble PS1_ori=\[\e]0;\u@\h: \w\a\]${debian_chroot:+($debian_chroot)}\[\033[01;32m\]\u@\h\[\033[00m\]:\[\033[01;34m\]\w\[\033[00m\]\$ /usr/bin/cmake --build /home/t-lemmel/Integ/build/integ_description -- -j8 -l8
[0.889s] Invoked command in '/home/t-lemmel/Integ/build/integ_description' returned '0': CMAKE_PREFIX_PATH=${CMAKE_PREFIX_PATH}:/opt/ros/humble PS1_ori=\[\e]0;\u@\h: \w\a\]${debian_chroot:+($debian_chroot)}\[\033[01;32m\]\u@\h\[\033[00m\]:\[\033[01;34m\]\w\[\033[00m\]\$ /usr/bin/cmake --build /home/t-lemmel/Integ/build/integ_description -- -j8 -l8
[0.934s] Invoking command in '/home/t-lemmel/Integ/build/integ_description': CMAKE_PREFIX_PATH=${CMAKE_PREFIX_PATH}:/opt/ros/humble PS1_ori=\[\e]0;\u@\h: \w\a\]${debian_chroot:+($debian_chroot)}\[\033[01;32m\]\u@\h\[\033[00m\]:\[\033[01;34m\]\w\[\033[00m\]\$ /usr/bin/cmake --install /home/t-lemmel/Integ/build/integ_description
[0.944s] -- Install configuration: ""
[0.945s] -- Execute custom install script
[0.945s] -- Up-to-date symlink: /home/t-lemmel/Integ/install/integ_description/share/integ_description/config/joint_names_scara_sw.yaml
[0.946s] -- Up-to-date symlink: /home/t-lemmel/Integ/install/integ_description/share/integ_description/launch/config.rviz
[0.946s] -- Up-to-date symlink: /home/t-lemmel/Integ/install/integ_description/share/integ_description/launch/effort_manual.yaml
[0.946s] -- Up-to-date symlink: /home/t-lemmel/Integ/install/integ_description/share/integ_description/launch/position_manual.yaml
[0.947s] -- Up-to-date symlink: /home/t-lemmel/Integ/install/integ_description/share/integ_description/launch/state_publisher_launch.py
[0.947s] -- Up-to-date symlink: /home/t-lemmel/Integ/install/integ_description/share/integ_description/launch/target_launch.py
[0.947s] -- Up-to-date symlink: /home/t-lemmel/Integ/install/integ_description/share/integ_description/launch/upload_launch.py
[0.947s] -- Up-to-date symlink: /home/t-lemmel/Integ/install/integ_description/share/integ_description/launch/velocity_manual.yaml
[0.947s] -- Up-to-date symlink: /home/t-lemmel/Integ/install/integ_description/share/integ_description/launch/world_launch.py
[0.948s] -- Up-to-date symlink: /home/t-lemmel/Integ/install/integ_description/share/integ_description/meshes/base_link.STL
[0.948s] -- Up-to-date symlink: /home/t-lemmel/Integ/install/integ_description/share/integ_description/meshes/link_1.STL
[0.948s] -- Up-to-date symlink: /home/t-lemmel/Integ/install/integ_description/share/integ_description/meshes/link_2.STL
[0.949s] -- Up-to-date symlink: /home/t-lemmel/Integ/install/integ_description/share/integ_description/urdf/camera.xacro
[0.949s] -- Up-to-date symlink: /home/t-lemmel/Integ/install/integ_description/share/integ_description/urdf/scara_sw.xacro
[0.949s] -- Up-to-date symlink: /home/t-lemmel/Integ/install/integ_description/share/integ_description/urdf/scara_sw_identification.urdf
[0.950s] -- Up-to-date symlink: /home/t-lemmel/Integ/install/integ_description/share/integ_description/urdf/target.xacro
[0.950s] -- Up-to-date symlink: /home/t-lemmel/Integ/install/integ_description/share/integ_description/urdf/world.sdf
[0.950s] -- Up-to-date symlink: /home/t-lemmel/Integ/install/integ_description/share/ament_index/resource_index/package_run_dependencies/integ_description
[0.951s] -- Up-to-date symlink: /home/t-lemmel/Integ/install/integ_description/share/ament_index/resource_index/parent_prefix_path/integ_description
[0.951s] -- Up-to-date symlink: /home/t-lemmel/Integ/install/integ_description/share/integ_description/environment/ament_prefix_path.sh
[0.951s] -- Up-to-date symlink: /home/t-lemmel/Integ/install/integ_description/share/integ_description/environment/ament_prefix_path.dsv
[0.952s] -- Up-to-date symlink: /home/t-lemmel/Integ/install/integ_description/share/integ_description/environment/path.sh
[0.952s] -- Up-to-date symlink: /home/t-lemmel/Integ/install/integ_description/share/integ_description/environment/path.dsv
[0.952s] -- Up-to-date symlink: /home/t-lemmel/Integ/install/integ_description/share/integ_description/local_setup.bash
[0.953s] -- Up-to-date symlink: /home/t-lemmel/Integ/install/integ_description/share/integ_description/local_setup.sh
[0.953s] -- Up-to-date symlink: /home/t-lemmel/Integ/install/integ_description/share/integ_description/local_setup.zsh
[0.953s] -- Up-to-date symlink: /home/t-lemmel/Integ/install/integ_description/share/integ_description/local_setup.dsv
[0.953s] -- Symlinking: /home/t-lemmel/Integ/install/integ_description/share/integ_description/package.dsv
[0.966s] -- Up-to-date symlink: /home/t-lemmel/Integ/install/integ_description/share/ament_index/resource_index/packages/integ_description
[0.967s] -- Up-to-date symlink: /home/t-lemmel/Integ/install/integ_description/share/integ_description/cmake/integ_descriptionConfig.cmake
[0.967s] -- Up-to-date symlink: /home/t-lemmel/Integ/install/integ_description/share/integ_description/cmake/integ_descriptionConfig-version.cmake
[0.967s] -- Up-to-date symlink: /home/t-lemmel/Integ/install/integ_description/share/integ_description/package.xml
[0.970s] Invoked command in '/home/t-lemmel/Integ/build/integ_description' returned '0': CMAKE_PREFIX_PATH=${CMAKE_PREFIX_PATH}:/opt/ros/humble PS1_ori=\[\e]0;\u@\h: \w\a\]${debian_chroot:+($debian_chroot)}\[\033[01;32m\]\u@\h\[\033[00m\]:\[\033[01;34m\]\w\[\033[00m\]\$ /usr/bin/cmake --install /home/t-lemmel/Integ/build/integ_description
