[1.379s] DEBUG:colcon:Command line arguments: ['/usr/bin/colcon', 'build', '--symlink-install', '--continue-on-error']
[1.379s] DEBUG:colcon:Parsed command line arguments: Namespace(log_base=None, log_level=None, verb_name='build', build_base='build', install_base='install', merge_install=False, symlink_install=True, test_result_base=None, continue_on_error=True, executor='parallel', parallel_workers=8, event_handlers=None, ignore_user_meta=False, metas=['./colcon.meta'], base_paths=['.'], packages_ignore=None, packages_ignore_regex=None, paths=None, packages_up_to=None, packages_up_to_regex=None, packages_above=None, packages_above_and_dependencies=None, packages_above_depth=None, packages_select_by_dep=None, packages_skip_by_dep=None, packages_skip_up_to=None, packages_select_build_failed=False, packages_skip_build_finished=False, packages_select_test_failures=False, packages_skip_test_passed=False, packages_select=None, packages_skip=None, packages_select_regex=None, packages_skip_regex=None, packages_start=None, packages_end=None, allow_overriding=[], cmake_args=None, cmake_target=None, cmake_target_skip_unavailable=False, cmake_clean_cache=False, cmake_clean_first=False, cmake_force_configure=False, ament_cmake_args=None, catkin_cmake_args=None, catkin_skip_building_tests=False, verb_parser=<colcon_defaults.argument_parser.defaults.DefaultArgumentsDecorator object at 0x7f45312d65f0>, verb_extension=<colcon_core.verb.build.BuildVerb object at 0x7f45312d73d0>, main=<bound method BuildVerb.main of <colcon_core.verb.build.BuildVerb object at 0x7f45312d73d0>>)
[1.440s] Level 1:colcon.colcon_core.package_discovery:discover_packages(colcon_meta) check parameters
[1.441s] Level 1:colcon.colcon_core.package_discovery:discover_packages(recursive) check parameters
[1.441s] Level 1:colcon.colcon_core.package_discovery:discover_packages(ignore) check parameters
[1.441s] Level 1:colcon.colcon_core.package_discovery:discover_packages(path) check parameters
[1.441s] Level 1:colcon.colcon_core.package_discovery:discover_packages(colcon_meta) discover
[1.441s] Level 1:colcon.colcon_core.package_discovery:discover_packages(recursive) discover
[1.441s] INFO:colcon.colcon_core.package_discovery:Crawling recursively for packages in '/home/t-lemmel/Integ'
[1.441s] Level 1:colcon.colcon_core.package_identification:_identify(.) by extensions ['ignore', 'ignore_ament_install']
[1.441s] Level 1:colcon.colcon_core.package_identification:_identify(.) by extension 'ignore'
[1.441s] Level 1:colcon.colcon_core.package_identification:_identify(.) by extension 'ignore_ament_install'
[1.441s] Level 1:colcon.colcon_core.package_identification:_identify(.) by extensions ['colcon_pkg']
[1.441s] Level 1:colcon.colcon_core.package_identification:_identify(.) by extension 'colcon_pkg'
[1.441s] Level 1:colcon.colcon_core.package_identification:_identify(.) by extensions ['colcon_meta']
[1.441s] Level 1:colcon.colcon_core.package_identification:_identify(.) by extension 'colcon_meta'
[1.441s] Level 1:colcon.colcon_core.package_identification:_identify(.) by extensions ['ros']
[1.441s] Level 1:colcon.colcon_core.package_identification:_identify(.) by extension 'ros'
[1.456s] Level 1:colcon.colcon_core.package_identification:_identify(.) by extensions ['cmake', 'python']
[1.456s] Level 1:colcon.colcon_core.package_identification:_identify(.) by extension 'cmake'
[1.456s] Level 1:colcon.colcon_core.package_identification:_identify(.) by extension 'python'
[1.456s] Level 1:colcon.colcon_core.package_identification:_identify(.) by extensions ['python_setup_py']
[1.456s] Level 1:colcon.colcon_core.package_identification:_identify(.) by extension 'python_setup_py'
[1.456s] Level 1:colcon.colcon_core.package_identification:_identify(build) by extensions ['ignore', 'ignore_ament_install']
[1.456s] Level 1:colcon.colcon_core.package_identification:_identify(build) by extension 'ignore'
[1.456s] Level 1:colcon.colcon_core.package_identification:_identify(build) ignored
[1.456s] Level 1:colcon.colcon_core.package_identification:_identify(install) by extensions ['ignore', 'ignore_ament_install']
[1.456s] Level 1:colcon.colcon_core.package_identification:_identify(install) by extension 'ignore'
[1.457s] Level 1:colcon.colcon_core.package_identification:_identify(install) ignored
[1.457s] Level 1:colcon.colcon_core.package_identification:_identify(log) by extensions ['ignore', 'ignore_ament_install']
[1.457s] Level 1:colcon.colcon_core.package_identification:_identify(log) by extension 'ignore'
[1.457s] Level 1:colcon.colcon_core.package_identification:_identify(log) ignored
[1.457s] Level 1:colcon.colcon_core.package_identification:_identify(src) by extensions ['ignore', 'ignore_ament_install']
[1.457s] Level 1:colcon.colcon_core.package_identification:_identify(src) by extension 'ignore'
[1.457s] Level 1:colcon.colcon_core.package_identification:_identify(src) by extension 'ignore_ament_install'
[1.457s] Level 1:colcon.colcon_core.package_identification:_identify(src) by extensions ['colcon_pkg']
[1.457s] Level 1:colcon.colcon_core.package_identification:_identify(src) by extension 'colcon_pkg'
[1.457s] Level 1:colcon.colcon_core.package_identification:_identify(src) by extensions ['colcon_meta']
[1.457s] Level 1:colcon.colcon_core.package_identification:_identify(src) by extension 'colcon_meta'
[1.457s] Level 1:colcon.colcon_core.package_identification:_identify(src) by extensions ['ros']
[1.457s] Level 1:colcon.colcon_core.package_identification:_identify(src) by extension 'ros'
[1.457s] Level 1:colcon.colcon_core.package_identification:_identify(src) by extensions ['cmake', 'python']
[1.458s] Level 1:colcon.colcon_core.package_identification:_identify(src) by extension 'cmake'
[1.458s] Level 1:colcon.colcon_core.package_identification:_identify(src) by extension 'python'
[1.458s] Level 1:colcon.colcon_core.package_identification:_identify(src) by extensions ['python_setup_py']
[1.458s] Level 1:colcon.colcon_core.package_identification:_identify(src) by extension 'python_setup_py'
[1.458s] Level 1:colcon.colcon_core.package_identification:_identify(src/Integ_my_robot_interfaces) by extensions ['ignore', 'ignore_ament_install']
[1.458s] Level 1:colcon.colcon_core.package_identification:_identify(src/Integ_my_robot_interfaces) by extension 'ignore'
[1.458s] Level 1:colcon.colcon_core.package_identification:_identify(src/Integ_my_robot_interfaces) by extension 'ignore_ament_install'
[1.458s] Level 1:colcon.colcon_core.package_identification:_identify(src/Integ_my_robot_interfaces) by extensions ['colcon_pkg']
[1.458s] Level 1:colcon.colcon_core.package_identification:_identify(src/Integ_my_robot_interfaces) by extension 'colcon_pkg'
[1.458s] Level 1:colcon.colcon_core.package_identification:_identify(src/Integ_my_robot_interfaces) by extensions ['colcon_meta']
[1.458s] Level 1:colcon.colcon_core.package_identification:_identify(src/Integ_my_robot_interfaces) by extension 'colcon_meta'
[1.458s] Level 1:colcon.colcon_core.package_identification:_identify(src/Integ_my_robot_interfaces) by extensions ['ros']
[1.458s] Level 1:colcon.colcon_core.package_identification:_identify(src/Integ_my_robot_interfaces) by extension 'ros'
[1.461s] DEBUG:colcon.colcon_core.package_identification:Package 'src/Integ_my_robot_interfaces' with type 'ros.ament_cmake' and name 'integ_my_robot_interfaces'
[1.461s] Level 1:colcon.colcon_core.package_identification:_identify(src/integ_description) by extensions ['ignore', 'ignore_ament_install']
[1.461s] Level 1:colcon.colcon_core.package_identification:_identify(src/integ_description) by extension 'ignore'
[1.461s] Level 1:colcon.colcon_core.package_identification:_identify(src/integ_description) by extension 'ignore_ament_install'
[1.462s] Level 1:colcon.colcon_core.package_identification:_identify(src/integ_description) by extensions ['colcon_pkg']
[1.462s] Level 1:colcon.colcon_core.package_identification:_identify(src/integ_description) by extension 'colcon_pkg'
[1.462s] Level 1:colcon.colcon_core.package_identification:_identify(src/integ_description) by extensions ['colcon_meta']
[1.462s] Level 1:colcon.colcon_core.package_identification:_identify(src/integ_description) by extension 'colcon_meta'
[1.462s] Level 1:colcon.colcon_core.package_identification:_identify(src/integ_description) by extensions ['ros']
[1.462s] Level 1:colcon.colcon_core.package_identification:_identify(src/integ_description) by extension 'ros'
[1.462s] DEBUG:colcon.colcon_core.package_identification:Package 'src/integ_description' with type 'ros.ament_cmake' and name 'integ_description'
[1.462s] Level 1:colcon.colcon_core.package_identification:_identify(src/visual_servoing) by extensions ['ignore', 'ignore_ament_install']
[1.463s] Level 1:colcon.colcon_core.package_identification:_identify(src/visual_servoing) by extension 'ignore'
[1.463s] Level 1:colcon.colcon_core.package_identification:_identify(src/visual_servoing) by extension 'ignore_ament_install'
[1.463s] Level 1:colcon.colcon_core.package_identification:_identify(src/visual_servoing) by extensions ['colcon_pkg']
[1.463s] Level 1:colcon.colcon_core.package_identification:_identify(src/visual_servoing) by extension 'colcon_pkg'
[1.463s] Level 1:colcon.colcon_core.package_identification:_identify(src/visual_servoing) by extensions ['colcon_meta']
[1.463s] Level 1:colcon.colcon_core.package_identification:_identify(src/visual_servoing) by extension 'colcon_meta'
[1.463s] Level 1:colcon.colcon_core.package_identification:_identify(src/visual_servoing) by extensions ['ros']
[1.463s] Level 1:colcon.colcon_core.package_identification:_identify(src/visual_servoing) by extension 'ros'
[1.464s] DEBUG:colcon.colcon_core.package_identification:Package 'src/visual_servoing' with type 'ros.ament_python' and name 'visual_servoing'
[1.464s] Level 1:colcon.colcon_core.package_discovery:discover_packages(recursive) using defaults
[1.464s] Level 1:colcon.colcon_core.package_discovery:discover_packages(ignore) discover
[1.464s] Level 1:colcon.colcon_core.package_discovery:discover_packages(ignore) using defaults
[1.464s] Level 1:colcon.colcon_core.package_discovery:discover_packages(path) discover
[1.464s] Level 1:colcon.colcon_core.package_discovery:discover_packages(path) using defaults
[1.585s] Level 1:colcon.colcon_core.package_discovery:discover_packages(prefix_path) check parameters
[1.585s] Level 1:colcon.colcon_core.package_discovery:discover_packages(prefix_path) discover
[1.634s] DEBUG:colcon.colcon_installed_package_information.package_discovery:Found 1 installed packages in /home/t-lemmel/Ros_Labs/install
[1.654s] DEBUG:colcon.colcon_installed_package_information.package_discovery:Found 8 installed packages in /home/t-lemmel/Aquabot_Tom/install
[1.673s] DEBUG:colcon.colcon_installed_package_information.package_discovery:Found 8 installed packages in /home/t-lemmel/vrx_ws/install
[1.694s] DEBUG:colcon.colcon_installed_package_information.package_discovery:Found 236 installed packages in /opt/ros/humble
[1.695s] Level 1:colcon.colcon_core.package_discovery:discover_packages(prefix_path) using defaults
[1.799s] Level 5:colcon.colcon_core.verb:set package 'integ_description' build argument 'cmake_args' from command line to 'None'
[1.799s] Level 5:colcon.colcon_core.verb:set package 'integ_description' build argument 'cmake_target' from command line to 'None'
[1.799s] Level 5:colcon.colcon_core.verb:set package 'integ_description' build argument 'cmake_target_skip_unavailable' from command line to 'False'
[1.799s] Level 5:colcon.colcon_core.verb:set package 'integ_description' build argument 'cmake_clean_cache' from command line to 'False'
[1.799s] Level 5:colcon.colcon_core.verb:set package 'integ_description' build argument 'cmake_clean_first' from command line to 'False'
[1.800s] Level 5:colcon.colcon_core.verb:set package 'integ_description' build argument 'cmake_force_configure' from command line to 'False'
[1.800s] Level 5:colcon.colcon_core.verb:set package 'integ_description' build argument 'ament_cmake_args' from command line to 'None'
[1.800s] Level 5:colcon.colcon_core.verb:set package 'integ_description' build argument 'catkin_cmake_args' from command line to 'None'
[1.800s] Level 5:colcon.colcon_core.verb:set package 'integ_description' build argument 'catkin_skip_building_tests' from command line to 'False'
[1.800s] DEBUG:colcon.colcon_core.verb:Building package 'integ_description' with the following arguments: {'ament_cmake_args': None, 'build_base': '/home/t-lemmel/Integ/build/integ_description', 'catkin_cmake_args': None, 'catkin_skip_building_tests': False, 'cmake_args': None, 'cmake_clean_cache': False, 'cmake_clean_first': False, 'cmake_force_configure': False, 'cmake_target': None, 'cmake_target_skip_unavailable': False, 'install_base': '/home/t-lemmel/Integ/install/integ_description', 'merge_install': False, 'path': '/home/t-lemmel/Integ/src/integ_description', 'symlink_install': True, 'test_result_base': None}
[1.819s] Level 5:colcon.colcon_core.verb:set package 'integ_my_robot_interfaces' build argument 'cmake_args' from command line to 'None'
[1.819s] Level 5:colcon.colcon_core.verb:set package 'integ_my_robot_interfaces' build argument 'cmake_target' from command line to 'None'
[1.819s] Level 5:colcon.colcon_core.verb:set package 'integ_my_robot_interfaces' build argument 'cmake_target_skip_unavailable' from command line to 'False'
[1.819s] Level 5:colcon.colcon_core.verb:set package 'integ_my_robot_interfaces' build argument 'cmake_clean_cache' from command line to 'False'
[1.819s] Level 5:colcon.colcon_core.verb:set package 'integ_my_robot_interfaces' build argument 'cmake_clean_first' from command line to 'False'
[1.819s] Level 5:colcon.colcon_core.verb:set package 'integ_my_robot_interfaces' build argument 'cmake_force_configure' from command line to 'False'
[1.819s] Level 5:colcon.colcon_core.verb:set package 'integ_my_robot_interfaces' build argument 'ament_cmake_args' from command line to 'None'
[1.819s] Level 5:colcon.colcon_core.verb:set package 'integ_my_robot_interfaces' build argument 'catkin_cmake_args' from command line to 'None'
[1.819s] Level 5:colcon.colcon_core.verb:set package 'integ_my_robot_interfaces' build argument 'catkin_skip_building_tests' from command line to 'False'
[1.819s] DEBUG:colcon.colcon_core.verb:Building package 'integ_my_robot_interfaces' with the following arguments: {'ament_cmake_args': None, 'build_base': '/home/t-lemmel/Integ/build/integ_my_robot_interfaces', 'catkin_cmake_args': None, 'catkin_skip_building_tests': False, 'cmake_args': None, 'cmake_clean_cache': False, 'cmake_clean_first': False, 'cmake_force_configure': False, 'cmake_target': None, 'cmake_target_skip_unavailable': False, 'install_base': '/home/t-lemmel/Integ/install/integ_my_robot_interfaces', 'merge_install': False, 'path': '/home/t-lemmel/Integ/src/Integ_my_robot_interfaces', 'symlink_install': True, 'test_result_base': None}
[1.838s] Level 5:colcon.colcon_core.verb:set package 'visual_servoing' build argument 'cmake_args' from command line to 'None'
[1.839s] Level 5:colcon.colcon_core.verb:set package 'visual_servoing' build argument 'cmake_target' from command line to 'None'
[1.839s] Level 5:colcon.colcon_core.verb:set package 'visual_servoing' build argument 'cmake_target_skip_unavailable' from command line to 'False'
[1.839s] Level 5:colcon.colcon_core.verb:set package 'visual_servoing' build argument 'cmake_clean_cache' from command line to 'False'
[1.839s] Level 5:colcon.colcon_core.verb:set package 'visual_servoing' build argument 'cmake_clean_first' from command line to 'False'
[1.839s] Level 5:colcon.colcon_core.verb:set package 'visual_servoing' build argument 'cmake_force_configure' from command line to 'False'
[1.839s] Level 5:colcon.colcon_core.verb:set package 'visual_servoing' build argument 'ament_cmake_args' from command line to 'None'
[1.839s] Level 5:colcon.colcon_core.verb:set package 'visual_servoing' build argument 'catkin_cmake_args' from command line to 'None'
[1.839s] Level 5:colcon.colcon_core.verb:set package 'visual_servoing' build argument 'catkin_skip_building_tests' from command line to 'False'
[1.839s] DEBUG:colcon.colcon_core.verb:Building package 'visual_servoing' with the following arguments: {'ament_cmake_args': None, 'build_base': '/home/t-lemmel/Integ/build/visual_servoing', 'catkin_cmake_args': None, 'catkin_skip_building_tests': False, 'cmake_args': None, 'cmake_clean_cache': False, 'cmake_clean_first': False, 'cmake_force_configure': False, 'cmake_target': None, 'cmake_target_skip_unavailable': False, 'install_base': '/home/t-lemmel/Integ/install/visual_servoing', 'merge_install': False, 'path': '/home/t-lemmel/Integ/src/visual_servoing', 'symlink_install': True, 'test_result_base': None}
[1.858s] INFO:colcon.colcon_core.executor:Executing jobs using 'parallel' executor
[1.878s] DEBUG:colcon.colcon_parallel_executor.executor.parallel:run_until_complete
[1.879s] INFO:colcon.colcon_ros.task.ament_cmake.build:Building ROS package in '/home/t-lemmel/Integ/src/integ_description' with build type 'ament_cmake'
[1.879s] INFO:colcon.colcon_cmake.task.cmake.build:Building CMake package in '/home/t-lemmel/Integ/src/integ_description'
[1.901s] INFO:colcon.colcon_core.plugin_system:Skipping extension 'colcon_core.shell.bat': Not used on non-Windows systems
[1.901s] INFO:colcon.colcon_core.shell:Skip shell extension 'powershell' for command environment: Not usable outside of PowerShell
[1.901s] DEBUG:colcon.colcon_core.shell:Skip shell extension 'dsv' for command environment
[2.004s] INFO:colcon.colcon_ros.task.ament_cmake.build:Building ROS package in '/home/t-lemmel/Integ/src/Integ_my_robot_interfaces' with build type 'ament_cmake'
[2.004s] INFO:colcon.colcon_cmake.task.cmake.build:Building CMake package in '/home/t-lemmel/Integ/src/Integ_my_robot_interfaces'
[2.024s] INFO:colcon.colcon_core.shell:Skip shell extension 'powershell' for command environment: Not usable outside of PowerShell
[2.024s] DEBUG:colcon.colcon_core.shell:Skip shell extension 'dsv' for command environment
[2.126s] INFO:colcon.colcon_ros.task.ament_python.build:Building ROS package in '/home/t-lemmel/Integ/src/visual_servoing' with build type 'ament_python'
[2.126s] Level 1:colcon.colcon_core.shell:create_environment_hook('visual_servoing', 'ament_prefix_path')
[2.146s] INFO:colcon.colcon_core.shell:Creating environment hook '/home/t-lemmel/Integ/install/visual_servoing/share/visual_servoing/hook/ament_prefix_path.ps1'
[2.147s] INFO:colcon.colcon_core.shell:Creating environment descriptor '/home/t-lemmel/Integ/install/visual_servoing/share/visual_servoing/hook/ament_prefix_path.dsv'
[2.148s] INFO:colcon.colcon_core.shell:Creating environment hook '/home/t-lemmel/Integ/install/visual_servoing/share/visual_servoing/hook/ament_prefix_path.sh'
[2.168s] INFO:colcon.colcon_core.shell:Skip shell extension 'powershell' for command environment: Not usable outside of PowerShell
[2.168s] DEBUG:colcon.colcon_core.shell:Skip shell extension 'dsv' for command environment
[2.278s] DEBUG:colcon.colcon_core.event_handler.log_command:Invoking command in '/home/t-lemmel/Integ/build/integ_description': CMAKE_PREFIX_PATH=${CMAKE_PREFIX_PATH}:/opt/ros/humble PS1_ori=\[\e]0;\u@\h: \w\a\]${debian_chroot:+($debian_chroot)}\[\033[01;32m\]\u@\h\[\033[00m\]:\[\033[01;34m\]\w\[\033[00m\]\$ /usr/bin/cmake --build /home/t-lemmel/Integ/build/integ_description -- -j8 -l8
[2.284s] DEBUG:colcon.colcon_core.event_handler.log_command:Invoking command in '/home/t-lemmel/Integ/build/integ_my_robot_interfaces': CMAKE_PREFIX_PATH=${CMAKE_PREFIX_PATH}:/opt/ros/humble PS1_ori=\[\e]0;\u@\h: \w\a\]${debian_chroot:+($debian_chroot)}\[\033[01;32m\]\u@\h\[\033[00m\]:\[\033[01;34m\]\w\[\033[00m\]\$ /usr/bin/cmake --build /home/t-lemmel/Integ/build/integ_my_robot_interfaces -- -j8 -l8
[2.668s] INFO:colcon.colcon_core.task.python.build:Building Python package in '/home/t-lemmel/Integ/src/visual_servoing'
[2.706s] INFO:colcon.colcon_core.shell:Skip shell extension 'powershell' for command environment: Not usable outside of PowerShell
[2.706s] DEBUG:colcon.colcon_core.shell:Skip shell extension 'dsv' for command environment
[2.815s] DEBUG:colcon.colcon_core.event_handler.log_command:Invoked command in '/home/t-lemmel/Integ/build/integ_description' returned '0': CMAKE_PREFIX_PATH=${CMAKE_PREFIX_PATH}:/opt/ros/humble PS1_ori=\[\e]0;\u@\h: \w\a\]${debian_chroot:+($debian_chroot)}\[\033[01;32m\]\u@\h\[\033[00m\]:\[\033[01;34m\]\w\[\033[00m\]\$ /usr/bin/cmake --build /home/t-lemmel/Integ/build/integ_description -- -j8 -l8
[2.817s] DEBUG:colcon.colcon_core.event_handler.log_command:Invoked command in '/home/t-lemmel/Integ/build/integ_my_robot_interfaces' returned '0': CMAKE_PREFIX_PATH=${CMAKE_PREFIX_PATH}:/opt/ros/humble PS1_ori=\[\e]0;\u@\h: \w\a\]${debian_chroot:+($debian_chroot)}\[\033[01;32m\]\u@\h\[\033[00m\]:\[\033[01;34m\]\w\[\033[00m\]\$ /usr/bin/cmake --build /home/t-lemmel/Integ/build/integ_my_robot_interfaces -- -j8 -l8
[2.858s] DEBUG:colcon.colcon_core.event_handler.log_command:Invoking command in '/home/t-lemmel/Integ/build/integ_description': CMAKE_PREFIX_PATH=${CMAKE_PREFIX_PATH}:/opt/ros/humble PS1_ori=\[\e]0;\u@\h: \w\a\]${debian_chroot:+($debian_chroot)}\[\033[01;32m\]\u@\h\[\033[00m\]:\[\033[01;34m\]\w\[\033[00m\]\$ /usr/bin/cmake --install /home/t-lemmel/Integ/build/integ_description
[2.891s] Level 1:colcon.colcon_core.environment:create_environment_scripts_only(integ_description)
[2.892s] DEBUG:colcon.colcon_core.event_handler.log_command:Invoked command in '/home/t-lemmel/Integ/build/integ_description' returned '0': CMAKE_PREFIX_PATH=${CMAKE_PREFIX_PATH}:/opt/ros/humble PS1_ori=\[\e]0;\u@\h: \w\a\]${debian_chroot:+($debian_chroot)}\[\033[01;32m\]\u@\h\[\033[00m\]:\[\033[01;34m\]\w\[\033[00m\]\$ /usr/bin/cmake --install /home/t-lemmel/Integ/build/integ_description
[2.916s] Level 1:colcon.colcon_core.environment:checking '/home/t-lemmel/Integ/install/integ_description' for CMake module files
[2.916s] Level 1:colcon.colcon_core.environment:checking '/home/t-lemmel/Integ/install/integ_description' for CMake config files
[2.917s] Level 1:colcon.colcon_core.shell:create_environment_hook('integ_description', 'cmake_prefix_path')
[2.937s] INFO:colcon.colcon_core.shell:Creating environment hook '/home/t-lemmel/Integ/install/integ_description/share/integ_description/hook/cmake_prefix_path.ps1'
[2.937s] INFO:colcon.colcon_core.shell:Creating environment descriptor '/home/t-lemmel/Integ/install/integ_description/share/integ_description/hook/cmake_prefix_path.dsv'
[2.938s] INFO:colcon.colcon_core.shell:Creating environment hook '/home/t-lemmel/Integ/install/integ_description/share/integ_description/hook/cmake_prefix_path.sh'
[2.939s] Level 1:colcon.colcon_core.environment:checking '/home/t-lemmel/Integ/install/integ_description/bin'
[2.939s] Level 1:colcon.colcon_core.environment:checking '/home/t-lemmel/Integ/install/integ_description/lib/pkgconfig/integ_description.pc'
[2.939s] Level 1:colcon.colcon_core.environment:checking '/home/t-lemmel/Integ/install/integ_description/lib/python3.10/site-packages'
[2.939s] Level 1:colcon.colcon_core.environment:checking '/home/t-lemmel/Integ/install/integ_description/bin'
[2.959s] INFO:colcon.colcon_core.shell:Creating package script '/home/t-lemmel/Integ/install/integ_description/share/integ_description/package.ps1'
[2.960s] INFO:colcon.colcon_core.shell:Creating package descriptor '/home/t-lemmel/Integ/install/integ_description/share/integ_description/package.dsv'
[2.960s] INFO:colcon.colcon_core.shell:Creating package script '/home/t-lemmel/Integ/install/integ_description/share/integ_description/package.sh'
[2.961s] INFO:colcon.colcon_core.shell:Creating package script '/home/t-lemmel/Integ/install/integ_description/share/integ_description/package.bash'
[2.962s] INFO:colcon.colcon_core.shell:Creating package script '/home/t-lemmel/Integ/install/integ_description/share/integ_description/package.zsh'
[2.963s] Level 1:colcon.colcon_core.environment:create_file_with_runtime_dependencies(/home/t-lemmel/Integ/install/integ_description/share/colcon-core/packages/integ_description)
[2.966s] DEBUG:colcon.colcon_core.event_handler.log_command:Invoking command in '/home/t-lemmel/Integ/build/integ_my_robot_interfaces': CMAKE_PREFIX_PATH=${CMAKE_PREFIX_PATH}:/opt/ros/humble PS1_ori=\[\e]0;\u@\h: \w\a\]${debian_chroot:+($debian_chroot)}\[\033[01;32m\]\u@\h\[\033[00m\]:\[\033[01;34m\]\w\[\033[00m\]\$ /usr/bin/cmake --install /home/t-lemmel/Integ/build/integ_my_robot_interfaces
[3.026s] Level 1:colcon.colcon_core.environment:create_environment_scripts_only(integ_description)
[3.046s] Level 1:colcon.colcon_core.environment:checking '/home/t-lemmel/Integ/install/integ_description' for CMake module files
[3.047s] Level 1:colcon.colcon_core.environment:checking '/home/t-lemmel/Integ/install/integ_description' for CMake config files
[3.047s] Level 1:colcon.colcon_core.shell:create_environment_hook('integ_description', 'cmake_prefix_path')
[3.075s] INFO:colcon.colcon_core.shell:Creating environment hook '/home/t-lemmel/Integ/install/integ_description/share/integ_description/hook/cmake_prefix_path.ps1'
[3.075s] INFO:colcon.colcon_core.shell:Creating environment descriptor '/home/t-lemmel/Integ/install/integ_description/share/integ_description/hook/cmake_prefix_path.dsv'
[3.076s] INFO:colcon.colcon_core.shell:Creating environment hook '/home/t-lemmel/Integ/install/integ_description/share/integ_description/hook/cmake_prefix_path.sh'
[3.076s] Level 1:colcon.colcon_core.environment:checking '/home/t-lemmel/Integ/install/integ_description/bin'
[3.076s] Level 1:colcon.colcon_core.environment:checking '/home/t-lemmel/Integ/install/integ_description/lib/pkgconfig/integ_description.pc'
[3.077s] Level 1:colcon.colcon_core.environment:checking '/home/t-lemmel/Integ/install/integ_description/lib/python3.10/site-packages'
[3.077s] Level 1:colcon.colcon_core.environment:checking '/home/t-lemmel/Integ/install/integ_description/bin'
[3.097s] INFO:colcon.colcon_core.shell:Creating package script '/home/t-lemmel/Integ/install/integ_description/share/integ_description/package.ps1'
[3.098s] INFO:colcon.colcon_core.shell:Creating package descriptor '/home/t-lemmel/Integ/install/integ_description/share/integ_description/package.dsv'
[3.098s] INFO:colcon.colcon_core.shell:Creating package script '/home/t-lemmel/Integ/install/integ_description/share/integ_description/package.sh'
[3.099s] INFO:colcon.colcon_core.shell:Creating package script '/home/t-lemmel/Integ/install/integ_description/share/integ_description/package.bash'
[3.099s] INFO:colcon.colcon_core.shell:Creating package script '/home/t-lemmel/Integ/install/integ_description/share/integ_description/package.zsh'
[3.099s] Level 1:colcon.colcon_core.environment:create_file_with_runtime_dependencies(/home/t-lemmel/Integ/install/integ_description/share/colcon-core/packages/integ_description)
[3.101s] Level 1:colcon.colcon_core.environment:create_environment_scripts_only(integ_my_robot_interfaces)
[3.101s] DEBUG:colcon.colcon_core.event_handler.log_command:Invoked command in '/home/t-lemmel/Integ/build/integ_my_robot_interfaces' returned '0': CMAKE_PREFIX_PATH=${CMAKE_PREFIX_PATH}:/opt/ros/humble PS1_ori=\[\e]0;\u@\h: \w\a\]${debian_chroot:+($debian_chroot)}\[\033[01;32m\]\u@\h\[\033[00m\]:\[\033[01;34m\]\w\[\033[00m\]\$ /usr/bin/cmake --install /home/t-lemmel/Integ/build/integ_my_robot_interfaces
[3.126s] Level 1:colcon.colcon_core.environment:checking '/home/t-lemmel/Integ/install/integ_my_robot_interfaces' for CMake module files
[3.127s] Level 1:colcon.colcon_core.environment:checking '/home/t-lemmel/Integ/install/integ_my_robot_interfaces' for CMake config files
[3.127s] Level 1:colcon.colcon_core.shell:create_environment_hook('integ_my_robot_interfaces', 'cmake_prefix_path')
[3.147s] INFO:colcon.colcon_core.shell:Creating environment hook '/home/t-lemmel/Integ/install/integ_my_robot_interfaces/share/integ_my_robot_interfaces/hook/cmake_prefix_path.ps1'
[3.147s] INFO:colcon.colcon_core.shell:Creating environment descriptor '/home/t-lemmel/Integ/install/integ_my_robot_interfaces/share/integ_my_robot_interfaces/hook/cmake_prefix_path.dsv'
[3.148s] INFO:colcon.colcon_core.shell:Creating environment hook '/home/t-lemmel/Integ/install/integ_my_robot_interfaces/share/integ_my_robot_interfaces/hook/cmake_prefix_path.sh'
[3.148s] Level 1:colcon.colcon_core.environment:checking '/home/t-lemmel/Integ/install/integ_my_robot_interfaces/lib'
[3.148s] Level 1:colcon.colcon_core.shell:create_environment_hook('integ_my_robot_interfaces', 'ld_library_path_lib')
[3.168s] INFO:colcon.colcon_core.shell:Creating environment hook '/home/t-lemmel/Integ/install/integ_my_robot_interfaces/share/integ_my_robot_interfaces/hook/ld_library_path_lib.ps1'
[3.169s] INFO:colcon.colcon_core.shell:Creating environment descriptor '/home/t-lemmel/Integ/install/integ_my_robot_interfaces/share/integ_my_robot_interfaces/hook/ld_library_path_lib.dsv'
[3.169s] INFO:colcon.colcon_core.shell:Creating environment hook '/home/t-lemmel/Integ/install/integ_my_robot_interfaces/share/integ_my_robot_interfaces/hook/ld_library_path_lib.sh'
[3.170s] Level 1:colcon.colcon_core.environment:checking '/home/t-lemmel/Integ/install/integ_my_robot_interfaces/bin'
[3.170s] Level 1:colcon.colcon_core.environment:checking '/home/t-lemmel/Integ/install/integ_my_robot_interfaces/lib/pkgconfig/integ_my_robot_interfaces.pc'
[3.170s] Level 1:colcon.colcon_core.environment:checking '/home/t-lemmel/Integ/install/integ_my_robot_interfaces/lib/python3.10/site-packages'
[3.170s] Level 1:colcon.colcon_core.environment:checking '/home/t-lemmel/Integ/install/integ_my_robot_interfaces/bin'
[3.191s] INFO:colcon.colcon_core.shell:Creating package script '/home/t-lemmel/Integ/install/integ_my_robot_interfaces/share/integ_my_robot_interfaces/package.ps1'
[3.191s] INFO:colcon.colcon_core.shell:Creating package descriptor '/home/t-lemmel/Integ/install/integ_my_robot_interfaces/share/integ_my_robot_interfaces/package.dsv'
[3.192s] INFO:colcon.colcon_core.shell:Creating package script '/home/t-lemmel/Integ/install/integ_my_robot_interfaces/share/integ_my_robot_interfaces/package.sh'
[3.192s] INFO:colcon.colcon_core.shell:Creating package script '/home/t-lemmel/Integ/install/integ_my_robot_interfaces/share/integ_my_robot_interfaces/package.bash'
[3.193s] INFO:colcon.colcon_core.shell:Creating package script '/home/t-lemmel/Integ/install/integ_my_robot_interfaces/share/integ_my_robot_interfaces/package.zsh'
[3.193s] Level 1:colcon.colcon_core.environment:create_file_with_runtime_dependencies(/home/t-lemmel/Integ/install/integ_my_robot_interfaces/share/colcon-core/packages/integ_my_robot_interfaces)
[3.305s] Level 1:colcon.colcon_core.environment:create_environment_scripts_only(integ_my_robot_interfaces)
[3.325s] Level 1:colcon.colcon_core.environment:checking '/home/t-lemmel/Integ/install/integ_my_robot_interfaces' for CMake module files
[3.325s] Level 1:colcon.colcon_core.environment:checking '/home/t-lemmel/Integ/install/integ_my_robot_interfaces' for CMake config files
[3.326s] Level 1:colcon.colcon_core.shell:create_environment_hook('integ_my_robot_interfaces', 'cmake_prefix_path')
[3.345s] INFO:colcon.colcon_core.shell:Creating environment hook '/home/t-lemmel/Integ/install/integ_my_robot_interfaces/share/integ_my_robot_interfaces/hook/cmake_prefix_path.ps1'
[3.346s] INFO:colcon.colcon_core.shell:Creating environment descriptor '/home/t-lemmel/Integ/install/integ_my_robot_interfaces/share/integ_my_robot_interfaces/hook/cmake_prefix_path.dsv'
[3.346s] INFO:colcon.colcon_core.shell:Creating environment hook '/home/t-lemmel/Integ/install/integ_my_robot_interfaces/share/integ_my_robot_interfaces/hook/cmake_prefix_path.sh'
[3.347s] Level 1:colcon.colcon_core.environment:checking '/home/t-lemmel/Integ/install/integ_my_robot_interfaces/lib'
[3.347s] Level 1:colcon.colcon_core.shell:create_environment_hook('integ_my_robot_interfaces', 'ld_library_path_lib')
[3.366s] INFO:colcon.colcon_core.shell:Creating environment hook '/home/t-lemmel/Integ/install/integ_my_robot_interfaces/share/integ_my_robot_interfaces/hook/ld_library_path_lib.ps1'
[3.367s] INFO:colcon.colcon_core.shell:Creating environment descriptor '/home/t-lemmel/Integ/install/integ_my_robot_interfaces/share/integ_my_robot_interfaces/hook/ld_library_path_lib.dsv'
[3.367s] INFO:colcon.colcon_core.shell:Creating environment hook '/home/t-lemmel/Integ/install/integ_my_robot_interfaces/share/integ_my_robot_interfaces/hook/ld_library_path_lib.sh'
[3.367s] Level 1:colcon.colcon_core.environment:checking '/home/t-lemmel/Integ/install/integ_my_robot_interfaces/bin'
[3.368s] Level 1:colcon.colcon_core.environment:checking '/home/t-lemmel/Integ/install/integ_my_robot_interfaces/lib/pkgconfig/integ_my_robot_interfaces.pc'
[3.368s] Level 1:colcon.colcon_core.environment:checking '/home/t-lemmel/Integ/install/integ_my_robot_interfaces/lib/python3.10/site-packages'
[3.368s] Level 1:colcon.colcon_core.environment:checking '/home/t-lemmel/Integ/install/integ_my_robot_interfaces/bin'
[3.390s] INFO:colcon.colcon_core.shell:Creating package script '/home/t-lemmel/Integ/install/integ_my_robot_interfaces/share/integ_my_robot_interfaces/package.ps1'
[3.390s] INFO:colcon.colcon_core.shell:Creating package descriptor '/home/t-lemmel/Integ/install/integ_my_robot_interfaces/share/integ_my_robot_interfaces/package.dsv'
[3.391s] INFO:colcon.colcon_core.shell:Creating package script '/home/t-lemmel/Integ/install/integ_my_robot_interfaces/share/integ_my_robot_interfaces/package.sh'
[3.391s] INFO:colcon.colcon_core.shell:Creating package script '/home/t-lemmel/Integ/install/integ_my_robot_interfaces/share/integ_my_robot_interfaces/package.bash'
[3.392s] INFO:colcon.colcon_core.shell:Creating package script '/home/t-lemmel/Integ/install/integ_my_robot_interfaces/share/integ_my_robot_interfaces/package.zsh'
[3.392s] Level 1:colcon.colcon_core.environment:create_file_with_runtime_dependencies(/home/t-lemmel/Integ/install/integ_my_robot_interfaces/share/colcon-core/packages/integ_my_robot_interfaces)
[3.395s] DEBUG:colcon.colcon_core.event_handler.log_command:Invoking command in '/home/t-lemmel/Integ/build/visual_servoing': PS1_ori=\[\e]0;\u@\h: \w\a\]${debian_chroot:+($debian_chroot)}\[\033[01;32m\]\u@\h\[\033[00m\]:\[\033[01;34m\]\w\[\033[00m\]\$ PYTHONPATH=/home/t-lemmel/Integ/build/visual_servoing/prefix_override:/home/t-lemmel/Integ/install/visual_servoing/lib/python3.10/site-packages:${PYTHONPATH} /usr/bin/python3 setup.py develop --editable --build-directory /home/t-lemmel/Integ/build/visual_servoing/build --no-deps install_data
[4.002s] Level 1:colcon.colcon_core.shell:create_environment_hook('visual_servoing', 'pythonpath_develop')
[4.003s] DEBUG:colcon.colcon_core.event_handler.log_command:Invoked command in '/home/t-lemmel/Integ/build/visual_servoing' returned '0': PS1_ori=\[\e]0;\u@\h: \w\a\]${debian_chroot:+($debian_chroot)}\[\033[01;32m\]\u@\h\[\033[00m\]:\[\033[01;34m\]\w\[\033[00m\]\$ PYTHONPATH=/home/t-lemmel/Integ/build/visual_servoing/prefix_override:/home/t-lemmel/Integ/install/visual_servoing/lib/python3.10/site-packages:${PYTHONPATH} /usr/bin/python3 setup.py develop --editable --build-directory /home/t-lemmel/Integ/build/visual_servoing/build --no-deps install_data
[4.023s] INFO:colcon.colcon_core.shell:Creating environment hook '/home/t-lemmel/Integ/build/visual_servoing/share/visual_servoing/hook/pythonpath_develop.ps1'
[4.023s] INFO:colcon.colcon_core.shell:Creating environment descriptor '/home/t-lemmel/Integ/build/visual_servoing/share/visual_servoing/hook/pythonpath_develop.dsv'
[4.024s] INFO:colcon.colcon_core.shell:Creating environment hook '/home/t-lemmel/Integ/build/visual_servoing/share/visual_servoing/hook/pythonpath_develop.sh'
[4.046s] Level 1:colcon.colcon_core.environment:checking '/home/t-lemmel/Integ/install/visual_servoing' for CMake module files
[4.046s] Level 1:colcon.colcon_core.environment:checking '/home/t-lemmel/Integ/install/visual_servoing' for CMake config files
[4.047s] Level 1:colcon.colcon_core.environment:checking '/home/t-lemmel/Integ/install/visual_servoing/lib'
[4.047s] Level 1:colcon.colcon_core.environment:checking '/home/t-lemmel/Integ/install/visual_servoing/bin'
[4.047s] Level 1:colcon.colcon_core.environment:checking '/home/t-lemmel/Integ/install/visual_servoing/lib/pkgconfig/visual_servoing.pc'
[4.047s] Level 1:colcon.colcon_core.environment:checking '/home/t-lemmel/Integ/install/visual_servoing/lib/python3.10/site-packages'
[4.047s] Level 1:colcon.colcon_core.shell:create_environment_hook('visual_servoing', 'pythonpath')
[4.067s] INFO:colcon.colcon_core.shell:Creating environment hook '/home/t-lemmel/Integ/install/visual_servoing/share/visual_servoing/hook/pythonpath.ps1'
[4.068s] INFO:colcon.colcon_core.shell:Creating environment descriptor '/home/t-lemmel/Integ/install/visual_servoing/share/visual_servoing/hook/pythonpath.dsv'
[4.068s] INFO:colcon.colcon_core.shell:Creating environment hook '/home/t-lemmel/Integ/install/visual_servoing/share/visual_servoing/hook/pythonpath.sh'
[4.069s] Level 1:colcon.colcon_core.environment:checking '/home/t-lemmel/Integ/install/visual_servoing/bin'
[4.069s] Level 1:colcon.colcon_core.environment:create_environment_scripts_only(visual_servoing)
[4.090s] INFO:colcon.colcon_core.shell:Creating package script '/home/t-lemmel/Integ/install/visual_servoing/share/visual_servoing/package.ps1'
[4.091s] INFO:colcon.colcon_core.shell:Creating package descriptor '/home/t-lemmel/Integ/install/visual_servoing/share/visual_servoing/package.dsv'
[4.091s] INFO:colcon.colcon_core.shell:Creating package script '/home/t-lemmel/Integ/install/visual_servoing/share/visual_servoing/package.sh'
[4.092s] INFO:colcon.colcon_core.shell:Creating package script '/home/t-lemmel/Integ/install/visual_servoing/share/visual_servoing/package.bash'
[4.092s] INFO:colcon.colcon_core.shell:Creating package script '/home/t-lemmel/Integ/install/visual_servoing/share/visual_servoing/package.zsh'
[4.093s] Level 1:colcon.colcon_core.environment:create_file_with_runtime_dependencies(/home/t-lemmel/Integ/install/visual_servoing/share/colcon-core/packages/visual_servoing)
[4.093s] DEBUG:colcon.colcon_parallel_executor.executor.parallel:closing loop
[4.093s] DEBUG:colcon.colcon_parallel_executor.executor.parallel:loop closed
[4.093s] DEBUG:colcon.colcon_parallel_executor.executor.parallel:run_until_complete finished with '0'
[4.093s] DEBUG:colcon.colcon_core.event_reactor:joining thread
[4.122s] INFO:colcon.colcon_core.plugin_system:Skipping extension 'colcon_notification.desktop_notification.terminal_notifier': Not used on non-Darwin systems
[4.122s] INFO:colcon.colcon_core.plugin_system:Skipping extension 'colcon_notification.desktop_notification.win32': Not used on non-Windows systems
[4.123s] INFO:colcon.colcon_notification.desktop_notification:Sending desktop notification using 'notify2'
[4.136s] DEBUG:colcon.colcon_core.event_reactor:joined thread
[4.157s] INFO:colcon.colcon_core.shell:Creating prefix script '/home/t-lemmel/Integ/install/local_setup.ps1'
[4.159s] INFO:colcon.colcon_core.shell:Creating prefix util module '/home/t-lemmel/Integ/install/_local_setup_util_ps1.py'
[4.160s] INFO:colcon.colcon_core.shell:Creating prefix chain script '/home/t-lemmel/Integ/install/setup.ps1'
[4.183s] INFO:colcon.colcon_core.shell:Creating prefix script '/home/t-lemmel/Integ/install/local_setup.sh'
[4.184s] INFO:colcon.colcon_core.shell:Creating prefix util module '/home/t-lemmel/Integ/install/_local_setup_util_sh.py'
[4.185s] INFO:colcon.colcon_core.shell:Creating prefix chain script '/home/t-lemmel/Integ/install/setup.sh'
[4.207s] INFO:colcon.colcon_core.shell:Creating prefix script '/home/t-lemmel/Integ/install/local_setup.bash'
[4.208s] INFO:colcon.colcon_core.shell:Creating prefix chain script '/home/t-lemmel/Integ/install/setup.bash'
[4.230s] INFO:colcon.colcon_core.shell:Creating prefix script '/home/t-lemmel/Integ/install/local_setup.zsh'
[4.230s] INFO:colcon.colcon_core.shell:Creating prefix chain script '/home/t-lemmel/Integ/install/setup.zsh'
