[2.108s] DEBUG:colcon:Command line arguments: ['/usr/bin/colcon', 'build', '--symlink-install', '--continue-on-error']
[2.108s] DEBUG:colcon:Parsed command line arguments: Namespace(log_base=None, log_level=None, verb_name='build', build_base='build', install_base='install', merge_install=False, symlink_install=True, test_result_base=None, continue_on_error=True, executor='parallel', parallel_workers=8, event_handlers=None, ignore_user_meta=False, metas=['./colcon.meta'], base_paths=['.'], packages_ignore=None, packages_ignore_regex=None, paths=None, packages_up_to=None, packages_up_to_regex=None, packages_above=None, packages_above_and_dependencies=None, packages_above_depth=None, packages_select_by_dep=None, packages_skip_by_dep=None, packages_skip_up_to=None, packages_select_build_failed=False, packages_skip_build_finished=False, packages_select_test_failures=False, packages_skip_test_passed=False, packages_select=None, packages_skip=None, packages_select_regex=None, packages_skip_regex=None, packages_start=None, packages_end=None, allow_overriding=[], cmake_args=None, cmake_target=None, cmake_target_skip_unavailable=False, cmake_clean_cache=False, cmake_clean_first=False, cmake_force_configure=False, ament_cmake_args=None, catkin_cmake_args=None, catkin_skip_building_tests=False, verb_parser=<colcon_defaults.argument_parser.defaults.DefaultArgumentsDecorator object at 0x7f12e91df160>, verb_extension=<colcon_core.verb.build.BuildVerb object at 0x7f12e91df700>, main=<bound method BuildVerb.main of <colcon_core.verb.build.BuildVerb object at 0x7f12e91df700>>)
[2.176s] Level 1:colcon.colcon_core.package_discovery:discover_packages(colcon_meta) check parameters
[2.176s] Level 1:colcon.colcon_core.package_discovery:discover_packages(recursive) check parameters
[2.176s] Level 1:colcon.colcon_core.package_discovery:discover_packages(ignore) check parameters
[2.176s] Level 1:colcon.colcon_core.package_discovery:discover_packages(path) check parameters
[2.176s] Level 1:colcon.colcon_core.package_discovery:discover_packages(colcon_meta) discover
[2.176s] Level 1:colcon.colcon_core.package_discovery:discover_packages(recursive) discover
[2.176s] INFO:colcon.colcon_core.package_discovery:Crawling recursively for packages in '/home/t-lemmel/Integ'
[2.176s] Level 1:colcon.colcon_core.package_identification:_identify(.) by extensions ['ignore', 'ignore_ament_install']
[2.176s] Level 1:colcon.colcon_core.package_identification:_identify(.) by extension 'ignore'
[2.176s] Level 1:colcon.colcon_core.package_identification:_identify(.) by extension 'ignore_ament_install'
[2.176s] Level 1:colcon.colcon_core.package_identification:_identify(.) by extensions ['colcon_pkg']
[2.177s] Level 1:colcon.colcon_core.package_identification:_identify(.) by extension 'colcon_pkg'
[2.177s] Level 1:colcon.colcon_core.package_identification:_identify(.) by extensions ['colcon_meta']
[2.177s] Level 1:colcon.colcon_core.package_identification:_identify(.) by extension 'colcon_meta'
[2.177s] Level 1:colcon.colcon_core.package_identification:_identify(.) by extensions ['ros']
[2.177s] Level 1:colcon.colcon_core.package_identification:_identify(.) by extension 'ros'
[2.192s] Level 1:colcon.colcon_core.package_identification:_identify(.) by extensions ['cmake', 'python']
[2.192s] Level 1:colcon.colcon_core.package_identification:_identify(.) by extension 'cmake'
[2.192s] Level 1:colcon.colcon_core.package_identification:_identify(.) by extension 'python'
[2.192s] Level 1:colcon.colcon_core.package_identification:_identify(.) by extensions ['python_setup_py']
[2.192s] Level 1:colcon.colcon_core.package_identification:_identify(.) by extension 'python_setup_py'
[2.192s] Level 1:colcon.colcon_core.package_identification:_identify(build) by extensions ['ignore', 'ignore_ament_install']
[2.192s] Level 1:colcon.colcon_core.package_identification:_identify(build) by extension 'ignore'
[2.192s] Level 1:colcon.colcon_core.package_identification:_identify(build) ignored
[2.192s] Level 1:colcon.colcon_core.package_identification:_identify(install) by extensions ['ignore', 'ignore_ament_install']
[2.193s] Level 1:colcon.colcon_core.package_identification:_identify(install) by extension 'ignore'
[2.193s] Level 1:colcon.colcon_core.package_identification:_identify(install) ignored
[2.193s] Level 1:colcon.colcon_core.package_identification:_identify(log) by extensions ['ignore', 'ignore_ament_install']
[2.193s] Level 1:colcon.colcon_core.package_identification:_identify(log) by extension 'ignore'
[2.193s] Level 1:colcon.colcon_core.package_identification:_identify(log) ignored
[2.193s] Level 1:colcon.colcon_core.package_identification:_identify(src) by extensions ['ignore', 'ignore_ament_install']
[2.193s] Level 1:colcon.colcon_core.package_identification:_identify(src) by extension 'ignore'
[2.193s] Level 1:colcon.colcon_core.package_identification:_identify(src) by extension 'ignore_ament_install'
[2.193s] Level 1:colcon.colcon_core.package_identification:_identify(src) by extensions ['colcon_pkg']
[2.193s] Level 1:colcon.colcon_core.package_identification:_identify(src) by extension 'colcon_pkg'
[2.193s] Level 1:colcon.colcon_core.package_identification:_identify(src) by extensions ['colcon_meta']
[2.193s] Level 1:colcon.colcon_core.package_identification:_identify(src) by extension 'colcon_meta'
[2.194s] Level 1:colcon.colcon_core.package_identification:_identify(src) by extensions ['ros']
[2.194s] Level 1:colcon.colcon_core.package_identification:_identify(src) by extension 'ros'
[2.194s] Level 1:colcon.colcon_core.package_identification:_identify(src) by extensions ['cmake', 'python']
[2.194s] Level 1:colcon.colcon_core.package_identification:_identify(src) by extension 'cmake'
[2.194s] Level 1:colcon.colcon_core.package_identification:_identify(src) by extension 'python'
[2.194s] Level 1:colcon.colcon_core.package_identification:_identify(src) by extensions ['python_setup_py']
[2.194s] Level 1:colcon.colcon_core.package_identification:_identify(src) by extension 'python_setup_py'
[2.194s] Level 1:colcon.colcon_core.package_identification:_identify(src/Integ_my_robot_interfaces) by extensions ['ignore', 'ignore_ament_install']
[2.194s] Level 1:colcon.colcon_core.package_identification:_identify(src/Integ_my_robot_interfaces) by extension 'ignore'
[2.194s] Level 1:colcon.colcon_core.package_identification:_identify(src/Integ_my_robot_interfaces) by extension 'ignore_ament_install'
[2.194s] Level 1:colcon.colcon_core.package_identification:_identify(src/Integ_my_robot_interfaces) by extensions ['colcon_pkg']
[2.194s] Level 1:colcon.colcon_core.package_identification:_identify(src/Integ_my_robot_interfaces) by extension 'colcon_pkg'
[2.194s] Level 1:colcon.colcon_core.package_identification:_identify(src/Integ_my_robot_interfaces) by extensions ['colcon_meta']
[2.194s] Level 1:colcon.colcon_core.package_identification:_identify(src/Integ_my_robot_interfaces) by extension 'colcon_meta'
[2.194s] Level 1:colcon.colcon_core.package_identification:_identify(src/Integ_my_robot_interfaces) by extensions ['ros']
[2.194s] Level 1:colcon.colcon_core.package_identification:_identify(src/Integ_my_robot_interfaces) by extension 'ros'
[2.197s] DEBUG:colcon.colcon_core.package_identification:Package 'src/Integ_my_robot_interfaces' with type 'ros.ament_cmake' and name 'integ_my_robot_interfaces'
[2.198s] Level 1:colcon.colcon_core.package_identification:_identify(src/integ_description) by extensions ['ignore', 'ignore_ament_install']
[2.198s] Level 1:colcon.colcon_core.package_identification:_identify(src/integ_description) by extension 'ignore'
[2.198s] Level 1:colcon.colcon_core.package_identification:_identify(src/integ_description) by extension 'ignore_ament_install'
[2.198s] Level 1:colcon.colcon_core.package_identification:_identify(src/integ_description) by extensions ['colcon_pkg']
[2.198s] Level 1:colcon.colcon_core.package_identification:_identify(src/integ_description) by extension 'colcon_pkg'
[2.198s] Level 1:colcon.colcon_core.package_identification:_identify(src/integ_description) by extensions ['colcon_meta']
[2.198s] Level 1:colcon.colcon_core.package_identification:_identify(src/integ_description) by extension 'colcon_meta'
[2.198s] Level 1:colcon.colcon_core.package_identification:_identify(src/integ_description) by extensions ['ros']
[2.198s] Level 1:colcon.colcon_core.package_identification:_identify(src/integ_description) by extension 'ros'
[2.199s] DEBUG:colcon.colcon_core.package_identification:Package 'src/integ_description' with type 'ros.ament_cmake' and name 'integ_description'
[2.199s] Level 1:colcon.colcon_core.package_identification:_identify(src/visual_servoing) by extensions ['ignore', 'ignore_ament_install']
[2.199s] Level 1:colcon.colcon_core.package_identification:_identify(src/visual_servoing) by extension 'ignore'
[2.199s] Level 1:colcon.colcon_core.package_identification:_identify(src/visual_servoing) by extension 'ignore_ament_install'
[2.199s] Level 1:colcon.colcon_core.package_identification:_identify(src/visual_servoing) by extensions ['colcon_pkg']
[2.199s] Level 1:colcon.colcon_core.package_identification:_identify(src/visual_servoing) by extension 'colcon_pkg'
[2.199s] Level 1:colcon.colcon_core.package_identification:_identify(src/visual_servoing) by extensions ['colcon_meta']
[2.199s] Level 1:colcon.colcon_core.package_identification:_identify(src/visual_servoing) by extension 'colcon_meta'
[2.199s] Level 1:colcon.colcon_core.package_identification:_identify(src/visual_servoing) by extensions ['ros']
[2.199s] Level 1:colcon.colcon_core.package_identification:_identify(src/visual_servoing) by extension 'ros'
[2.200s] DEBUG:colcon.colcon_core.package_identification:Package 'src/visual_servoing' with type 'ros.ament_python' and name 'visual_servoing'
[2.200s] Level 1:colcon.colcon_core.package_discovery:discover_packages(recursive) using defaults
[2.200s] Level 1:colcon.colcon_core.package_discovery:discover_packages(ignore) discover
[2.200s] Level 1:colcon.colcon_core.package_discovery:discover_packages(ignore) using defaults
[2.200s] Level 1:colcon.colcon_core.package_discovery:discover_packages(path) discover
[2.200s] Level 1:colcon.colcon_core.package_discovery:discover_packages(path) using defaults
[2.328s] Level 1:colcon.colcon_core.package_discovery:discover_packages(prefix_path) check parameters
[2.328s] Level 1:colcon.colcon_core.package_discovery:discover_packages(prefix_path) discover
[2.372s] DEBUG:colcon.colcon_installed_package_information.package_discovery:Found 1 installed packages in /home/t-lemmel/Ros_Labs/install
[2.392s] DEBUG:colcon.colcon_installed_package_information.package_discovery:Found 8 installed packages in /home/t-lemmel/Aquabot_Tom/install
[2.412s] DEBUG:colcon.colcon_installed_package_information.package_discovery:Found 8 installed packages in /home/t-lemmel/vrx_ws/install
[2.433s] DEBUG:colcon.colcon_installed_package_information.package_discovery:Found 236 installed packages in /opt/ros/humble
[2.435s] Level 1:colcon.colcon_core.package_discovery:discover_packages(prefix_path) using defaults
[2.546s] Level 5:colcon.colcon_core.verb:set package 'integ_description' build argument 'cmake_args' from command line to 'None'
[2.546s] Level 5:colcon.colcon_core.verb:set package 'integ_description' build argument 'cmake_target' from command line to 'None'
[2.546s] Level 5:colcon.colcon_core.verb:set package 'integ_description' build argument 'cmake_target_skip_unavailable' from command line to 'False'
[2.546s] Level 5:colcon.colcon_core.verb:set package 'integ_description' build argument 'cmake_clean_cache' from command line to 'False'
[2.546s] Level 5:colcon.colcon_core.verb:set package 'integ_description' build argument 'cmake_clean_first' from command line to 'False'
[2.546s] Level 5:colcon.colcon_core.verb:set package 'integ_description' build argument 'cmake_force_configure' from command line to 'False'
[2.546s] Level 5:colcon.colcon_core.verb:set package 'integ_description' build argument 'ament_cmake_args' from command line to 'None'
[2.546s] Level 5:colcon.colcon_core.verb:set package 'integ_description' build argument 'catkin_cmake_args' from command line to 'None'
[2.546s] Level 5:colcon.colcon_core.verb:set package 'integ_description' build argument 'catkin_skip_building_tests' from command line to 'False'
[2.546s] DEBUG:colcon.colcon_core.verb:Building package 'integ_description' with the following arguments: {'ament_cmake_args': None, 'build_base': '/home/t-lemmel/Integ/build/integ_description', 'catkin_cmake_args': None, 'catkin_skip_building_tests': False, 'cmake_args': None, 'cmake_clean_cache': False, 'cmake_clean_first': False, 'cmake_force_configure': False, 'cmake_target': None, 'cmake_target_skip_unavailable': False, 'install_base': '/home/t-lemmel/Integ/install/integ_description', 'merge_install': False, 'path': '/home/t-lemmel/Integ/src/integ_description', 'symlink_install': True, 'test_result_base': None}
[2.567s] Level 5:colcon.colcon_core.verb:set package 'integ_my_robot_interfaces' build argument 'cmake_args' from command line to 'None'
[2.568s] Level 5:colcon.colcon_core.verb:set package 'integ_my_robot_interfaces' build argument 'cmake_target' from command line to 'None'
[2.568s] Level 5:colcon.colcon_core.verb:set package 'integ_my_robot_interfaces' build argument 'cmake_target_skip_unavailable' from command line to 'False'
[2.568s] Level 5:colcon.colcon_core.verb:set package 'integ_my_robot_interfaces' build argument 'cmake_clean_cache' from command line to 'False'
[2.568s] Level 5:colcon.colcon_core.verb:set package 'integ_my_robot_interfaces' build argument 'cmake_clean_first' from command line to 'False'
[2.568s] Level 5:colcon.colcon_core.verb:set package 'integ_my_robot_interfaces' build argument 'cmake_force_configure' from command line to 'False'
[2.568s] Level 5:colcon.colcon_core.verb:set package 'integ_my_robot_interfaces' build argument 'ament_cmake_args' from command line to 'None'
[2.568s] Level 5:colcon.colcon_core.verb:set package 'integ_my_robot_interfaces' build argument 'catkin_cmake_args' from command line to 'None'
[2.568s] Level 5:colcon.colcon_core.verb:set package 'integ_my_robot_interfaces' build argument 'catkin_skip_building_tests' from command line to 'False'
[2.568s] DEBUG:colcon.colcon_core.verb:Building package 'integ_my_robot_interfaces' with the following arguments: {'ament_cmake_args': None, 'build_base': '/home/t-lemmel/Integ/build/integ_my_robot_interfaces', 'catkin_cmake_args': None, 'catkin_skip_building_tests': False, 'cmake_args': None, 'cmake_clean_cache': False, 'cmake_clean_first': False, 'cmake_force_configure': False, 'cmake_target': None, 'cmake_target_skip_unavailable': False, 'install_base': '/home/t-lemmel/Integ/install/integ_my_robot_interfaces', 'merge_install': False, 'path': '/home/t-lemmel/Integ/src/Integ_my_robot_interfaces', 'symlink_install': True, 'test_result_base': None}
[2.587s] Level 5:colcon.colcon_core.verb:set package 'visual_servoing' build argument 'cmake_args' from command line to 'None'
[2.587s] Level 5:colcon.colcon_core.verb:set package 'visual_servoing' build argument 'cmake_target' from command line to 'None'
[2.587s] Level 5:colcon.colcon_core.verb:set package 'visual_servoing' build argument 'cmake_target_skip_unavailable' from command line to 'False'
[2.587s] Level 5:colcon.colcon_core.verb:set package 'visual_servoing' build argument 'cmake_clean_cache' from command line to 'False'
[2.587s] Level 5:colcon.colcon_core.verb:set package 'visual_servoing' build argument 'cmake_clean_first' from command line to 'False'
[2.587s] Level 5:colcon.colcon_core.verb:set package 'visual_servoing' build argument 'cmake_force_configure' from command line to 'False'
[2.587s] Level 5:colcon.colcon_core.verb:set package 'visual_servoing' build argument 'ament_cmake_args' from command line to 'None'
[2.587s] Level 5:colcon.colcon_core.verb:set package 'visual_servoing' build argument 'catkin_cmake_args' from command line to 'None'
[2.587s] Level 5:colcon.colcon_core.verb:set package 'visual_servoing' build argument 'catkin_skip_building_tests' from command line to 'False'
[2.588s] DEBUG:colcon.colcon_core.verb:Building package 'visual_servoing' with the following arguments: {'ament_cmake_args': None, 'build_base': '/home/t-lemmel/Integ/build/visual_servoing', 'catkin_cmake_args': None, 'catkin_skip_building_tests': False, 'cmake_args': None, 'cmake_clean_cache': False, 'cmake_clean_first': False, 'cmake_force_configure': False, 'cmake_target': None, 'cmake_target_skip_unavailable': False, 'install_base': '/home/t-lemmel/Integ/install/visual_servoing', 'merge_install': False, 'path': '/home/t-lemmel/Integ/src/visual_servoing', 'symlink_install': True, 'test_result_base': None}
[2.608s] INFO:colcon.colcon_core.executor:Executing jobs using 'parallel' executor
[2.629s] DEBUG:colcon.colcon_parallel_executor.executor.parallel:run_until_complete
[2.629s] INFO:colcon.colcon_ros.task.ament_cmake.build:Building ROS package in '/home/t-lemmel/Integ/src/integ_description' with build type 'ament_cmake'
[2.629s] INFO:colcon.colcon_cmake.task.cmake.build:Building CMake package in '/home/t-lemmel/Integ/src/integ_description'
[2.653s] INFO:colcon.colcon_core.plugin_system:Skipping extension 'colcon_core.shell.bat': Not used on non-Windows systems
[2.654s] INFO:colcon.colcon_core.shell:Skip shell extension 'powershell' for command environment: Not usable outside of PowerShell
[2.654s] DEBUG:colcon.colcon_core.shell:Skip shell extension 'dsv' for command environment
[2.766s] INFO:colcon.colcon_ros.task.ament_cmake.build:Building ROS package in '/home/t-lemmel/Integ/src/Integ_my_robot_interfaces' with build type 'ament_cmake'
[2.766s] INFO:colcon.colcon_cmake.task.cmake.build:Building CMake package in '/home/t-lemmel/Integ/src/Integ_my_robot_interfaces'
[2.787s] INFO:colcon.colcon_core.shell:Skip shell extension 'powershell' for command environment: Not usable outside of PowerShell
[2.787s] DEBUG:colcon.colcon_core.shell:Skip shell extension 'dsv' for command environment
[2.897s] INFO:colcon.colcon_ros.task.ament_python.build:Building ROS package in '/home/t-lemmel/Integ/src/visual_servoing' with build type 'ament_python'
[2.898s] Level 1:colcon.colcon_core.shell:create_environment_hook('visual_servoing', 'ament_prefix_path')
[2.925s] INFO:colcon.colcon_core.shell:Creating environment hook '/home/t-lemmel/Integ/install/visual_servoing/share/visual_servoing/hook/ament_prefix_path.ps1'
[2.926s] INFO:colcon.colcon_core.shell:Creating environment descriptor '/home/t-lemmel/Integ/install/visual_servoing/share/visual_servoing/hook/ament_prefix_path.dsv'
[2.927s] INFO:colcon.colcon_core.shell:Creating environment hook '/home/t-lemmel/Integ/install/visual_servoing/share/visual_servoing/hook/ament_prefix_path.sh'
[2.951s] INFO:colcon.colcon_core.shell:Skip shell extension 'powershell' for command environment: Not usable outside of PowerShell
[2.951s] DEBUG:colcon.colcon_core.shell:Skip shell extension 'dsv' for command environment
[3.079s] DEBUG:colcon.colcon_core.event_handler.log_command:Invoking command in '/home/t-lemmel/Integ/build/integ_description': CMAKE_PREFIX_PATH=${CMAKE_PREFIX_PATH}:/opt/ros/humble PS1_ori=\[\e]0;\u@\h: \w\a\]${debian_chroot:+($debian_chroot)}\[\033[01;32m\]\u@\h\[\033[00m\]:\[\033[01;34m\]\w\[\033[00m\]\$ /usr/bin/cmake --build /home/t-lemmel/Integ/build/integ_description -- -j8 -l8
[3.083s] DEBUG:colcon.colcon_core.event_handler.log_command:Invoking command in '/home/t-lemmel/Integ/build/integ_my_robot_interfaces': CMAKE_PREFIX_PATH=${CMAKE_PREFIX_PATH}:/opt/ros/humble PS1_ori=\[\e]0;\u@\h: \w\a\]${debian_chroot:+($debian_chroot)}\[\033[01;32m\]\u@\h\[\033[00m\]:\[\033[01;34m\]\w\[\033[00m\]\$ /usr/bin/cmake --build /home/t-lemmel/Integ/build/integ_my_robot_interfaces -- -j8 -l8
[3.501s] INFO:colcon.colcon_core.task.python.build:Building Python package in '/home/t-lemmel/Integ/src/visual_servoing'
[3.535s] INFO:colcon.colcon_core.shell:Skip shell extension 'powershell' for command environment: Not usable outside of PowerShell
[3.535s] DEBUG:colcon.colcon_core.shell:Skip shell extension 'dsv' for command environment
[3.648s] DEBUG:colcon.colcon_core.event_handler.log_command:Invoked command in '/home/t-lemmel/Integ/build/integ_description' returned '0': CMAKE_PREFIX_PATH=${CMAKE_PREFIX_PATH}:/opt/ros/humble PS1_ori=\[\e]0;\u@\h: \w\a\]${debian_chroot:+($debian_chroot)}\[\033[01;32m\]\u@\h\[\033[00m\]:\[\033[01;34m\]\w\[\033[00m\]\$ /usr/bin/cmake --build /home/t-lemmel/Integ/build/integ_description -- -j8 -l8
[3.651s] DEBUG:colcon.colcon_core.event_handler.log_command:Invoked command in '/home/t-lemmel/Integ/build/integ_my_robot_interfaces' returned '0': CMAKE_PREFIX_PATH=${CMAKE_PREFIX_PATH}:/opt/ros/humble PS1_ori=\[\e]0;\u@\h: \w\a\]${debian_chroot:+($debian_chroot)}\[\033[01;32m\]\u@\h\[\033[00m\]:\[\033[01;34m\]\w\[\033[00m\]\$ /usr/bin/cmake --build /home/t-lemmel/Integ/build/integ_my_robot_interfaces -- -j8 -l8
[3.695s] DEBUG:colcon.colcon_core.event_handler.log_command:Invoking command in '/home/t-lemmel/Integ/build/integ_description': CMAKE_PREFIX_PATH=${CMAKE_PREFIX_PATH}:/opt/ros/humble PS1_ori=\[\e]0;\u@\h: \w\a\]${debian_chroot:+($debian_chroot)}\[\033[01;32m\]\u@\h\[\033[00m\]:\[\033[01;34m\]\w\[\033[00m\]\$ /usr/bin/cmake --install /home/t-lemmel/Integ/build/integ_description
[3.734s] Level 1:colcon.colcon_core.environment:create_environment_scripts_only(integ_description)
[3.735s] DEBUG:colcon.colcon_core.event_handler.log_command:Invoked command in '/home/t-lemmel/Integ/build/integ_description' returned '0': CMAKE_PREFIX_PATH=${CMAKE_PREFIX_PATH}:/opt/ros/humble PS1_ori=\[\e]0;\u@\h: \w\a\]${debian_chroot:+($debian_chroot)}\[\033[01;32m\]\u@\h\[\033[00m\]:\[\033[01;34m\]\w\[\033[00m\]\$ /usr/bin/cmake --install /home/t-lemmel/Integ/build/integ_description
[3.759s] Level 1:colcon.colcon_core.environment:checking '/home/t-lemmel/Integ/install/integ_description' for CMake module files
[3.760s] Level 1:colcon.colcon_core.environment:checking '/home/t-lemmel/Integ/install/integ_description' for CMake config files
[3.761s] Level 1:colcon.colcon_core.shell:create_environment_hook('integ_description', 'cmake_prefix_path')
[3.782s] INFO:colcon.colcon_core.shell:Creating environment hook '/home/t-lemmel/Integ/install/integ_description/share/integ_description/hook/cmake_prefix_path.ps1'
[3.783s] INFO:colcon.colcon_core.shell:Creating environment descriptor '/home/t-lemmel/Integ/install/integ_description/share/integ_description/hook/cmake_prefix_path.dsv'
[3.783s] INFO:colcon.colcon_core.shell:Creating environment hook '/home/t-lemmel/Integ/install/integ_description/share/integ_description/hook/cmake_prefix_path.sh'
[3.784s] Level 1:colcon.colcon_core.environment:checking '/home/t-lemmel/Integ/install/integ_description/bin'
[3.784s] Level 1:colcon.colcon_core.environment:checking '/home/t-lemmel/Integ/install/integ_description/lib/pkgconfig/integ_description.pc'
[3.785s] Level 1:colcon.colcon_core.environment:checking '/home/t-lemmel/Integ/install/integ_description/lib/python3.10/site-packages'
[3.785s] Level 1:colcon.colcon_core.environment:checking '/home/t-lemmel/Integ/install/integ_description/bin'
[3.805s] INFO:colcon.colcon_core.shell:Creating package script '/home/t-lemmel/Integ/install/integ_description/share/integ_description/package.ps1'
[3.806s] INFO:colcon.colcon_core.shell:Creating package descriptor '/home/t-lemmel/Integ/install/integ_description/share/integ_description/package.dsv'
[3.806s] INFO:colcon.colcon_core.shell:Creating package script '/home/t-lemmel/Integ/install/integ_description/share/integ_description/package.sh'
[3.807s] INFO:colcon.colcon_core.shell:Creating package script '/home/t-lemmel/Integ/install/integ_description/share/integ_description/package.bash'
[3.808s] INFO:colcon.colcon_core.shell:Creating package script '/home/t-lemmel/Integ/install/integ_description/share/integ_description/package.zsh'
[3.809s] Level 1:colcon.colcon_core.environment:create_file_with_runtime_dependencies(/home/t-lemmel/Integ/install/integ_description/share/colcon-core/packages/integ_description)
[3.812s] DEBUG:colcon.colcon_core.event_handler.log_command:Invoking command in '/home/t-lemmel/Integ/build/integ_my_robot_interfaces': CMAKE_PREFIX_PATH=${CMAKE_PREFIX_PATH}:/opt/ros/humble PS1_ori=\[\e]0;\u@\h: \w\a\]${debian_chroot:+($debian_chroot)}\[\033[01;32m\]\u@\h\[\033[00m\]:\[\033[01;34m\]\w\[\033[00m\]\$ /usr/bin/cmake --install /home/t-lemmel/Integ/build/integ_my_robot_interfaces
[3.868s] Level 1:colcon.colcon_core.environment:create_environment_scripts_only(integ_description)
[3.888s] Level 1:colcon.colcon_core.environment:checking '/home/t-lemmel/Integ/install/integ_description' for CMake module files
[3.889s] Level 1:colcon.colcon_core.environment:checking '/home/t-lemmel/Integ/install/integ_description' for CMake config files
[3.889s] Level 1:colcon.colcon_core.shell:create_environment_hook('integ_description', 'cmake_prefix_path')
[3.913s] INFO:colcon.colcon_core.shell:Creating environment hook '/home/t-lemmel/Integ/install/integ_description/share/integ_description/hook/cmake_prefix_path.ps1'
[3.914s] INFO:colcon.colcon_core.shell:Creating environment descriptor '/home/t-lemmel/Integ/install/integ_description/share/integ_description/hook/cmake_prefix_path.dsv'
[3.914s] INFO:colcon.colcon_core.shell:Creating environment hook '/home/t-lemmel/Integ/install/integ_description/share/integ_description/hook/cmake_prefix_path.sh'
[3.915s] Level 1:colcon.colcon_core.environment:checking '/home/t-lemmel/Integ/install/integ_description/bin'
[3.915s] Level 1:colcon.colcon_core.environment:checking '/home/t-lemmel/Integ/install/integ_description/lib/pkgconfig/integ_description.pc'
[3.915s] Level 1:colcon.colcon_core.environment:checking '/home/t-lemmel/Integ/install/integ_description/lib/python3.10/site-packages'
[3.915s] Level 1:colcon.colcon_core.environment:checking '/home/t-lemmel/Integ/install/integ_description/bin'
[3.936s] INFO:colcon.colcon_core.shell:Creating package script '/home/t-lemmel/Integ/install/integ_description/share/integ_description/package.ps1'
[3.937s] INFO:colcon.colcon_core.shell:Creating package descriptor '/home/t-lemmel/Integ/install/integ_description/share/integ_description/package.dsv'
[3.938s] INFO:colcon.colcon_core.shell:Creating package script '/home/t-lemmel/Integ/install/integ_description/share/integ_description/package.sh'
[3.938s] INFO:colcon.colcon_core.shell:Creating package script '/home/t-lemmel/Integ/install/integ_description/share/integ_description/package.bash'
[3.939s] INFO:colcon.colcon_core.shell:Creating package script '/home/t-lemmel/Integ/install/integ_description/share/integ_description/package.zsh'
[3.939s] Level 1:colcon.colcon_core.environment:create_file_with_runtime_dependencies(/home/t-lemmel/Integ/install/integ_description/share/colcon-core/packages/integ_description)
[3.940s] Level 1:colcon.colcon_core.environment:create_environment_scripts_only(integ_my_robot_interfaces)
[3.941s] DEBUG:colcon.colcon_core.event_handler.log_command:Invoked command in '/home/t-lemmel/Integ/build/integ_my_robot_interfaces' returned '0': CMAKE_PREFIX_PATH=${CMAKE_PREFIX_PATH}:/opt/ros/humble PS1_ori=\[\e]0;\u@\h: \w\a\]${debian_chroot:+($debian_chroot)}\[\033[01;32m\]\u@\h\[\033[00m\]:\[\033[01;34m\]\w\[\033[00m\]\$ /usr/bin/cmake --install /home/t-lemmel/Integ/build/integ_my_robot_interfaces
[3.962s] Level 1:colcon.colcon_core.environment:checking '/home/t-lemmel/Integ/install/integ_my_robot_interfaces' for CMake module files
[3.963s] Level 1:colcon.colcon_core.environment:checking '/home/t-lemmel/Integ/install/integ_my_robot_interfaces' for CMake config files
[3.963s] Level 1:colcon.colcon_core.shell:create_environment_hook('integ_my_robot_interfaces', 'cmake_prefix_path')
[3.983s] INFO:colcon.colcon_core.shell:Creating environment hook '/home/t-lemmel/Integ/install/integ_my_robot_interfaces/share/integ_my_robot_interfaces/hook/cmake_prefix_path.ps1'
[3.983s] INFO:colcon.colcon_core.shell:Creating environment descriptor '/home/t-lemmel/Integ/install/integ_my_robot_interfaces/share/integ_my_robot_interfaces/hook/cmake_prefix_path.dsv'
[3.984s] INFO:colcon.colcon_core.shell:Creating environment hook '/home/t-lemmel/Integ/install/integ_my_robot_interfaces/share/integ_my_robot_interfaces/hook/cmake_prefix_path.sh'
[3.984s] Level 1:colcon.colcon_core.environment:checking '/home/t-lemmel/Integ/install/integ_my_robot_interfaces/lib'
[3.984s] Level 1:colcon.colcon_core.shell:create_environment_hook('integ_my_robot_interfaces', 'ld_library_path_lib')
[4.004s] INFO:colcon.colcon_core.shell:Creating environment hook '/home/t-lemmel/Integ/install/integ_my_robot_interfaces/share/integ_my_robot_interfaces/hook/ld_library_path_lib.ps1'
[4.004s] INFO:colcon.colcon_core.shell:Creating environment descriptor '/home/t-lemmel/Integ/install/integ_my_robot_interfaces/share/integ_my_robot_interfaces/hook/ld_library_path_lib.dsv'
[4.005s] INFO:colcon.colcon_core.shell:Creating environment hook '/home/t-lemmel/Integ/install/integ_my_robot_interfaces/share/integ_my_robot_interfaces/hook/ld_library_path_lib.sh'
[4.005s] Level 1:colcon.colcon_core.environment:checking '/home/t-lemmel/Integ/install/integ_my_robot_interfaces/bin'
[4.005s] Level 1:colcon.colcon_core.environment:checking '/home/t-lemmel/Integ/install/integ_my_robot_interfaces/lib/pkgconfig/integ_my_robot_interfaces.pc'
[4.006s] Level 1:colcon.colcon_core.environment:checking '/home/t-lemmel/Integ/install/integ_my_robot_interfaces/lib/python3.10/site-packages'
[4.006s] Level 1:colcon.colcon_core.environment:checking '/home/t-lemmel/Integ/install/integ_my_robot_interfaces/bin'
[4.025s] INFO:colcon.colcon_core.shell:Creating package script '/home/t-lemmel/Integ/install/integ_my_robot_interfaces/share/integ_my_robot_interfaces/package.ps1'
[4.026s] INFO:colcon.colcon_core.shell:Creating package descriptor '/home/t-lemmel/Integ/install/integ_my_robot_interfaces/share/integ_my_robot_interfaces/package.dsv'
[4.026s] INFO:colcon.colcon_core.shell:Creating package script '/home/t-lemmel/Integ/install/integ_my_robot_interfaces/share/integ_my_robot_interfaces/package.sh'
[4.027s] INFO:colcon.colcon_core.shell:Creating package script '/home/t-lemmel/Integ/install/integ_my_robot_interfaces/share/integ_my_robot_interfaces/package.bash'
[4.027s] INFO:colcon.colcon_core.shell:Creating package script '/home/t-lemmel/Integ/install/integ_my_robot_interfaces/share/integ_my_robot_interfaces/package.zsh'
[4.028s] Level 1:colcon.colcon_core.environment:create_file_with_runtime_dependencies(/home/t-lemmel/Integ/install/integ_my_robot_interfaces/share/colcon-core/packages/integ_my_robot_interfaces)
[4.140s] Level 1:colcon.colcon_core.environment:create_environment_scripts_only(integ_my_robot_interfaces)
[4.161s] Level 1:colcon.colcon_core.environment:checking '/home/t-lemmel/Integ/install/integ_my_robot_interfaces' for CMake module files
[4.161s] Level 1:colcon.colcon_core.environment:checking '/home/t-lemmel/Integ/install/integ_my_robot_interfaces' for CMake config files
[4.162s] Level 1:colcon.colcon_core.shell:create_environment_hook('integ_my_robot_interfaces', 'cmake_prefix_path')
[4.183s] INFO:colcon.colcon_core.shell:Creating environment hook '/home/t-lemmel/Integ/install/integ_my_robot_interfaces/share/integ_my_robot_interfaces/hook/cmake_prefix_path.ps1'
[4.184s] INFO:colcon.colcon_core.shell:Creating environment descriptor '/home/t-lemmel/Integ/install/integ_my_robot_interfaces/share/integ_my_robot_interfaces/hook/cmake_prefix_path.dsv'
[4.184s] INFO:colcon.colcon_core.shell:Creating environment hook '/home/t-lemmel/Integ/install/integ_my_robot_interfaces/share/integ_my_robot_interfaces/hook/cmake_prefix_path.sh'
[4.185s] Level 1:colcon.colcon_core.environment:checking '/home/t-lemmel/Integ/install/integ_my_robot_interfaces/lib'
[4.185s] Level 1:colcon.colcon_core.shell:create_environment_hook('integ_my_robot_interfaces', 'ld_library_path_lib')
[4.204s] INFO:colcon.colcon_core.shell:Creating environment hook '/home/t-lemmel/Integ/install/integ_my_robot_interfaces/share/integ_my_robot_interfaces/hook/ld_library_path_lib.ps1'
[4.204s] INFO:colcon.colcon_core.shell:Creating environment descriptor '/home/t-lemmel/Integ/install/integ_my_robot_interfaces/share/integ_my_robot_interfaces/hook/ld_library_path_lib.dsv'
[4.205s] INFO:colcon.colcon_core.shell:Creating environment hook '/home/t-lemmel/Integ/install/integ_my_robot_interfaces/share/integ_my_robot_interfaces/hook/ld_library_path_lib.sh'
[4.205s] Level 1:colcon.colcon_core.environment:checking '/home/t-lemmel/Integ/install/integ_my_robot_interfaces/bin'
[4.205s] Level 1:colcon.colcon_core.environment:checking '/home/t-lemmel/Integ/install/integ_my_robot_interfaces/lib/pkgconfig/integ_my_robot_interfaces.pc'
[4.206s] Level 1:colcon.colcon_core.environment:checking '/home/t-lemmel/Integ/install/integ_my_robot_interfaces/lib/python3.10/site-packages'
[4.207s] Level 1:colcon.colcon_core.environment:checking '/home/t-lemmel/Integ/install/integ_my_robot_interfaces/bin'
[4.226s] INFO:colcon.colcon_core.shell:Creating package script '/home/t-lemmel/Integ/install/integ_my_robot_interfaces/share/integ_my_robot_interfaces/package.ps1'
[4.227s] INFO:colcon.colcon_core.shell:Creating package descriptor '/home/t-lemmel/Integ/install/integ_my_robot_interfaces/share/integ_my_robot_interfaces/package.dsv'
[4.227s] INFO:colcon.colcon_core.shell:Creating package script '/home/t-lemmel/Integ/install/integ_my_robot_interfaces/share/integ_my_robot_interfaces/package.sh'
[4.228s] INFO:colcon.colcon_core.shell:Creating package script '/home/t-lemmel/Integ/install/integ_my_robot_interfaces/share/integ_my_robot_interfaces/package.bash'
[4.228s] INFO:colcon.colcon_core.shell:Creating package script '/home/t-lemmel/Integ/install/integ_my_robot_interfaces/share/integ_my_robot_interfaces/package.zsh'
[4.229s] Level 1:colcon.colcon_core.environment:create_file_with_runtime_dependencies(/home/t-lemmel/Integ/install/integ_my_robot_interfaces/share/colcon-core/packages/integ_my_robot_interfaces)
[4.232s] DEBUG:colcon.colcon_core.event_handler.log_command:Invoking command in '/home/t-lemmel/Integ/build/visual_servoing': PS1_ori=\[\e]0;\u@\h: \w\a\]${debian_chroot:+($debian_chroot)}\[\033[01;32m\]\u@\h\[\033[00m\]:\[\033[01;34m\]\w\[\033[00m\]\$ PYTHONPATH=/home/t-lemmel/Integ/build/visual_servoing/prefix_override:/home/t-lemmel/Integ/install/visual_servoing/lib/python3.10/site-packages:${PYTHONPATH} /usr/bin/python3 setup.py develop --editable --build-directory /home/t-lemmel/Integ/build/visual_servoing/build --no-deps install_data
[4.861s] Level 1:colcon.colcon_core.shell:create_environment_hook('visual_servoing', 'pythonpath_develop')
[4.862s] DEBUG:colcon.colcon_core.event_handler.log_command:Invoked command in '/home/t-lemmel/Integ/build/visual_servoing' returned '0': PS1_ori=\[\e]0;\u@\h: \w\a\]${debian_chroot:+($debian_chroot)}\[\033[01;32m\]\u@\h\[\033[00m\]:\[\033[01;34m\]\w\[\033[00m\]\$ PYTHONPATH=/home/t-lemmel/Integ/build/visual_servoing/prefix_override:/home/t-lemmel/Integ/install/visual_servoing/lib/python3.10/site-packages:${PYTHONPATH} /usr/bin/python3 setup.py develop --editable --build-directory /home/t-lemmel/Integ/build/visual_servoing/build --no-deps install_data
[4.881s] INFO:colcon.colcon_core.shell:Creating environment hook '/home/t-lemmel/Integ/build/visual_servoing/share/visual_servoing/hook/pythonpath_develop.ps1'
[4.882s] INFO:colcon.colcon_core.shell:Creating environment descriptor '/home/t-lemmel/Integ/build/visual_servoing/share/visual_servoing/hook/pythonpath_develop.dsv'
[4.882s] INFO:colcon.colcon_core.shell:Creating environment hook '/home/t-lemmel/Integ/build/visual_servoing/share/visual_servoing/hook/pythonpath_develop.sh'
[4.902s] Level 1:colcon.colcon_core.environment:checking '/home/t-lemmel/Integ/install/visual_servoing' for CMake module files
[4.903s] Level 1:colcon.colcon_core.environment:checking '/home/t-lemmel/Integ/install/visual_servoing' for CMake config files
[4.903s] Level 1:colcon.colcon_core.environment:checking '/home/t-lemmel/Integ/install/visual_servoing/lib'
[4.903s] Level 1:colcon.colcon_core.environment:checking '/home/t-lemmel/Integ/install/visual_servoing/bin'
[4.903s] Level 1:colcon.colcon_core.environment:checking '/home/t-lemmel/Integ/install/visual_servoing/lib/pkgconfig/visual_servoing.pc'
[4.904s] Level 1:colcon.colcon_core.environment:checking '/home/t-lemmel/Integ/install/visual_servoing/lib/python3.10/site-packages'
[4.904s] Level 1:colcon.colcon_core.shell:create_environment_hook('visual_servoing', 'pythonpath')
[4.923s] INFO:colcon.colcon_core.shell:Creating environment hook '/home/t-lemmel/Integ/install/visual_servoing/share/visual_servoing/hook/pythonpath.ps1'
[4.924s] INFO:colcon.colcon_core.shell:Creating environment descriptor '/home/t-lemmel/Integ/install/visual_servoing/share/visual_servoing/hook/pythonpath.dsv'
[4.924s] INFO:colcon.colcon_core.shell:Creating environment hook '/home/t-lemmel/Integ/install/visual_servoing/share/visual_servoing/hook/pythonpath.sh'
[4.924s] Level 1:colcon.colcon_core.environment:checking '/home/t-lemmel/Integ/install/visual_servoing/bin'
[4.925s] Level 1:colcon.colcon_core.environment:create_environment_scripts_only(visual_servoing)
[4.944s] INFO:colcon.colcon_core.shell:Creating package script '/home/t-lemmel/Integ/install/visual_servoing/share/visual_servoing/package.ps1'
[4.945s] INFO:colcon.colcon_core.shell:Creating package descriptor '/home/t-lemmel/Integ/install/visual_servoing/share/visual_servoing/package.dsv'
[4.946s] INFO:colcon.colcon_core.shell:Creating package script '/home/t-lemmel/Integ/install/visual_servoing/share/visual_servoing/package.sh'
[4.946s] INFO:colcon.colcon_core.shell:Creating package script '/home/t-lemmel/Integ/install/visual_servoing/share/visual_servoing/package.bash'
[4.946s] INFO:colcon.colcon_core.shell:Creating package script '/home/t-lemmel/Integ/install/visual_servoing/share/visual_servoing/package.zsh'
[4.947s] Level 1:colcon.colcon_core.environment:create_file_with_runtime_dependencies(/home/t-lemmel/Integ/install/visual_servoing/share/colcon-core/packages/visual_servoing)
[4.947s] DEBUG:colcon.colcon_parallel_executor.executor.parallel:closing loop
[4.948s] DEBUG:colcon.colcon_parallel_executor.executor.parallel:loop closed
[4.948s] DEBUG:colcon.colcon_parallel_executor.executor.parallel:run_until_complete finished with '0'
[4.948s] DEBUG:colcon.colcon_core.event_reactor:joining thread
[4.982s] INFO:colcon.colcon_core.plugin_system:Skipping extension 'colcon_notification.desktop_notification.terminal_notifier': Not used on non-Darwin systems
[4.982s] INFO:colcon.colcon_core.plugin_system:Skipping extension 'colcon_notification.desktop_notification.win32': Not used on non-Windows systems
[4.982s] INFO:colcon.colcon_notification.desktop_notification:Sending desktop notification using 'notify2'
[4.996s] DEBUG:colcon.colcon_core.event_reactor:joined thread
[5.020s] INFO:colcon.colcon_core.shell:Creating prefix script '/home/t-lemmel/Integ/install/local_setup.ps1'
[5.021s] INFO:colcon.colcon_core.shell:Creating prefix util module '/home/t-lemmel/Integ/install/_local_setup_util_ps1.py'
[5.023s] INFO:colcon.colcon_core.shell:Creating prefix chain script '/home/t-lemmel/Integ/install/setup.ps1'
[5.044s] INFO:colcon.colcon_core.shell:Creating prefix script '/home/t-lemmel/Integ/install/local_setup.sh'
[5.045s] INFO:colcon.colcon_core.shell:Creating prefix util module '/home/t-lemmel/Integ/install/_local_setup_util_sh.py'
[5.045s] INFO:colcon.colcon_core.shell:Creating prefix chain script '/home/t-lemmel/Integ/install/setup.sh'
[5.066s] INFO:colcon.colcon_core.shell:Creating prefix script '/home/t-lemmel/Integ/install/local_setup.bash'
[5.067s] INFO:colcon.colcon_core.shell:Creating prefix chain script '/home/t-lemmel/Integ/install/setup.bash'
[5.088s] INFO:colcon.colcon_core.shell:Creating prefix script '/home/t-lemmel/Integ/install/local_setup.zsh'
[5.089s] INFO:colcon.colcon_core.shell:Creating prefix chain script '/home/t-lemmel/Integ/install/setup.zsh'
