[5.081s] Invoking command in '/home/t-lemmel/Integ/build/visual_servoing': PS1_ori=\[\e]0;\u@\h: \w\a\]${debian_chroot:+($debian_chroot)}\[\033[01;32m\]\u@\h\[\033[00m\]:\[\033[01;34m\]\w\[\033[00m\]\$ PYTHONPATH=/home/t-lemmel/Integ/build/visual_servoing/prefix_override:/home/t-lemmel/Integ/install/visual_servoing/lib/python3.10/site-packages:${PYTHONPATH} /usr/bin/python3 setup.py develop --editable --build-directory /home/t-lemmel/Integ/build/visual_servoing/build --no-deps install_data
[6.333s] running develop
[6.333s] /usr/lib/python3/dist-packages/setuptools/command/easy_install.py:158: EasyInstallDeprecationWarning: easy_install command is deprecated. Use build and pip and other standards-based tools.
[6.333s]   warnings.warn(
[6.339s] /usr/lib/python3/dist-packages/setuptools/command/install.py:34: SetuptoolsDeprecationWarning: setup.py install is deprecated. Use build and pip and other standards-based tools.
[6.340s]   warnings.warn(
[7.260s] running egg_info
[7.261s] writing visual_servoing.egg-info/PKG-INFO
[7.263s] writing dependency_links to visual_servoing.egg-info/dependency_links.txt
[7.264s] writing entry points to visual_servoing.egg-info/entry_points.txt
[7.264s] writing requirements to visual_servoing.egg-info/requires.txt
[7.265s] writing top-level names to visual_servoing.egg-info/top_level.txt
[7.275s] reading manifest file 'visual_servoing.egg-info/SOURCES.txt'
[7.279s] writing manifest file 'visual_servoing.egg-info/SOURCES.txt'
[7.286s] running build_ext
[7.286s] Creating /home/t-lemmel/Integ/install/visual_servoing/lib/python3.10/site-packages/visual-servoing.egg-link (link to .)
[7.290s] Installing FeatureDetector script to /home/t-lemmel/Integ/install/visual_servoing/lib/visual_servoing
[7.291s] Installing tracker script to /home/t-lemmel/Integ/install/visual_servoing/lib/visual_servoing
[7.292s] 
[7.293s] Installed /home/t-lemmel/Integ/build/visual_servoing
[7.294s] running install_data
[7.469s] Invoked command in '/home/t-lemmel/Integ/build/visual_servoing' returned '0': PS1_ori=\[\e]0;\u@\h: \w\a\]${debian_chroot:+($debian_chroot)}\[\033[01;32m\]\u@\h\[\033[00m\]:\[\033[01;34m\]\w\[\033[00m\]\$ PYTHONPATH=/home/t-lemmel/Integ/build/visual_servoing/prefix_override:/home/t-lemmel/Integ/install/visual_servoing/lib/python3.10/site-packages:${PYTHONPATH} /usr/bin/python3 setup.py develop --editable --build-directory /home/t-lemmel/Integ/build/visual_servoing/build --no-deps install_data
