[4.948s] Invoking command in '/home/t-lemmel/Integ/build/visual_servoing': PS1_ori=\[\e]0;\u@\h: \w\a\]${debian_chroot:+($debian_chroot)}\[\033[01;32m\]\u@\h\[\033[00m\]:\[\033[01;34m\]\w\[\033[00m\]\$ PYTHONPATH=/home/t-lemmel/Integ/build/visual_servoing/prefix_override:/home/t-lemmel/Integ/install/visual_servoing/lib/python3.10/site-packages:${PYTHONPATH} /usr/bin/python3 setup.py develop --editable --build-directory /home/t-lemmel/Integ/build/visual_servoing/build --no-deps install_data
[6.447s] running develop
[6.448s] /usr/lib/python3/dist-packages/setuptools/command/easy_install.py:158: EasyInstallDeprecationWarning: easy_install command is deprecated. Use build and pip and other standards-based tools.
[6.449s]   warnings.warn(
[6.457s] /usr/lib/python3/dist-packages/setuptools/command/install.py:34: SetuptoolsDeprecationWarning: setup.py install is deprecated. Use build and pip and other standards-based tools.
[6.457s]   warnings.warn(
[7.430s] running egg_info
[7.431s] writing visual_servoing.egg-info/PKG-INFO
[7.433s] writing dependency_links to visual_servoing.egg-info/dependency_links.txt
[7.435s] writing entry points to visual_servoing.egg-info/entry_points.txt
[7.442s] writing requirements to visual_servoing.egg-info/requires.txt
[7.443s] writing top-level names to visual_servoing.egg-info/top_level.txt
[7.446s] reading manifest file 'visual_servoing.egg-info/SOURCES.txt'
[7.447s] writing manifest file 'visual_servoing.egg-info/SOURCES.txt'
[7.454s] running build_ext
[7.456s] Creating /home/t-lemmel/Integ/install/visual_servoing/lib/python3.10/site-packages/visual-servoing.egg-link (link to .)
[7.462s] Installing FeatureDetector script to /home/t-lemmel/Integ/install/visual_servoing/lib/visual_servoing
[7.462s] Installing tracker script to /home/t-lemmel/Integ/install/visual_servoing/lib/visual_servoing
[7.463s] 
[7.463s] Installed /home/t-lemmel/Integ/build/visual_servoing
[7.464s] running install_data
[7.648s] Invoked command in '/home/t-lemmel/Integ/build/visual_servoing' returned '0': PS1_ori=\[\e]0;\u@\h: \w\a\]${debian_chroot:+($debian_chroot)}\[\033[01;32m\]\u@\h\[\033[00m\]:\[\033[01;34m\]\w\[\033[00m\]\$ PYTHONPATH=/home/t-lemmel/Integ/build/visual_servoing/prefix_override:/home/t-lemmel/Integ/install/visual_servoing/lib/python3.10/site-packages:${PYTHONPATH} /usr/bin/python3 setup.py develop --editable --build-directory /home/t-lemmel/Integ/build/visual_servoing/build --no-deps install_data
