[2.779s] DEBUG:colcon:Command line arguments: ['/usr/bin/colcon', 'build', '--symlink-install', '--continue-on-error']
[2.779s] DEBUG:colcon:Parsed command line arguments: Namespace(log_base=None, log_level=None, verb_name='build', build_base='build', install_base='install', merge_install=False, symlink_install=True, test_result_base=None, continue_on_error=True, executor='parallel', parallel_workers=8, event_handlers=None, ignore_user_meta=False, metas=['./colcon.meta'], base_paths=['.'], packages_ignore=None, packages_ignore_regex=None, paths=None, packages_up_to=None, packages_up_to_regex=None, packages_above=None, packages_above_and_dependencies=None, packages_above_depth=None, packages_select_by_dep=None, packages_skip_by_dep=None, packages_skip_up_to=None, packages_select_build_failed=False, packages_skip_build_finished=False, packages_select_test_failures=False, packages_skip_test_passed=False, packages_select=None, packages_skip=None, packages_select_regex=None, packages_skip_regex=None, packages_start=None, packages_end=None, allow_overriding=[], cmake_args=None, cmake_target=None, cmake_target_skip_unavailable=False, cmake_clean_cache=False, cmake_clean_first=False, cmake_force_configure=False, ament_cmake_args=None, catkin_cmake_args=None, catkin_skip_building_tests=False, verb_parser=<colcon_defaults.argument_parser.defaults.DefaultArgumentsDecorator object at 0x7fde3d0d7190>, verb_extension=<colcon_core.verb.build.BuildVerb object at 0x7fde3d0d7730>, main=<bound method BuildVerb.main of <colcon_core.verb.build.BuildVerb object at 0x7fde3d0d7730>>)
[2.842s] Level 1:colcon.colcon_core.package_discovery:discover_packages(colcon_meta) check parameters
[2.842s] Level 1:colcon.colcon_core.package_discovery:discover_packages(recursive) check parameters
[2.842s] Level 1:colcon.colcon_core.package_discovery:discover_packages(ignore) check parameters
[2.842s] Level 1:colcon.colcon_core.package_discovery:discover_packages(path) check parameters
[2.842s] Level 1:colcon.colcon_core.package_discovery:discover_packages(colcon_meta) discover
[2.842s] Level 1:colcon.colcon_core.package_discovery:discover_packages(recursive) discover
[2.842s] INFO:colcon.colcon_core.package_discovery:Crawling recursively for packages in '/home/t-lemmel/Integ'
[2.842s] Level 1:colcon.colcon_core.package_identification:_identify(.) by extensions ['ignore', 'ignore_ament_install']
[2.842s] Level 1:colcon.colcon_core.package_identification:_identify(.) by extension 'ignore'
[2.842s] Level 1:colcon.colcon_core.package_identification:_identify(.) by extension 'ignore_ament_install'
[2.843s] Level 1:colcon.colcon_core.package_identification:_identify(.) by extensions ['colcon_pkg']
[2.843s] Level 1:colcon.colcon_core.package_identification:_identify(.) by extension 'colcon_pkg'
[2.843s] Level 1:colcon.colcon_core.package_identification:_identify(.) by extensions ['colcon_meta']
[2.843s] Level 1:colcon.colcon_core.package_identification:_identify(.) by extension 'colcon_meta'
[2.843s] Level 1:colcon.colcon_core.package_identification:_identify(.) by extensions ['ros']
[2.843s] Level 1:colcon.colcon_core.package_identification:_identify(.) by extension 'ros'
[2.857s] Level 1:colcon.colcon_core.package_identification:_identify(.) by extensions ['cmake', 'python']
[2.857s] Level 1:colcon.colcon_core.package_identification:_identify(.) by extension 'cmake'
[2.857s] Level 1:colcon.colcon_core.package_identification:_identify(.) by extension 'python'
[2.857s] Level 1:colcon.colcon_core.package_identification:_identify(.) by extensions ['python_setup_py']
[2.857s] Level 1:colcon.colcon_core.package_identification:_identify(.) by extension 'python_setup_py'
[2.858s] Level 1:colcon.colcon_core.package_identification:_identify(build) by extensions ['ignore', 'ignore_ament_install']
[2.858s] Level 1:colcon.colcon_core.package_identification:_identify(build) by extension 'ignore'
[2.858s] Level 1:colcon.colcon_core.package_identification:_identify(build) ignored
[2.858s] Level 1:colcon.colcon_core.package_identification:_identify(install) by extensions ['ignore', 'ignore_ament_install']
[2.858s] Level 1:colcon.colcon_core.package_identification:_identify(install) by extension 'ignore'
[2.858s] Level 1:colcon.colcon_core.package_identification:_identify(install) ignored
[2.858s] Level 1:colcon.colcon_core.package_identification:_identify(log) by extensions ['ignore', 'ignore_ament_install']
[2.858s] Level 1:colcon.colcon_core.package_identification:_identify(log) by extension 'ignore'
[2.858s] Level 1:colcon.colcon_core.package_identification:_identify(log) ignored
[2.858s] Level 1:colcon.colcon_core.package_identification:_identify(src) by extensions ['ignore', 'ignore_ament_install']
[2.859s] Level 1:colcon.colcon_core.package_identification:_identify(src) by extension 'ignore'
[2.859s] Level 1:colcon.colcon_core.package_identification:_identify(src) by extension 'ignore_ament_install'
[2.859s] Level 1:colcon.colcon_core.package_identification:_identify(src) by extensions ['colcon_pkg']
[2.859s] Level 1:colcon.colcon_core.package_identification:_identify(src) by extension 'colcon_pkg'
[2.859s] Level 1:colcon.colcon_core.package_identification:_identify(src) by extensions ['colcon_meta']
[2.859s] Level 1:colcon.colcon_core.package_identification:_identify(src) by extension 'colcon_meta'
[2.859s] Level 1:colcon.colcon_core.package_identification:_identify(src) by extensions ['ros']
[2.859s] Level 1:colcon.colcon_core.package_identification:_identify(src) by extension 'ros'
[2.859s] Level 1:colcon.colcon_core.package_identification:_identify(src) by extensions ['cmake', 'python']
[2.859s] Level 1:colcon.colcon_core.package_identification:_identify(src) by extension 'cmake'
[2.859s] Level 1:colcon.colcon_core.package_identification:_identify(src) by extension 'python'
[2.859s] Level 1:colcon.colcon_core.package_identification:_identify(src) by extensions ['python_setup_py']
[2.859s] Level 1:colcon.colcon_core.package_identification:_identify(src) by extension 'python_setup_py'
[2.859s] Level 1:colcon.colcon_core.package_identification:_identify(src/Integ_my_robot_interfaces) by extensions ['ignore', 'ignore_ament_install']
[2.859s] Level 1:colcon.colcon_core.package_identification:_identify(src/Integ_my_robot_interfaces) by extension 'ignore'
[2.860s] Level 1:colcon.colcon_core.package_identification:_identify(src/Integ_my_robot_interfaces) by extension 'ignore_ament_install'
[2.860s] Level 1:colcon.colcon_core.package_identification:_identify(src/Integ_my_robot_interfaces) by extensions ['colcon_pkg']
[2.860s] Level 1:colcon.colcon_core.package_identification:_identify(src/Integ_my_robot_interfaces) by extension 'colcon_pkg'
[2.860s] Level 1:colcon.colcon_core.package_identification:_identify(src/Integ_my_robot_interfaces) by extensions ['colcon_meta']
[2.860s] Level 1:colcon.colcon_core.package_identification:_identify(src/Integ_my_robot_interfaces) by extension 'colcon_meta'
[2.860s] Level 1:colcon.colcon_core.package_identification:_identify(src/Integ_my_robot_interfaces) by extensions ['ros']
[2.860s] Level 1:colcon.colcon_core.package_identification:_identify(src/Integ_my_robot_interfaces) by extension 'ros'
[2.863s] DEBUG:colcon.colcon_core.package_identification:Package 'src/Integ_my_robot_interfaces' with type 'ros.ament_cmake' and name 'integ_my_robot_interfaces'
[2.863s] Level 1:colcon.colcon_core.package_identification:_identify(src/integ_description) by extensions ['ignore', 'ignore_ament_install']
[2.863s] Level 1:colcon.colcon_core.package_identification:_identify(src/integ_description) by extension 'ignore'
[2.863s] Level 1:colcon.colcon_core.package_identification:_identify(src/integ_description) by extension 'ignore_ament_install'
[2.863s] Level 1:colcon.colcon_core.package_identification:_identify(src/integ_description) by extensions ['colcon_pkg']
[2.863s] Level 1:colcon.colcon_core.package_identification:_identify(src/integ_description) by extension 'colcon_pkg'
[2.863s] Level 1:colcon.colcon_core.package_identification:_identify(src/integ_description) by extensions ['colcon_meta']
[2.863s] Level 1:colcon.colcon_core.package_identification:_identify(src/integ_description) by extension 'colcon_meta'
[2.863s] Level 1:colcon.colcon_core.package_identification:_identify(src/integ_description) by extensions ['ros']
[2.863s] Level 1:colcon.colcon_core.package_identification:_identify(src/integ_description) by extension 'ros'
[2.864s] DEBUG:colcon.colcon_core.package_identification:Package 'src/integ_description' with type 'ros.ament_cmake' and name 'integ_description'
[2.864s] Level 1:colcon.colcon_core.package_identification:_identify(src/visual_servoing) by extensions ['ignore', 'ignore_ament_install']
[2.864s] Level 1:colcon.colcon_core.package_identification:_identify(src/visual_servoing) by extension 'ignore'
[2.864s] Level 1:colcon.colcon_core.package_identification:_identify(src/visual_servoing) by extension 'ignore_ament_install'
[2.864s] Level 1:colcon.colcon_core.package_identification:_identify(src/visual_servoing) by extensions ['colcon_pkg']
[2.864s] Level 1:colcon.colcon_core.package_identification:_identify(src/visual_servoing) by extension 'colcon_pkg'
[2.864s] Level 1:colcon.colcon_core.package_identification:_identify(src/visual_servoing) by extensions ['colcon_meta']
[2.864s] Level 1:colcon.colcon_core.package_identification:_identify(src/visual_servoing) by extension 'colcon_meta'
[2.865s] Level 1:colcon.colcon_core.package_identification:_identify(src/visual_servoing) by extensions ['ros']
[2.865s] Level 1:colcon.colcon_core.package_identification:_identify(src/visual_servoing) by extension 'ros'
[2.865s] DEBUG:colcon.colcon_core.package_identification:Package 'src/visual_servoing' with type 'ros.ament_python' and name 'visual_servoing'
[2.865s] Level 1:colcon.colcon_core.package_discovery:discover_packages(recursive) using defaults
[2.866s] Level 1:colcon.colcon_core.package_discovery:discover_packages(ignore) discover
[2.866s] Level 1:colcon.colcon_core.package_discovery:discover_packages(ignore) using defaults
[2.866s] Level 1:colcon.colcon_core.package_discovery:discover_packages(path) discover
[2.866s] Level 1:colcon.colcon_core.package_discovery:discover_packages(path) using defaults
[2.987s] Level 1:colcon.colcon_core.package_discovery:discover_packages(prefix_path) check parameters
[2.987s] Level 1:colcon.colcon_core.package_discovery:discover_packages(prefix_path) discover
[3.033s] DEBUG:colcon.colcon_installed_package_information.package_discovery:Found 1 installed packages in /home/t-lemmel/Ros_Labs/install
[3.054s] DEBUG:colcon.colcon_installed_package_information.package_discovery:Found 8 installed packages in /home/t-lemmel/Aquabot_Tom/install
[3.074s] DEBUG:colcon.colcon_installed_package_information.package_discovery:Found 8 installed packages in /home/t-lemmel/vrx_ws/install
[3.094s] DEBUG:colcon.colcon_installed_package_information.package_discovery:Found 236 installed packages in /opt/ros/humble
[3.095s] Level 1:colcon.colcon_core.package_discovery:discover_packages(prefix_path) using defaults
[3.210s] Level 5:colcon.colcon_core.verb:set package 'integ_description' build argument 'cmake_args' from command line to 'None'
[3.210s] Level 5:colcon.colcon_core.verb:set package 'integ_description' build argument 'cmake_target' from command line to 'None'
[3.210s] Level 5:colcon.colcon_core.verb:set package 'integ_description' build argument 'cmake_target_skip_unavailable' from command line to 'False'
[3.210s] Level 5:colcon.colcon_core.verb:set package 'integ_description' build argument 'cmake_clean_cache' from command line to 'False'
[3.210s] Level 5:colcon.colcon_core.verb:set package 'integ_description' build argument 'cmake_clean_first' from command line to 'False'
[3.210s] Level 5:colcon.colcon_core.verb:set package 'integ_description' build argument 'cmake_force_configure' from command line to 'False'
[3.210s] Level 5:colcon.colcon_core.verb:set package 'integ_description' build argument 'ament_cmake_args' from command line to 'None'
[3.210s] Level 5:colcon.colcon_core.verb:set package 'integ_description' build argument 'catkin_cmake_args' from command line to 'None'
[3.210s] Level 5:colcon.colcon_core.verb:set package 'integ_description' build argument 'catkin_skip_building_tests' from command line to 'False'
[3.210s] DEBUG:colcon.colcon_core.verb:Building package 'integ_description' with the following arguments: {'ament_cmake_args': None, 'build_base': '/home/t-lemmel/Integ/build/integ_description', 'catkin_cmake_args': None, 'catkin_skip_building_tests': False, 'cmake_args': None, 'cmake_clean_cache': False, 'cmake_clean_first': False, 'cmake_force_configure': False, 'cmake_target': None, 'cmake_target_skip_unavailable': False, 'install_base': '/home/t-lemmel/Integ/install/integ_description', 'merge_install': False, 'path': '/home/t-lemmel/Integ/src/integ_description', 'symlink_install': True, 'test_result_base': None}
[3.230s] Level 5:colcon.colcon_core.verb:set package 'integ_my_robot_interfaces' build argument 'cmake_args' from command line to 'None'
[3.230s] Level 5:colcon.colcon_core.verb:set package 'integ_my_robot_interfaces' build argument 'cmake_target' from command line to 'None'
[3.230s] Level 5:colcon.colcon_core.verb:set package 'integ_my_robot_interfaces' build argument 'cmake_target_skip_unavailable' from command line to 'False'
[3.230s] Level 5:colcon.colcon_core.verb:set package 'integ_my_robot_interfaces' build argument 'cmake_clean_cache' from command line to 'False'
[3.230s] Level 5:colcon.colcon_core.verb:set package 'integ_my_robot_interfaces' build argument 'cmake_clean_first' from command line to 'False'
[3.230s] Level 5:colcon.colcon_core.verb:set package 'integ_my_robot_interfaces' build argument 'cmake_force_configure' from command line to 'False'
[3.230s] Level 5:colcon.colcon_core.verb:set package 'integ_my_robot_interfaces' build argument 'ament_cmake_args' from command line to 'None'
[3.230s] Level 5:colcon.colcon_core.verb:set package 'integ_my_robot_interfaces' build argument 'catkin_cmake_args' from command line to 'None'
[3.230s] Level 5:colcon.colcon_core.verb:set package 'integ_my_robot_interfaces' build argument 'catkin_skip_building_tests' from command line to 'False'
[3.230s] DEBUG:colcon.colcon_core.verb:Building package 'integ_my_robot_interfaces' with the following arguments: {'ament_cmake_args': None, 'build_base': '/home/t-lemmel/Integ/build/integ_my_robot_interfaces', 'catkin_cmake_args': None, 'catkin_skip_building_tests': False, 'cmake_args': None, 'cmake_clean_cache': False, 'cmake_clean_first': False, 'cmake_force_configure': False, 'cmake_target': None, 'cmake_target_skip_unavailable': False, 'install_base': '/home/t-lemmel/Integ/install/integ_my_robot_interfaces', 'merge_install': False, 'path': '/home/t-lemmel/Integ/src/Integ_my_robot_interfaces', 'symlink_install': True, 'test_result_base': None}
[3.249s] Level 5:colcon.colcon_core.verb:set package 'visual_servoing' build argument 'cmake_args' from command line to 'None'
[3.249s] Level 5:colcon.colcon_core.verb:set package 'visual_servoing' build argument 'cmake_target' from command line to 'None'
[3.249s] Level 5:colcon.colcon_core.verb:set package 'visual_servoing' build argument 'cmake_target_skip_unavailable' from command line to 'False'
[3.249s] Level 5:colcon.colcon_core.verb:set package 'visual_servoing' build argument 'cmake_clean_cache' from command line to 'False'
[3.249s] Level 5:colcon.colcon_core.verb:set package 'visual_servoing' build argument 'cmake_clean_first' from command line to 'False'
[3.249s] Level 5:colcon.colcon_core.verb:set package 'visual_servoing' build argument 'cmake_force_configure' from command line to 'False'
[3.249s] Level 5:colcon.colcon_core.verb:set package 'visual_servoing' build argument 'ament_cmake_args' from command line to 'None'
[3.249s] Level 5:colcon.colcon_core.verb:set package 'visual_servoing' build argument 'catkin_cmake_args' from command line to 'None'
[3.250s] Level 5:colcon.colcon_core.verb:set package 'visual_servoing' build argument 'catkin_skip_building_tests' from command line to 'False'
[3.250s] DEBUG:colcon.colcon_core.verb:Building package 'visual_servoing' with the following arguments: {'ament_cmake_args': None, 'build_base': '/home/t-lemmel/Integ/build/visual_servoing', 'catkin_cmake_args': None, 'catkin_skip_building_tests': False, 'cmake_args': None, 'cmake_clean_cache': False, 'cmake_clean_first': False, 'cmake_force_configure': False, 'cmake_target': None, 'cmake_target_skip_unavailable': False, 'install_base': '/home/t-lemmel/Integ/install/visual_servoing', 'merge_install': False, 'path': '/home/t-lemmel/Integ/src/visual_servoing', 'symlink_install': True, 'test_result_base': None}
[3.269s] INFO:colcon.colcon_core.executor:Executing jobs using 'parallel' executor
[3.289s] DEBUG:colcon.colcon_parallel_executor.executor.parallel:run_until_complete
[3.289s] INFO:colcon.colcon_ros.task.ament_cmake.build:Building ROS package in '/home/t-lemmel/Integ/src/integ_description' with build type 'ament_cmake'
[3.289s] INFO:colcon.colcon_cmake.task.cmake.build:Building CMake package in '/home/t-lemmel/Integ/src/integ_description'
[3.312s] INFO:colcon.colcon_core.plugin_system:Skipping extension 'colcon_core.shell.bat': Not used on non-Windows systems
[3.312s] INFO:colcon.colcon_core.shell:Skip shell extension 'powershell' for command environment: Not usable outside of PowerShell
[3.312s] DEBUG:colcon.colcon_core.shell:Skip shell extension 'dsv' for command environment
[3.414s] INFO:colcon.colcon_ros.task.ament_cmake.build:Building ROS package in '/home/t-lemmel/Integ/src/Integ_my_robot_interfaces' with build type 'ament_cmake'
[3.414s] INFO:colcon.colcon_cmake.task.cmake.build:Building CMake package in '/home/t-lemmel/Integ/src/Integ_my_robot_interfaces'
[3.434s] INFO:colcon.colcon_core.shell:Skip shell extension 'powershell' for command environment: Not usable outside of PowerShell
[3.434s] DEBUG:colcon.colcon_core.shell:Skip shell extension 'dsv' for command environment
[3.542s] INFO:colcon.colcon_ros.task.ament_python.build:Building ROS package in '/home/t-lemmel/Integ/src/visual_servoing' with build type 'ament_python'
[3.542s] Level 1:colcon.colcon_core.shell:create_environment_hook('visual_servoing', 'ament_prefix_path')
[3.563s] INFO:colcon.colcon_core.shell:Creating environment hook '/home/t-lemmel/Integ/install/visual_servoing/share/visual_servoing/hook/ament_prefix_path.ps1'
[3.564s] INFO:colcon.colcon_core.shell:Creating environment descriptor '/home/t-lemmel/Integ/install/visual_servoing/share/visual_servoing/hook/ament_prefix_path.dsv'
[3.565s] INFO:colcon.colcon_core.shell:Creating environment hook '/home/t-lemmel/Integ/install/visual_servoing/share/visual_servoing/hook/ament_prefix_path.sh'
[3.585s] INFO:colcon.colcon_core.shell:Skip shell extension 'powershell' for command environment: Not usable outside of PowerShell
[3.585s] DEBUG:colcon.colcon_core.shell:Skip shell extension 'dsv' for command environment
[3.701s] DEBUG:colcon.colcon_core.event_handler.log_command:Invoking command in '/home/t-lemmel/Integ/build/integ_description': CMAKE_PREFIX_PATH=${CMAKE_PREFIX_PATH}:/opt/ros/humble PS1_ori=\[\e]0;\u@\h: \w\a\]${debian_chroot:+($debian_chroot)}\[\033[01;32m\]\u@\h\[\033[00m\]:\[\033[01;34m\]\w\[\033[00m\]\$ /usr/bin/cmake --build /home/t-lemmel/Integ/build/integ_description -- -j8 -l8
[3.706s] DEBUG:colcon.colcon_core.event_handler.log_command:Invoking command in '/home/t-lemmel/Integ/build/integ_my_robot_interfaces': CMAKE_PREFIX_PATH=${CMAKE_PREFIX_PATH}:/opt/ros/humble PS1_ori=\[\e]0;\u@\h: \w\a\]${debian_chroot:+($debian_chroot)}\[\033[01;32m\]\u@\h\[\033[00m\]:\[\033[01;34m\]\w\[\033[00m\]\$ /usr/bin/cmake --build /home/t-lemmel/Integ/build/integ_my_robot_interfaces -- -j8 -l8
[4.090s] INFO:colcon.colcon_core.task.python.build:Building Python package in '/home/t-lemmel/Integ/src/visual_servoing'
[4.122s] INFO:colcon.colcon_core.shell:Skip shell extension 'powershell' for command environment: Not usable outside of PowerShell
[4.122s] DEBUG:colcon.colcon_core.shell:Skip shell extension 'dsv' for command environment
[4.234s] DEBUG:colcon.colcon_core.event_handler.log_command:Invoked command in '/home/t-lemmel/Integ/build/integ_my_robot_interfaces' returned '0': CMAKE_PREFIX_PATH=${CMAKE_PREFIX_PATH}:/opt/ros/humble PS1_ori=\[\e]0;\u@\h: \w\a\]${debian_chroot:+($debian_chroot)}\[\033[01;32m\]\u@\h\[\033[00m\]:\[\033[01;34m\]\w\[\033[00m\]\$ /usr/bin/cmake --build /home/t-lemmel/Integ/build/integ_my_robot_interfaces -- -j8 -l8
[4.236s] DEBUG:colcon.colcon_core.event_handler.log_command:Invoked command in '/home/t-lemmel/Integ/build/integ_description' returned '0': CMAKE_PREFIX_PATH=${CMAKE_PREFIX_PATH}:/opt/ros/humble PS1_ori=\[\e]0;\u@\h: \w\a\]${debian_chroot:+($debian_chroot)}\[\033[01;32m\]\u@\h\[\033[00m\]:\[\033[01;34m\]\w\[\033[00m\]\$ /usr/bin/cmake --build /home/t-lemmel/Integ/build/integ_description -- -j8 -l8
[4.281s] DEBUG:colcon.colcon_core.event_handler.log_command:Invoking command in '/home/t-lemmel/Integ/build/integ_description': CMAKE_PREFIX_PATH=${CMAKE_PREFIX_PATH}:/opt/ros/humble PS1_ori=\[\e]0;\u@\h: \w\a\]${debian_chroot:+($debian_chroot)}\[\033[01;32m\]\u@\h\[\033[00m\]:\[\033[01;34m\]\w\[\033[00m\]\$ /usr/bin/cmake --install /home/t-lemmel/Integ/build/integ_description
[4.313s] Level 1:colcon.colcon_core.environment:create_environment_scripts_only(integ_description)
[4.314s] DEBUG:colcon.colcon_core.event_handler.log_command:Invoked command in '/home/t-lemmel/Integ/build/integ_description' returned '0': CMAKE_PREFIX_PATH=${CMAKE_PREFIX_PATH}:/opt/ros/humble PS1_ori=\[\e]0;\u@\h: \w\a\]${debian_chroot:+($debian_chroot)}\[\033[01;32m\]\u@\h\[\033[00m\]:\[\033[01;34m\]\w\[\033[00m\]\$ /usr/bin/cmake --install /home/t-lemmel/Integ/build/integ_description
[4.338s] Level 1:colcon.colcon_core.environment:checking '/home/t-lemmel/Integ/install/integ_description' for CMake module files
[4.338s] Level 1:colcon.colcon_core.environment:checking '/home/t-lemmel/Integ/install/integ_description' for CMake config files
[4.339s] Level 1:colcon.colcon_core.shell:create_environment_hook('integ_description', 'cmake_prefix_path')
[4.359s] INFO:colcon.colcon_core.shell:Creating environment hook '/home/t-lemmel/Integ/install/integ_description/share/integ_description/hook/cmake_prefix_path.ps1'
[4.360s] INFO:colcon.colcon_core.shell:Creating environment descriptor '/home/t-lemmel/Integ/install/integ_description/share/integ_description/hook/cmake_prefix_path.dsv'
[4.360s] INFO:colcon.colcon_core.shell:Creating environment hook '/home/t-lemmel/Integ/install/integ_description/share/integ_description/hook/cmake_prefix_path.sh'
[4.361s] Level 1:colcon.colcon_core.environment:checking '/home/t-lemmel/Integ/install/integ_description/bin'
[4.361s] Level 1:colcon.colcon_core.environment:checking '/home/t-lemmel/Integ/install/integ_description/lib/pkgconfig/integ_description.pc'
[4.362s] Level 1:colcon.colcon_core.environment:checking '/home/t-lemmel/Integ/install/integ_description/lib/python3.10/site-packages'
[4.362s] Level 1:colcon.colcon_core.environment:checking '/home/t-lemmel/Integ/install/integ_description/bin'
[4.387s] INFO:colcon.colcon_core.shell:Creating package script '/home/t-lemmel/Integ/install/integ_description/share/integ_description/package.ps1'
[4.389s] INFO:colcon.colcon_core.shell:Creating package descriptor '/home/t-lemmel/Integ/install/integ_description/share/integ_description/package.dsv'
[4.389s] INFO:colcon.colcon_core.shell:Creating package script '/home/t-lemmel/Integ/install/integ_description/share/integ_description/package.sh'
[4.390s] INFO:colcon.colcon_core.shell:Creating package script '/home/t-lemmel/Integ/install/integ_description/share/integ_description/package.bash'
[4.393s] INFO:colcon.colcon_core.shell:Creating package script '/home/t-lemmel/Integ/install/integ_description/share/integ_description/package.zsh'
[4.394s] Level 1:colcon.colcon_core.environment:create_file_with_runtime_dependencies(/home/t-lemmel/Integ/install/integ_description/share/colcon-core/packages/integ_description)
[4.398s] DEBUG:colcon.colcon_core.event_handler.log_command:Invoking command in '/home/t-lemmel/Integ/build/integ_my_robot_interfaces': CMAKE_PREFIX_PATH=${CMAKE_PREFIX_PATH}:/opt/ros/humble PS1_ori=\[\e]0;\u@\h: \w\a\]${debian_chroot:+($debian_chroot)}\[\033[01;32m\]\u@\h\[\033[00m\]:\[\033[01;34m\]\w\[\033[00m\]\$ /usr/bin/cmake --install /home/t-lemmel/Integ/build/integ_my_robot_interfaces
[4.452s] Level 1:colcon.colcon_core.environment:create_environment_scripts_only(integ_description)
[4.475s] Level 1:colcon.colcon_core.environment:checking '/home/t-lemmel/Integ/install/integ_description' for CMake module files
[4.476s] Level 1:colcon.colcon_core.environment:checking '/home/t-lemmel/Integ/install/integ_description' for CMake config files
[4.476s] Level 1:colcon.colcon_core.shell:create_environment_hook('integ_description', 'cmake_prefix_path')
[4.500s] INFO:colcon.colcon_core.shell:Creating environment hook '/home/t-lemmel/Integ/install/integ_description/share/integ_description/hook/cmake_prefix_path.ps1'
[4.501s] INFO:colcon.colcon_core.shell:Creating environment descriptor '/home/t-lemmel/Integ/install/integ_description/share/integ_description/hook/cmake_prefix_path.dsv'
[4.502s] INFO:colcon.colcon_core.shell:Creating environment hook '/home/t-lemmel/Integ/install/integ_description/share/integ_description/hook/cmake_prefix_path.sh'
[4.503s] Level 1:colcon.colcon_core.environment:checking '/home/t-lemmel/Integ/install/integ_description/bin'
[4.504s] Level 1:colcon.colcon_core.environment:checking '/home/t-lemmel/Integ/install/integ_description/lib/pkgconfig/integ_description.pc'
[4.504s] Level 1:colcon.colcon_core.environment:checking '/home/t-lemmel/Integ/install/integ_description/lib/python3.10/site-packages'
[4.505s] Level 1:colcon.colcon_core.environment:checking '/home/t-lemmel/Integ/install/integ_description/bin'
[4.529s] INFO:colcon.colcon_core.shell:Creating package script '/home/t-lemmel/Integ/install/integ_description/share/integ_description/package.ps1'
[4.530s] INFO:colcon.colcon_core.shell:Creating package descriptor '/home/t-lemmel/Integ/install/integ_description/share/integ_description/package.dsv'
[4.531s] INFO:colcon.colcon_core.shell:Creating package script '/home/t-lemmel/Integ/install/integ_description/share/integ_description/package.sh'
[4.532s] INFO:colcon.colcon_core.shell:Creating package script '/home/t-lemmel/Integ/install/integ_description/share/integ_description/package.bash'
[4.532s] INFO:colcon.colcon_core.shell:Creating package script '/home/t-lemmel/Integ/install/integ_description/share/integ_description/package.zsh'
[4.533s] Level 1:colcon.colcon_core.environment:create_file_with_runtime_dependencies(/home/t-lemmel/Integ/install/integ_description/share/colcon-core/packages/integ_description)
[4.535s] Level 1:colcon.colcon_core.environment:create_environment_scripts_only(integ_my_robot_interfaces)
[4.537s] DEBUG:colcon.colcon_core.event_handler.log_command:Invoked command in '/home/t-lemmel/Integ/build/integ_my_robot_interfaces' returned '0': CMAKE_PREFIX_PATH=${CMAKE_PREFIX_PATH}:/opt/ros/humble PS1_ori=\[\e]0;\u@\h: \w\a\]${debian_chroot:+($debian_chroot)}\[\033[01;32m\]\u@\h\[\033[00m\]:\[\033[01;34m\]\w\[\033[00m\]\$ /usr/bin/cmake --install /home/t-lemmel/Integ/build/integ_my_robot_interfaces
[4.557s] Level 1:colcon.colcon_core.environment:checking '/home/t-lemmel/Integ/install/integ_my_robot_interfaces' for CMake module files
[4.557s] Level 1:colcon.colcon_core.environment:checking '/home/t-lemmel/Integ/install/integ_my_robot_interfaces' for CMake config files
[4.558s] Level 1:colcon.colcon_core.shell:create_environment_hook('integ_my_robot_interfaces', 'cmake_prefix_path')
[4.579s] INFO:colcon.colcon_core.shell:Creating environment hook '/home/t-lemmel/Integ/install/integ_my_robot_interfaces/share/integ_my_robot_interfaces/hook/cmake_prefix_path.ps1'
[4.580s] INFO:colcon.colcon_core.shell:Creating environment descriptor '/home/t-lemmel/Integ/install/integ_my_robot_interfaces/share/integ_my_robot_interfaces/hook/cmake_prefix_path.dsv'
[4.580s] INFO:colcon.colcon_core.shell:Creating environment hook '/home/t-lemmel/Integ/install/integ_my_robot_interfaces/share/integ_my_robot_interfaces/hook/cmake_prefix_path.sh'
[4.581s] Level 1:colcon.colcon_core.environment:checking '/home/t-lemmel/Integ/install/integ_my_robot_interfaces/lib'
[4.581s] Level 1:colcon.colcon_core.shell:create_environment_hook('integ_my_robot_interfaces', 'ld_library_path_lib')
[4.603s] INFO:colcon.colcon_core.shell:Creating environment hook '/home/t-lemmel/Integ/install/integ_my_robot_interfaces/share/integ_my_robot_interfaces/hook/ld_library_path_lib.ps1'
[4.603s] INFO:colcon.colcon_core.shell:Creating environment descriptor '/home/t-lemmel/Integ/install/integ_my_robot_interfaces/share/integ_my_robot_interfaces/hook/ld_library_path_lib.dsv'
[4.604s] INFO:colcon.colcon_core.shell:Creating environment hook '/home/t-lemmel/Integ/install/integ_my_robot_interfaces/share/integ_my_robot_interfaces/hook/ld_library_path_lib.sh'
[4.604s] Level 1:colcon.colcon_core.environment:checking '/home/t-lemmel/Integ/install/integ_my_robot_interfaces/bin'
[4.604s] Level 1:colcon.colcon_core.environment:checking '/home/t-lemmel/Integ/install/integ_my_robot_interfaces/lib/pkgconfig/integ_my_robot_interfaces.pc'
[4.605s] Level 1:colcon.colcon_core.environment:checking '/home/t-lemmel/Integ/install/integ_my_robot_interfaces/lib/python3.10/site-packages'
[4.605s] Level 1:colcon.colcon_core.environment:checking '/home/t-lemmel/Integ/install/integ_my_robot_interfaces/bin'
[4.626s] INFO:colcon.colcon_core.shell:Creating package script '/home/t-lemmel/Integ/install/integ_my_robot_interfaces/share/integ_my_robot_interfaces/package.ps1'
[4.627s] INFO:colcon.colcon_core.shell:Creating package descriptor '/home/t-lemmel/Integ/install/integ_my_robot_interfaces/share/integ_my_robot_interfaces/package.dsv'
[4.628s] INFO:colcon.colcon_core.shell:Creating package script '/home/t-lemmel/Integ/install/integ_my_robot_interfaces/share/integ_my_robot_interfaces/package.sh'
[4.628s] INFO:colcon.colcon_core.shell:Creating package script '/home/t-lemmel/Integ/install/integ_my_robot_interfaces/share/integ_my_robot_interfaces/package.bash'
[4.629s] INFO:colcon.colcon_core.shell:Creating package script '/home/t-lemmel/Integ/install/integ_my_robot_interfaces/share/integ_my_robot_interfaces/package.zsh'
[4.629s] Level 1:colcon.colcon_core.environment:create_file_with_runtime_dependencies(/home/t-lemmel/Integ/install/integ_my_robot_interfaces/share/colcon-core/packages/integ_my_robot_interfaces)
[4.738s] Level 1:colcon.colcon_core.environment:create_environment_scripts_only(integ_my_robot_interfaces)
[4.758s] Level 1:colcon.colcon_core.environment:checking '/home/t-lemmel/Integ/install/integ_my_robot_interfaces' for CMake module files
[4.759s] Level 1:colcon.colcon_core.environment:checking '/home/t-lemmel/Integ/install/integ_my_robot_interfaces' for CMake config files
[4.759s] Level 1:colcon.colcon_core.shell:create_environment_hook('integ_my_robot_interfaces', 'cmake_prefix_path')
[4.779s] INFO:colcon.colcon_core.shell:Creating environment hook '/home/t-lemmel/Integ/install/integ_my_robot_interfaces/share/integ_my_robot_interfaces/hook/cmake_prefix_path.ps1'
[4.780s] INFO:colcon.colcon_core.shell:Creating environment descriptor '/home/t-lemmel/Integ/install/integ_my_robot_interfaces/share/integ_my_robot_interfaces/hook/cmake_prefix_path.dsv'
[4.780s] INFO:colcon.colcon_core.shell:Creating environment hook '/home/t-lemmel/Integ/install/integ_my_robot_interfaces/share/integ_my_robot_interfaces/hook/cmake_prefix_path.sh'
[4.781s] Level 1:colcon.colcon_core.environment:checking '/home/t-lemmel/Integ/install/integ_my_robot_interfaces/lib'
[4.781s] Level 1:colcon.colcon_core.shell:create_environment_hook('integ_my_robot_interfaces', 'ld_library_path_lib')
[4.801s] INFO:colcon.colcon_core.shell:Creating environment hook '/home/t-lemmel/Integ/install/integ_my_robot_interfaces/share/integ_my_robot_interfaces/hook/ld_library_path_lib.ps1'
[4.801s] INFO:colcon.colcon_core.shell:Creating environment descriptor '/home/t-lemmel/Integ/install/integ_my_robot_interfaces/share/integ_my_robot_interfaces/hook/ld_library_path_lib.dsv'
[4.801s] INFO:colcon.colcon_core.shell:Creating environment hook '/home/t-lemmel/Integ/install/integ_my_robot_interfaces/share/integ_my_robot_interfaces/hook/ld_library_path_lib.sh'
[4.802s] Level 1:colcon.colcon_core.environment:checking '/home/t-lemmel/Integ/install/integ_my_robot_interfaces/bin'
[4.802s] Level 1:colcon.colcon_core.environment:checking '/home/t-lemmel/Integ/install/integ_my_robot_interfaces/lib/pkgconfig/integ_my_robot_interfaces.pc'
[4.802s] Level 1:colcon.colcon_core.environment:checking '/home/t-lemmel/Integ/install/integ_my_robot_interfaces/lib/python3.10/site-packages'
[4.802s] Level 1:colcon.colcon_core.environment:checking '/home/t-lemmel/Integ/install/integ_my_robot_interfaces/bin'
[4.822s] INFO:colcon.colcon_core.shell:Creating package script '/home/t-lemmel/Integ/install/integ_my_robot_interfaces/share/integ_my_robot_interfaces/package.ps1'
[4.823s] INFO:colcon.colcon_core.shell:Creating package descriptor '/home/t-lemmel/Integ/install/integ_my_robot_interfaces/share/integ_my_robot_interfaces/package.dsv'
[4.823s] INFO:colcon.colcon_core.shell:Creating package script '/home/t-lemmel/Integ/install/integ_my_robot_interfaces/share/integ_my_robot_interfaces/package.sh'
[4.824s] INFO:colcon.colcon_core.shell:Creating package script '/home/t-lemmel/Integ/install/integ_my_robot_interfaces/share/integ_my_robot_interfaces/package.bash'
[4.824s] INFO:colcon.colcon_core.shell:Creating package script '/home/t-lemmel/Integ/install/integ_my_robot_interfaces/share/integ_my_robot_interfaces/package.zsh'
[4.824s] Level 1:colcon.colcon_core.environment:create_file_with_runtime_dependencies(/home/t-lemmel/Integ/install/integ_my_robot_interfaces/share/colcon-core/packages/integ_my_robot_interfaces)
[4.828s] DEBUG:colcon.colcon_core.event_handler.log_command:Invoking command in '/home/t-lemmel/Integ/build/visual_servoing': PS1_ori=\[\e]0;\u@\h: \w\a\]${debian_chroot:+($debian_chroot)}\[\033[01;32m\]\u@\h\[\033[00m\]:\[\033[01;34m\]\w\[\033[00m\]\$ PYTHONPATH=/home/t-lemmel/Integ/build/visual_servoing/prefix_override:/home/t-lemmel/Integ/install/visual_servoing/lib/python3.10/site-packages:${PYTHONPATH} /usr/bin/python3 setup.py develop --editable --build-directory /home/t-lemmel/Integ/build/visual_servoing/build --no-deps install_data
[5.439s] Level 1:colcon.colcon_core.shell:create_environment_hook('visual_servoing', 'pythonpath_develop')
[5.440s] DEBUG:colcon.colcon_core.event_handler.log_command:Invoked command in '/home/t-lemmel/Integ/build/visual_servoing' returned '0': PS1_ori=\[\e]0;\u@\h: \w\a\]${debian_chroot:+($debian_chroot)}\[\033[01;32m\]\u@\h\[\033[00m\]:\[\033[01;34m\]\w\[\033[00m\]\$ PYTHONPATH=/home/t-lemmel/Integ/build/visual_servoing/prefix_override:/home/t-lemmel/Integ/install/visual_servoing/lib/python3.10/site-packages:${PYTHONPATH} /usr/bin/python3 setup.py develop --editable --build-directory /home/t-lemmel/Integ/build/visual_servoing/build --no-deps install_data
[5.460s] INFO:colcon.colcon_core.shell:Creating environment hook '/home/t-lemmel/Integ/build/visual_servoing/share/visual_servoing/hook/pythonpath_develop.ps1'
[5.460s] INFO:colcon.colcon_core.shell:Creating environment descriptor '/home/t-lemmel/Integ/build/visual_servoing/share/visual_servoing/hook/pythonpath_develop.dsv'
[5.461s] INFO:colcon.colcon_core.shell:Creating environment hook '/home/t-lemmel/Integ/build/visual_servoing/share/visual_servoing/hook/pythonpath_develop.sh'
[5.480s] Level 1:colcon.colcon_core.environment:checking '/home/t-lemmel/Integ/install/visual_servoing' for CMake module files
[5.481s] Level 1:colcon.colcon_core.environment:checking '/home/t-lemmel/Integ/install/visual_servoing' for CMake config files
[5.481s] Level 1:colcon.colcon_core.environment:checking '/home/t-lemmel/Integ/install/visual_servoing/lib'
[5.481s] Level 1:colcon.colcon_core.environment:checking '/home/t-lemmel/Integ/install/visual_servoing/bin'
[5.482s] Level 1:colcon.colcon_core.environment:checking '/home/t-lemmel/Integ/install/visual_servoing/lib/pkgconfig/visual_servoing.pc'
[5.482s] Level 1:colcon.colcon_core.environment:checking '/home/t-lemmel/Integ/install/visual_servoing/lib/python3.10/site-packages'
[5.482s] Level 1:colcon.colcon_core.shell:create_environment_hook('visual_servoing', 'pythonpath')
[5.502s] INFO:colcon.colcon_core.shell:Creating environment hook '/home/t-lemmel/Integ/install/visual_servoing/share/visual_servoing/hook/pythonpath.ps1'
[5.502s] INFO:colcon.colcon_core.shell:Creating environment descriptor '/home/t-lemmel/Integ/install/visual_servoing/share/visual_servoing/hook/pythonpath.dsv'
[5.503s] INFO:colcon.colcon_core.shell:Creating environment hook '/home/t-lemmel/Integ/install/visual_servoing/share/visual_servoing/hook/pythonpath.sh'
[5.503s] Level 1:colcon.colcon_core.environment:checking '/home/t-lemmel/Integ/install/visual_servoing/bin'
[5.503s] Level 1:colcon.colcon_core.environment:create_environment_scripts_only(visual_servoing)
[5.523s] INFO:colcon.colcon_core.shell:Creating package script '/home/t-lemmel/Integ/install/visual_servoing/share/visual_servoing/package.ps1'
[5.524s] INFO:colcon.colcon_core.shell:Creating package descriptor '/home/t-lemmel/Integ/install/visual_servoing/share/visual_servoing/package.dsv'
[5.525s] INFO:colcon.colcon_core.shell:Creating package script '/home/t-lemmel/Integ/install/visual_servoing/share/visual_servoing/package.sh'
[5.525s] INFO:colcon.colcon_core.shell:Creating package script '/home/t-lemmel/Integ/install/visual_servoing/share/visual_servoing/package.bash'
[5.525s] INFO:colcon.colcon_core.shell:Creating package script '/home/t-lemmel/Integ/install/visual_servoing/share/visual_servoing/package.zsh'
[5.526s] Level 1:colcon.colcon_core.environment:create_file_with_runtime_dependencies(/home/t-lemmel/Integ/install/visual_servoing/share/colcon-core/packages/visual_servoing)
[5.526s] DEBUG:colcon.colcon_parallel_executor.executor.parallel:closing loop
[5.526s] DEBUG:colcon.colcon_parallel_executor.executor.parallel:loop closed
[5.526s] DEBUG:colcon.colcon_parallel_executor.executor.parallel:run_until_complete finished with '0'
[5.527s] DEBUG:colcon.colcon_core.event_reactor:joining thread
[5.553s] INFO:colcon.colcon_core.plugin_system:Skipping extension 'colcon_notification.desktop_notification.terminal_notifier': Not used on non-Darwin systems
[5.553s] INFO:colcon.colcon_core.plugin_system:Skipping extension 'colcon_notification.desktop_notification.win32': Not used on non-Windows systems
[5.553s] INFO:colcon.colcon_notification.desktop_notification:Sending desktop notification using 'notify2'
[5.566s] DEBUG:colcon.colcon_core.event_reactor:joined thread
[5.591s] INFO:colcon.colcon_core.shell:Creating prefix script '/home/t-lemmel/Integ/install/local_setup.ps1'
[5.593s] INFO:colcon.colcon_core.shell:Creating prefix util module '/home/t-lemmel/Integ/install/_local_setup_util_ps1.py'
[5.594s] INFO:colcon.colcon_core.shell:Creating prefix chain script '/home/t-lemmel/Integ/install/setup.ps1'
[5.616s] INFO:colcon.colcon_core.shell:Creating prefix script '/home/t-lemmel/Integ/install/local_setup.sh'
[5.616s] INFO:colcon.colcon_core.shell:Creating prefix util module '/home/t-lemmel/Integ/install/_local_setup_util_sh.py'
[5.617s] INFO:colcon.colcon_core.shell:Creating prefix chain script '/home/t-lemmel/Integ/install/setup.sh'
[5.638s] INFO:colcon.colcon_core.shell:Creating prefix script '/home/t-lemmel/Integ/install/local_setup.bash'
[5.639s] INFO:colcon.colcon_core.shell:Creating prefix chain script '/home/t-lemmel/Integ/install/setup.bash'
[5.660s] INFO:colcon.colcon_core.shell:Creating prefix script '/home/t-lemmel/Integ/install/local_setup.zsh'
[5.660s] INFO:colcon.colcon_core.shell:Creating prefix chain script '/home/t-lemmel/Integ/install/setup.zsh'
