-- The C compiler identification is GNU 11.4.0
-- The CXX compiler identification is GNU 11.4.0
-- Detecting C compiler ABI info
-- Detecting C compiler ABI info - done
-- Check for working C compiler: /usr/bin/cc - skipped
-- Detecting C compile features
-- Detecting C compile features - done
-- Detecting CXX compiler ABI info
-- Detecting CXX compiler ABI info - done
-- Check for working CXX compiler: /usr/bin/c++ - skipped
-- Detecting CXX compile features
-- Detecting CXX compile features - done
-- Found ament_cmake: 1.3.6 (/opt/ros/humble/share/ament_cmake/cmake)
-- Found Python3: /usr/bin/python3.10 (found version "3.10.12") found components: Interpreter 
-- Override CMake install command with custom implementation using symlinks instead of copying resources
-- Configuring done
-- Generating done
-- Build files have been written to: /home/t-lemmel/Integ/build/integ_description
-- Install configuration: ""
-- Execute custom install script
-- Symlinking: /home/t-lemmel/Integ/install/integ_description/share/integ_description/config/joint_names_scara_sw.yaml
-- Symlinking: /home/t-lemmel/Integ/install/integ_description/share/integ_description/launch/config.rviz
-- Symlinking: /home/t-lemmel/Integ/install/integ_description/share/integ_description/launch/effort_manual.yaml
-- Symlinking: /home/t-lemmel/Integ/install/integ_description/share/integ_description/launch/position_manual.yaml
-- Symlinking: /home/t-lemmel/Integ/install/integ_description/share/integ_description/launch/state_publisher_launch.py
-- Symlinking: /home/t-lemmel/Integ/install/integ_description/share/integ_description/launch/target_launch.py
-- Symlinking: /home/t-lemmel/Integ/install/integ_description/share/integ_description/launch/upload_launch.py
-- Symlinking: /home/t-lemmel/Integ/install/integ_description/share/integ_description/launch/velocity_manual.yaml
-- Symlinking: /home/t-lemmel/Integ/install/integ_description/share/integ_description/launch/world_launch.py
-- Symlinking: /home/t-lemmel/Integ/install/integ_description/share/integ_description/meshes/base_link.STL
-- Symlinking: /home/t-lemmel/Integ/install/integ_description/share/integ_description/meshes/link_1.STL
-- Symlinking: /home/t-lemmel/Integ/install/integ_description/share/integ_description/meshes/link_2.STL
-- Symlinking: /home/t-lemmel/Integ/install/integ_description/share/integ_description/urdf/camera.xacro
-- Symlinking: /home/t-lemmel/Integ/install/integ_description/share/integ_description/urdf/scara_sw.xacro
-- Symlinking: /home/t-lemmel/Integ/install/integ_description/share/integ_description/urdf/scara_sw_identification.urdf
-- Symlinking: /home/t-lemmel/Integ/install/integ_description/share/integ_description/urdf/target.xacro
-- Symlinking: /home/t-lemmel/Integ/install/integ_description/share/integ_description/urdf/world.sdf
-- Symlinking: /home/t-lemmel/Integ/install/integ_description/share/ament_index/resource_index/package_run_dependencies/integ_description
-- Symlinking: /home/t-lemmel/Integ/install/integ_description/share/ament_index/resource_index/parent_prefix_path/integ_description
-- Symlinking: /home/t-lemmel/Integ/install/integ_description/share/integ_description/environment/ament_prefix_path.sh
-- Symlinking: /home/t-lemmel/Integ/install/integ_description/share/integ_description/environment/ament_prefix_path.dsv
-- Symlinking: /home/t-lemmel/Integ/install/integ_description/share/integ_description/environment/path.sh
-- Symlinking: /home/t-lemmel/Integ/install/integ_description/share/integ_description/environment/path.dsv
-- Symlinking: /home/t-lemmel/Integ/install/integ_description/share/integ_description/local_setup.bash
-- Symlinking: /home/t-lemmel/Integ/install/integ_description/share/integ_description/local_setup.sh
-- Symlinking: /home/t-lemmel/Integ/install/integ_description/share/integ_description/local_setup.zsh
-- Symlinking: /home/t-lemmel/Integ/install/integ_description/share/integ_description/local_setup.dsv
-- Symlinking: /home/t-lemmel/Integ/install/integ_description/share/integ_description/package.dsv
-- Symlinking: /home/t-lemmel/Integ/install/integ_description/share/ament_index/resource_index/packages/integ_description
-- Symlinking: /home/t-lemmel/Integ/install/integ_description/share/integ_description/cmake/integ_descriptionConfig.cmake
-- Symlinking: /home/t-lemmel/Integ/install/integ_description/share/integ_description/cmake/integ_descriptionConfig-version.cmake
-- Symlinking: /home/t-lemmel/Integ/install/integ_description/share/integ_description/package.xml
