[0.509s] Invoking command in '/home/t-lemmel/Integ/build/integ_description': CMAKE_PREFIX_PATH=${CMAKE_PREFIX_PATH}:/opt/ros/humble PS1_ori=\[\e]0;\u@\h: \w\a\]${debian_chroot:+($debian_chroot)}\[\033[01;32m\]\u@\h\[\033[00m\]:\[\033[01;34m\]\w\[\033[00m\]\$ /usr/bin/cmake /home/t-lemmel/Integ/src/integ_description -DAMENT_CMAKE_SYMLINK_INSTALL=1 -DCMAKE_INSTALL_PREFIX=/home/t-lemmel/Integ/install/integ_description
[1.387s] -- The C compiler identification is GNU 11.4.0
[2.368s] -- The CXX compiler identification is GNU 11.4.0
[2.470s] -- Detecting C compiler ABI info
[2.688s] -- Detecting C compiler ABI info - done
[2.698s] -- Check for working C compiler: /usr/bin/cc - skipped
[2.726s] -- Detecting C compile features
[2.748s] -- Detecting C compile features - done
[2.793s] -- Detecting CXX compiler ABI info
[2.947s] -- Detecting CXX compiler ABI info - done
[2.957s] -- Check for working CXX compiler: /usr/bin/c++ - skipped
[2.958s] -- Detecting CXX compile features
[2.958s] -- Detecting CXX compile features - done
[3.060s] -- Found ament_cmake: 1.3.6 (/opt/ros/humble/share/ament_cmake/cmake)
[3.488s] -- Found Python3: /usr/bin/python3.10 (found version "3.10.12") found components: Interpreter 
[3.752s] -- Override CMake install command with custom implementation using symlinks instead of copying resources
[4.222s] -- Configuring done
[4.231s] -- Generating done
[4.234s] -- Build files have been written to: /home/t-lemmel/Integ/build/integ_description
[4.245s] Invoked command in '/home/t-lemmel/Integ/build/integ_description' returned '0': CMAKE_PREFIX_PATH=${CMAKE_PREFIX_PATH}:/opt/ros/humble PS1_ori=\[\e]0;\u@\h: \w\a\]${debian_chroot:+($debian_chroot)}\[\033[01;32m\]\u@\h\[\033[00m\]:\[\033[01;34m\]\w\[\033[00m\]\$ /usr/bin/cmake /home/t-lemmel/Integ/src/integ_description -DAMENT_CMAKE_SYMLINK_INSTALL=1 -DCMAKE_INSTALL_PREFIX=/home/t-lemmel/Integ/install/integ_description
[4.248s] Invoking command in '/home/t-lemmel/Integ/build/integ_description': CMAKE_PREFIX_PATH=${CMAKE_PREFIX_PATH}:/opt/ros/humble PS1_ori=\[\e]0;\u@\h: \w\a\]${debian_chroot:+($debian_chroot)}\[\033[01;32m\]\u@\h\[\033[00m\]:\[\033[01;34m\]\w\[\033[00m\]\$ /usr/bin/cmake --build /home/t-lemmel/Integ/build/integ_description -- -j8 -l8
[4.301s] Invoked command in '/home/t-lemmel/Integ/build/integ_description' returned '0': CMAKE_PREFIX_PATH=${CMAKE_PREFIX_PATH}:/opt/ros/humble PS1_ori=\[\e]0;\u@\h: \w\a\]${debian_chroot:+($debian_chroot)}\[\033[01;32m\]\u@\h\[\033[00m\]:\[\033[01;34m\]\w\[\033[00m\]\$ /usr/bin/cmake --build /home/t-lemmel/Integ/build/integ_description -- -j8 -l8
[4.343s] Invoking command in '/home/t-lemmel/Integ/build/integ_description': CMAKE_PREFIX_PATH=${CMAKE_PREFIX_PATH}:/opt/ros/humble PS1_ori=\[\e]0;\u@\h: \w\a\]${debian_chroot:+($debian_chroot)}\[\033[01;32m\]\u@\h\[\033[00m\]:\[\033[01;34m\]\w\[\033[00m\]\$ /usr/bin/cmake --install /home/t-lemmel/Integ/build/integ_description
[4.355s] -- Install configuration: ""
[4.355s] -- Execute custom install script
[4.356s] -- Symlinking: /home/t-lemmel/Integ/install/integ_description/share/integ_description/config/joint_names_scara_sw.yaml
[4.368s] -- Symlinking: /home/t-lemmel/Integ/install/integ_description/share/integ_description/launch/config.rviz
[4.380s] -- Symlinking: /home/t-lemmel/Integ/install/integ_description/share/integ_description/launch/effort_manual.yaml
[4.392s] -- Symlinking: /home/t-lemmel/Integ/install/integ_description/share/integ_description/launch/position_manual.yaml
[4.403s] -- Symlinking: /home/t-lemmel/Integ/install/integ_description/share/integ_description/launch/state_publisher_launch.py
[4.415s] -- Symlinking: /home/t-lemmel/Integ/install/integ_description/share/integ_description/launch/target_launch.py
[4.427s] -- Symlinking: /home/t-lemmel/Integ/install/integ_description/share/integ_description/launch/upload_launch.py
[4.440s] -- Symlinking: /home/t-lemmel/Integ/install/integ_description/share/integ_description/launch/velocity_manual.yaml
[4.452s] -- Symlinking: /home/t-lemmel/Integ/install/integ_description/share/integ_description/launch/world_launch.py
[4.466s] -- Symlinking: /home/t-lemmel/Integ/install/integ_description/share/integ_description/meshes/base_link.STL
[4.477s] -- Symlinking: /home/t-lemmel/Integ/install/integ_description/share/integ_description/meshes/link_1.STL
[4.489s] -- Symlinking: /home/t-lemmel/Integ/install/integ_description/share/integ_description/meshes/link_2.STL
[4.501s] -- Symlinking: /home/t-lemmel/Integ/install/integ_description/share/integ_description/urdf/camera.xacro
[4.513s] -- Symlinking: /home/t-lemmel/Integ/install/integ_description/share/integ_description/urdf/scara_sw.xacro
[4.525s] -- Symlinking: /home/t-lemmel/Integ/install/integ_description/share/integ_description/urdf/scara_sw_identification.urdf
[4.537s] -- Symlinking: /home/t-lemmel/Integ/install/integ_description/share/integ_description/urdf/target.xacro
[4.549s] -- Symlinking: /home/t-lemmel/Integ/install/integ_description/share/integ_description/urdf/world.sdf
[4.561s] -- Symlinking: /home/t-lemmel/Integ/install/integ_description/share/ament_index/resource_index/package_run_dependencies/integ_description
[4.573s] -- Symlinking: /home/t-lemmel/Integ/install/integ_description/share/ament_index/resource_index/parent_prefix_path/integ_description
[4.586s] -- Symlinking: /home/t-lemmel/Integ/install/integ_description/share/integ_description/environment/ament_prefix_path.sh
[4.598s] -- Symlinking: /home/t-lemmel/Integ/install/integ_description/share/integ_description/environment/ament_prefix_path.dsv
[4.610s] -- Symlinking: /home/t-lemmel/Integ/install/integ_description/share/integ_description/environment/path.sh
[4.622s] -- Symlinking: /home/t-lemmel/Integ/install/integ_description/share/integ_description/environment/path.dsv
[4.634s] -- Symlinking: /home/t-lemmel/Integ/install/integ_description/share/integ_description/local_setup.bash
[4.646s] -- Symlinking: /home/t-lemmel/Integ/install/integ_description/share/integ_description/local_setup.sh
[4.658s] -- Symlinking: /home/t-lemmel/Integ/install/integ_description/share/integ_description/local_setup.zsh
[4.670s] -- Symlinking: /home/t-lemmel/Integ/install/integ_description/share/integ_description/local_setup.dsv
[4.682s] -- Symlinking: /home/t-lemmel/Integ/install/integ_description/share/integ_description/package.dsv
[4.695s] -- Symlinking: /home/t-lemmel/Integ/install/integ_description/share/ament_index/resource_index/packages/integ_description
[4.706s] -- Symlinking: /home/t-lemmel/Integ/install/integ_description/share/integ_description/cmake/integ_descriptionConfig.cmake
[4.718s] -- Symlinking: /home/t-lemmel/Integ/install/integ_description/share/integ_description/cmake/integ_descriptionConfig-version.cmake
[4.730s] -- Symlinking: /home/t-lemmel/Integ/install/integ_description/share/integ_description/package.xml
[4.745s] Invoked command in '/home/t-lemmel/Integ/build/integ_description' returned '0': CMAKE_PREFIX_PATH=${CMAKE_PREFIX_PATH}:/opt/ros/humble PS1_ori=\[\e]0;\u@\h: \w\a\]${debian_chroot:+($debian_chroot)}\[\033[01;32m\]\u@\h\[\033[00m\]:\[\033[01;34m\]\w\[\033[00m\]\$ /usr/bin/cmake --install /home/t-lemmel/Integ/build/integ_description
