[0.862s] Invoking command in '/home/t-lemmel/Integ/build/visual_servoing': PS1_ori=\[\e]0;\u@\h: \w\a\]${debian_chroot:+($debian_chroot)}\[\033[01;32m\]\u@\h\[\033[00m\]:\[\033[01;34m\]\w\[\033[00m\]\$ PYTHONPATH=/home/t-lemmel/Integ/build/visual_servoing/prefix_override:/home/t-lemmel/Integ/install/visual_servoing/lib/python3.10/site-packages:${PYTHONPATH} /usr/bin/python3 setup.py develop --editable --build-directory /home/t-lemmel/Integ/build/visual_servoing/build --no-deps install_data
[1.124s] running develop
[1.124s] /usr/lib/python3/dist-packages/setuptools/command/easy_install.py:158: EasyInstallDeprecationWarning: easy_install command is deprecated. Use build and pip and other standards-based tools.
[1.124s]   warnings.warn(
[1.126s] /usr/lib/python3/dist-packages/setuptools/command/install.py:34: SetuptoolsDeprecationWarning: setup.py install is deprecated. Use build and pip and other standards-based tools.
[1.126s]   warnings.warn(
[1.294s] running egg_info
[1.295s] creating visual_servoing.egg-info
[1.295s] writing visual_servoing.egg-info/PKG-INFO
[1.295s] writing dependency_links to visual_servoing.egg-info/dependency_links.txt
[1.295s] writing entry points to visual_servoing.egg-info/entry_points.txt
[1.295s] writing requirements to visual_servoing.egg-info/requires.txt
[1.295s] writing top-level names to visual_servoing.egg-info/top_level.txt
[1.296s] writing manifest file 'visual_servoing.egg-info/SOURCES.txt'
[1.297s] reading manifest file 'visual_servoing.egg-info/SOURCES.txt'
[1.298s] writing manifest file 'visual_servoing.egg-info/SOURCES.txt'
[1.299s] running build_ext
[1.299s] Creating /home/t-lemmel/Integ/install/visual_servoing/lib/python3.10/site-packages/visual-servoing.egg-link (link to .)
[1.300s] Installing FeatureDetector script to /home/t-lemmel/Integ/install/visual_servoing/lib/visual_servoing
[1.300s] Installing tracker script to /home/t-lemmel/Integ/install/visual_servoing/lib/visual_servoing
[1.300s] Installing tracker2 script to /home/t-lemmel/Integ/install/visual_servoing/lib/visual_servoing
[1.300s] 
[1.301s] Installed /home/t-lemmel/Integ/build/visual_servoing
[1.301s] running install_data
[1.301s] creating /home/t-lemmel/Integ/install/visual_servoing/share/ament_index
[1.301s] creating /home/t-lemmel/Integ/install/visual_servoing/share/ament_index/resource_index
[1.301s] creating /home/t-lemmel/Integ/install/visual_servoing/share/ament_index/resource_index/packages
[1.301s] copying resource/visual_servoing -> /home/t-lemmel/Integ/install/visual_servoing/share/ament_index/resource_index/packages
[1.301s] copying package.xml -> /home/t-lemmel/Integ/install/visual_servoing/share/visual_servoing
[1.326s] Invoked command in '/home/t-lemmel/Integ/build/visual_servoing' returned '0': PS1_ori=\[\e]0;\u@\h: \w\a\]${debian_chroot:+($debian_chroot)}\[\033[01;32m\]\u@\h\[\033[00m\]:\[\033[01;34m\]\w\[\033[00m\]\$ PYTHONPATH=/home/t-lemmel/Integ/build/visual_servoing/prefix_override:/home/t-lemmel/Integ/install/visual_servoing/lib/python3.10/site-packages:${PYTHONPATH} /usr/bin/python3 setup.py develop --editable --build-directory /home/t-lemmel/Integ/build/visual_servoing/build --no-deps install_data
