[5.918s] Invoking command in '/home/t-lemmel/Integ/build/visual_servoing': PS1_ori=\[\e]0;\u@\h: \w\a\]${debian_chroot:+($debian_chroot)}\[\033[01;32m\]\u@\h\[\033[00m\]:\[\033[01;34m\]\w\[\033[00m\]\$ PYTHONPATH=/home/t-lemmel/Integ/build/visual_servoing/prefix_override:/home/t-lemmel/Integ/install/visual_servoing/lib/python3.10/site-packages:${PYTHONPATH} /usr/bin/python3 setup.py develop --editable --build-directory /home/t-lemmel/Integ/build/visual_servoing/build --no-deps install_data
[7.423s] running develop
[7.439s] /usr/lib/python3/dist-packages/setuptools/command/easy_install.py:158: EasyInstallDeprecationWarning: easy_install command is deprecated. Use build and pip and other standards-based tools.
[7.440s]   warnings.warn(
[7.457s] /usr/lib/python3/dist-packages/setuptools/command/install.py:34: SetuptoolsDeprecationWarning: setup.py install is deprecated. Use build and pip and other standards-based tools.
[7.457s]   warnings.warn(
[8.597s] running egg_info
[8.598s] writing visual_servoing.egg-info/PKG-INFO
[8.598s] writing dependency_links to visual_servoing.egg-info/dependency_links.txt
[8.599s] writing entry points to visual_servoing.egg-info/entry_points.txt
[8.600s] writing requirements to visual_servoing.egg-info/requires.txt
[8.600s] writing top-level names to visual_servoing.egg-info/top_level.txt
[8.607s] reading manifest file 'visual_servoing.egg-info/SOURCES.txt'
[8.640s] writing manifest file 'visual_servoing.egg-info/SOURCES.txt'
[8.646s] running build_ext
[8.647s] Creating /home/t-lemmel/Integ/install/visual_servoing/lib/python3.10/site-packages/visual-servoing.egg-link (link to .)
[8.652s] Installing FeatureDetector script to /home/t-lemmel/Integ/install/visual_servoing/lib/visual_servoing
[8.653s] Installing tracker script to /home/t-lemmel/Integ/install/visual_servoing/lib/visual_servoing
[8.655s] Installing tracker2 script to /home/t-lemmel/Integ/install/visual_servoing/lib/visual_servoing
[8.657s] 
[8.658s] Installed /home/t-lemmel/Integ/build/visual_servoing
[8.659s] running install_data
[8.878s] Invoked command in '/home/t-lemmel/Integ/build/visual_servoing' returned '0': PS1_ori=\[\e]0;\u@\h: \w\a\]${debian_chroot:+($debian_chroot)}\[\033[01;32m\]\u@\h\[\033[00m\]:\[\033[01;34m\]\w\[\033[00m\]\$ PYTHONPATH=/home/t-lemmel/Integ/build/visual_servoing/prefix_override:/home/t-lemmel/Integ/install/visual_servoing/lib/python3.10/site-packages:${PYTHONPATH} /usr/bin/python3 setup.py develop --editable --build-directory /home/t-lemmel/Integ/build/visual_servoing/build --no-deps install_data
