[2.018s] Invoking command in '/home/t-lemmel/Integ/build/integ_description': CMAKE_PREFIX_PATH=${CMAKE_PREFIX_PATH}:/opt/ros/humble PS1_ori=\[\e]0;\u@\h: \w\a\]${debian_chroot:+($debian_chroot)}\[\033[01;32m\]\u@\h\[\033[00m\]:\[\033[01;34m\]\w\[\033[00m\]\$ /usr/bin/cmake --build /home/t-lemmel/Integ/build/integ_description -- -j8 -l8
[4.444s] Invoked command in '/home/t-lemmel/Integ/build/integ_description' returned '0': CMAKE_PREFIX_PATH=${CMAKE_PREFIX_PATH}:/opt/ros/humble PS1_ori=\[\e]0;\u@\h: \w\a\]${debian_chroot:+($debian_chroot)}\[\033[01;32m\]\u@\h\[\033[00m\]:\[\033[01;34m\]\w\[\033[00m\]\$ /usr/bin/cmake --build /home/t-lemmel/Integ/build/integ_description -- -j8 -l8
[4.588s] Invoking command in '/home/t-lemmel/Integ/build/integ_description': CMAKE_PREFIX_PATH=${CMAKE_PREFIX_PATH}:/opt/ros/humble PS1_ori=\[\e]0;\u@\h: \w\a\]${debian_chroot:+($debian_chroot)}\[\033[01;32m\]\u@\h\[\033[00m\]:\[\033[01;34m\]\w\[\033[00m\]\$ /usr/bin/cmake --install /home/t-lemmel/Integ/build/integ_description
[4.672s] -- Install configuration: ""
[4.705s] -- Execute custom install script
[4.719s] -- Up-to-date symlink: /home/t-lemmel/Integ/install/integ_description/share/integ_description/config/joint_names_scara_sw.yaml
[4.722s] -- Up-to-date symlink: /home/t-lemmel/Integ/install/integ_description/share/integ_description/launch/config.rviz
[4.723s] -- Up-to-date symlink: /home/t-lemmel/Integ/install/integ_description/share/integ_description/launch/effort_manual.yaml
[4.724s] -- Up-to-date symlink: /home/t-lemmel/Integ/install/integ_description/share/integ_description/launch/position_manual.yaml
[4.724s] -- Up-to-date symlink: /home/t-lemmel/Integ/install/integ_description/share/integ_description/launch/state_publisher_launch.py
[4.725s] -- Up-to-date symlink: /home/t-lemmel/Integ/install/integ_description/share/integ_description/launch/target_launch.py
[4.725s] -- Up-to-date symlink: /home/t-lemmel/Integ/install/integ_description/share/integ_description/launch/upload_launch.py
[4.725s] -- Up-to-date symlink: /home/t-lemmel/Integ/install/integ_description/share/integ_description/launch/velocity_manual.yaml
[4.726s] -- Up-to-date symlink: /home/t-lemmel/Integ/install/integ_description/share/integ_description/launch/world_launch.py
[4.729s] -- Up-to-date symlink: /home/t-lemmel/Integ/install/integ_description/share/integ_description/meshes/base_link.STL
[4.730s] -- Up-to-date symlink: /home/t-lemmel/Integ/install/integ_description/share/integ_description/meshes/link_1.STL
[4.730s] -- Up-to-date symlink: /home/t-lemmel/Integ/install/integ_description/share/integ_description/meshes/link_2.STL
[4.731s] -- Up-to-date symlink: /home/t-lemmel/Integ/install/integ_description/share/integ_description/urdf/camera.xacro
[4.731s] -- Up-to-date symlink: /home/t-lemmel/Integ/install/integ_description/share/integ_description/urdf/scara_sw.xacro
[4.731s] -- Up-to-date symlink: /home/t-lemmel/Integ/install/integ_description/share/integ_description/urdf/scara_sw_identification.urdf
[4.731s] -- Up-to-date symlink: /home/t-lemmel/Integ/install/integ_description/share/integ_description/urdf/target.xacro
[4.731s] -- Up-to-date symlink: /home/t-lemmel/Integ/install/integ_description/share/integ_description/urdf/world.sdf
[4.758s] -- Up-to-date symlink: /home/t-lemmel/Integ/install/integ_description/share/ament_index/resource_index/package_run_dependencies/integ_description
[4.760s] -- Up-to-date symlink: /home/t-lemmel/Integ/install/integ_description/share/ament_index/resource_index/parent_prefix_path/integ_description
[4.760s] -- Up-to-date symlink: /home/t-lemmel/Integ/install/integ_description/share/integ_description/environment/ament_prefix_path.sh
[4.762s] -- Up-to-date symlink: /home/t-lemmel/Integ/install/integ_description/share/integ_description/environment/ament_prefix_path.dsv
[4.763s] -- Up-to-date symlink: /home/t-lemmel/Integ/install/integ_description/share/integ_description/environment/path.sh
[4.766s] -- Up-to-date symlink: /home/t-lemmel/Integ/install/integ_description/share/integ_description/environment/path.dsv
[4.768s] -- Up-to-date symlink: /home/t-lemmel/Integ/install/integ_description/share/integ_description/local_setup.bash
[4.778s] -- Up-to-date symlink: /home/t-lemmel/Integ/install/integ_description/share/integ_description/local_setup.sh
[4.778s] -- Up-to-date symlink: /home/t-lemmel/Integ/install/integ_description/share/integ_description/local_setup.zsh
[4.778s] -- Up-to-date symlink: /home/t-lemmel/Integ/install/integ_description/share/integ_description/local_setup.dsv
[4.778s] -- Symlinking: /home/t-lemmel/Integ/install/integ_description/share/integ_description/package.dsv
[4.815s] -- Up-to-date symlink: /home/t-lemmel/Integ/install/integ_description/share/ament_index/resource_index/packages/integ_description
[4.815s] -- Up-to-date symlink: /home/t-lemmel/Integ/install/integ_description/share/integ_description/cmake/integ_descriptionConfig.cmake
[4.818s] -- Up-to-date symlink: /home/t-lemmel/Integ/install/integ_description/share/integ_description/cmake/integ_descriptionConfig-version.cmake
[4.819s] -- Up-to-date symlink: /home/t-lemmel/Integ/install/integ_description/share/integ_description/package.xml
[4.835s] Invoked command in '/home/t-lemmel/Integ/build/integ_description' returned '0': CMAKE_PREFIX_PATH=${CMAKE_PREFIX_PATH}:/opt/ros/humble PS1_ori=\[\e]0;\u@\h: \w\a\]${debian_chroot:+($debian_chroot)}\[\033[01;32m\]\u@\h\[\033[00m\]:\[\033[01;34m\]\w\[\033[00m\]\$ /usr/bin/cmake --install /home/t-lemmel/Integ/build/integ_description
