[3.218s] Invoking command in '/home/t-lemmel/Integ/build/visual_servoing': PS1_ori=\[\e]0;\u@\h: \w\a\]${debian_chroot:+($debian_chroot)}\[\033[01;32m\]\u@\h\[\033[00m\]:\[\033[01;34m\]\w\[\033[00m\]\$ PYTHONPATH=/home/t-lemmel/Integ/build/visual_servoing/prefix_override:/home/t-lemmel/Integ/install/visual_servoing/lib/python3.10/site-packages:${PYTHONPATH} /usr/bin/python3 setup.py develop --editable --build-directory /home/t-lemmel/Integ/build/visual_servoing/build --no-deps install_data
[3.545s] running develop
[3.617s] /usr/lib/python3/dist-packages/setuptools/command/easy_install.py:158: EasyInstallDeprecationWarning: easy_install command is deprecated. Use build and pip and other standards-based tools.
[3.617s]   warnings.warn(
[3.633s] /usr/lib/python3/dist-packages/setuptools/command/install.py:34: SetuptoolsDeprecationWarning: setup.py install is deprecated. Use build and pip and other standards-based tools.
[3.633s]   warnings.warn(
[3.876s] running egg_info
[3.876s] creating visual_servoing.egg-info
[3.877s] writing visual_servoing.egg-info/PKG-INFO
[3.877s] writing dependency_links to visual_servoing.egg-info/dependency_links.txt
[3.877s] writing entry points to visual_servoing.egg-info/entry_points.txt
[3.877s] writing requirements to visual_servoing.egg-info/requires.txt
[3.877s] writing top-level names to visual_servoing.egg-info/top_level.txt
[3.878s] writing manifest file 'visual_servoing.egg-info/SOURCES.txt'
[3.908s] reading manifest file 'visual_servoing.egg-info/SOURCES.txt'
[3.909s] writing manifest file 'visual_servoing.egg-info/SOURCES.txt'
[3.911s] running build_ext
[3.911s] Creating /home/t-lemmel/Integ/install/visual_servoing/lib/python3.10/site-packages/visual-servoing.egg-link (link to .)
[3.912s] Installing tracker script to /home/t-lemmel/Integ/install/visual_servoing/lib/visual_servoing
[3.912s] 
[3.912s] Installed /home/t-lemmel/Integ/build/visual_servoing
[3.913s] running install_data
[3.913s] creating /home/t-lemmel/Integ/install/visual_servoing/share/ament_index
[3.913s] creating /home/t-lemmel/Integ/install/visual_servoing/share/ament_index/resource_index
[3.913s] creating /home/t-lemmel/Integ/install/visual_servoing/share/ament_index/resource_index/packages
[3.913s] copying resource/visual_servoing -> /home/t-lemmel/Integ/install/visual_servoing/share/ament_index/resource_index/packages
[3.913s] copying package.xml -> /home/t-lemmel/Integ/install/visual_servoing/share/visual_servoing
[3.945s] Invoked command in '/home/t-lemmel/Integ/build/visual_servoing' returned '0': PS1_ori=\[\e]0;\u@\h: \w\a\]${debian_chroot:+($debian_chroot)}\[\033[01;32m\]\u@\h\[\033[00m\]:\[\033[01;34m\]\w\[\033[00m\]\$ PYTHONPATH=/home/t-lemmel/Integ/build/visual_servoing/prefix_override:/home/t-lemmel/Integ/install/visual_servoing/lib/python3.10/site-packages:${PYTHONPATH} /usr/bin/python3 setup.py develop --editable --build-directory /home/t-lemmel/Integ/build/visual_servoing/build --no-deps install_data
