[0.415s] Invoking command in '/home/t-lemmel/Integ/build/integ_description': CMAKE_PREFIX_PATH=${CMAKE_PREFIX_PATH}:/opt/ros/humble PS1_ori=\[\e]0;\u@\h: \w\a\]${debian_chroot:+($debian_chroot)}\[\033[01;32m\]\u@\h\[\033[00m\]:\[\033[01;34m\]\w\[\033[00m\]\$ /usr/bin/cmake --build /home/t-lemmel/Integ/build/integ_description -- -j8 -l8
[0.947s] Invoked command in '/home/t-lemmel/Integ/build/integ_description' returned '0': CMAKE_PREFIX_PATH=${CMAKE_PREFIX_PATH}:/opt/ros/humble PS1_ori=\[\e]0;\u@\h: \w\a\]${debian_chroot:+($debian_chroot)}\[\033[01;32m\]\u@\h\[\033[00m\]:\[\033[01;34m\]\w\[\033[00m\]\$ /usr/bin/cmake --build /home/t-lemmel/Integ/build/integ_description -- -j8 -l8
[0.990s] Invoking command in '/home/t-lemmel/Integ/build/integ_description': CMAKE_PREFIX_PATH=${CMAKE_PREFIX_PATH}:/opt/ros/humble PS1_ori=\[\e]0;\u@\h: \w\a\]${debian_chroot:+($debian_chroot)}\[\033[01;32m\]\u@\h\[\033[00m\]:\[\033[01;34m\]\w\[\033[00m\]\$ /usr/bin/cmake --install /home/t-lemmel/Integ/build/integ_description
[1.001s] -- Install configuration: ""
[1.002s] -- Execute custom install script
[1.002s] -- Up-to-date symlink: /home/t-lemmel/Integ/install/integ_description/share/integ_description/config/joint_names_scara_sw.yaml
[1.003s] -- Up-to-date symlink: /home/t-lemmel/Integ/install/integ_description/share/integ_description/launch/config.rviz
[1.003s] -- Up-to-date symlink: /home/t-lemmel/Integ/install/integ_description/share/integ_description/launch/effort_manual.yaml
[1.003s] -- Up-to-date symlink: /home/t-lemmel/Integ/install/integ_description/share/integ_description/launch/position_manual.yaml
[1.003s] -- Up-to-date symlink: /home/t-lemmel/Integ/install/integ_description/share/integ_description/launch/state_publisher_launch.py
[1.004s] -- Up-to-date symlink: /home/t-lemmel/Integ/install/integ_description/share/integ_description/launch/target_launch.py
[1.004s] -- Up-to-date symlink: /home/t-lemmel/Integ/install/integ_description/share/integ_description/launch/upload_launch.py
[1.004s] -- Up-to-date symlink: /home/t-lemmel/Integ/install/integ_description/share/integ_description/launch/velocity_manual.yaml
[1.004s] -- Up-to-date symlink: /home/t-lemmel/Integ/install/integ_description/share/integ_description/launch/world_launch.py
[1.004s] -- Up-to-date symlink: /home/t-lemmel/Integ/install/integ_description/share/integ_description/meshes/base_link.STL
[1.004s] -- Up-to-date symlink: /home/t-lemmel/Integ/install/integ_description/share/integ_description/meshes/link_1.STL
[1.005s] -- Up-to-date symlink: /home/t-lemmel/Integ/install/integ_description/share/integ_description/meshes/link_2.STL
[1.005s] -- Up-to-date symlink: /home/t-lemmel/Integ/install/integ_description/share/integ_description/urdf/camera.xacro
[1.005s] -- Up-to-date symlink: /home/t-lemmel/Integ/install/integ_description/share/integ_description/urdf/scara_sw.xacro
[1.005s] -- Up-to-date symlink: /home/t-lemmel/Integ/install/integ_description/share/integ_description/urdf/scara_sw_identification.urdf
[1.005s] -- Up-to-date symlink: /home/t-lemmel/Integ/install/integ_description/share/integ_description/urdf/target.xacro
[1.005s] -- Up-to-date symlink: /home/t-lemmel/Integ/install/integ_description/share/integ_description/urdf/world.sdf
[1.005s] -- Up-to-date symlink: /home/t-lemmel/Integ/install/integ_description/share/ament_index/resource_index/package_run_dependencies/integ_description
[1.006s] -- Up-to-date symlink: /home/t-lemmel/Integ/install/integ_description/share/ament_index/resource_index/parent_prefix_path/integ_description
[1.006s] -- Up-to-date symlink: /home/t-lemmel/Integ/install/integ_description/share/integ_description/environment/ament_prefix_path.sh
[1.006s] -- Up-to-date symlink: /home/t-lemmel/Integ/install/integ_description/share/integ_description/environment/ament_prefix_path.dsv
[1.006s] -- Up-to-date symlink: /home/t-lemmel/Integ/install/integ_description/share/integ_description/environment/path.sh
[1.007s] -- Up-to-date symlink: /home/t-lemmel/Integ/install/integ_description/share/integ_description/environment/path.dsv
[1.007s] -- Up-to-date symlink: /home/t-lemmel/Integ/install/integ_description/share/integ_description/local_setup.bash
[1.007s] -- Up-to-date symlink: /home/t-lemmel/Integ/install/integ_description/share/integ_description/local_setup.sh
[1.007s] -- Up-to-date symlink: /home/t-lemmel/Integ/install/integ_description/share/integ_description/local_setup.zsh
[1.008s] -- Up-to-date symlink: /home/t-lemmel/Integ/install/integ_description/share/integ_description/local_setup.dsv
[1.008s] -- Symlinking: /home/t-lemmel/Integ/install/integ_description/share/integ_description/package.dsv
[1.020s] -- Up-to-date symlink: /home/t-lemmel/Integ/install/integ_description/share/ament_index/resource_index/packages/integ_description
[1.021s] -- Up-to-date symlink: /home/t-lemmel/Integ/install/integ_description/share/integ_description/cmake/integ_descriptionConfig.cmake
[1.021s] -- Up-to-date symlink: /home/t-lemmel/Integ/install/integ_description/share/integ_description/cmake/integ_descriptionConfig-version.cmake
[1.021s] -- Up-to-date symlink: /home/t-lemmel/Integ/install/integ_description/share/integ_description/package.xml
[1.024s] Invoked command in '/home/t-lemmel/Integ/build/integ_description' returned '0': CMAKE_PREFIX_PATH=${CMAKE_PREFIX_PATH}:/opt/ros/humble PS1_ori=\[\e]0;\u@\h: \w\a\]${debian_chroot:+($debian_chroot)}\[\033[01;32m\]\u@\h\[\033[00m\]:\[\033[01;34m\]\w\[\033[00m\]\$ /usr/bin/cmake --install /home/t-lemmel/Integ/build/integ_description
