[1.385s] Invoking command in '/home/t-lemmel/Integ/build/integ_my_robot_interfaces': CMAKE_PREFIX_PATH=${CMAKE_PREFIX_PATH}:/opt/ros/humble PS1_ori=\[\e]0;\u@\h: \w\a\]${debian_chroot:+($debian_chroot)}\[\033[01;32m\]\u@\h\[\033[00m\]:\[\033[01;34m\]\w\[\033[00m\]\$ /usr/bin/cmake --build /home/t-lemmel/Integ/build/integ_my_robot_interfaces -- -j8 -l8
[1.657s] -- Found ament_cmake: 1.3.6 (/opt/ros/humble/share/ament_cmake/cmake)
[2.597s] -- Override CMake install command with custom implementation using symlinks instead of copying resources
[2.778s] -- Found rosidl_default_generators: 1.2.0 (/opt/ros/humble/share/rosidl_default_generators/cmake)
[2.832s] -- Using all available rosidl_typesupport_c: rosidl_typesupport_fastrtps_c;rosidl_typesupport_introspection_c
[2.906s] -- Found rosidl_adapter: 3.1.5 (/opt/ros/humble/share/rosidl_adapter/cmake)
[3.283s] -- Using all available rosidl_typesupport_cpp: rosidl_typesupport_fastrtps_cpp;rosidl_typesupport_introspection_cpp
[3.513s] -- Found geometry_msgs: 4.2.3 (/opt/ros/humble/share/geometry_msgs/cmake)
[5.679s] -- Found ament_cmake_ros: 0.10.0 (/opt/ros/humble/share/ament_cmake_ros/cmake)
[7.049s] -- Using all available rosidl_typesupport_c: rosidl_typesupport_fastrtps_c;rosidl_typesupport_introspection_c
[8.761s] -- Using all available rosidl_typesupport_cpp: rosidl_typesupport_fastrtps_cpp;rosidl_typesupport_introspection_cpp
[8.951s] -- Found python_cmake_module: 0.10.0 (/opt/ros/humble/share/python_cmake_module/cmake)
[9.094s] -- Using PYTHON_EXECUTABLE: /usr/bin/python3
[9.095s] -- Using PYTHON_INCLUDE_DIRS: /usr/include/python3.10
[9.095s] -- Using PYTHON_LIBRARIES: /usr/lib/x86_64-linux-gnu/libpython3.10.so
[9.487s] -- Configuring done
[9.696s] -- Generating done
[9.707s] -- Build files have been written to: /home/t-lemmel/Integ/build/integ_my_robot_interfaces
[9.813s] [  3%] [34m[1mGenerating C code for ROS interfaces[0m
[9.854s] [  6%] [34m[1mGenerating C++ code for ROS interfaces[0m
[9.888s] [  6%] Built target ament_cmake_python_symlink_integ_my_robot_interfaces
[11.073s] [  6%] Built target integ_my_robot_interfaces__cpp
[11.120s] [  9%] [34m[1mGenerating C++ type support for eProsima Fast-RTPS[0m
[11.127s] [35m[1mConsolidate compiler generated dependencies of target integ_my_robot_interfaces__rosidl_generator_c[0m
[11.134s] [ 12%] [34m[1mGenerating C++ introspection for ROS interfaces[0m
[11.141s] [ 16%] [34m[1mGenerating C++ type support dispatch for ROS interfaces[0m
[11.166s] running egg_info
[11.170s] writing integ_my_robot_interfaces.egg-info/PKG-INFO
[11.175s] writing dependency_links to integ_my_robot_interfaces.egg-info/dependency_links.txt
[11.176s] writing top-level names to integ_my_robot_interfaces.egg-info/top_level.txt
[11.189s] reading manifest file 'integ_my_robot_interfaces.egg-info/SOURCES.txt'
[11.189s] [ 19%] [32mBuilding C object CMakeFiles/integ_my_robot_interfaces__rosidl_generator_c.dir/rosidl_generator_c/integ_my_robot_interfaces/msg/detail/center_and_area__functions.c.o[0m
[11.192s] writing manifest file 'integ_my_robot_interfaces.egg-info/SOURCES.txt'
[11.370s] [ 19%] Built target ament_cmake_python_build_integ_my_robot_interfaces_egg
[12.404s] [ 22%] [32m[1mLinking C shared library libinteg_my_robot_interfaces__rosidl_generator_c.so[0m
[12.413s] [35m[1mConsolidate compiler generated dependencies of target integ_my_robot_interfaces__rosidl_typesupport_cpp[0m
[12.457s] [35m[1mConsolidate compiler generated dependencies of target integ_my_robot_interfaces__rosidl_typesupport_introspection_cpp[0m
[12.464s] [ 25%] [32mBuilding CXX object CMakeFiles/integ_my_robot_interfaces__rosidl_typesupport_cpp.dir/rosidl_typesupport_cpp/integ_my_robot_interfaces/msg/center_and_area__type_support.cpp.o[0m
[12.470s] [35m[1mConsolidate compiler generated dependencies of target integ_my_robot_interfaces__rosidl_typesupport_fastrtps_cpp[0m
[12.511s] [ 29%] [32mBuilding CXX object CMakeFiles/integ_my_robot_interfaces__rosidl_typesupport_introspection_cpp.dir/rosidl_typesupport_introspection_cpp/integ_my_robot_interfaces/msg/detail/center_and_area__type_support.cpp.o[0m
[12.528s] [ 32%] [32mBuilding CXX object CMakeFiles/integ_my_robot_interfaces__rosidl_typesupport_fastrtps_cpp.dir/rosidl_typesupport_fastrtps_cpp/integ_my_robot_interfaces/msg/detail/dds_fastrtps/center_and_area__type_support.cpp.o[0m
[12.903s] [ 32%] Built target integ_my_robot_interfaces__rosidl_generator_c
[15.677s] [ 35%] [32m[1mLinking CXX shared library libinteg_my_robot_interfaces__rosidl_typesupport_cpp.so[0m
[15.871s] [ 35%] Built target integ_my_robot_interfaces__rosidl_typesupport_cpp
[16.032s] [ 38%] [32m[1mLinking CXX shared library libinteg_my_robot_interfaces__rosidl_typesupport_introspection_cpp.so[0m
[16.119s] [ 41%] [32m[1mLinking CXX shared library libinteg_my_robot_interfaces__rosidl_typesupport_fastrtps_cpp.so[0m
[16.286s] [ 41%] Built target integ_my_robot_interfaces__rosidl_typesupport_introspection_cpp
[16.471s] [ 41%] Built target integ_my_robot_interfaces__rosidl_typesupport_fastrtps_cpp
[16.537s] [ 45%] [34m[1mGenerating C type support dispatch for ROS interfaces[0m
[17.579s] [35m[1mConsolidate compiler generated dependencies of target integ_my_robot_interfaces__rosidl_typesupport_c[0m
[17.621s] [ 48%] [32mBuilding CXX object CMakeFiles/integ_my_robot_interfaces__rosidl_typesupport_c.dir/rosidl_typesupport_c/integ_my_robot_interfaces/msg/center_and_area__type_support.cpp.o[0m
[17.742s] [ 51%] [32m[1mLinking CXX shared library libinteg_my_robot_interfaces__rosidl_typesupport_c.so[0m
[17.915s] [ 51%] Built target integ_my_robot_interfaces__rosidl_typesupport_c
[17.959s] [ 54%] [34m[1mGenerating C introspection for ROS interfaces[0m
[19.012s] [35m[1mConsolidate compiler generated dependencies of target integ_my_robot_interfaces__rosidl_typesupport_introspection_c[0m
[19.055s] [ 58%] [32mBuilding C object CMakeFiles/integ_my_robot_interfaces__rosidl_typesupport_introspection_c.dir/rosidl_typesupport_introspection_c/integ_my_robot_interfaces/msg/detail/center_and_area__type_support.c.o[0m
[19.222s] [ 61%] [32m[1mLinking C shared library libinteg_my_robot_interfaces__rosidl_typesupport_introspection_c.so[0m
[19.346s] [ 61%] Built target integ_my_robot_interfaces__rosidl_typesupport_introspection_c
[19.391s] [ 64%] [34m[1mGenerating C type support for eProsima Fast-RTPS[0m
[20.372s] [35m[1mConsolidate compiler generated dependencies of target integ_my_robot_interfaces__rosidl_typesupport_fastrtps_c[0m
[20.411s] [ 67%] [32mBuilding CXX object CMakeFiles/integ_my_robot_interfaces__rosidl_typesupport_fastrtps_c.dir/rosidl_typesupport_fastrtps_c/integ_my_robot_interfaces/msg/detail/center_and_area__type_support_c.cpp.o[0m
[22.015s] [ 70%] [32m[1mLinking CXX shared library libinteg_my_robot_interfaces__rosidl_typesupport_fastrtps_c.so[0m
[22.370s] [ 70%] Built target integ_my_robot_interfaces__rosidl_typesupport_fastrtps_c
[22.460s] [ 70%] Built target integ_my_robot_interfaces
[22.564s] [ 74%] [34m[1mGenerating Python code for ROS interfaces[0m
[24.262s] [ 74%] Built target integ_my_robot_interfaces__py
[24.295s] [35m[1mConsolidate compiler generated dependencies of target integ_my_robot_interfaces__rosidl_generator_py[0m
[24.349s] [ 77%] [32mBuilding C object CMakeFiles/integ_my_robot_interfaces__rosidl_generator_py.dir/rosidl_generator_py/integ_my_robot_interfaces/msg/_center_and_area_s.c.o[0m
[25.396s] [ 80%] [32m[1mLinking C shared library rosidl_generator_py/integ_my_robot_interfaces/libinteg_my_robot_interfaces__rosidl_generator_py.so[0m
[25.620s] [ 80%] Built target integ_my_robot_interfaces__rosidl_generator_py
[25.705s] [35m[1mConsolidate compiler generated dependencies of target integ_my_robot_interfaces__rosidl_typesupport_fastrtps_c__pyext[0m
[25.758s] [ 83%] [32mBuilding C object CMakeFiles/integ_my_robot_interfaces__rosidl_typesupport_fastrtps_c__pyext.dir/rosidl_generator_py/integ_my_robot_interfaces/_integ_my_robot_interfaces_s.ep.rosidl_typesupport_fastrtps_c.c.o[0m
[26.236s] [ 87%] [32m[1mLinking C shared library rosidl_generator_py/integ_my_robot_interfaces/integ_my_robot_interfaces_s__rosidl_typesupport_fastrtps_c.cpython-310-x86_64-linux-gnu.so[0m
[26.444s] [ 87%] Built target integ_my_robot_interfaces__rosidl_typesupport_fastrtps_c__pyext
[26.494s] [35m[1mConsolidate compiler generated dependencies of target integ_my_robot_interfaces__rosidl_typesupport_c__pyext[0m
[26.555s] [ 90%] [32mBuilding C object CMakeFiles/integ_my_robot_interfaces__rosidl_typesupport_c__pyext.dir/rosidl_generator_py/integ_my_robot_interfaces/_integ_my_robot_interfaces_s.ep.rosidl_typesupport_c.c.o[0m
[26.976s] [ 93%] [32m[1mLinking C shared library rosidl_generator_py/integ_my_robot_interfaces/integ_my_robot_interfaces_s__rosidl_typesupport_c.cpython-310-x86_64-linux-gnu.so[0m
[27.186s] [ 93%] Built target integ_my_robot_interfaces__rosidl_typesupport_c__pyext
[27.232s] [35m[1mConsolidate compiler generated dependencies of target integ_my_robot_interfaces__rosidl_typesupport_introspection_c__pyext[0m
[27.284s] [ 96%] [32mBuilding C object CMakeFiles/integ_my_robot_interfaces__rosidl_typesupport_introspection_c__pyext.dir/rosidl_generator_py/integ_my_robot_interfaces/_integ_my_robot_interfaces_s.ep.rosidl_typesupport_introspection_c.c.o[0m
[27.646s] [100%] [32m[1mLinking C shared library rosidl_generator_py/integ_my_robot_interfaces/integ_my_robot_interfaces_s__rosidl_typesupport_introspection_c.cpython-310-x86_64-linux-gnu.so[0m
[27.854s] [100%] Built target integ_my_robot_interfaces__rosidl_typesupport_introspection_c__pyext
[27.907s] Invoked command in '/home/t-lemmel/Integ/build/integ_my_robot_interfaces' returned '0': CMAKE_PREFIX_PATH=${CMAKE_PREFIX_PATH}:/opt/ros/humble PS1_ori=\[\e]0;\u@\h: \w\a\]${debian_chroot:+($debian_chroot)}\[\033[01;32m\]\u@\h\[\033[00m\]:\[\033[01;34m\]\w\[\033[00m\]\$ /usr/bin/cmake --build /home/t-lemmel/Integ/build/integ_my_robot_interfaces -- -j8 -l8
[28.168s] Invoking command in '/home/t-lemmel/Integ/build/integ_my_robot_interfaces': CMAKE_PREFIX_PATH=${CMAKE_PREFIX_PATH}:/opt/ros/humble PS1_ori=\[\e]0;\u@\h: \w\a\]${debian_chroot:+($debian_chroot)}\[\033[01;32m\]\u@\h\[\033[00m\]:\[\033[01;34m\]\w\[\033[00m\]\$ /usr/bin/cmake --install /home/t-lemmel/Integ/build/integ_my_robot_interfaces
[28.201s] -- Install configuration: ""
[28.204s] -- Execute custom install script
[28.205s] -- Up-to-date symlink: /home/t-lemmel/Integ/install/integ_my_robot_interfaces/share/ament_index/resource_index/rosidl_interfaces/integ_my_robot_interfaces
[28.206s] -- Up-to-date symlink: /home/t-lemmel/Integ/install/integ_my_robot_interfaces/include/integ_my_robot_interfaces/integ_my_robot_interfaces/msg/center_and_area.h
[28.207s] -- Up-to-date symlink: /home/t-lemmel/Integ/install/integ_my_robot_interfaces/include/integ_my_robot_interfaces/integ_my_robot_interfaces/msg/detail/center_and_area__functions.h
[28.207s] -- Up-to-date symlink: /home/t-lemmel/Integ/install/integ_my_robot_interfaces/include/integ_my_robot_interfaces/integ_my_robot_interfaces/msg/detail/center_and_area__struct.h
[28.209s] -- Up-to-date symlink: /home/t-lemmel/Integ/install/integ_my_robot_interfaces/include/integ_my_robot_interfaces/integ_my_robot_interfaces/msg/detail/center_and_area__type_support.h
[28.209s] -- Up-to-date symlink: /home/t-lemmel/Integ/install/integ_my_robot_interfaces/include/integ_my_robot_interfaces/integ_my_robot_interfaces/msg/rosidl_generator_c__visibility_control.h
[28.210s] -- Up-to-date symlink: /home/t-lemmel/Integ/install/integ_my_robot_interfaces/share/integ_my_robot_interfaces/environment/library_path.sh
[28.210s] -- Up-to-date symlink: /home/t-lemmel/Integ/install/integ_my_robot_interfaces/share/integ_my_robot_interfaces/environment/library_path.dsv
[28.213s] -- Up-to-date symlink: /home/t-lemmel/Integ/install/integ_my_robot_interfaces/include/integ_my_robot_interfaces/integ_my_robot_interfaces/msg/detail/center_and_area__rosidl_typesupport_fastrtps_c.h
[28.214s] -- Up-to-date symlink: /home/t-lemmel/Integ/install/integ_my_robot_interfaces/include/integ_my_robot_interfaces/integ_my_robot_interfaces/msg/rosidl_typesupport_fastrtps_c__visibility_control.h
[28.214s] -- Up-to-date symlink: /home/t-lemmel/Integ/install/integ_my_robot_interfaces/include/integ_my_robot_interfaces/integ_my_robot_interfaces/msg/detail/center_and_area__rosidl_typesupport_introspection_c.h
[28.215s] -- Up-to-date symlink: /home/t-lemmel/Integ/install/integ_my_robot_interfaces/include/integ_my_robot_interfaces/integ_my_robot_interfaces/msg/rosidl_typesupport_introspection_c__visibility_control.h
[28.216s] -- Up-to-date symlink: /home/t-lemmel/Integ/install/integ_my_robot_interfaces/include/integ_my_robot_interfaces/integ_my_robot_interfaces/msg/center_and_area.hpp
[28.217s] -- Up-to-date symlink: /home/t-lemmel/Integ/install/integ_my_robot_interfaces/include/integ_my_robot_interfaces/integ_my_robot_interfaces/msg/detail/center_and_area__builder.hpp
[28.218s] -- Up-to-date symlink: /home/t-lemmel/Integ/install/integ_my_robot_interfaces/include/integ_my_robot_interfaces/integ_my_robot_interfaces/msg/detail/center_and_area__struct.hpp
[28.218s] -- Up-to-date symlink: /home/t-lemmel/Integ/install/integ_my_robot_interfaces/include/integ_my_robot_interfaces/integ_my_robot_interfaces/msg/detail/center_and_area__traits.hpp
[28.219s] -- Up-to-date symlink: /home/t-lemmel/Integ/install/integ_my_robot_interfaces/include/integ_my_robot_interfaces/integ_my_robot_interfaces/msg/detail/center_and_area__rosidl_typesupport_fastrtps_cpp.hpp
[28.219s] -- Up-to-date symlink: /home/t-lemmel/Integ/install/integ_my_robot_interfaces/include/integ_my_robot_interfaces/integ_my_robot_interfaces/msg/rosidl_typesupport_fastrtps_cpp__visibility_control.h
[28.221s] -- Up-to-date symlink: /home/t-lemmel/Integ/install/integ_my_robot_interfaces/include/integ_my_robot_interfaces/integ_my_robot_interfaces/msg/detail/center_and_area__rosidl_typesupport_introspection_cpp.hpp
[28.222s] -- Up-to-date symlink: /home/t-lemmel/Integ/install/integ_my_robot_interfaces/share/integ_my_robot_interfaces/environment/pythonpath.sh
[28.223s] -- Up-to-date symlink: /home/t-lemmel/Integ/install/integ_my_robot_interfaces/share/integ_my_robot_interfaces/environment/pythonpath.dsv
[28.226s] -- Up-to-date symlink: /home/t-lemmel/Integ/install/integ_my_robot_interfaces/local/lib/python3.10/dist-packages/integ_my_robot_interfaces-0.0.0-py3.10.egg-info/PKG-INFO
[28.227s] -- Up-to-date symlink: /home/t-lemmel/Integ/install/integ_my_robot_interfaces/local/lib/python3.10/dist-packages/integ_my_robot_interfaces-0.0.0-py3.10.egg-info/SOURCES.txt
[28.228s] -- Up-to-date symlink: /home/t-lemmel/Integ/install/integ_my_robot_interfaces/local/lib/python3.10/dist-packages/integ_my_robot_interfaces-0.0.0-py3.10.egg-info/dependency_links.txt
[28.229s] -- Up-to-date symlink: /home/t-lemmel/Integ/install/integ_my_robot_interfaces/local/lib/python3.10/dist-packages/integ_my_robot_interfaces-0.0.0-py3.10.egg-info/top_level.txt
[28.230s] -- Up-to-date symlink: /home/t-lemmel/Integ/install/integ_my_robot_interfaces/local/lib/python3.10/dist-packages/integ_my_robot_interfaces/__init__.py
[28.231s] -- Up-to-date symlink: /home/t-lemmel/Integ/install/integ_my_robot_interfaces/local/lib/python3.10/dist-packages/integ_my_robot_interfaces/_integ_my_robot_interfaces_s.ep.rosidl_typesupport_c.c
[28.231s] -- Up-to-date symlink: /home/t-lemmel/Integ/install/integ_my_robot_interfaces/local/lib/python3.10/dist-packages/integ_my_robot_interfaces/_integ_my_robot_interfaces_s.ep.rosidl_typesupport_fastrtps_c.c
[28.232s] -- Up-to-date symlink: /home/t-lemmel/Integ/install/integ_my_robot_interfaces/local/lib/python3.10/dist-packages/integ_my_robot_interfaces/_integ_my_robot_interfaces_s.ep.rosidl_typesupport_introspection_c.c
[28.233s] -- Up-to-date symlink: /home/t-lemmel/Integ/install/integ_my_robot_interfaces/local/lib/python3.10/dist-packages/integ_my_robot_interfaces/integ_my_robot_interfaces_s__rosidl_typesupport_c.cpython-310-x86_64-linux-gnu.so
[28.234s] -- Up-to-date symlink: /home/t-lemmel/Integ/install/integ_my_robot_interfaces/local/lib/python3.10/dist-packages/integ_my_robot_interfaces/integ_my_robot_interfaces_s__rosidl_typesupport_fastrtps_c.cpython-310-x86_64-linux-gnu.so
[28.234s] -- Up-to-date symlink: /home/t-lemmel/Integ/install/integ_my_robot_interfaces/local/lib/python3.10/dist-packages/integ_my_robot_interfaces/integ_my_robot_interfaces_s__rosidl_typesupport_introspection_c.cpython-310-x86_64-linux-gnu.so
[28.234s] -- Up-to-date symlink: /home/t-lemmel/Integ/install/integ_my_robot_interfaces/local/lib/python3.10/dist-packages/integ_my_robot_interfaces/libinteg_my_robot_interfaces__rosidl_generator_py.so
[28.234s] -- Up-to-date symlink: /home/t-lemmel/Integ/install/integ_my_robot_interfaces/local/lib/python3.10/dist-packages/integ_my_robot_interfaces/msg/__init__.py
[28.236s] -- Up-to-date symlink: /home/t-lemmel/Integ/install/integ_my_robot_interfaces/local/lib/python3.10/dist-packages/integ_my_robot_interfaces/msg/_center_and_area.py
[28.236s] -- Up-to-date symlink: /home/t-lemmel/Integ/install/integ_my_robot_interfaces/local/lib/python3.10/dist-packages/integ_my_robot_interfaces/msg/_center_and_area_s.c
[28.236s] -- Up-to-date symlink: /home/t-lemmel/Integ/install/integ_my_robot_interfaces/local/lib/python3.10/dist-packages/integ_my_robot_interfaces/integ_my_robot_interfaces_s__rosidl_typesupport_fastrtps_c.cpython-310-x86_64-linux-gnu.so
[28.237s] -- Up-to-date symlink: /home/t-lemmel/Integ/install/integ_my_robot_interfaces/local/lib/python3.10/dist-packages/integ_my_robot_interfaces/integ_my_robot_interfaces_s__rosidl_typesupport_introspection_c.cpython-310-x86_64-linux-gnu.so
[28.238s] -- Up-to-date symlink: /home/t-lemmel/Integ/install/integ_my_robot_interfaces/local/lib/python3.10/dist-packages/integ_my_robot_interfaces/integ_my_robot_interfaces_s__rosidl_typesupport_c.cpython-310-x86_64-linux-gnu.so
[28.239s] -- Up-to-date symlink: /home/t-lemmel/Integ/install/integ_my_robot_interfaces/share/integ_my_robot_interfaces/msg/CenterAndArea.idl
[28.239s] -- Up-to-date symlink: /home/t-lemmel/Integ/install/integ_my_robot_interfaces/share/integ_my_robot_interfaces/msg/CenterAndArea.msg
[28.239s] -- Up-to-date symlink: /home/t-lemmel/Integ/install/integ_my_robot_interfaces/share/ament_index/resource_index/package_run_dependencies/integ_my_robot_interfaces
[28.240s] -- Up-to-date symlink: /home/t-lemmel/Integ/install/integ_my_robot_interfaces/share/ament_index/resource_index/parent_prefix_path/integ_my_robot_interfaces
[28.241s] -- Up-to-date symlink: /home/t-lemmel/Integ/install/integ_my_robot_interfaces/share/integ_my_robot_interfaces/environment/ament_prefix_path.sh
[28.243s] -- Up-to-date symlink: /home/t-lemmel/Integ/install/integ_my_robot_interfaces/share/integ_my_robot_interfaces/environment/ament_prefix_path.dsv
[28.243s] -- Up-to-date symlink: /home/t-lemmel/Integ/install/integ_my_robot_interfaces/share/integ_my_robot_interfaces/environment/path.sh
[28.243s] -- Up-to-date symlink: /home/t-lemmel/Integ/install/integ_my_robot_interfaces/share/integ_my_robot_interfaces/environment/path.dsv
[28.244s] -- Up-to-date symlink: /home/t-lemmel/Integ/install/integ_my_robot_interfaces/share/integ_my_robot_interfaces/local_setup.bash
[28.244s] -- Up-to-date symlink: /home/t-lemmel/Integ/install/integ_my_robot_interfaces/share/integ_my_robot_interfaces/local_setup.sh
[28.248s] -- Up-to-date symlink: /home/t-lemmel/Integ/install/integ_my_robot_interfaces/share/integ_my_robot_interfaces/local_setup.zsh
[28.249s] -- Up-to-date symlink: /home/t-lemmel/Integ/install/integ_my_robot_interfaces/share/integ_my_robot_interfaces/local_setup.dsv
[28.249s] -- Symlinking: /home/t-lemmel/Integ/install/integ_my_robot_interfaces/share/integ_my_robot_interfaces/package.dsv
[28.288s] -- Up-to-date symlink: /home/t-lemmel/Integ/install/integ_my_robot_interfaces/share/ament_index/resource_index/packages/integ_my_robot_interfaces
[28.289s] -- Up-to-date symlink: /home/t-lemmel/Integ/install/integ_my_robot_interfaces/share/integ_my_robot_interfaces/cmake/rosidl_cmake-extras.cmake
[28.293s] -- Up-to-date symlink: /home/t-lemmel/Integ/install/integ_my_robot_interfaces/share/integ_my_robot_interfaces/cmake/ament_cmake_export_dependencies-extras.cmake
[28.294s] -- Up-to-date symlink: /home/t-lemmel/Integ/install/integ_my_robot_interfaces/share/integ_my_robot_interfaces/cmake/ament_cmake_export_include_directories-extras.cmake
[28.294s] -- Up-to-date symlink: /home/t-lemmel/Integ/install/integ_my_robot_interfaces/share/integ_my_robot_interfaces/cmake/ament_cmake_export_libraries-extras.cmake
[28.295s] -- Up-to-date symlink: /home/t-lemmel/Integ/install/integ_my_robot_interfaces/share/integ_my_robot_interfaces/cmake/ament_cmake_export_targets-extras.cmake
[28.295s] -- Up-to-date symlink: /home/t-lemmel/Integ/install/integ_my_robot_interfaces/share/integ_my_robot_interfaces/cmake/rosidl_cmake_export_typesupport_targets-extras.cmake
[28.296s] -- Up-to-date symlink: /home/t-lemmel/Integ/install/integ_my_robot_interfaces/share/integ_my_robot_interfaces/cmake/rosidl_cmake_export_typesupport_libraries-extras.cmake
[28.296s] -- Up-to-date symlink: /home/t-lemmel/Integ/install/integ_my_robot_interfaces/share/integ_my_robot_interfaces/cmake/integ_my_robot_interfacesConfig.cmake
[28.297s] -- Up-to-date symlink: /home/t-lemmel/Integ/install/integ_my_robot_interfaces/share/integ_my_robot_interfaces/cmake/integ_my_robot_interfacesConfig-version.cmake
[28.298s] -- Up-to-date symlink: /home/t-lemmel/Integ/install/integ_my_robot_interfaces/share/integ_my_robot_interfaces/package.xml
[28.298s] -- Installing: /home/t-lemmel/Integ/install/integ_my_robot_interfaces/lib/libinteg_my_robot_interfaces__rosidl_generator_c.so
[28.300s] -- Set runtime path of "/home/t-lemmel/Integ/install/integ_my_robot_interfaces/lib/libinteg_my_robot_interfaces__rosidl_generator_c.so" to ""
[28.306s] -- Installing: /home/t-lemmel/Integ/install/integ_my_robot_interfaces/lib/libinteg_my_robot_interfaces__rosidl_typesupport_fastrtps_c.so
[28.306s] -- Set runtime path of "/home/t-lemmel/Integ/install/integ_my_robot_interfaces/lib/libinteg_my_robot_interfaces__rosidl_typesupport_fastrtps_c.so" to ""
[28.307s] -- Installing: /home/t-lemmel/Integ/install/integ_my_robot_interfaces/lib/libinteg_my_robot_interfaces__rosidl_typesupport_introspection_c.so
[28.307s] -- Set runtime path of "/home/t-lemmel/Integ/install/integ_my_robot_interfaces/lib/libinteg_my_robot_interfaces__rosidl_typesupport_introspection_c.so" to ""
[28.307s] -- Installing: /home/t-lemmel/Integ/install/integ_my_robot_interfaces/lib/libinteg_my_robot_interfaces__rosidl_typesupport_c.so
[28.307s] -- Set runtime path of "/home/t-lemmel/Integ/install/integ_my_robot_interfaces/lib/libinteg_my_robot_interfaces__rosidl_typesupport_c.so" to ""
[28.308s] -- Installing: /home/t-lemmel/Integ/install/integ_my_robot_interfaces/lib/libinteg_my_robot_interfaces__rosidl_typesupport_fastrtps_cpp.so
[28.310s] -- Set runtime path of "/home/t-lemmel/Integ/install/integ_my_robot_interfaces/lib/libinteg_my_robot_interfaces__rosidl_typesupport_fastrtps_cpp.so" to ""
[28.312s] -- Installing: /home/t-lemmel/Integ/install/integ_my_robot_interfaces/lib/libinteg_my_robot_interfaces__rosidl_typesupport_introspection_cpp.so
[28.313s] -- Set runtime path of "/home/t-lemmel/Integ/install/integ_my_robot_interfaces/lib/libinteg_my_robot_interfaces__rosidl_typesupport_introspection_cpp.so" to ""
[28.314s] -- Installing: /home/t-lemmel/Integ/install/integ_my_robot_interfaces/lib/libinteg_my_robot_interfaces__rosidl_typesupport_cpp.so
[28.317s] -- Set runtime path of "/home/t-lemmel/Integ/install/integ_my_robot_interfaces/lib/libinteg_my_robot_interfaces__rosidl_typesupport_cpp.so" to ""
[28.495s] Listing '/home/t-lemmel/Integ/install/integ_my_robot_interfaces/local/lib/python3.10/dist-packages/integ_my_robot_interfaces'...
[28.495s] Compiling '/home/t-lemmel/Integ/install/integ_my_robot_interfaces/local/lib/python3.10/dist-packages/integ_my_robot_interfaces/__init__.py'...
[28.496s] Listing '/home/t-lemmel/Integ/install/integ_my_robot_interfaces/local/lib/python3.10/dist-packages/integ_my_robot_interfaces/msg'...
[28.496s] Compiling '/home/t-lemmel/Integ/install/integ_my_robot_interfaces/local/lib/python3.10/dist-packages/integ_my_robot_interfaces/msg/__init__.py'...
[28.496s] Compiling '/home/t-lemmel/Integ/install/integ_my_robot_interfaces/local/lib/python3.10/dist-packages/integ_my_robot_interfaces/msg/_center_and_area.py'...
[28.520s] -- Installing: /home/t-lemmel/Integ/install/integ_my_robot_interfaces/lib/libinteg_my_robot_interfaces__rosidl_generator_py.so
[28.523s] -- Set runtime path of "/home/t-lemmel/Integ/install/integ_my_robot_interfaces/lib/libinteg_my_robot_interfaces__rosidl_generator_py.so" to ""
[28.524s] -- Up-to-date: /home/t-lemmel/Integ/install/integ_my_robot_interfaces/share/integ_my_robot_interfaces/cmake/export_integ_my_robot_interfaces__rosidl_generator_cExport.cmake
[28.525s] -- Up-to-date: /home/t-lemmel/Integ/install/integ_my_robot_interfaces/share/integ_my_robot_interfaces/cmake/export_integ_my_robot_interfaces__rosidl_generator_cExport-noconfig.cmake
[28.526s] -- Up-to-date: /home/t-lemmel/Integ/install/integ_my_robot_interfaces/share/integ_my_robot_interfaces/cmake/export_integ_my_robot_interfaces__rosidl_typesupport_fastrtps_cExport.cmake
[28.527s] -- Up-to-date: /home/t-lemmel/Integ/install/integ_my_robot_interfaces/share/integ_my_robot_interfaces/cmake/export_integ_my_robot_interfaces__rosidl_typesupport_fastrtps_cExport-noconfig.cmake
[28.528s] -- Up-to-date: /home/t-lemmel/Integ/install/integ_my_robot_interfaces/share/integ_my_robot_interfaces/cmake/integ_my_robot_interfaces__rosidl_typesupport_introspection_cExport.cmake
[28.528s] -- Up-to-date: /home/t-lemmel/Integ/install/integ_my_robot_interfaces/share/integ_my_robot_interfaces/cmake/integ_my_robot_interfaces__rosidl_typesupport_introspection_cExport-noconfig.cmake
[28.528s] -- Up-to-date: /home/t-lemmel/Integ/install/integ_my_robot_interfaces/share/integ_my_robot_interfaces/cmake/integ_my_robot_interfaces__rosidl_typesupport_cExport.cmake
[28.528s] -- Up-to-date: /home/t-lemmel/Integ/install/integ_my_robot_interfaces/share/integ_my_robot_interfaces/cmake/integ_my_robot_interfaces__rosidl_typesupport_cExport-noconfig.cmake
[28.529s] -- Up-to-date: /home/t-lemmel/Integ/install/integ_my_robot_interfaces/share/integ_my_robot_interfaces/cmake/export_integ_my_robot_interfaces__rosidl_generator_cppExport.cmake
[28.529s] -- Up-to-date: /home/t-lemmel/Integ/install/integ_my_robot_interfaces/share/integ_my_robot_interfaces/cmake/export_integ_my_robot_interfaces__rosidl_typesupport_fastrtps_cppExport.cmake
[28.529s] -- Up-to-date: /home/t-lemmel/Integ/install/integ_my_robot_interfaces/share/integ_my_robot_interfaces/cmake/export_integ_my_robot_interfaces__rosidl_typesupport_fastrtps_cppExport-noconfig.cmake
[28.529s] -- Up-to-date: /home/t-lemmel/Integ/install/integ_my_robot_interfaces/share/integ_my_robot_interfaces/cmake/integ_my_robot_interfaces__rosidl_typesupport_introspection_cppExport.cmake
[28.530s] -- Up-to-date: /home/t-lemmel/Integ/install/integ_my_robot_interfaces/share/integ_my_robot_interfaces/cmake/integ_my_robot_interfaces__rosidl_typesupport_introspection_cppExport-noconfig.cmake
[28.530s] -- Up-to-date: /home/t-lemmel/Integ/install/integ_my_robot_interfaces/share/integ_my_robot_interfaces/cmake/integ_my_robot_interfaces__rosidl_typesupport_cppExport.cmake
[28.531s] -- Up-to-date: /home/t-lemmel/Integ/install/integ_my_robot_interfaces/share/integ_my_robot_interfaces/cmake/integ_my_robot_interfaces__rosidl_typesupport_cppExport-noconfig.cmake
[28.531s] -- Up-to-date: /home/t-lemmel/Integ/install/integ_my_robot_interfaces/share/integ_my_robot_interfaces/cmake/export_integ_my_robot_interfaces__rosidl_generator_pyExport.cmake
[28.531s] -- Up-to-date: /home/t-lemmel/Integ/install/integ_my_robot_interfaces/share/integ_my_robot_interfaces/cmake/export_integ_my_robot_interfaces__rosidl_generator_pyExport-noconfig.cmake
[28.539s] Invoked command in '/home/t-lemmel/Integ/build/integ_my_robot_interfaces' returned '0': CMAKE_PREFIX_PATH=${CMAKE_PREFIX_PATH}:/opt/ros/humble PS1_ori=\[\e]0;\u@\h: \w\a\]${debian_chroot:+($debian_chroot)}\[\033[01;32m\]\u@\h\[\033[00m\]:\[\033[01;34m\]\w\[\033[00m\]\$ /usr/bin/cmake --install /home/t-lemmel/Integ/build/integ_my_robot_interfaces
