[0.941s] Invoking command in '/home/t-lemmel/Integ/build/integ_my_robot_interfaces': CMAKE_PREFIX_PATH=${CMAKE_PREFIX_PATH}:/opt/ros/humble PS1_ori=\[\e]0;\u@\h: \w\a\]${debian_chroot:+($debian_chroot)}\[\033[01;32m\]\u@\h\[\033[00m\]:\[\033[01;34m\]\w\[\033[00m\]\$ /usr/bin/cmake --build /home/t-lemmel/Integ/build/integ_my_robot_interfaces -- -j8 -l8
[1.071s] -- Found ament_cmake: 1.3.6 (/opt/ros/humble/share/ament_cmake/cmake)
[1.982s] -- Override CMake install command with custom implementation using symlinks instead of copying resources
[2.013s] -- Found rosidl_default_generators: 1.2.0 (/opt/ros/humble/share/rosidl_default_generators/cmake)
[2.075s] -- Using all available rosidl_typesupport_c: rosidl_typesupport_fastrtps_c;rosidl_typesupport_introspection_c
[2.089s] -- Found rosidl_adapter: 3.1.5 (/opt/ros/humble/share/rosidl_adapter/cmake)
[2.406s] -- Using all available rosidl_typesupport_cpp: rosidl_typesupport_fastrtps_cpp;rosidl_typesupport_introspection_cpp
[2.549s] -- Found geometry_msgs: 4.2.3 (/opt/ros/humble/share/geometry_msgs/cmake)
[4.756s] -- Found ament_cmake_ros: 0.10.0 (/opt/ros/humble/share/ament_cmake_ros/cmake)
[6.123s] -- Using all available rosidl_typesupport_c: rosidl_typesupport_fastrtps_c;rosidl_typesupport_introspection_c
[7.897s] -- Using all available rosidl_typesupport_cpp: rosidl_typesupport_fastrtps_cpp;rosidl_typesupport_introspection_cpp
[8.030s] -- Found python_cmake_module: 0.10.0 (/opt/ros/humble/share/python_cmake_module/cmake)
[8.150s] -- Using PYTHON_EXECUTABLE: /usr/bin/python3
[8.151s] -- Using PYTHON_INCLUDE_DIRS: /usr/include/python3.10
[8.152s] -- Using PYTHON_LIBRARIES: /usr/lib/x86_64-linux-gnu/libpython3.10.so
[8.437s] -- Configuring done
[8.682s] -- Generating done
[8.699s] -- Build files have been written to: /home/t-lemmel/Integ/build/integ_my_robot_interfaces
[8.820s] [  3%] [34m[1mGenerating C code for ROS interfaces[0m
[8.870s] [  6%] [34m[1mGenerating C++ code for ROS interfaces[0m
[8.914s] [  6%] Built target ament_cmake_python_symlink_integ_my_robot_interfaces
[10.030s] [  6%] Built target integ_my_robot_interfaces__cpp
[10.075s] [  9%] [34m[1mGenerating C++ type support dispatch for ROS interfaces[0m
[10.076s] [ 12%] [34m[1mGenerating C++ type support for eProsima Fast-RTPS[0m
[10.078s] [ 16%] [34m[1mGenerating C++ introspection for ROS interfaces[0m
[10.079s] [35m[1mConsolidate compiler generated dependencies of target integ_my_robot_interfaces__rosidl_generator_c[0m
[10.133s] [ 19%] [32mBuilding C object CMakeFiles/integ_my_robot_interfaces__rosidl_generator_c.dir/rosidl_generator_c/integ_my_robot_interfaces/msg/detail/center_and_area__functions.c.o[0m
[10.225s] running egg_info
[10.230s] writing integ_my_robot_interfaces.egg-info/PKG-INFO
[10.234s] writing dependency_links to integ_my_robot_interfaces.egg-info/dependency_links.txt
[10.236s] writing top-level names to integ_my_robot_interfaces.egg-info/top_level.txt
[10.246s] reading manifest file 'integ_my_robot_interfaces.egg-info/SOURCES.txt'
[10.250s] writing manifest file 'integ_my_robot_interfaces.egg-info/SOURCES.txt'
[10.390s] [ 22%] [32m[1mLinking C shared library libinteg_my_robot_interfaces__rosidl_generator_c.so[0m
[10.407s] [ 22%] Built target ament_cmake_python_build_integ_my_robot_interfaces_egg
[10.579s] [ 22%] Built target integ_my_robot_interfaces__rosidl_generator_c
[10.617s] [ 25%] [34m[1mGenerating C type support for eProsima Fast-RTPS[0m
[10.619s] [ 29%] [34m[1mGenerating C type support dispatch for ROS interfaces[0m
[10.621s] [ 32%] [34m[1mGenerating C introspection for ROS interfaces[0m
[11.010s] [35m[1mConsolidate compiler generated dependencies of target integ_my_robot_interfaces__rosidl_typesupport_cpp[0m
[11.056s] [ 35%] [32mBuilding CXX object CMakeFiles/integ_my_robot_interfaces__rosidl_typesupport_cpp.dir/rosidl_typesupport_cpp/integ_my_robot_interfaces/msg/center_and_area__type_support.cpp.o[0m
[11.145s] [35m[1mConsolidate compiler generated dependencies of target integ_my_robot_interfaces__rosidl_typesupport_introspection_cpp[0m
[11.166s] [35m[1mConsolidate compiler generated dependencies of target integ_my_robot_interfaces__rosidl_typesupport_fastrtps_cpp[0m
[11.192s] [ 38%] [32mBuilding CXX object CMakeFiles/integ_my_robot_interfaces__rosidl_typesupport_introspection_cpp.dir/rosidl_typesupport_introspection_cpp/integ_my_robot_interfaces/msg/detail/center_and_area__type_support.cpp.o[0m
[11.215s] [ 41%] [32mBuilding CXX object CMakeFiles/integ_my_robot_interfaces__rosidl_typesupport_fastrtps_cpp.dir/rosidl_typesupport_fastrtps_cpp/integ_my_robot_interfaces/msg/detail/dds_fastrtps/center_and_area__type_support.cpp.o[0m
[11.569s] [35m[1mConsolidate compiler generated dependencies of target integ_my_robot_interfaces__rosidl_typesupport_fastrtps_c[0m
[11.602s] [35m[1mConsolidate compiler generated dependencies of target integ_my_robot_interfaces__rosidl_typesupport_c[0m
[11.629s] [ 45%] [32mBuilding CXX object CMakeFiles/integ_my_robot_interfaces__rosidl_typesupport_fastrtps_c.dir/rosidl_typesupport_fastrtps_c/integ_my_robot_interfaces/msg/detail/center_and_area__type_support_c.cpp.o[0m
[11.642s] [35m[1mConsolidate compiler generated dependencies of target integ_my_robot_interfaces__rosidl_typesupport_introspection_c[0m
[11.671s] [ 48%] [32mBuilding CXX object CMakeFiles/integ_my_robot_interfaces__rosidl_typesupport_c.dir/rosidl_typesupport_c/integ_my_robot_interfaces/msg/center_and_area__type_support.cpp.o[0m
[11.719s] [ 51%] [32mBuilding C object CMakeFiles/integ_my_robot_interfaces__rosidl_typesupport_introspection_c.dir/rosidl_typesupport_introspection_c/integ_my_robot_interfaces/msg/detail/center_and_area__type_support.c.o[0m
[11.779s] [ 54%] [32m[1mLinking CXX shared library libinteg_my_robot_interfaces__rosidl_typesupport_c.so[0m
[11.935s] [ 58%] [32m[1mLinking C shared library libinteg_my_robot_interfaces__rosidl_typesupport_introspection_c.so[0m
[11.961s] [ 58%] Built target integ_my_robot_interfaces__rosidl_typesupport_c
[12.139s] [ 58%] Built target integ_my_robot_interfaces__rosidl_typesupport_introspection_c
[12.157s] [ 61%] [32m[1mLinking CXX shared library libinteg_my_robot_interfaces__rosidl_typesupport_cpp.so[0m
[12.334s] [ 61%] Built target integ_my_robot_interfaces__rosidl_typesupport_cpp
[12.753s] [ 64%] [32m[1mLinking CXX shared library libinteg_my_robot_interfaces__rosidl_typesupport_fastrtps_cpp.so[0m
[12.827s] [ 67%] [32m[1mLinking CXX shared library libinteg_my_robot_interfaces__rosidl_typesupport_introspection_cpp.so[0m
[12.999s] [ 70%] [32m[1mLinking CXX shared library libinteg_my_robot_interfaces__rosidl_typesupport_fastrtps_c.so[0m
[13.140s] [ 70%] Built target integ_my_robot_interfaces__rosidl_typesupport_introspection_cpp
[13.141s] [ 70%] Built target integ_my_robot_interfaces__rosidl_typesupport_fastrtps_cpp
[13.424s] [ 70%] Built target integ_my_robot_interfaces__rosidl_typesupport_fastrtps_c
[13.506s] [ 70%] Built target integ_my_robot_interfaces
[13.591s] [ 74%] [34m[1mGenerating Python code for ROS interfaces[0m
[14.981s] [ 74%] Built target integ_my_robot_interfaces__py
[15.023s] [35m[1mConsolidate compiler generated dependencies of target integ_my_robot_interfaces__rosidl_generator_py[0m
[15.081s] [ 77%] [32mBuilding C object CMakeFiles/integ_my_robot_interfaces__rosidl_generator_py.dir/rosidl_generator_py/integ_my_robot_interfaces/msg/_center_and_area_s.c.o[0m
[15.550s] [ 80%] [32m[1mLinking C shared library rosidl_generator_py/integ_my_robot_interfaces/libinteg_my_robot_interfaces__rosidl_generator_py.so[0m
[15.743s] [ 80%] Built target integ_my_robot_interfaces__rosidl_generator_py
[15.787s] [35m[1mConsolidate compiler generated dependencies of target integ_my_robot_interfaces__rosidl_typesupport_fastrtps_c__pyext[0m
[15.791s] [35m[1mConsolidate compiler generated dependencies of target integ_my_robot_interfaces__rosidl_typesupport_introspection_c__pyext[0m
[15.795s] [35m[1mConsolidate compiler generated dependencies of target integ_my_robot_interfaces__rosidl_typesupport_c__pyext[0m
[15.833s] [ 83%] [32mBuilding C object CMakeFiles/integ_my_robot_interfaces__rosidl_typesupport_fastrtps_c__pyext.dir/rosidl_generator_py/integ_my_robot_interfaces/_integ_my_robot_interfaces_s.ep.rosidl_typesupport_fastrtps_c.c.o[0m
[15.848s] [ 87%] [32mBuilding C object CMakeFiles/integ_my_robot_interfaces__rosidl_typesupport_introspection_c__pyext.dir/rosidl_generator_py/integ_my_robot_interfaces/_integ_my_robot_interfaces_s.ep.rosidl_typesupport_introspection_c.c.o[0m
[15.857s] [ 90%] [32mBuilding C object CMakeFiles/integ_my_robot_interfaces__rosidl_typesupport_c__pyext.dir/rosidl_generator_py/integ_my_robot_interfaces/_integ_my_robot_interfaces_s.ep.rosidl_typesupport_c.c.o[0m
[16.199s] [ 93%] [32m[1mLinking C shared library rosidl_generator_py/integ_my_robot_interfaces/integ_my_robot_interfaces_s__rosidl_typesupport_fastrtps_c.cpython-310-x86_64-linux-gnu.so[0m
[16.214s] [ 96%] [32m[1mLinking C shared library rosidl_generator_py/integ_my_robot_interfaces/integ_my_robot_interfaces_s__rosidl_typesupport_c.cpython-310-x86_64-linux-gnu.so[0m
[16.231s] [100%] [32m[1mLinking C shared library rosidl_generator_py/integ_my_robot_interfaces/integ_my_robot_interfaces_s__rosidl_typesupport_introspection_c.cpython-310-x86_64-linux-gnu.so[0m
[16.383s] [100%] Built target integ_my_robot_interfaces__rosidl_typesupport_fastrtps_c__pyext
[16.411s] [100%] Built target integ_my_robot_interfaces__rosidl_typesupport_c__pyext
[16.431s] [100%] Built target integ_my_robot_interfaces__rosidl_typesupport_introspection_c__pyext
[16.494s] Invoked command in '/home/t-lemmel/Integ/build/integ_my_robot_interfaces' returned '0': CMAKE_PREFIX_PATH=${CMAKE_PREFIX_PATH}:/opt/ros/humble PS1_ori=\[\e]0;\u@\h: \w\a\]${debian_chroot:+($debian_chroot)}\[\033[01;32m\]\u@\h\[\033[00m\]:\[\033[01;34m\]\w\[\033[00m\]\$ /usr/bin/cmake --build /home/t-lemmel/Integ/build/integ_my_robot_interfaces -- -j8 -l8
[16.767s] Invoking command in '/home/t-lemmel/Integ/build/integ_my_robot_interfaces': CMAKE_PREFIX_PATH=${CMAKE_PREFIX_PATH}:/opt/ros/humble PS1_ori=\[\e]0;\u@\h: \w\a\]${debian_chroot:+($debian_chroot)}\[\033[01;32m\]\u@\h\[\033[00m\]:\[\033[01;34m\]\w\[\033[00m\]\$ /usr/bin/cmake --install /home/t-lemmel/Integ/build/integ_my_robot_interfaces
[16.807s] -- Install configuration: ""
[16.809s] -- Execute custom install script
[16.809s] -- Up-to-date symlink: /home/t-lemmel/Integ/install/integ_my_robot_interfaces/share/ament_index/resource_index/rosidl_interfaces/integ_my_robot_interfaces
[16.810s] -- Up-to-date symlink: /home/t-lemmel/Integ/install/integ_my_robot_interfaces/include/integ_my_robot_interfaces/integ_my_robot_interfaces/msg/center_and_area.h
[16.810s] -- Up-to-date symlink: /home/t-lemmel/Integ/install/integ_my_robot_interfaces/include/integ_my_robot_interfaces/integ_my_robot_interfaces/msg/detail/center_and_area__functions.h
[16.812s] -- Up-to-date symlink: /home/t-lemmel/Integ/install/integ_my_robot_interfaces/include/integ_my_robot_interfaces/integ_my_robot_interfaces/msg/detail/center_and_area__struct.h
[16.813s] -- Up-to-date symlink: /home/t-lemmel/Integ/install/integ_my_robot_interfaces/include/integ_my_robot_interfaces/integ_my_robot_interfaces/msg/detail/center_and_area__type_support.h
[16.813s] -- Up-to-date symlink: /home/t-lemmel/Integ/install/integ_my_robot_interfaces/include/integ_my_robot_interfaces/integ_my_robot_interfaces/msg/rosidl_generator_c__visibility_control.h
[16.815s] -- Up-to-date symlink: /home/t-lemmel/Integ/install/integ_my_robot_interfaces/share/integ_my_robot_interfaces/environment/library_path.sh
[16.817s] -- Up-to-date symlink: /home/t-lemmel/Integ/install/integ_my_robot_interfaces/share/integ_my_robot_interfaces/environment/library_path.dsv
[16.818s] -- Up-to-date symlink: /home/t-lemmel/Integ/install/integ_my_robot_interfaces/include/integ_my_robot_interfaces/integ_my_robot_interfaces/msg/detail/center_and_area__rosidl_typesupport_fastrtps_c.h
[16.819s] -- Up-to-date symlink: /home/t-lemmel/Integ/install/integ_my_robot_interfaces/include/integ_my_robot_interfaces/integ_my_robot_interfaces/msg/rosidl_typesupport_fastrtps_c__visibility_control.h
[16.821s] -- Up-to-date symlink: /home/t-lemmel/Integ/install/integ_my_robot_interfaces/include/integ_my_robot_interfaces/integ_my_robot_interfaces/msg/detail/center_and_area__rosidl_typesupport_introspection_c.h
[16.822s] -- Up-to-date symlink: /home/t-lemmel/Integ/install/integ_my_robot_interfaces/include/integ_my_robot_interfaces/integ_my_robot_interfaces/msg/rosidl_typesupport_introspection_c__visibility_control.h
[16.824s] -- Up-to-date symlink: /home/t-lemmel/Integ/install/integ_my_robot_interfaces/include/integ_my_robot_interfaces/integ_my_robot_interfaces/msg/center_and_area.hpp
[16.824s] -- Up-to-date symlink: /home/t-lemmel/Integ/install/integ_my_robot_interfaces/include/integ_my_robot_interfaces/integ_my_robot_interfaces/msg/detail/center_and_area__builder.hpp
[16.826s] -- Up-to-date symlink: /home/t-lemmel/Integ/install/integ_my_robot_interfaces/include/integ_my_robot_interfaces/integ_my_robot_interfaces/msg/detail/center_and_area__struct.hpp
[16.826s] -- Up-to-date symlink: /home/t-lemmel/Integ/install/integ_my_robot_interfaces/include/integ_my_robot_interfaces/integ_my_robot_interfaces/msg/detail/center_and_area__traits.hpp
[16.829s] -- Up-to-date symlink: /home/t-lemmel/Integ/install/integ_my_robot_interfaces/include/integ_my_robot_interfaces/integ_my_robot_interfaces/msg/detail/center_and_area__rosidl_typesupport_fastrtps_cpp.hpp
[16.829s] -- Up-to-date symlink: /home/t-lemmel/Integ/install/integ_my_robot_interfaces/include/integ_my_robot_interfaces/integ_my_robot_interfaces/msg/rosidl_typesupport_fastrtps_cpp__visibility_control.h
[16.829s] -- Up-to-date symlink: /home/t-lemmel/Integ/install/integ_my_robot_interfaces/include/integ_my_robot_interfaces/integ_my_robot_interfaces/msg/detail/center_and_area__rosidl_typesupport_introspection_cpp.hpp
[16.829s] -- Up-to-date symlink: /home/t-lemmel/Integ/install/integ_my_robot_interfaces/share/integ_my_robot_interfaces/environment/pythonpath.sh
[16.829s] -- Up-to-date symlink: /home/t-lemmel/Integ/install/integ_my_robot_interfaces/share/integ_my_robot_interfaces/environment/pythonpath.dsv
[16.832s] -- Up-to-date symlink: /home/t-lemmel/Integ/install/integ_my_robot_interfaces/local/lib/python3.10/dist-packages/integ_my_robot_interfaces-0.0.0-py3.10.egg-info/PKG-INFO
[16.833s] -- Up-to-date symlink: /home/t-lemmel/Integ/install/integ_my_robot_interfaces/local/lib/python3.10/dist-packages/integ_my_robot_interfaces-0.0.0-py3.10.egg-info/SOURCES.txt
[16.834s] -- Up-to-date symlink: /home/t-lemmel/Integ/install/integ_my_robot_interfaces/local/lib/python3.10/dist-packages/integ_my_robot_interfaces-0.0.0-py3.10.egg-info/dependency_links.txt
[16.834s] -- Up-to-date symlink: /home/t-lemmel/Integ/install/integ_my_robot_interfaces/local/lib/python3.10/dist-packages/integ_my_robot_interfaces-0.0.0-py3.10.egg-info/top_level.txt
[16.837s] -- Up-to-date symlink: /home/t-lemmel/Integ/install/integ_my_robot_interfaces/local/lib/python3.10/dist-packages/integ_my_robot_interfaces/__init__.py
[16.839s] -- Up-to-date symlink: /home/t-lemmel/Integ/install/integ_my_robot_interfaces/local/lib/python3.10/dist-packages/integ_my_robot_interfaces/_integ_my_robot_interfaces_s.ep.rosidl_typesupport_c.c
[16.840s] -- Up-to-date symlink: /home/t-lemmel/Integ/install/integ_my_robot_interfaces/local/lib/python3.10/dist-packages/integ_my_robot_interfaces/_integ_my_robot_interfaces_s.ep.rosidl_typesupport_fastrtps_c.c
[16.841s] -- Up-to-date symlink: /home/t-lemmel/Integ/install/integ_my_robot_interfaces/local/lib/python3.10/dist-packages/integ_my_robot_interfaces/_integ_my_robot_interfaces_s.ep.rosidl_typesupport_introspection_c.c
[16.842s] -- Up-to-date symlink: /home/t-lemmel/Integ/install/integ_my_robot_interfaces/local/lib/python3.10/dist-packages/integ_my_robot_interfaces/integ_my_robot_interfaces_s__rosidl_typesupport_c.cpython-310-x86_64-linux-gnu.so
[16.842s] -- Up-to-date symlink: /home/t-lemmel/Integ/install/integ_my_robot_interfaces/local/lib/python3.10/dist-packages/integ_my_robot_interfaces/integ_my_robot_interfaces_s__rosidl_typesupport_fastrtps_c.cpython-310-x86_64-linux-gnu.so
[16.842s] -- Up-to-date symlink: /home/t-lemmel/Integ/install/integ_my_robot_interfaces/local/lib/python3.10/dist-packages/integ_my_robot_interfaces/integ_my_robot_interfaces_s__rosidl_typesupport_introspection_c.cpython-310-x86_64-linux-gnu.so
[16.843s] -- Up-to-date symlink: /home/t-lemmel/Integ/install/integ_my_robot_interfaces/local/lib/python3.10/dist-packages/integ_my_robot_interfaces/libinteg_my_robot_interfaces__rosidl_generator_py.so
[16.845s] -- Up-to-date symlink: /home/t-lemmel/Integ/install/integ_my_robot_interfaces/local/lib/python3.10/dist-packages/integ_my_robot_interfaces/msg/__init__.py
[16.846s] -- Up-to-date symlink: /home/t-lemmel/Integ/install/integ_my_robot_interfaces/local/lib/python3.10/dist-packages/integ_my_robot_interfaces/msg/_center_and_area.py
[16.847s] -- Up-to-date symlink: /home/t-lemmel/Integ/install/integ_my_robot_interfaces/local/lib/python3.10/dist-packages/integ_my_robot_interfaces/msg/_center_and_area_s.c
[16.848s] -- Up-to-date symlink: /home/t-lemmel/Integ/install/integ_my_robot_interfaces/local/lib/python3.10/dist-packages/integ_my_robot_interfaces/integ_my_robot_interfaces_s__rosidl_typesupport_fastrtps_c.cpython-310-x86_64-linux-gnu.so
[16.849s] -- Up-to-date symlink: /home/t-lemmel/Integ/install/integ_my_robot_interfaces/local/lib/python3.10/dist-packages/integ_my_robot_interfaces/integ_my_robot_interfaces_s__rosidl_typesupport_introspection_c.cpython-310-x86_64-linux-gnu.so
[16.850s] -- Up-to-date symlink: /home/t-lemmel/Integ/install/integ_my_robot_interfaces/local/lib/python3.10/dist-packages/integ_my_robot_interfaces/integ_my_robot_interfaces_s__rosidl_typesupport_c.cpython-310-x86_64-linux-gnu.so
[16.851s] -- Up-to-date symlink: /home/t-lemmel/Integ/install/integ_my_robot_interfaces/share/integ_my_robot_interfaces/msg/CenterAndArea.idl
[16.851s] -- Up-to-date symlink: /home/t-lemmel/Integ/install/integ_my_robot_interfaces/share/integ_my_robot_interfaces/msg/CenterAndArea.msg
[16.851s] -- Up-to-date symlink: /home/t-lemmel/Integ/install/integ_my_robot_interfaces/share/ament_index/resource_index/package_run_dependencies/integ_my_robot_interfaces
[16.852s] -- Up-to-date symlink: /home/t-lemmel/Integ/install/integ_my_robot_interfaces/share/ament_index/resource_index/parent_prefix_path/integ_my_robot_interfaces
[16.852s] -- Up-to-date symlink: /home/t-lemmel/Integ/install/integ_my_robot_interfaces/share/integ_my_robot_interfaces/environment/ament_prefix_path.sh
[16.852s] -- Up-to-date symlink: /home/t-lemmel/Integ/install/integ_my_robot_interfaces/share/integ_my_robot_interfaces/environment/ament_prefix_path.dsv
[16.853s] -- Up-to-date symlink: /home/t-lemmel/Integ/install/integ_my_robot_interfaces/share/integ_my_robot_interfaces/environment/path.sh
[16.853s] -- Up-to-date symlink: /home/t-lemmel/Integ/install/integ_my_robot_interfaces/share/integ_my_robot_interfaces/environment/path.dsv
[16.854s] -- Up-to-date symlink: /home/t-lemmel/Integ/install/integ_my_robot_interfaces/share/integ_my_robot_interfaces/local_setup.bash
[16.854s] -- Up-to-date symlink: /home/t-lemmel/Integ/install/integ_my_robot_interfaces/share/integ_my_robot_interfaces/local_setup.sh
[16.854s] -- Up-to-date symlink: /home/t-lemmel/Integ/install/integ_my_robot_interfaces/share/integ_my_robot_interfaces/local_setup.zsh
[16.854s] -- Up-to-date symlink: /home/t-lemmel/Integ/install/integ_my_robot_interfaces/share/integ_my_robot_interfaces/local_setup.dsv
[16.855s] -- Symlinking: /home/t-lemmel/Integ/install/integ_my_robot_interfaces/share/integ_my_robot_interfaces/package.dsv
[16.886s] -- Up-to-date symlink: /home/t-lemmel/Integ/install/integ_my_robot_interfaces/share/ament_index/resource_index/packages/integ_my_robot_interfaces
[16.887s] -- Up-to-date symlink: /home/t-lemmel/Integ/install/integ_my_robot_interfaces/share/integ_my_robot_interfaces/cmake/rosidl_cmake-extras.cmake
[16.887s] -- Up-to-date symlink: /home/t-lemmel/Integ/install/integ_my_robot_interfaces/share/integ_my_robot_interfaces/cmake/ament_cmake_export_dependencies-extras.cmake
[16.889s] -- Up-to-date symlink: /home/t-lemmel/Integ/install/integ_my_robot_interfaces/share/integ_my_robot_interfaces/cmake/ament_cmake_export_include_directories-extras.cmake
[16.889s] -- Up-to-date symlink: /home/t-lemmel/Integ/install/integ_my_robot_interfaces/share/integ_my_robot_interfaces/cmake/ament_cmake_export_libraries-extras.cmake
[16.889s] -- Up-to-date symlink: /home/t-lemmel/Integ/install/integ_my_robot_interfaces/share/integ_my_robot_interfaces/cmake/ament_cmake_export_targets-extras.cmake
[16.889s] -- Up-to-date symlink: /home/t-lemmel/Integ/install/integ_my_robot_interfaces/share/integ_my_robot_interfaces/cmake/rosidl_cmake_export_typesupport_targets-extras.cmake
[16.889s] -- Up-to-date symlink: /home/t-lemmel/Integ/install/integ_my_robot_interfaces/share/integ_my_robot_interfaces/cmake/rosidl_cmake_export_typesupport_libraries-extras.cmake
[16.890s] -- Up-to-date symlink: /home/t-lemmel/Integ/install/integ_my_robot_interfaces/share/integ_my_robot_interfaces/cmake/integ_my_robot_interfacesConfig.cmake
[16.890s] -- Up-to-date symlink: /home/t-lemmel/Integ/install/integ_my_robot_interfaces/share/integ_my_robot_interfaces/cmake/integ_my_robot_interfacesConfig-version.cmake
[16.890s] -- Up-to-date symlink: /home/t-lemmel/Integ/install/integ_my_robot_interfaces/share/integ_my_robot_interfaces/package.xml
[16.890s] -- Installing: /home/t-lemmel/Integ/install/integ_my_robot_interfaces/lib/libinteg_my_robot_interfaces__rosidl_generator_c.so
[16.891s] -- Set runtime path of "/home/t-lemmel/Integ/install/integ_my_robot_interfaces/lib/libinteg_my_robot_interfaces__rosidl_generator_c.so" to ""
[16.891s] -- Installing: /home/t-lemmel/Integ/install/integ_my_robot_interfaces/lib/libinteg_my_robot_interfaces__rosidl_typesupport_fastrtps_c.so
[16.893s] -- Set runtime path of "/home/t-lemmel/Integ/install/integ_my_robot_interfaces/lib/libinteg_my_robot_interfaces__rosidl_typesupport_fastrtps_c.so" to ""
[16.894s] -- Installing: /home/t-lemmel/Integ/install/integ_my_robot_interfaces/lib/libinteg_my_robot_interfaces__rosidl_typesupport_introspection_c.so
[16.896s] -- Set runtime path of "/home/t-lemmel/Integ/install/integ_my_robot_interfaces/lib/libinteg_my_robot_interfaces__rosidl_typesupport_introspection_c.so" to ""
[16.897s] -- Installing: /home/t-lemmel/Integ/install/integ_my_robot_interfaces/lib/libinteg_my_robot_interfaces__rosidl_typesupport_c.so
[16.897s] -- Set runtime path of "/home/t-lemmel/Integ/install/integ_my_robot_interfaces/lib/libinteg_my_robot_interfaces__rosidl_typesupport_c.so" to ""
[16.899s] -- Installing: /home/t-lemmel/Integ/install/integ_my_robot_interfaces/lib/libinteg_my_robot_interfaces__rosidl_typesupport_fastrtps_cpp.so
[16.901s] -- Set runtime path of "/home/t-lemmel/Integ/install/integ_my_robot_interfaces/lib/libinteg_my_robot_interfaces__rosidl_typesupport_fastrtps_cpp.so" to ""
[16.901s] -- Installing: /home/t-lemmel/Integ/install/integ_my_robot_interfaces/lib/libinteg_my_robot_interfaces__rosidl_typesupport_introspection_cpp.so
[16.902s] -- Set runtime path of "/home/t-lemmel/Integ/install/integ_my_robot_interfaces/lib/libinteg_my_robot_interfaces__rosidl_typesupport_introspection_cpp.so" to ""
[16.903s] -- Installing: /home/t-lemmel/Integ/install/integ_my_robot_interfaces/lib/libinteg_my_robot_interfaces__rosidl_typesupport_cpp.so
[16.904s] -- Set runtime path of "/home/t-lemmel/Integ/install/integ_my_robot_interfaces/lib/libinteg_my_robot_interfaces__rosidl_typesupport_cpp.so" to ""
[17.061s] Listing '/home/t-lemmel/Integ/install/integ_my_robot_interfaces/local/lib/python3.10/dist-packages/integ_my_robot_interfaces'...
[17.061s] Compiling '/home/t-lemmel/Integ/install/integ_my_robot_interfaces/local/lib/python3.10/dist-packages/integ_my_robot_interfaces/__init__.py'...
[17.061s] Listing '/home/t-lemmel/Integ/install/integ_my_robot_interfaces/local/lib/python3.10/dist-packages/integ_my_robot_interfaces/msg'...
[17.061s] Compiling '/home/t-lemmel/Integ/install/integ_my_robot_interfaces/local/lib/python3.10/dist-packages/integ_my_robot_interfaces/msg/__init__.py'...
[17.061s] Compiling '/home/t-lemmel/Integ/install/integ_my_robot_interfaces/local/lib/python3.10/dist-packages/integ_my_robot_interfaces/msg/_center_and_area.py'...
[17.083s] -- Installing: /home/t-lemmel/Integ/install/integ_my_robot_interfaces/lib/libinteg_my_robot_interfaces__rosidl_generator_py.so
[17.085s] -- Set runtime path of "/home/t-lemmel/Integ/install/integ_my_robot_interfaces/lib/libinteg_my_robot_interfaces__rosidl_generator_py.so" to ""
[17.085s] -- Up-to-date: /home/t-lemmel/Integ/install/integ_my_robot_interfaces/share/integ_my_robot_interfaces/cmake/export_integ_my_robot_interfaces__rosidl_generator_cExport.cmake
[17.086s] -- Up-to-date: /home/t-lemmel/Integ/install/integ_my_robot_interfaces/share/integ_my_robot_interfaces/cmake/export_integ_my_robot_interfaces__rosidl_generator_cExport-noconfig.cmake
[17.086s] -- Up-to-date: /home/t-lemmel/Integ/install/integ_my_robot_interfaces/share/integ_my_robot_interfaces/cmake/export_integ_my_robot_interfaces__rosidl_typesupport_fastrtps_cExport.cmake
[17.087s] -- Up-to-date: /home/t-lemmel/Integ/install/integ_my_robot_interfaces/share/integ_my_robot_interfaces/cmake/export_integ_my_robot_interfaces__rosidl_typesupport_fastrtps_cExport-noconfig.cmake
[17.089s] -- Up-to-date: /home/t-lemmel/Integ/install/integ_my_robot_interfaces/share/integ_my_robot_interfaces/cmake/integ_my_robot_interfaces__rosidl_typesupport_introspection_cExport.cmake
[17.089s] -- Up-to-date: /home/t-lemmel/Integ/install/integ_my_robot_interfaces/share/integ_my_robot_interfaces/cmake/integ_my_robot_interfaces__rosidl_typesupport_introspection_cExport-noconfig.cmake
[17.089s] -- Up-to-date: /home/t-lemmel/Integ/install/integ_my_robot_interfaces/share/integ_my_robot_interfaces/cmake/integ_my_robot_interfaces__rosidl_typesupport_cExport.cmake
[17.090s] -- Up-to-date: /home/t-lemmel/Integ/install/integ_my_robot_interfaces/share/integ_my_robot_interfaces/cmake/integ_my_robot_interfaces__rosidl_typesupport_cExport-noconfig.cmake
[17.090s] -- Up-to-date: /home/t-lemmel/Integ/install/integ_my_robot_interfaces/share/integ_my_robot_interfaces/cmake/export_integ_my_robot_interfaces__rosidl_generator_cppExport.cmake
[17.090s] -- Up-to-date: /home/t-lemmel/Integ/install/integ_my_robot_interfaces/share/integ_my_robot_interfaces/cmake/export_integ_my_robot_interfaces__rosidl_typesupport_fastrtps_cppExport.cmake
[17.091s] -- Up-to-date: /home/t-lemmel/Integ/install/integ_my_robot_interfaces/share/integ_my_robot_interfaces/cmake/export_integ_my_robot_interfaces__rosidl_typesupport_fastrtps_cppExport-noconfig.cmake
[17.091s] -- Up-to-date: /home/t-lemmel/Integ/install/integ_my_robot_interfaces/share/integ_my_robot_interfaces/cmake/integ_my_robot_interfaces__rosidl_typesupport_introspection_cppExport.cmake
[17.091s] -- Up-to-date: /home/t-lemmel/Integ/install/integ_my_robot_interfaces/share/integ_my_robot_interfaces/cmake/integ_my_robot_interfaces__rosidl_typesupport_introspection_cppExport-noconfig.cmake
[17.091s] -- Up-to-date: /home/t-lemmel/Integ/install/integ_my_robot_interfaces/share/integ_my_robot_interfaces/cmake/integ_my_robot_interfaces__rosidl_typesupport_cppExport.cmake
[17.091s] -- Up-to-date: /home/t-lemmel/Integ/install/integ_my_robot_interfaces/share/integ_my_robot_interfaces/cmake/integ_my_robot_interfaces__rosidl_typesupport_cppExport-noconfig.cmake
[17.092s] -- Up-to-date: /home/t-lemmel/Integ/install/integ_my_robot_interfaces/share/integ_my_robot_interfaces/cmake/export_integ_my_robot_interfaces__rosidl_generator_pyExport.cmake
[17.092s] -- Up-to-date: /home/t-lemmel/Integ/install/integ_my_robot_interfaces/share/integ_my_robot_interfaces/cmake/export_integ_my_robot_interfaces__rosidl_generator_pyExport-noconfig.cmake
[17.098s] Invoked command in '/home/t-lemmel/Integ/build/integ_my_robot_interfaces' returned '0': CMAKE_PREFIX_PATH=${CMAKE_PREFIX_PATH}:/opt/ros/humble PS1_ori=\[\e]0;\u@\h: \w\a\]${debian_chroot:+($debian_chroot)}\[\033[01;32m\]\u@\h\[\033[00m\]:\[\033[01;34m\]\w\[\033[00m\]\$ /usr/bin/cmake --install /home/t-lemmel/Integ/build/integ_my_robot_interfaces
