[1.214s] Invoking command in '/home/t-lemmel/Integ/build/integ_my_robot_interfaces': CMAKE_PREFIX_PATH=${CMAKE_PREFIX_PATH}:/opt/ros/humble PS1_ori=\[\e]0;\u@\h: \w\a\]${debian_chroot:+($debian_chroot)}\[\033[01;32m\]\u@\h\[\033[00m\]:\[\033[01;34m\]\w\[\033[00m\]\$ /usr/bin/cmake --build /home/t-lemmel/Integ/build/integ_my_robot_interfaces -- -j8 -l8
[1.379s] [35m[1mConsolidate compiler generated dependencies of target integ_my_robot_interfaces__rosidl_generator_c[0m
[1.404s] [  3%] Built target integ_my_robot_interfaces__cpp
[1.427s] [ 12%] Built target integ_my_robot_interfaces__rosidl_generator_c
[1.442s] [35m[1mConsolidate compiler generated dependencies of target integ_my_robot_interfaces__rosidl_typesupport_fastrtps_cpp[0m
[1.448s] [ 12%] Built target ament_cmake_python_symlink_integ_my_robot_interfaces
[1.449s] [35m[1mConsolidate compiler generated dependencies of target integ_my_robot_interfaces__rosidl_typesupport_introspection_cpp[0m
[1.480s] [35m[1mConsolidate compiler generated dependencies of target integ_my_robot_interfaces__rosidl_typesupport_cpp[0m
[1.493s] [ 22%] Built target integ_my_robot_interfaces__rosidl_typesupport_fastrtps_cpp
[1.495s] [35m[1mConsolidate compiler generated dependencies of target integ_my_robot_interfaces__rosidl_typesupport_c[0m
[1.503s] [ 32%] Built target integ_my_robot_interfaces__rosidl_typesupport_introspection_cpp
[1.527s] [ 41%] Built target integ_my_robot_interfaces__rosidl_typesupport_cpp
[1.535s] [ 51%] Built target integ_my_robot_interfaces__rosidl_typesupport_c
[1.539s] [35m[1mConsolidate compiler generated dependencies of target integ_my_robot_interfaces__rosidl_typesupport_introspection_c[0m
[1.572s] [35m[1mConsolidate compiler generated dependencies of target integ_my_robot_interfaces__rosidl_typesupport_fastrtps_c[0m
[1.594s] [ 61%] Built target integ_my_robot_interfaces__rosidl_typesupport_introspection_c
[1.631s] [ 70%] Built target integ_my_robot_interfaces__rosidl_typesupport_fastrtps_c
[1.720s] [ 70%] Built target integ_my_robot_interfaces
[1.803s] [ 74%] Built target integ_my_robot_interfaces__py
[1.856s] [35m[1mConsolidate compiler generated dependencies of target integ_my_robot_interfaces__rosidl_generator_py[0m
[1.909s] [ 80%] Built target integ_my_robot_interfaces__rosidl_generator_py
[1.952s] [35m[1mConsolidate compiler generated dependencies of target integ_my_robot_interfaces__rosidl_typesupport_introspection_c__pyext[0m
[1.967s] [35m[1mConsolidate compiler generated dependencies of target integ_my_robot_interfaces__rosidl_typesupport_fastrtps_c__pyext[0m
[2.008s] [ 87%] Built target integ_my_robot_interfaces__rosidl_typesupport_introspection_c__pyext
[2.013s] [ 93%] Built target integ_my_robot_interfaces__rosidl_typesupport_fastrtps_c__pyext
[2.056s] [35m[1mConsolidate compiler generated dependencies of target integ_my_robot_interfaces__rosidl_typesupport_c__pyext[0m
[2.115s] [100%] Built target integ_my_robot_interfaces__rosidl_typesupport_c__pyext
[2.786s] running egg_info
[2.790s] writing integ_my_robot_interfaces.egg-info/PKG-INFO
[2.797s] writing dependency_links to integ_my_robot_interfaces.egg-info/dependency_links.txt
[2.803s] writing top-level names to integ_my_robot_interfaces.egg-info/top_level.txt
[2.806s] reading manifest file 'integ_my_robot_interfaces.egg-info/SOURCES.txt'
[2.809s] writing manifest file 'integ_my_robot_interfaces.egg-info/SOURCES.txt'
[2.964s] [100%] Built target ament_cmake_python_build_integ_my_robot_interfaces_egg
[3.334s] Invoked command in '/home/t-lemmel/Integ/build/integ_my_robot_interfaces' returned '0': CMAKE_PREFIX_PATH=${CMAKE_PREFIX_PATH}:/opt/ros/humble PS1_ori=\[\e]0;\u@\h: \w\a\]${debian_chroot:+($debian_chroot)}\[\033[01;32m\]\u@\h\[\033[00m\]:\[\033[01;34m\]\w\[\033[00m\]\$ /usr/bin/cmake --build /home/t-lemmel/Integ/build/integ_my_robot_interfaces -- -j8 -l8
[3.895s] Invoking command in '/home/t-lemmel/Integ/build/integ_my_robot_interfaces': CMAKE_PREFIX_PATH=${CMAKE_PREFIX_PATH}:/opt/ros/humble PS1_ori=\[\e]0;\u@\h: \w\a\]${debian_chroot:+($debian_chroot)}\[\033[01;32m\]\u@\h\[\033[00m\]:\[\033[01;34m\]\w\[\033[00m\]\$ /usr/bin/cmake --install /home/t-lemmel/Integ/build/integ_my_robot_interfaces
[3.919s] -- Install configuration: ""
[3.920s] -- Execute custom install script
[3.921s] -- Up-to-date symlink: /home/t-lemmel/Integ/install/integ_my_robot_interfaces/share/ament_index/resource_index/rosidl_interfaces/integ_my_robot_interfaces
[3.923s] -- Up-to-date symlink: /home/t-lemmel/Integ/install/integ_my_robot_interfaces/include/integ_my_robot_interfaces/integ_my_robot_interfaces/msg/center_and_area.h
[3.925s] -- Up-to-date symlink: /home/t-lemmel/Integ/install/integ_my_robot_interfaces/include/integ_my_robot_interfaces/integ_my_robot_interfaces/msg/detail/center_and_area__functions.h
[3.925s] -- Up-to-date symlink: /home/t-lemmel/Integ/install/integ_my_robot_interfaces/include/integ_my_robot_interfaces/integ_my_robot_interfaces/msg/detail/center_and_area__struct.h
[3.926s] -- Up-to-date symlink: /home/t-lemmel/Integ/install/integ_my_robot_interfaces/include/integ_my_robot_interfaces/integ_my_robot_interfaces/msg/detail/center_and_area__type_support.h
[3.927s] -- Up-to-date symlink: /home/t-lemmel/Integ/install/integ_my_robot_interfaces/include/integ_my_robot_interfaces/integ_my_robot_interfaces/msg/rosidl_generator_c__visibility_control.h
[3.929s] -- Up-to-date symlink: /home/t-lemmel/Integ/install/integ_my_robot_interfaces/share/integ_my_robot_interfaces/environment/library_path.sh
[3.930s] -- Up-to-date symlink: /home/t-lemmel/Integ/install/integ_my_robot_interfaces/share/integ_my_robot_interfaces/environment/library_path.dsv
[3.931s] -- Up-to-date symlink: /home/t-lemmel/Integ/install/integ_my_robot_interfaces/include/integ_my_robot_interfaces/integ_my_robot_interfaces/msg/detail/center_and_area__rosidl_typesupport_fastrtps_c.h
[3.931s] -- Up-to-date symlink: /home/t-lemmel/Integ/install/integ_my_robot_interfaces/include/integ_my_robot_interfaces/integ_my_robot_interfaces/msg/rosidl_typesupport_fastrtps_c__visibility_control.h
[3.931s] -- Up-to-date symlink: /home/t-lemmel/Integ/install/integ_my_robot_interfaces/include/integ_my_robot_interfaces/integ_my_robot_interfaces/msg/detail/center_and_area__rosidl_typesupport_introspection_c.h
[3.931s] -- Up-to-date symlink: /home/t-lemmel/Integ/install/integ_my_robot_interfaces/include/integ_my_robot_interfaces/integ_my_robot_interfaces/msg/rosidl_typesupport_introspection_c__visibility_control.h
[3.932s] -- Up-to-date symlink: /home/t-lemmel/Integ/install/integ_my_robot_interfaces/include/integ_my_robot_interfaces/integ_my_robot_interfaces/msg/center_and_area.hpp
[3.932s] -- Up-to-date symlink: /home/t-lemmel/Integ/install/integ_my_robot_interfaces/include/integ_my_robot_interfaces/integ_my_robot_interfaces/msg/detail/center_and_area__builder.hpp
[3.932s] -- Up-to-date symlink: /home/t-lemmel/Integ/install/integ_my_robot_interfaces/include/integ_my_robot_interfaces/integ_my_robot_interfaces/msg/detail/center_and_area__struct.hpp
[3.933s] -- Up-to-date symlink: /home/t-lemmel/Integ/install/integ_my_robot_interfaces/include/integ_my_robot_interfaces/integ_my_robot_interfaces/msg/detail/center_and_area__traits.hpp
[3.934s] -- Up-to-date symlink: /home/t-lemmel/Integ/install/integ_my_robot_interfaces/include/integ_my_robot_interfaces/integ_my_robot_interfaces/msg/detail/center_and_area__rosidl_typesupport_fastrtps_cpp.hpp
[3.934s] -- Up-to-date symlink: /home/t-lemmel/Integ/install/integ_my_robot_interfaces/include/integ_my_robot_interfaces/integ_my_robot_interfaces/msg/rosidl_typesupport_fastrtps_cpp__visibility_control.h
[3.935s] -- Up-to-date symlink: /home/t-lemmel/Integ/install/integ_my_robot_interfaces/include/integ_my_robot_interfaces/integ_my_robot_interfaces/msg/detail/center_and_area__rosidl_typesupport_introspection_cpp.hpp
[3.936s] -- Up-to-date symlink: /home/t-lemmel/Integ/install/integ_my_robot_interfaces/share/integ_my_robot_interfaces/environment/pythonpath.sh
[3.936s] -- Up-to-date symlink: /home/t-lemmel/Integ/install/integ_my_robot_interfaces/share/integ_my_robot_interfaces/environment/pythonpath.dsv
[3.937s] -- Up-to-date symlink: /home/t-lemmel/Integ/install/integ_my_robot_interfaces/local/lib/python3.10/dist-packages/integ_my_robot_interfaces-0.0.0-py3.10.egg-info/PKG-INFO
[3.937s] -- Up-to-date symlink: /home/t-lemmel/Integ/install/integ_my_robot_interfaces/local/lib/python3.10/dist-packages/integ_my_robot_interfaces-0.0.0-py3.10.egg-info/SOURCES.txt
[3.937s] -- Up-to-date symlink: /home/t-lemmel/Integ/install/integ_my_robot_interfaces/local/lib/python3.10/dist-packages/integ_my_robot_interfaces-0.0.0-py3.10.egg-info/dependency_links.txt
[3.937s] -- Up-to-date symlink: /home/t-lemmel/Integ/install/integ_my_robot_interfaces/local/lib/python3.10/dist-packages/integ_my_robot_interfaces-0.0.0-py3.10.egg-info/top_level.txt
[3.940s] -- Up-to-date symlink: /home/t-lemmel/Integ/install/integ_my_robot_interfaces/local/lib/python3.10/dist-packages/integ_my_robot_interfaces/__init__.py
[3.941s] -- Up-to-date symlink: /home/t-lemmel/Integ/install/integ_my_robot_interfaces/local/lib/python3.10/dist-packages/integ_my_robot_interfaces/_integ_my_robot_interfaces_s.ep.rosidl_typesupport_c.c
[3.943s] -- Up-to-date symlink: /home/t-lemmel/Integ/install/integ_my_robot_interfaces/local/lib/python3.10/dist-packages/integ_my_robot_interfaces/_integ_my_robot_interfaces_s.ep.rosidl_typesupport_fastrtps_c.c
[3.943s] -- Up-to-date symlink: /home/t-lemmel/Integ/install/integ_my_robot_interfaces/local/lib/python3.10/dist-packages/integ_my_robot_interfaces/_integ_my_robot_interfaces_s.ep.rosidl_typesupport_introspection_c.c
[3.945s] -- Up-to-date symlink: /home/t-lemmel/Integ/install/integ_my_robot_interfaces/local/lib/python3.10/dist-packages/integ_my_robot_interfaces/integ_my_robot_interfaces_s__rosidl_typesupport_c.cpython-310-x86_64-linux-gnu.so
[3.945s] -- Up-to-date symlink: /home/t-lemmel/Integ/install/integ_my_robot_interfaces/local/lib/python3.10/dist-packages/integ_my_robot_interfaces/integ_my_robot_interfaces_s__rosidl_typesupport_fastrtps_c.cpython-310-x86_64-linux-gnu.so
[3.945s] -- Up-to-date symlink: /home/t-lemmel/Integ/install/integ_my_robot_interfaces/local/lib/python3.10/dist-packages/integ_my_robot_interfaces/integ_my_robot_interfaces_s__rosidl_typesupport_introspection_c.cpython-310-x86_64-linux-gnu.so
[3.947s] -- Up-to-date symlink: /home/t-lemmel/Integ/install/integ_my_robot_interfaces/local/lib/python3.10/dist-packages/integ_my_robot_interfaces/libinteg_my_robot_interfaces__rosidl_generator_py.so
[3.949s] -- Up-to-date symlink: /home/t-lemmel/Integ/install/integ_my_robot_interfaces/local/lib/python3.10/dist-packages/integ_my_robot_interfaces/msg/__init__.py
[3.950s] -- Up-to-date symlink: /home/t-lemmel/Integ/install/integ_my_robot_interfaces/local/lib/python3.10/dist-packages/integ_my_robot_interfaces/msg/_center_and_area.py
[3.954s] -- Up-to-date symlink: /home/t-lemmel/Integ/install/integ_my_robot_interfaces/local/lib/python3.10/dist-packages/integ_my_robot_interfaces/msg/_center_and_area_s.c
[3.956s] -- Up-to-date symlink: /home/t-lemmel/Integ/install/integ_my_robot_interfaces/local/lib/python3.10/dist-packages/integ_my_robot_interfaces/integ_my_robot_interfaces_s__rosidl_typesupport_fastrtps_c.cpython-310-x86_64-linux-gnu.so
[3.957s] -- Up-to-date symlink: /home/t-lemmel/Integ/install/integ_my_robot_interfaces/local/lib/python3.10/dist-packages/integ_my_robot_interfaces/integ_my_robot_interfaces_s__rosidl_typesupport_introspection_c.cpython-310-x86_64-linux-gnu.so
[3.959s] -- Up-to-date symlink: /home/t-lemmel/Integ/install/integ_my_robot_interfaces/local/lib/python3.10/dist-packages/integ_my_robot_interfaces/integ_my_robot_interfaces_s__rosidl_typesupport_c.cpython-310-x86_64-linux-gnu.so
[3.960s] -- Up-to-date symlink: /home/t-lemmel/Integ/install/integ_my_robot_interfaces/share/integ_my_robot_interfaces/msg/CenterAndArea.idl
[3.960s] -- Up-to-date symlink: /home/t-lemmel/Integ/install/integ_my_robot_interfaces/share/integ_my_robot_interfaces/msg/CenterAndArea.msg
[3.960s] -- Up-to-date symlink: /home/t-lemmel/Integ/install/integ_my_robot_interfaces/share/ament_index/resource_index/package_run_dependencies/integ_my_robot_interfaces
[3.961s] -- Up-to-date symlink: /home/t-lemmel/Integ/install/integ_my_robot_interfaces/share/ament_index/resource_index/parent_prefix_path/integ_my_robot_interfaces
[3.961s] -- Up-to-date symlink: /home/t-lemmel/Integ/install/integ_my_robot_interfaces/share/integ_my_robot_interfaces/environment/ament_prefix_path.sh
[3.962s] -- Up-to-date symlink: /home/t-lemmel/Integ/install/integ_my_robot_interfaces/share/integ_my_robot_interfaces/environment/ament_prefix_path.dsv
[3.962s] -- Up-to-date symlink: /home/t-lemmel/Integ/install/integ_my_robot_interfaces/share/integ_my_robot_interfaces/environment/path.sh
[3.962s] -- Up-to-date symlink: /home/t-lemmel/Integ/install/integ_my_robot_interfaces/share/integ_my_robot_interfaces/environment/path.dsv
[3.962s] -- Up-to-date symlink: /home/t-lemmel/Integ/install/integ_my_robot_interfaces/share/integ_my_robot_interfaces/local_setup.bash
[3.962s] -- Up-to-date symlink: /home/t-lemmel/Integ/install/integ_my_robot_interfaces/share/integ_my_robot_interfaces/local_setup.sh
[3.962s] -- Up-to-date symlink: /home/t-lemmel/Integ/install/integ_my_robot_interfaces/share/integ_my_robot_interfaces/local_setup.zsh
[3.963s] -- Up-to-date symlink: /home/t-lemmel/Integ/install/integ_my_robot_interfaces/share/integ_my_robot_interfaces/local_setup.dsv
[3.963s] -- Symlinking: /home/t-lemmel/Integ/install/integ_my_robot_interfaces/share/integ_my_robot_interfaces/package.dsv
[4.005s] -- Up-to-date symlink: /home/t-lemmel/Integ/install/integ_my_robot_interfaces/share/ament_index/resource_index/packages/integ_my_robot_interfaces
[4.011s] -- Up-to-date symlink: /home/t-lemmel/Integ/install/integ_my_robot_interfaces/share/integ_my_robot_interfaces/cmake/rosidl_cmake-extras.cmake
[4.012s] -- Up-to-date symlink: /home/t-lemmel/Integ/install/integ_my_robot_interfaces/share/integ_my_robot_interfaces/cmake/ament_cmake_export_dependencies-extras.cmake
[4.012s] -- Up-to-date symlink: /home/t-lemmel/Integ/install/integ_my_robot_interfaces/share/integ_my_robot_interfaces/cmake/ament_cmake_export_include_directories-extras.cmake
[4.013s] -- Up-to-date symlink: /home/t-lemmel/Integ/install/integ_my_robot_interfaces/share/integ_my_robot_interfaces/cmake/ament_cmake_export_libraries-extras.cmake
[4.013s] -- Up-to-date symlink: /home/t-lemmel/Integ/install/integ_my_robot_interfaces/share/integ_my_robot_interfaces/cmake/ament_cmake_export_targets-extras.cmake
[4.014s] -- Up-to-date symlink: /home/t-lemmel/Integ/install/integ_my_robot_interfaces/share/integ_my_robot_interfaces/cmake/rosidl_cmake_export_typesupport_targets-extras.cmake
[4.015s] -- Up-to-date symlink: /home/t-lemmel/Integ/install/integ_my_robot_interfaces/share/integ_my_robot_interfaces/cmake/rosidl_cmake_export_typesupport_libraries-extras.cmake
[4.016s] -- Up-to-date symlink: /home/t-lemmel/Integ/install/integ_my_robot_interfaces/share/integ_my_robot_interfaces/cmake/integ_my_robot_interfacesConfig.cmake
[4.018s] -- Up-to-date symlink: /home/t-lemmel/Integ/install/integ_my_robot_interfaces/share/integ_my_robot_interfaces/cmake/integ_my_robot_interfacesConfig-version.cmake
[4.019s] -- Up-to-date symlink: /home/t-lemmel/Integ/install/integ_my_robot_interfaces/share/integ_my_robot_interfaces/package.xml
[4.020s] -- Up-to-date: /home/t-lemmel/Integ/install/integ_my_robot_interfaces/lib/libinteg_my_robot_interfaces__rosidl_generator_c.so
[4.020s] -- Up-to-date: /home/t-lemmel/Integ/install/integ_my_robot_interfaces/lib/libinteg_my_robot_interfaces__rosidl_typesupport_fastrtps_c.so
[4.021s] -- Up-to-date: /home/t-lemmel/Integ/install/integ_my_robot_interfaces/lib/libinteg_my_robot_interfaces__rosidl_typesupport_introspection_c.so
[4.023s] -- Up-to-date: /home/t-lemmel/Integ/install/integ_my_robot_interfaces/lib/libinteg_my_robot_interfaces__rosidl_typesupport_c.so
[4.024s] -- Up-to-date: /home/t-lemmel/Integ/install/integ_my_robot_interfaces/lib/libinteg_my_robot_interfaces__rosidl_typesupport_fastrtps_cpp.so
[4.025s] -- Up-to-date: /home/t-lemmel/Integ/install/integ_my_robot_interfaces/lib/libinteg_my_robot_interfaces__rosidl_typesupport_introspection_cpp.so
[4.025s] -- Up-to-date: /home/t-lemmel/Integ/install/integ_my_robot_interfaces/lib/libinteg_my_robot_interfaces__rosidl_typesupport_cpp.so
[4.170s] Listing '/home/t-lemmel/Integ/install/integ_my_robot_interfaces/local/lib/python3.10/dist-packages/integ_my_robot_interfaces'...
[4.171s] Listing '/home/t-lemmel/Integ/install/integ_my_robot_interfaces/local/lib/python3.10/dist-packages/integ_my_robot_interfaces/msg'...
[4.191s] -- Up-to-date: /home/t-lemmel/Integ/install/integ_my_robot_interfaces/lib/libinteg_my_robot_interfaces__rosidl_generator_py.so
[4.193s] -- Up-to-date: /home/t-lemmel/Integ/install/integ_my_robot_interfaces/share/integ_my_robot_interfaces/cmake/export_integ_my_robot_interfaces__rosidl_generator_cExport.cmake
[4.196s] -- Up-to-date: /home/t-lemmel/Integ/install/integ_my_robot_interfaces/share/integ_my_robot_interfaces/cmake/export_integ_my_robot_interfaces__rosidl_generator_cExport-noconfig.cmake
[4.197s] -- Up-to-date: /home/t-lemmel/Integ/install/integ_my_robot_interfaces/share/integ_my_robot_interfaces/cmake/export_integ_my_robot_interfaces__rosidl_typesupport_fastrtps_cExport.cmake
[4.197s] -- Up-to-date: /home/t-lemmel/Integ/install/integ_my_robot_interfaces/share/integ_my_robot_interfaces/cmake/export_integ_my_robot_interfaces__rosidl_typesupport_fastrtps_cExport-noconfig.cmake
[4.198s] -- Up-to-date: /home/t-lemmel/Integ/install/integ_my_robot_interfaces/share/integ_my_robot_interfaces/cmake/integ_my_robot_interfaces__rosidl_typesupport_introspection_cExport.cmake
[4.198s] -- Up-to-date: /home/t-lemmel/Integ/install/integ_my_robot_interfaces/share/integ_my_robot_interfaces/cmake/integ_my_robot_interfaces__rosidl_typesupport_introspection_cExport-noconfig.cmake
[4.198s] -- Up-to-date: /home/t-lemmel/Integ/install/integ_my_robot_interfaces/share/integ_my_robot_interfaces/cmake/integ_my_robot_interfaces__rosidl_typesupport_cExport.cmake
[4.198s] -- Up-to-date: /home/t-lemmel/Integ/install/integ_my_robot_interfaces/share/integ_my_robot_interfaces/cmake/integ_my_robot_interfaces__rosidl_typesupport_cExport-noconfig.cmake
[4.198s] -- Up-to-date: /home/t-lemmel/Integ/install/integ_my_robot_interfaces/share/integ_my_robot_interfaces/cmake/export_integ_my_robot_interfaces__rosidl_generator_cppExport.cmake
[4.198s] -- Up-to-date: /home/t-lemmel/Integ/install/integ_my_robot_interfaces/share/integ_my_robot_interfaces/cmake/export_integ_my_robot_interfaces__rosidl_typesupport_fastrtps_cppExport.cmake
[4.198s] -- Up-to-date: /home/t-lemmel/Integ/install/integ_my_robot_interfaces/share/integ_my_robot_interfaces/cmake/export_integ_my_robot_interfaces__rosidl_typesupport_fastrtps_cppExport-noconfig.cmake
[4.199s] -- Up-to-date: /home/t-lemmel/Integ/install/integ_my_robot_interfaces/share/integ_my_robot_interfaces/cmake/integ_my_robot_interfaces__rosidl_typesupport_introspection_cppExport.cmake
[4.199s] -- Up-to-date: /home/t-lemmel/Integ/install/integ_my_robot_interfaces/share/integ_my_robot_interfaces/cmake/integ_my_robot_interfaces__rosidl_typesupport_introspection_cppExport-noconfig.cmake
[4.199s] -- Up-to-date: /home/t-lemmel/Integ/install/integ_my_robot_interfaces/share/integ_my_robot_interfaces/cmake/integ_my_robot_interfaces__rosidl_typesupport_cppExport.cmake
[4.199s] -- Up-to-date: /home/t-lemmel/Integ/install/integ_my_robot_interfaces/share/integ_my_robot_interfaces/cmake/integ_my_robot_interfaces__rosidl_typesupport_cppExport-noconfig.cmake
[4.199s] -- Up-to-date: /home/t-lemmel/Integ/install/integ_my_robot_interfaces/share/integ_my_robot_interfaces/cmake/export_integ_my_robot_interfaces__rosidl_generator_pyExport.cmake
[4.199s] -- Up-to-date: /home/t-lemmel/Integ/install/integ_my_robot_interfaces/share/integ_my_robot_interfaces/cmake/export_integ_my_robot_interfaces__rosidl_generator_pyExport-noconfig.cmake
[4.394s] Invoked command in '/home/t-lemmel/Integ/build/integ_my_robot_interfaces' returned '0': CMAKE_PREFIX_PATH=${CMAKE_PREFIX_PATH}:/opt/ros/humble PS1_ori=\[\e]0;\u@\h: \w\a\]${debian_chroot:+($debian_chroot)}\[\033[01;32m\]\u@\h\[\033[00m\]:\[\033[01;34m\]\w\[\033[00m\]\$ /usr/bin/cmake --install /home/t-lemmel/Integ/build/integ_my_robot_interfaces
