[6.123s] Invoking command in '/home/t-lemmel/Integ/build/visual_servoing': PS1_ori=\[\e]0;\u@\h: \w\a\]${debian_chroot:+($debian_chroot)}\[\033[01;32m\]\u@\h\[\033[00m\]:\[\033[01;34m\]\w\[\033[00m\]\$ PYTHONPATH=/home/t-lemmel/Integ/build/visual_servoing/prefix_override:/home/t-lemmel/Integ/install/visual_servoing/lib/python3.10/site-packages:${PYTHONPATH} /usr/bin/python3 setup.py develop --editable --build-directory /home/t-lemmel/Integ/build/visual_servoing/build --no-deps install_data
[7.804s] running develop
[7.867s] /usr/lib/python3/dist-packages/setuptools/command/easy_install.py:158: EasyInstallDeprecationWarning: easy_install command is deprecated. Use build and pip and other standards-based tools.
[7.867s]   warnings.warn(
[7.884s] /usr/lib/python3/dist-packages/setuptools/command/install.py:34: SetuptoolsDeprecationWarning: setup.py install is deprecated. Use build and pip and other standards-based tools.
[7.885s]   warnings.warn(
[8.841s] running egg_info
[8.842s] writing visual_servoing.egg-info/PKG-INFO
[8.842s] writing dependency_links to visual_servoing.egg-info/dependency_links.txt
[8.842s] writing entry points to visual_servoing.egg-info/entry_points.txt
[8.842s] writing requirements to visual_servoing.egg-info/requires.txt
[8.842s] writing top-level names to visual_servoing.egg-info/top_level.txt
[8.844s] reading manifest file 'visual_servoing.egg-info/SOURCES.txt'
[8.899s] writing manifest file 'visual_servoing.egg-info/SOURCES.txt'
[8.905s] running build_ext
[8.906s] Creating /home/t-lemmel/Integ/install/visual_servoing/lib/python3.10/site-packages/visual-servoing.egg-link (link to .)
[8.909s] Installing FeatureDetector script to /home/t-lemmel/Integ/install/visual_servoing/lib/visual_servoing
[8.909s] Installing tracker script to /home/t-lemmel/Integ/install/visual_servoing/lib/visual_servoing
[8.911s] 
[8.912s] Installed /home/t-lemmel/Integ/build/visual_servoing
[8.913s] running install_data
[9.006s] Invoked command in '/home/t-lemmel/Integ/build/visual_servoing' returned '0': PS1_ori=\[\e]0;\u@\h: \w\a\]${debian_chroot:+($debian_chroot)}\[\033[01;32m\]\u@\h\[\033[00m\]:\[\033[01;34m\]\w\[\033[00m\]\$ PYTHONPATH=/home/t-lemmel/Integ/build/visual_servoing/prefix_override:/home/t-lemmel/Integ/install/visual_servoing/lib/python3.10/site-packages:${PYTHONPATH} /usr/bin/python3 setup.py develop --editable --build-directory /home/t-lemmel/Integ/build/visual_servoing/build --no-deps install_data
