[1.630s] Invoking command in '/home/t-lemmel/Integ/build/integ_description': CMAKE_PREFIX_PATH=${CMAKE_PREFIX_PATH}:/opt/ros/humble PS1_ori=\[\e]0;\u@\h: \w\a\]${debian_chroot:+($debian_chroot)}\[\033[01;32m\]\u@\h\[\033[00m\]:\[\033[01;34m\]\w\[\033[00m\]\$ /usr/bin/cmake --build /home/t-lemmel/Integ/build/integ_description -- -j8 -l8
[3.809s] Invoked command in '/home/t-lemmel/Integ/build/integ_description' returned '0': CMAKE_PREFIX_PATH=${CMAKE_PREFIX_PATH}:/opt/ros/humble PS1_ori=\[\e]0;\u@\h: \w\a\]${debian_chroot:+($debian_chroot)}\[\033[01;32m\]\u@\h\[\033[00m\]:\[\033[01;34m\]\w\[\033[00m\]\$ /usr/bin/cmake --build /home/t-lemmel/Integ/build/integ_description -- -j8 -l8
[3.953s] Invoking command in '/home/t-lemmel/Integ/build/integ_description': CMAKE_PREFIX_PATH=${CMAKE_PREFIX_PATH}:/opt/ros/humble PS1_ori=\[\e]0;\u@\h: \w\a\]${debian_chroot:+($debian_chroot)}\[\033[01;32m\]\u@\h\[\033[00m\]:\[\033[01;34m\]\w\[\033[00m\]\$ /usr/bin/cmake --install /home/t-lemmel/Integ/build/integ_description
[4.007s] -- Install configuration: ""
[4.039s] -- Execute custom install script
[4.056s] -- Up-to-date symlink: /home/t-lemmel/Integ/install/integ_description/share/integ_description/config/joint_names_scara_sw.yaml
[4.057s] -- Up-to-date symlink: /home/t-lemmel/Integ/install/integ_description/share/integ_description/launch/config.rviz
[4.057s] -- Up-to-date symlink: /home/t-lemmel/Integ/install/integ_description/share/integ_description/launch/effort_manual.yaml
[4.057s] -- Up-to-date symlink: /home/t-lemmel/Integ/install/integ_description/share/integ_description/launch/position_manual.yaml
[4.058s] -- Up-to-date symlink: /home/t-lemmel/Integ/install/integ_description/share/integ_description/launch/state_publisher_launch.py
[4.059s] -- Up-to-date symlink: /home/t-lemmel/Integ/install/integ_description/share/integ_description/launch/target_launch.py
[4.060s] -- Up-to-date symlink: /home/t-lemmel/Integ/install/integ_description/share/integ_description/launch/upload_launch.py
[4.062s] -- Up-to-date symlink: /home/t-lemmel/Integ/install/integ_description/share/integ_description/launch/velocity_manual.yaml
[4.063s] -- Up-to-date symlink: /home/t-lemmel/Integ/install/integ_description/share/integ_description/launch/world_launch.py
[4.066s] -- Up-to-date symlink: /home/t-lemmel/Integ/install/integ_description/share/integ_description/meshes/base_link.STL
[4.067s] -- Up-to-date symlink: /home/t-lemmel/Integ/install/integ_description/share/integ_description/meshes/link_1.STL
[4.068s] -- Up-to-date symlink: /home/t-lemmel/Integ/install/integ_description/share/integ_description/meshes/link_2.STL
[4.070s] -- Up-to-date symlink: /home/t-lemmel/Integ/install/integ_description/share/integ_description/urdf/camera.xacro
[4.070s] -- Up-to-date symlink: /home/t-lemmel/Integ/install/integ_description/share/integ_description/urdf/scara_sw.xacro
[4.071s] -- Up-to-date symlink: /home/t-lemmel/Integ/install/integ_description/share/integ_description/urdf/scara_sw_identification.urdf
[4.071s] -- Up-to-date symlink: /home/t-lemmel/Integ/install/integ_description/share/integ_description/urdf/target.xacro
[4.071s] -- Up-to-date symlink: /home/t-lemmel/Integ/install/integ_description/share/integ_description/urdf/world.sdf
[4.082s] -- Up-to-date symlink: /home/t-lemmel/Integ/install/integ_description/share/ament_index/resource_index/package_run_dependencies/integ_description
[4.083s] -- Up-to-date symlink: /home/t-lemmel/Integ/install/integ_description/share/ament_index/resource_index/parent_prefix_path/integ_description
[4.084s] -- Up-to-date symlink: /home/t-lemmel/Integ/install/integ_description/share/integ_description/environment/ament_prefix_path.sh
[4.088s] -- Up-to-date symlink: /home/t-lemmel/Integ/install/integ_description/share/integ_description/environment/ament_prefix_path.dsv
[4.088s] -- Up-to-date symlink: /home/t-lemmel/Integ/install/integ_description/share/integ_description/environment/path.sh
[4.089s] -- Up-to-date symlink: /home/t-lemmel/Integ/install/integ_description/share/integ_description/environment/path.dsv
[4.090s] -- Up-to-date symlink: /home/t-lemmel/Integ/install/integ_description/share/integ_description/local_setup.bash
[4.090s] -- Up-to-date symlink: /home/t-lemmel/Integ/install/integ_description/share/integ_description/local_setup.sh
[4.091s] -- Up-to-date symlink: /home/t-lemmel/Integ/install/integ_description/share/integ_description/local_setup.zsh
[4.091s] -- Up-to-date symlink: /home/t-lemmel/Integ/install/integ_description/share/integ_description/local_setup.dsv
[4.092s] -- Symlinking: /home/t-lemmel/Integ/install/integ_description/share/integ_description/package.dsv
[4.126s] -- Up-to-date symlink: /home/t-lemmel/Integ/install/integ_description/share/ament_index/resource_index/packages/integ_description
[4.126s] -- Up-to-date symlink: /home/t-lemmel/Integ/install/integ_description/share/integ_description/cmake/integ_descriptionConfig.cmake
[4.126s] -- Up-to-date symlink: /home/t-lemmel/Integ/install/integ_description/share/integ_description/cmake/integ_descriptionConfig-version.cmake
[4.126s] -- Up-to-date symlink: /home/t-lemmel/Integ/install/integ_description/share/integ_description/package.xml
[4.134s] Invoked command in '/home/t-lemmel/Integ/build/integ_description' returned '0': CMAKE_PREFIX_PATH=${CMAKE_PREFIX_PATH}:/opt/ros/humble PS1_ori=\[\e]0;\u@\h: \w\a\]${debian_chroot:+($debian_chroot)}\[\033[01;32m\]\u@\h\[\033[00m\]:\[\033[01;34m\]\w\[\033[00m\]\$ /usr/bin/cmake --install /home/t-lemmel/Integ/build/integ_description
