[4.262s] DEBUG:colcon:Command line arguments: ['/usr/bin/colcon', 'build', '--symlink-install', '--continue-on-error']
[4.262s] DEBUG:colcon:Parsed command line arguments: Namespace(log_base=None, log_level=None, verb_name='build', build_base='build', install_base='install', merge_install=False, symlink_install=True, test_result_base=None, continue_on_error=True, executor='parallel', parallel_workers=8, event_handlers=None, ignore_user_meta=False, metas=['./colcon.meta'], base_paths=['.'], packages_ignore=None, packages_ignore_regex=None, paths=None, packages_up_to=None, packages_up_to_regex=None, packages_above=None, packages_above_and_dependencies=None, packages_above_depth=None, packages_select_by_dep=None, packages_skip_by_dep=None, packages_skip_up_to=None, packages_select_build_failed=False, packages_skip_build_finished=False, packages_select_test_failures=False, packages_skip_test_passed=False, packages_select=None, packages_skip=None, packages_select_regex=None, packages_skip_regex=None, packages_start=None, packages_end=None, allow_overriding=[], cmake_args=None, cmake_target=None, cmake_target_skip_unavailable=False, cmake_clean_cache=False, cmake_clean_first=False, cmake_force_configure=False, ament_cmake_args=None, catkin_cmake_args=None, catkin_skip_building_tests=False, verb_parser=<colcon_defaults.argument_parser.defaults.DefaultArgumentsDecorator object at 0x7f35352e2620>, verb_extension=<colcon_core.verb.build.BuildVerb object at 0x7f35352e3610>, main=<bound method BuildVerb.main of <colcon_core.verb.build.BuildVerb object at 0x7f35352e3610>>)
[4.438s] Level 1:colcon.colcon_core.package_discovery:discover_packages(colcon_meta) check parameters
[4.438s] Level 1:colcon.colcon_core.package_discovery:discover_packages(recursive) check parameters
[4.438s] Level 1:colcon.colcon_core.package_discovery:discover_packages(ignore) check parameters
[4.438s] Level 1:colcon.colcon_core.package_discovery:discover_packages(path) check parameters
[4.439s] Level 1:colcon.colcon_core.package_discovery:discover_packages(colcon_meta) discover
[4.439s] Level 1:colcon.colcon_core.package_discovery:discover_packages(recursive) discover
[4.439s] INFO:colcon.colcon_core.package_discovery:Crawling recursively for packages in '/home/t-lemmel/Integ'
[4.439s] Level 1:colcon.colcon_core.package_identification:_identify(.) by extensions ['ignore', 'ignore_ament_install']
[4.439s] Level 1:colcon.colcon_core.package_identification:_identify(.) by extension 'ignore'
[4.439s] Level 1:colcon.colcon_core.package_identification:_identify(.) by extension 'ignore_ament_install'
[4.439s] Level 1:colcon.colcon_core.package_identification:_identify(.) by extensions ['colcon_pkg']
[4.439s] Level 1:colcon.colcon_core.package_identification:_identify(.) by extension 'colcon_pkg'
[4.440s] Level 1:colcon.colcon_core.package_identification:_identify(.) by extensions ['colcon_meta']
[4.440s] Level 1:colcon.colcon_core.package_identification:_identify(.) by extension 'colcon_meta'
[4.440s] Level 1:colcon.colcon_core.package_identification:_identify(.) by extensions ['ros']
[4.440s] Level 1:colcon.colcon_core.package_identification:_identify(.) by extension 'ros'
[4.489s] Level 1:colcon.colcon_core.package_identification:_identify(.) by extensions ['cmake', 'python']
[4.489s] Level 1:colcon.colcon_core.package_identification:_identify(.) by extension 'cmake'
[4.489s] Level 1:colcon.colcon_core.package_identification:_identify(.) by extension 'python'
[4.489s] Level 1:colcon.colcon_core.package_identification:_identify(.) by extensions ['python_setup_py']
[4.490s] Level 1:colcon.colcon_core.package_identification:_identify(.) by extension 'python_setup_py'
[4.490s] Level 1:colcon.colcon_core.package_identification:_identify(build) by extensions ['ignore', 'ignore_ament_install']
[4.491s] Level 1:colcon.colcon_core.package_identification:_identify(build) by extension 'ignore'
[4.492s] Level 1:colcon.colcon_core.package_identification:_identify(build) ignored
[4.493s] Level 1:colcon.colcon_core.package_identification:_identify(command) by extensions ['ignore', 'ignore_ament_install']
[4.493s] Level 1:colcon.colcon_core.package_identification:_identify(command) by extension 'ignore'
[4.493s] Level 1:colcon.colcon_core.package_identification:_identify(command) by extension 'ignore_ament_install'
[4.493s] Level 1:colcon.colcon_core.package_identification:_identify(command) by extensions ['colcon_pkg']
[4.494s] Level 1:colcon.colcon_core.package_identification:_identify(command) by extension 'colcon_pkg'
[4.494s] Level 1:colcon.colcon_core.package_identification:_identify(command) by extensions ['colcon_meta']
[4.494s] Level 1:colcon.colcon_core.package_identification:_identify(command) by extension 'colcon_meta'
[4.494s] Level 1:colcon.colcon_core.package_identification:_identify(command) by extensions ['ros']
[4.494s] Level 1:colcon.colcon_core.package_identification:_identify(command) by extension 'ros'
[4.494s] Level 1:colcon.colcon_core.package_identification:_identify(command) by extensions ['cmake', 'python']
[4.494s] Level 1:colcon.colcon_core.package_identification:_identify(command) by extension 'cmake'
[4.495s] Level 1:colcon.colcon_core.package_identification:_identify(command) by extension 'python'
[4.496s] Level 1:colcon.colcon_core.package_identification:_identify(command) by extensions ['python_setup_py']
[4.496s] Level 1:colcon.colcon_core.package_identification:_identify(command) by extension 'python_setup_py'
[4.498s] Level 1:colcon.colcon_core.package_identification:_identify(command/log) by extensions ['ignore', 'ignore_ament_install']
[4.499s] Level 1:colcon.colcon_core.package_identification:_identify(command/log) by extension 'ignore'
[4.499s] Level 1:colcon.colcon_core.package_identification:_identify(command/log) ignored
[4.500s] Level 1:colcon.colcon_core.package_identification:_identify(command/src) by extensions ['ignore', 'ignore_ament_install']
[4.500s] Level 1:colcon.colcon_core.package_identification:_identify(command/src) by extension 'ignore'
[4.501s] Level 1:colcon.colcon_core.package_identification:_identify(command/src) by extension 'ignore_ament_install'
[4.501s] Level 1:colcon.colcon_core.package_identification:_identify(command/src) by extensions ['colcon_pkg']
[4.502s] Level 1:colcon.colcon_core.package_identification:_identify(command/src) by extension 'colcon_pkg'
[4.503s] Level 1:colcon.colcon_core.package_identification:_identify(command/src) by extensions ['colcon_meta']
[4.504s] Level 1:colcon.colcon_core.package_identification:_identify(command/src) by extension 'colcon_meta'
[4.504s] Level 1:colcon.colcon_core.package_identification:_identify(command/src) by extensions ['ros']
[4.504s] Level 1:colcon.colcon_core.package_identification:_identify(command/src) by extension 'ros'
[4.504s] Level 1:colcon.colcon_core.package_identification:_identify(command/src) by extensions ['cmake', 'python']
[4.504s] Level 1:colcon.colcon_core.package_identification:_identify(command/src) by extension 'cmake'
[4.504s] Level 1:colcon.colcon_core.package_identification:_identify(command/src) by extension 'python'
[4.504s] Level 1:colcon.colcon_core.package_identification:_identify(command/src) by extensions ['python_setup_py']
[4.504s] Level 1:colcon.colcon_core.package_identification:_identify(command/src) by extension 'python_setup_py'
[4.504s] Level 1:colcon.colcon_core.package_identification:_identify(command/src/Integ_my_robot_interfaces) by extensions ['ignore', 'ignore_ament_install']
[4.505s] Level 1:colcon.colcon_core.package_identification:_identify(command/src/Integ_my_robot_interfaces) by extension 'ignore'
[4.505s] Level 1:colcon.colcon_core.package_identification:_identify(command/src/Integ_my_robot_interfaces) by extension 'ignore_ament_install'
[4.506s] Level 1:colcon.colcon_core.package_identification:_identify(command/src/Integ_my_robot_interfaces) by extensions ['colcon_pkg']
[4.506s] Level 1:colcon.colcon_core.package_identification:_identify(command/src/Integ_my_robot_interfaces) by extension 'colcon_pkg'
[4.506s] Level 1:colcon.colcon_core.package_identification:_identify(command/src/Integ_my_robot_interfaces) by extensions ['colcon_meta']
[4.506s] Level 1:colcon.colcon_core.package_identification:_identify(command/src/Integ_my_robot_interfaces) by extension 'colcon_meta'
[4.506s] Level 1:colcon.colcon_core.package_identification:_identify(command/src/Integ_my_robot_interfaces) by extensions ['ros']
[4.506s] Level 1:colcon.colcon_core.package_identification:_identify(command/src/Integ_my_robot_interfaces) by extension 'ros'
[4.510s] DEBUG:colcon.colcon_core.package_identification:Package 'command/src/Integ_my_robot_interfaces' with type 'ros.ament_cmake' and name 'integ_my_robot_interfaces'
[4.510s] Level 1:colcon.colcon_core.package_identification:_identify(command/src/integ_description) by extensions ['ignore', 'ignore_ament_install']
[4.510s] Level 1:colcon.colcon_core.package_identification:_identify(command/src/integ_description) by extension 'ignore'
[4.510s] Level 1:colcon.colcon_core.package_identification:_identify(command/src/integ_description) by extension 'ignore_ament_install'
[4.510s] Level 1:colcon.colcon_core.package_identification:_identify(command/src/integ_description) by extensions ['colcon_pkg']
[4.510s] Level 1:colcon.colcon_core.package_identification:_identify(command/src/integ_description) by extension 'colcon_pkg'
[4.510s] Level 1:colcon.colcon_core.package_identification:_identify(command/src/integ_description) by extensions ['colcon_meta']
[4.511s] Level 1:colcon.colcon_core.package_identification:_identify(command/src/integ_description) by extension 'colcon_meta'
[4.511s] Level 1:colcon.colcon_core.package_identification:_identify(command/src/integ_description) by extensions ['ros']
[4.511s] Level 1:colcon.colcon_core.package_identification:_identify(command/src/integ_description) by extension 'ros'
[4.512s] DEBUG:colcon.colcon_core.package_identification:Package 'command/src/integ_description' with type 'ros.ament_cmake' and name 'integ_description'
[4.512s] Level 1:colcon.colcon_core.package_identification:_identify(command/src/visual_servoing) by extensions ['ignore', 'ignore_ament_install']
[4.512s] Level 1:colcon.colcon_core.package_identification:_identify(command/src/visual_servoing) by extension 'ignore'
[4.512s] Level 1:colcon.colcon_core.package_identification:_identify(command/src/visual_servoing) by extension 'ignore_ament_install'
[4.512s] Level 1:colcon.colcon_core.package_identification:_identify(command/src/visual_servoing) by extensions ['colcon_pkg']
[4.512s] Level 1:colcon.colcon_core.package_identification:_identify(command/src/visual_servoing) by extension 'colcon_pkg'
[4.512s] Level 1:colcon.colcon_core.package_identification:_identify(command/src/visual_servoing) by extensions ['colcon_meta']
[4.512s] Level 1:colcon.colcon_core.package_identification:_identify(command/src/visual_servoing) by extension 'colcon_meta'
[4.512s] Level 1:colcon.colcon_core.package_identification:_identify(command/src/visual_servoing) by extensions ['ros']
[4.512s] Level 1:colcon.colcon_core.package_identification:_identify(command/src/visual_servoing) by extension 'ros'
[4.516s] DEBUG:colcon.colcon_core.package_identification:Package 'command/src/visual_servoing' with type 'ros.ament_python' and name 'visual_servoing'
[4.517s] Level 1:colcon.colcon_core.package_identification:_identify(indentif) by extensions ['ignore', 'ignore_ament_install']
[4.517s] Level 1:colcon.colcon_core.package_identification:_identify(indentif) by extension 'ignore'
[4.517s] Level 1:colcon.colcon_core.package_identification:_identify(indentif) by extension 'ignore_ament_install'
[4.517s] Level 1:colcon.colcon_core.package_identification:_identify(indentif) by extensions ['colcon_pkg']
[4.517s] Level 1:colcon.colcon_core.package_identification:_identify(indentif) by extension 'colcon_pkg'
[4.517s] Level 1:colcon.colcon_core.package_identification:_identify(indentif) by extensions ['colcon_meta']
[4.517s] Level 1:colcon.colcon_core.package_identification:_identify(indentif) by extension 'colcon_meta'
[4.518s] Level 1:colcon.colcon_core.package_identification:_identify(indentif) by extensions ['ros']
[4.518s] Level 1:colcon.colcon_core.package_identification:_identify(indentif) by extension 'ros'
[4.518s] Level 1:colcon.colcon_core.package_identification:_identify(indentif) by extensions ['cmake', 'python']
[4.518s] Level 1:colcon.colcon_core.package_identification:_identify(indentif) by extension 'cmake'
[4.518s] Level 1:colcon.colcon_core.package_identification:_identify(indentif) by extension 'python'
[4.519s] Level 1:colcon.colcon_core.package_identification:_identify(indentif) by extensions ['python_setup_py']
[4.519s] Level 1:colcon.colcon_core.package_identification:_identify(indentif) by extension 'python_setup_py'
[4.521s] Level 1:colcon.colcon_core.package_identification:_identify(indentif/identif_students) by extensions ['ignore', 'ignore_ament_install']
[4.522s] Level 1:colcon.colcon_core.package_identification:_identify(indentif/identif_students) by extension 'ignore'
[4.522s] Level 1:colcon.colcon_core.package_identification:_identify(indentif/identif_students) by extension 'ignore_ament_install'
[4.522s] Level 1:colcon.colcon_core.package_identification:_identify(indentif/identif_students) by extensions ['colcon_pkg']
[4.522s] Level 1:colcon.colcon_core.package_identification:_identify(indentif/identif_students) by extension 'colcon_pkg'
[4.523s] Level 1:colcon.colcon_core.package_identification:_identify(indentif/identif_students) by extensions ['colcon_meta']
[4.523s] Level 1:colcon.colcon_core.package_identification:_identify(indentif/identif_students) by extension 'colcon_meta'
[4.523s] Level 1:colcon.colcon_core.package_identification:_identify(indentif/identif_students) by extensions ['ros']
[4.523s] Level 1:colcon.colcon_core.package_identification:_identify(indentif/identif_students) by extension 'ros'
[4.523s] Level 1:colcon.colcon_core.package_identification:_identify(indentif/identif_students) by extensions ['cmake', 'python']
[4.524s] Level 1:colcon.colcon_core.package_identification:_identify(indentif/identif_students) by extension 'cmake'
[4.525s] Level 1:colcon.colcon_core.package_identification:_identify(indentif/identif_students) by extension 'python'
[4.526s] Level 1:colcon.colcon_core.package_identification:_identify(indentif/identif_students) by extensions ['python_setup_py']
[4.526s] Level 1:colcon.colcon_core.package_identification:_identify(indentif/identif_students) by extension 'python_setup_py'
[4.527s] Level 1:colcon.colcon_core.package_identification:_identify(indentif/randomDriving) by extensions ['ignore', 'ignore_ament_install']
[4.528s] Level 1:colcon.colcon_core.package_identification:_identify(indentif/randomDriving) by extension 'ignore'
[4.528s] Level 1:colcon.colcon_core.package_identification:_identify(indentif/randomDriving) by extension 'ignore_ament_install'
[4.529s] Level 1:colcon.colcon_core.package_identification:_identify(indentif/randomDriving) by extensions ['colcon_pkg']
[4.529s] Level 1:colcon.colcon_core.package_identification:_identify(indentif/randomDriving) by extension 'colcon_pkg'
[4.529s] Level 1:colcon.colcon_core.package_identification:_identify(indentif/randomDriving) by extensions ['colcon_meta']
[4.529s] Level 1:colcon.colcon_core.package_identification:_identify(indentif/randomDriving) by extension 'colcon_meta'
[4.529s] Level 1:colcon.colcon_core.package_identification:_identify(indentif/randomDriving) by extensions ['ros']
[4.529s] Level 1:colcon.colcon_core.package_identification:_identify(indentif/randomDriving) by extension 'ros'
[4.530s] Level 1:colcon.colcon_core.package_identification:_identify(indentif/randomDriving) by extensions ['cmake', 'python']
[4.530s] Level 1:colcon.colcon_core.package_identification:_identify(indentif/randomDriving) by extension 'cmake'
[4.530s] Level 1:colcon.colcon_core.package_identification:_identify(indentif/randomDriving) by extension 'python'
[4.530s] Level 1:colcon.colcon_core.package_identification:_identify(indentif/randomDriving) by extensions ['python_setup_py']
[4.530s] Level 1:colcon.colcon_core.package_identification:_identify(indentif/randomDriving) by extension 'python_setup_py'
[4.530s] Level 1:colcon.colcon_core.package_identification:_identify(install) by extensions ['ignore', 'ignore_ament_install']
[4.530s] Level 1:colcon.colcon_core.package_identification:_identify(install) by extension 'ignore'
[4.531s] Level 1:colcon.colcon_core.package_identification:_identify(install) ignored
[4.532s] Level 1:colcon.colcon_core.package_identification:_identify(log) by extensions ['ignore', 'ignore_ament_install']
[4.533s] Level 1:colcon.colcon_core.package_identification:_identify(log) by extension 'ignore'
[4.533s] Level 1:colcon.colcon_core.package_identification:_identify(log) ignored
[4.533s] Level 1:colcon.colcon_core.package_discovery:discover_packages(recursive) using defaults
[4.534s] Level 1:colcon.colcon_core.package_discovery:discover_packages(ignore) discover
[4.534s] Level 1:colcon.colcon_core.package_discovery:discover_packages(ignore) using defaults
[4.534s] Level 1:colcon.colcon_core.package_discovery:discover_packages(path) discover
[4.534s] Level 1:colcon.colcon_core.package_discovery:discover_packages(path) using defaults
[4.854s] Level 1:colcon.colcon_core.package_discovery:discover_packages(prefix_path) check parameters
[4.854s] Level 1:colcon.colcon_core.package_discovery:discover_packages(prefix_path) discover
[5.070s] DEBUG:colcon.colcon_installed_package_information.package_discovery:Found 1 installed packages in /home/t-lemmel/Ros_Labs/install
[5.140s] DEBUG:colcon.colcon_installed_package_information.package_discovery:Found 8 installed packages in /home/t-lemmel/Aquabot_Tom/install
[5.210s] DEBUG:colcon.colcon_installed_package_information.package_discovery:Found 8 installed packages in /home/t-lemmel/vrx_ws/install
[5.279s] DEBUG:colcon.colcon_installed_package_information.package_discovery:Found 236 installed packages in /opt/ros/humble
[5.284s] Level 1:colcon.colcon_core.package_discovery:discover_packages(prefix_path) using defaults
[5.599s] Level 5:colcon.colcon_core.verb:set package 'integ_description' build argument 'cmake_args' from command line to 'None'
[5.599s] Level 5:colcon.colcon_core.verb:set package 'integ_description' build argument 'cmake_target' from command line to 'None'
[5.599s] Level 5:colcon.colcon_core.verb:set package 'integ_description' build argument 'cmake_target_skip_unavailable' from command line to 'False'
[5.599s] Level 5:colcon.colcon_core.verb:set package 'integ_description' build argument 'cmake_clean_cache' from command line to 'False'
[5.599s] Level 5:colcon.colcon_core.verb:set package 'integ_description' build argument 'cmake_clean_first' from command line to 'False'
[5.599s] Level 5:colcon.colcon_core.verb:set package 'integ_description' build argument 'cmake_force_configure' from command line to 'False'
[5.599s] Level 5:colcon.colcon_core.verb:set package 'integ_description' build argument 'ament_cmake_args' from command line to 'None'
[5.599s] Level 5:colcon.colcon_core.verb:set package 'integ_description' build argument 'catkin_cmake_args' from command line to 'None'
[5.599s] Level 5:colcon.colcon_core.verb:set package 'integ_description' build argument 'catkin_skip_building_tests' from command line to 'False'
[5.599s] DEBUG:colcon.colcon_core.verb:Building package 'integ_description' with the following arguments: {'ament_cmake_args': None, 'build_base': '/home/t-lemmel/Integ/build/integ_description', 'catkin_cmake_args': None, 'catkin_skip_building_tests': False, 'cmake_args': None, 'cmake_clean_cache': False, 'cmake_clean_first': False, 'cmake_force_configure': False, 'cmake_target': None, 'cmake_target_skip_unavailable': False, 'install_base': '/home/t-lemmel/Integ/install/integ_description', 'merge_install': False, 'path': '/home/t-lemmel/Integ/command/src/integ_description', 'symlink_install': True, 'test_result_base': None}
[5.634s] Level 5:colcon.colcon_core.verb:set package 'integ_my_robot_interfaces' build argument 'cmake_args' from command line to 'None'
[5.634s] Level 5:colcon.colcon_core.verb:set package 'integ_my_robot_interfaces' build argument 'cmake_target' from command line to 'None'
[5.634s] Level 5:colcon.colcon_core.verb:set package 'integ_my_robot_interfaces' build argument 'cmake_target_skip_unavailable' from command line to 'False'
[5.634s] Level 5:colcon.colcon_core.verb:set package 'integ_my_robot_interfaces' build argument 'cmake_clean_cache' from command line to 'False'
[5.634s] Level 5:colcon.colcon_core.verb:set package 'integ_my_robot_interfaces' build argument 'cmake_clean_first' from command line to 'False'
[5.634s] Level 5:colcon.colcon_core.verb:set package 'integ_my_robot_interfaces' build argument 'cmake_force_configure' from command line to 'False'
[5.634s] Level 5:colcon.colcon_core.verb:set package 'integ_my_robot_interfaces' build argument 'ament_cmake_args' from command line to 'None'
[5.634s] Level 5:colcon.colcon_core.verb:set package 'integ_my_robot_interfaces' build argument 'catkin_cmake_args' from command line to 'None'
[5.634s] Level 5:colcon.colcon_core.verb:set package 'integ_my_robot_interfaces' build argument 'catkin_skip_building_tests' from command line to 'False'
[5.634s] DEBUG:colcon.colcon_core.verb:Building package 'integ_my_robot_interfaces' with the following arguments: {'ament_cmake_args': None, 'build_base': '/home/t-lemmel/Integ/build/integ_my_robot_interfaces', 'catkin_cmake_args': None, 'catkin_skip_building_tests': False, 'cmake_args': None, 'cmake_clean_cache': False, 'cmake_clean_first': False, 'cmake_force_configure': False, 'cmake_target': None, 'cmake_target_skip_unavailable': False, 'install_base': '/home/t-lemmel/Integ/install/integ_my_robot_interfaces', 'merge_install': False, 'path': '/home/t-lemmel/Integ/command/src/Integ_my_robot_interfaces', 'symlink_install': True, 'test_result_base': None}
[5.687s] Level 5:colcon.colcon_core.verb:set package 'visual_servoing' build argument 'cmake_args' from command line to 'None'
[5.687s] Level 5:colcon.colcon_core.verb:set package 'visual_servoing' build argument 'cmake_target' from command line to 'None'
[5.687s] Level 5:colcon.colcon_core.verb:set package 'visual_servoing' build argument 'cmake_target_skip_unavailable' from command line to 'False'
[5.687s] Level 5:colcon.colcon_core.verb:set package 'visual_servoing' build argument 'cmake_clean_cache' from command line to 'False'
[5.687s] Level 5:colcon.colcon_core.verb:set package 'visual_servoing' build argument 'cmake_clean_first' from command line to 'False'
[5.687s] Level 5:colcon.colcon_core.verb:set package 'visual_servoing' build argument 'cmake_force_configure' from command line to 'False'
[5.687s] Level 5:colcon.colcon_core.verb:set package 'visual_servoing' build argument 'ament_cmake_args' from command line to 'None'
[5.687s] Level 5:colcon.colcon_core.verb:set package 'visual_servoing' build argument 'catkin_cmake_args' from command line to 'None'
[5.687s] Level 5:colcon.colcon_core.verb:set package 'visual_servoing' build argument 'catkin_skip_building_tests' from command line to 'False'
[5.688s] DEBUG:colcon.colcon_core.verb:Building package 'visual_servoing' with the following arguments: {'ament_cmake_args': None, 'build_base': '/home/t-lemmel/Integ/build/visual_servoing', 'catkin_cmake_args': None, 'catkin_skip_building_tests': False, 'cmake_args': None, 'cmake_clean_cache': False, 'cmake_clean_first': False, 'cmake_force_configure': False, 'cmake_target': None, 'cmake_target_skip_unavailable': False, 'install_base': '/home/t-lemmel/Integ/install/visual_servoing', 'merge_install': False, 'path': '/home/t-lemmel/Integ/command/src/visual_servoing', 'symlink_install': True, 'test_result_base': None}
[5.726s] INFO:colcon.colcon_core.executor:Executing jobs using 'parallel' executor
[5.782s] DEBUG:colcon.colcon_parallel_executor.executor.parallel:run_until_complete
[5.784s] INFO:colcon.colcon_ros.task.ament_cmake.build:Building ROS package in '/home/t-lemmel/Integ/command/src/integ_description' with build type 'ament_cmake'
[5.785s] INFO:colcon.colcon_cmake.task.cmake.build:Building CMake package in '/home/t-lemmel/Integ/command/src/integ_description'
[5.893s] INFO:colcon.colcon_core.plugin_system:Skipping extension 'colcon_core.shell.bat': Not used on non-Windows systems
[5.896s] INFO:colcon.colcon_core.shell:Skip shell extension 'powershell' for command environment: Not usable outside of PowerShell
[5.896s] DEBUG:colcon.colcon_core.shell:Skip shell extension 'dsv' for command environment
[6.406s] INFO:colcon.colcon_ros.task.ament_cmake.build:Building ROS package in '/home/t-lemmel/Integ/command/src/Integ_my_robot_interfaces' with build type 'ament_cmake'
[6.406s] INFO:colcon.colcon_cmake.task.cmake.build:Building CMake package in '/home/t-lemmel/Integ/command/src/Integ_my_robot_interfaces'
[6.499s] INFO:colcon.colcon_core.shell:Skip shell extension 'powershell' for command environment: Not usable outside of PowerShell
[6.500s] DEBUG:colcon.colcon_core.shell:Skip shell extension 'dsv' for command environment
[6.957s] INFO:colcon.colcon_ros.task.ament_python.build:Building ROS package in '/home/t-lemmel/Integ/command/src/visual_servoing' with build type 'ament_python'
[6.957s] Level 1:colcon.colcon_core.shell:create_environment_hook('visual_servoing', 'ament_prefix_path')
[7.043s] INFO:colcon.colcon_core.shell:Creating environment hook '/home/t-lemmel/Integ/install/visual_servoing/share/visual_servoing/hook/ament_prefix_path.ps1'
[7.046s] INFO:colcon.colcon_core.shell:Creating environment descriptor '/home/t-lemmel/Integ/install/visual_servoing/share/visual_servoing/hook/ament_prefix_path.dsv'
[7.048s] INFO:colcon.colcon_core.shell:Creating environment hook '/home/t-lemmel/Integ/install/visual_servoing/share/visual_servoing/hook/ament_prefix_path.sh'
[7.158s] INFO:colcon.colcon_core.shell:Skip shell extension 'powershell' for command environment: Not usable outside of PowerShell
[7.158s] DEBUG:colcon.colcon_core.shell:Skip shell extension 'dsv' for command environment
[7.593s] DEBUG:colcon.colcon_core.event_handler.log_command:Invoking command in '/home/t-lemmel/Integ/build/integ_description': CMAKE_PREFIX_PATH=${CMAKE_PREFIX_PATH}:/opt/ros/humble PS1_ori=\[\e]0;\u@\h: \w\a\]${debian_chroot:+($debian_chroot)}\[\033[01;32m\]\u@\h\[\033[00m\]:\[\033[01;34m\]\w\[\033[00m\]\$ /usr/bin/cmake --build /home/t-lemmel/Integ/build/integ_description -- -j8 -l8
[7.623s] DEBUG:colcon.colcon_core.event_handler.log_command:Invoking command in '/home/t-lemmel/Integ/build/integ_my_robot_interfaces': CMAKE_PREFIX_PATH=${CMAKE_PREFIX_PATH}:/opt/ros/humble PS1_ori=\[\e]0;\u@\h: \w\a\]${debian_chroot:+($debian_chroot)}\[\033[01;32m\]\u@\h\[\033[00m\]:\[\033[01;34m\]\w\[\033[00m\]\$ /usr/bin/cmake --build /home/t-lemmel/Integ/build/integ_my_robot_interfaces -- -j8 -l8
[9.041s] INFO:colcon.colcon_core.task.python.build:Building Python package in '/home/t-lemmel/Integ/command/src/visual_servoing'
[9.208s] INFO:colcon.colcon_core.shell:Skip shell extension 'powershell' for command environment: Not usable outside of PowerShell
[9.209s] DEBUG:colcon.colcon_core.shell:Skip shell extension 'dsv' for command environment
[9.734s] DEBUG:colcon.colcon_core.event_handler.log_command:Invoked command in '/home/t-lemmel/Integ/build/integ_description' returned '0': CMAKE_PREFIX_PATH=${CMAKE_PREFIX_PATH}:/opt/ros/humble PS1_ori=\[\e]0;\u@\h: \w\a\]${debian_chroot:+($debian_chroot)}\[\033[01;32m\]\u@\h\[\033[00m\]:\[\033[01;34m\]\w\[\033[00m\]\$ /usr/bin/cmake --build /home/t-lemmel/Integ/build/integ_description -- -j8 -l8
[9.743s] DEBUG:colcon.colcon_core.event_handler.log_command:Invoked command in '/home/t-lemmel/Integ/build/integ_my_robot_interfaces' returned '0': CMAKE_PREFIX_PATH=${CMAKE_PREFIX_PATH}:/opt/ros/humble PS1_ori=\[\e]0;\u@\h: \w\a\]${debian_chroot:+($debian_chroot)}\[\033[01;32m\]\u@\h\[\033[00m\]:\[\033[01;34m\]\w\[\033[00m\]\$ /usr/bin/cmake --build /home/t-lemmel/Integ/build/integ_my_robot_interfaces -- -j8 -l8
[9.876s] DEBUG:colcon.colcon_core.event_handler.log_command:Invoking command in '/home/t-lemmel/Integ/build/integ_description': CMAKE_PREFIX_PATH=${CMAKE_PREFIX_PATH}:/opt/ros/humble PS1_ori=\[\e]0;\u@\h: \w\a\]${debian_chroot:+($debian_chroot)}\[\033[01;32m\]\u@\h\[\033[00m\]:\[\033[01;34m\]\w\[\033[00m\]\$ /usr/bin/cmake --install /home/t-lemmel/Integ/build/integ_description
[9.962s] Level 1:colcon.colcon_core.environment:create_environment_scripts_only(integ_description)
[9.968s] DEBUG:colcon.colcon_core.event_handler.log_command:Invoked command in '/home/t-lemmel/Integ/build/integ_description' returned '0': CMAKE_PREFIX_PATH=${CMAKE_PREFIX_PATH}:/opt/ros/humble PS1_ori=\[\e]0;\u@\h: \w\a\]${debian_chroot:+($debian_chroot)}\[\033[01;32m\]\u@\h\[\033[00m\]:\[\033[01;34m\]\w\[\033[00m\]\$ /usr/bin/cmake --install /home/t-lemmel/Integ/build/integ_description
[10.069s] Level 1:colcon.colcon_core.environment:checking '/home/t-lemmel/Integ/install/integ_description' for CMake module files
[10.072s] Level 1:colcon.colcon_core.environment:checking '/home/t-lemmel/Integ/install/integ_description' for CMake config files
[10.075s] Level 1:colcon.colcon_core.shell:create_environment_hook('integ_description', 'cmake_prefix_path')
[10.172s] INFO:colcon.colcon_core.shell:Creating environment hook '/home/t-lemmel/Integ/install/integ_description/share/integ_description/hook/cmake_prefix_path.ps1'
[10.173s] INFO:colcon.colcon_core.shell:Creating environment descriptor '/home/t-lemmel/Integ/install/integ_description/share/integ_description/hook/cmake_prefix_path.dsv'
[10.173s] INFO:colcon.colcon_core.shell:Creating environment hook '/home/t-lemmel/Integ/install/integ_description/share/integ_description/hook/cmake_prefix_path.sh'
[10.174s] Level 1:colcon.colcon_core.environment:checking '/home/t-lemmel/Integ/install/integ_description/bin'
[10.174s] Level 1:colcon.colcon_core.environment:checking '/home/t-lemmel/Integ/install/integ_description/lib/pkgconfig/integ_description.pc'
[10.174s] Level 1:colcon.colcon_core.environment:checking '/home/t-lemmel/Integ/install/integ_description/lib/python3.10/site-packages'
[10.175s] Level 1:colcon.colcon_core.environment:checking '/home/t-lemmel/Integ/install/integ_description/bin'
[10.274s] INFO:colcon.colcon_core.shell:Creating package script '/home/t-lemmel/Integ/install/integ_description/share/integ_description/package.ps1'
[10.278s] INFO:colcon.colcon_core.shell:Creating package descriptor '/home/t-lemmel/Integ/install/integ_description/share/integ_description/package.dsv'
[10.282s] INFO:colcon.colcon_core.shell:Creating package script '/home/t-lemmel/Integ/install/integ_description/share/integ_description/package.sh'
[10.287s] INFO:colcon.colcon_core.shell:Creating package script '/home/t-lemmel/Integ/install/integ_description/share/integ_description/package.bash'
[10.289s] INFO:colcon.colcon_core.shell:Creating package script '/home/t-lemmel/Integ/install/integ_description/share/integ_description/package.zsh'
[10.293s] Level 1:colcon.colcon_core.environment:create_file_with_runtime_dependencies(/home/t-lemmel/Integ/install/integ_description/share/colcon-core/packages/integ_description)
[10.303s] DEBUG:colcon.colcon_core.event_handler.log_command:Invoking command in '/home/t-lemmel/Integ/build/integ_my_robot_interfaces': CMAKE_PREFIX_PATH=${CMAKE_PREFIX_PATH}:/opt/ros/humble PS1_ori=\[\e]0;\u@\h: \w\a\]${debian_chroot:+($debian_chroot)}\[\033[01;32m\]\u@\h\[\033[00m\]:\[\033[01;34m\]\w\[\033[00m\]\$ /usr/bin/cmake --install /home/t-lemmel/Integ/build/integ_my_robot_interfaces
[10.478s] Level 1:colcon.colcon_core.environment:create_environment_scripts_only(integ_description)
[10.576s] Level 1:colcon.colcon_core.environment:checking '/home/t-lemmel/Integ/install/integ_description' for CMake module files
[10.580s] Level 1:colcon.colcon_core.environment:checking '/home/t-lemmel/Integ/install/integ_description' for CMake config files
[10.584s] Level 1:colcon.colcon_core.shell:create_environment_hook('integ_description', 'cmake_prefix_path')
[10.677s] INFO:colcon.colcon_core.shell:Creating environment hook '/home/t-lemmel/Integ/install/integ_description/share/integ_description/hook/cmake_prefix_path.ps1'
[10.678s] INFO:colcon.colcon_core.shell:Creating environment descriptor '/home/t-lemmel/Integ/install/integ_description/share/integ_description/hook/cmake_prefix_path.dsv'
[10.680s] INFO:colcon.colcon_core.shell:Creating environment hook '/home/t-lemmel/Integ/install/integ_description/share/integ_description/hook/cmake_prefix_path.sh'
[10.685s] Level 1:colcon.colcon_core.environment:checking '/home/t-lemmel/Integ/install/integ_description/bin'
[10.687s] Level 1:colcon.colcon_core.environment:checking '/home/t-lemmel/Integ/install/integ_description/lib/pkgconfig/integ_description.pc'
[10.689s] Level 1:colcon.colcon_core.environment:checking '/home/t-lemmel/Integ/install/integ_description/lib/python3.10/site-packages'
[10.690s] Level 1:colcon.colcon_core.environment:checking '/home/t-lemmel/Integ/install/integ_description/bin'
[10.775s] INFO:colcon.colcon_core.shell:Creating package script '/home/t-lemmel/Integ/install/integ_description/share/integ_description/package.ps1'
[10.777s] INFO:colcon.colcon_core.shell:Creating package descriptor '/home/t-lemmel/Integ/install/integ_description/share/integ_description/package.dsv'
[10.780s] INFO:colcon.colcon_core.shell:Creating package script '/home/t-lemmel/Integ/install/integ_description/share/integ_description/package.sh'
[10.784s] INFO:colcon.colcon_core.shell:Creating package script '/home/t-lemmel/Integ/install/integ_description/share/integ_description/package.bash'
[10.787s] INFO:colcon.colcon_core.shell:Creating package script '/home/t-lemmel/Integ/install/integ_description/share/integ_description/package.zsh'
[10.790s] Level 1:colcon.colcon_core.environment:create_file_with_runtime_dependencies(/home/t-lemmel/Integ/install/integ_description/share/colcon-core/packages/integ_description)
[10.795s] Level 1:colcon.colcon_core.environment:create_environment_scripts_only(integ_my_robot_interfaces)
[10.803s] DEBUG:colcon.colcon_core.event_handler.log_command:Invoked command in '/home/t-lemmel/Integ/build/integ_my_robot_interfaces' returned '0': CMAKE_PREFIX_PATH=${CMAKE_PREFIX_PATH}:/opt/ros/humble PS1_ori=\[\e]0;\u@\h: \w\a\]${debian_chroot:+($debian_chroot)}\[\033[01;32m\]\u@\h\[\033[00m\]:\[\033[01;34m\]\w\[\033[00m\]\$ /usr/bin/cmake --install /home/t-lemmel/Integ/build/integ_my_robot_interfaces
[10.885s] Level 1:colcon.colcon_core.environment:checking '/home/t-lemmel/Integ/install/integ_my_robot_interfaces' for CMake module files
[10.888s] Level 1:colcon.colcon_core.environment:checking '/home/t-lemmel/Integ/install/integ_my_robot_interfaces' for CMake config files
[10.890s] Level 1:colcon.colcon_core.shell:create_environment_hook('integ_my_robot_interfaces', 'cmake_prefix_path')
[10.982s] INFO:colcon.colcon_core.shell:Creating environment hook '/home/t-lemmel/Integ/install/integ_my_robot_interfaces/share/integ_my_robot_interfaces/hook/cmake_prefix_path.ps1'
[10.984s] INFO:colcon.colcon_core.shell:Creating environment descriptor '/home/t-lemmel/Integ/install/integ_my_robot_interfaces/share/integ_my_robot_interfaces/hook/cmake_prefix_path.dsv'
[10.987s] INFO:colcon.colcon_core.shell:Creating environment hook '/home/t-lemmel/Integ/install/integ_my_robot_interfaces/share/integ_my_robot_interfaces/hook/cmake_prefix_path.sh'
[10.993s] Level 1:colcon.colcon_core.environment:checking '/home/t-lemmel/Integ/install/integ_my_robot_interfaces/lib'
[10.995s] Level 1:colcon.colcon_core.shell:create_environment_hook('integ_my_robot_interfaces', 'ld_library_path_lib')
[11.084s] INFO:colcon.colcon_core.shell:Creating environment hook '/home/t-lemmel/Integ/install/integ_my_robot_interfaces/share/integ_my_robot_interfaces/hook/ld_library_path_lib.ps1'
[11.086s] INFO:colcon.colcon_core.shell:Creating environment descriptor '/home/t-lemmel/Integ/install/integ_my_robot_interfaces/share/integ_my_robot_interfaces/hook/ld_library_path_lib.dsv'
[11.087s] INFO:colcon.colcon_core.shell:Creating environment hook '/home/t-lemmel/Integ/install/integ_my_robot_interfaces/share/integ_my_robot_interfaces/hook/ld_library_path_lib.sh'
[11.088s] Level 1:colcon.colcon_core.environment:checking '/home/t-lemmel/Integ/install/integ_my_robot_interfaces/bin'
[11.088s] Level 1:colcon.colcon_core.environment:checking '/home/t-lemmel/Integ/install/integ_my_robot_interfaces/lib/pkgconfig/integ_my_robot_interfaces.pc'
[11.088s] Level 1:colcon.colcon_core.environment:checking '/home/t-lemmel/Integ/install/integ_my_robot_interfaces/lib/python3.10/site-packages'
[11.089s] Level 1:colcon.colcon_core.environment:checking '/home/t-lemmel/Integ/install/integ_my_robot_interfaces/bin'
[11.175s] INFO:colcon.colcon_core.shell:Creating package script '/home/t-lemmel/Integ/install/integ_my_robot_interfaces/share/integ_my_robot_interfaces/package.ps1'
[11.178s] INFO:colcon.colcon_core.shell:Creating package descriptor '/home/t-lemmel/Integ/install/integ_my_robot_interfaces/share/integ_my_robot_interfaces/package.dsv'
[11.180s] INFO:colcon.colcon_core.shell:Creating package script '/home/t-lemmel/Integ/install/integ_my_robot_interfaces/share/integ_my_robot_interfaces/package.sh'
[11.184s] INFO:colcon.colcon_core.shell:Creating package script '/home/t-lemmel/Integ/install/integ_my_robot_interfaces/share/integ_my_robot_interfaces/package.bash'
[11.188s] INFO:colcon.colcon_core.shell:Creating package script '/home/t-lemmel/Integ/install/integ_my_robot_interfaces/share/integ_my_robot_interfaces/package.zsh'
[11.191s] Level 1:colcon.colcon_core.environment:create_file_with_runtime_dependencies(/home/t-lemmel/Integ/install/integ_my_robot_interfaces/share/colcon-core/packages/integ_my_robot_interfaces)
[11.580s] Level 1:colcon.colcon_core.environment:create_environment_scripts_only(integ_my_robot_interfaces)
[11.682s] Level 1:colcon.colcon_core.environment:checking '/home/t-lemmel/Integ/install/integ_my_robot_interfaces' for CMake module files
[11.686s] Level 1:colcon.colcon_core.environment:checking '/home/t-lemmel/Integ/install/integ_my_robot_interfaces' for CMake config files
[11.691s] Level 1:colcon.colcon_core.shell:create_environment_hook('integ_my_robot_interfaces', 'cmake_prefix_path')
[11.789s] INFO:colcon.colcon_core.shell:Creating environment hook '/home/t-lemmel/Integ/install/integ_my_robot_interfaces/share/integ_my_robot_interfaces/hook/cmake_prefix_path.ps1'
[11.791s] INFO:colcon.colcon_core.shell:Creating environment descriptor '/home/t-lemmel/Integ/install/integ_my_robot_interfaces/share/integ_my_robot_interfaces/hook/cmake_prefix_path.dsv'
[11.794s] INFO:colcon.colcon_core.shell:Creating environment hook '/home/t-lemmel/Integ/install/integ_my_robot_interfaces/share/integ_my_robot_interfaces/hook/cmake_prefix_path.sh'
[11.797s] Level 1:colcon.colcon_core.environment:checking '/home/t-lemmel/Integ/install/integ_my_robot_interfaces/lib'
[11.798s] Level 1:colcon.colcon_core.shell:create_environment_hook('integ_my_robot_interfaces', 'ld_library_path_lib')
[11.898s] INFO:colcon.colcon_core.shell:Creating environment hook '/home/t-lemmel/Integ/install/integ_my_robot_interfaces/share/integ_my_robot_interfaces/hook/ld_library_path_lib.ps1'
[11.902s] INFO:colcon.colcon_core.shell:Creating environment descriptor '/home/t-lemmel/Integ/install/integ_my_robot_interfaces/share/integ_my_robot_interfaces/hook/ld_library_path_lib.dsv'
[11.904s] INFO:colcon.colcon_core.shell:Creating environment hook '/home/t-lemmel/Integ/install/integ_my_robot_interfaces/share/integ_my_robot_interfaces/hook/ld_library_path_lib.sh'
[11.907s] Level 1:colcon.colcon_core.environment:checking '/home/t-lemmel/Integ/install/integ_my_robot_interfaces/bin'
[11.908s] Level 1:colcon.colcon_core.environment:checking '/home/t-lemmel/Integ/install/integ_my_robot_interfaces/lib/pkgconfig/integ_my_robot_interfaces.pc'
[11.910s] Level 1:colcon.colcon_core.environment:checking '/home/t-lemmel/Integ/install/integ_my_robot_interfaces/lib/python3.10/site-packages'
[11.911s] Level 1:colcon.colcon_core.environment:checking '/home/t-lemmel/Integ/install/integ_my_robot_interfaces/bin'
[12.012s] INFO:colcon.colcon_core.shell:Creating package script '/home/t-lemmel/Integ/install/integ_my_robot_interfaces/share/integ_my_robot_interfaces/package.ps1'
[12.015s] INFO:colcon.colcon_core.shell:Creating package descriptor '/home/t-lemmel/Integ/install/integ_my_robot_interfaces/share/integ_my_robot_interfaces/package.dsv'
[12.019s] INFO:colcon.colcon_core.shell:Creating package script '/home/t-lemmel/Integ/install/integ_my_robot_interfaces/share/integ_my_robot_interfaces/package.sh'
[12.023s] INFO:colcon.colcon_core.shell:Creating package script '/home/t-lemmel/Integ/install/integ_my_robot_interfaces/share/integ_my_robot_interfaces/package.bash'
[12.024s] INFO:colcon.colcon_core.shell:Creating package script '/home/t-lemmel/Integ/install/integ_my_robot_interfaces/share/integ_my_robot_interfaces/package.zsh'
[12.025s] Level 1:colcon.colcon_core.environment:create_file_with_runtime_dependencies(/home/t-lemmel/Integ/install/integ_my_robot_interfaces/share/colcon-core/packages/integ_my_robot_interfaces)
[12.038s] DEBUG:colcon.colcon_core.event_handler.log_command:Invoking command in '/home/t-lemmel/Integ/build/visual_servoing': PS1_ori=\[\e]0;\u@\h: \w\a\]${debian_chroot:+($debian_chroot)}\[\033[01;32m\]\u@\h\[\033[00m\]:\[\033[01;34m\]\w\[\033[00m\]\$ PYTHONPATH=/home/t-lemmel/Integ/build/visual_servoing/prefix_override:/home/t-lemmel/Integ/install/visual_servoing/lib/python3.10/site-packages:${PYTHONPATH} /usr/bin/python3 setup.py develop --editable --build-directory /home/t-lemmel/Integ/build/visual_servoing/build --no-deps install_data
[14.424s] Level 1:colcon.colcon_core.shell:create_environment_hook('visual_servoing', 'pythonpath_develop')
[14.426s] DEBUG:colcon.colcon_core.event_handler.log_command:Invoked command in '/home/t-lemmel/Integ/build/visual_servoing' returned '0': PS1_ori=\[\e]0;\u@\h: \w\a\]${debian_chroot:+($debian_chroot)}\[\033[01;32m\]\u@\h\[\033[00m\]:\[\033[01;34m\]\w\[\033[00m\]\$ PYTHONPATH=/home/t-lemmel/Integ/build/visual_servoing/prefix_override:/home/t-lemmel/Integ/install/visual_servoing/lib/python3.10/site-packages:${PYTHONPATH} /usr/bin/python3 setup.py develop --editable --build-directory /home/t-lemmel/Integ/build/visual_servoing/build --no-deps install_data
[14.509s] INFO:colcon.colcon_core.shell:Creating environment hook '/home/t-lemmel/Integ/build/visual_servoing/share/visual_servoing/hook/pythonpath_develop.ps1'
[14.512s] INFO:colcon.colcon_core.shell:Creating environment descriptor '/home/t-lemmel/Integ/build/visual_servoing/share/visual_servoing/hook/pythonpath_develop.dsv'
[14.514s] INFO:colcon.colcon_core.shell:Creating environment hook '/home/t-lemmel/Integ/build/visual_servoing/share/visual_servoing/hook/pythonpath_develop.sh'
[14.598s] Level 1:colcon.colcon_core.environment:checking '/home/t-lemmel/Integ/install/visual_servoing' for CMake module files
[14.601s] Level 1:colcon.colcon_core.environment:checking '/home/t-lemmel/Integ/install/visual_servoing' for CMake config files
[14.604s] Level 1:colcon.colcon_core.environment:checking '/home/t-lemmel/Integ/install/visual_servoing/lib'
[14.604s] Level 1:colcon.colcon_core.environment:checking '/home/t-lemmel/Integ/install/visual_servoing/bin'
[14.605s] Level 1:colcon.colcon_core.environment:checking '/home/t-lemmel/Integ/install/visual_servoing/lib/pkgconfig/visual_servoing.pc'
[14.606s] Level 1:colcon.colcon_core.environment:checking '/home/t-lemmel/Integ/install/visual_servoing/lib/python3.10/site-packages'
[14.606s] Level 1:colcon.colcon_core.shell:create_environment_hook('visual_servoing', 'pythonpath')
[14.696s] INFO:colcon.colcon_core.shell:Creating environment hook '/home/t-lemmel/Integ/install/visual_servoing/share/visual_servoing/hook/pythonpath.ps1'
[14.698s] INFO:colcon.colcon_core.shell:Creating environment descriptor '/home/t-lemmel/Integ/install/visual_servoing/share/visual_servoing/hook/pythonpath.dsv'
[14.701s] INFO:colcon.colcon_core.shell:Creating environment hook '/home/t-lemmel/Integ/install/visual_servoing/share/visual_servoing/hook/pythonpath.sh'
[14.706s] Level 1:colcon.colcon_core.environment:checking '/home/t-lemmel/Integ/install/visual_servoing/bin'
[14.706s] Level 1:colcon.colcon_core.environment:create_environment_scripts_only(visual_servoing)
[14.776s] INFO:colcon.colcon_core.shell:Creating package script '/home/t-lemmel/Integ/install/visual_servoing/share/visual_servoing/package.ps1'
[14.778s] INFO:colcon.colcon_core.shell:Creating package descriptor '/home/t-lemmel/Integ/install/visual_servoing/share/visual_servoing/package.dsv'
[14.782s] INFO:colcon.colcon_core.shell:Creating package script '/home/t-lemmel/Integ/install/visual_servoing/share/visual_servoing/package.sh'
[14.784s] INFO:colcon.colcon_core.shell:Creating package script '/home/t-lemmel/Integ/install/visual_servoing/share/visual_servoing/package.bash'
[14.788s] INFO:colcon.colcon_core.shell:Creating package script '/home/t-lemmel/Integ/install/visual_servoing/share/visual_servoing/package.zsh'
[14.789s] Level 1:colcon.colcon_core.environment:create_file_with_runtime_dependencies(/home/t-lemmel/Integ/install/visual_servoing/share/colcon-core/packages/visual_servoing)
[14.790s] DEBUG:colcon.colcon_parallel_executor.executor.parallel:closing loop
[14.791s] DEBUG:colcon.colcon_parallel_executor.executor.parallel:loop closed
[14.792s] DEBUG:colcon.colcon_parallel_executor.executor.parallel:run_until_complete finished with '0'
[14.792s] DEBUG:colcon.colcon_core.event_reactor:joining thread
[14.912s] INFO:colcon.colcon_core.plugin_system:Skipping extension 'colcon_notification.desktop_notification.terminal_notifier': Not used on non-Darwin systems
[14.912s] INFO:colcon.colcon_core.plugin_system:Skipping extension 'colcon_notification.desktop_notification.win32': Not used on non-Windows systems
[14.912s] INFO:colcon.colcon_notification.desktop_notification:Sending desktop notification using 'notify2'
[14.977s] DEBUG:colcon.colcon_core.event_reactor:joined thread
[15.072s] INFO:colcon.colcon_core.shell:Creating prefix script '/home/t-lemmel/Integ/install/local_setup.ps1'
[15.078s] INFO:colcon.colcon_core.shell:Creating prefix util module '/home/t-lemmel/Integ/install/_local_setup_util_ps1.py'
[15.083s] INFO:colcon.colcon_core.shell:Creating prefix chain script '/home/t-lemmel/Integ/install/setup.ps1'
[15.191s] INFO:colcon.colcon_core.shell:Creating prefix script '/home/t-lemmel/Integ/install/local_setup.sh'
[15.196s] INFO:colcon.colcon_core.shell:Creating prefix util module '/home/t-lemmel/Integ/install/_local_setup_util_sh.py'
[15.199s] INFO:colcon.colcon_core.shell:Creating prefix chain script '/home/t-lemmel/Integ/install/setup.sh'
[15.319s] INFO:colcon.colcon_core.shell:Creating prefix script '/home/t-lemmel/Integ/install/local_setup.bash'
[15.322s] INFO:colcon.colcon_core.shell:Creating prefix chain script '/home/t-lemmel/Integ/install/setup.bash'
[15.405s] INFO:colcon.colcon_core.shell:Creating prefix script '/home/t-lemmel/Integ/install/local_setup.zsh'
[15.417s] INFO:colcon.colcon_core.shell:Creating prefix chain script '/home/t-lemmel/Integ/install/setup.zsh'
